[1.693s] Invoking command in '/home/yan/camps_ws/src/py_pubsub': PYTHONPATH=/home/yan/camps_ws/install/py_pubsub/lib/python3.6/site-packages:${PYTHONPATH} /usr/bin/python3 setup.py egg_info --egg-base ../../build/py_pubsub build --build-base /home/yan/camps_ws/build/py_pubsub/build install --prefix /home/yan/camps_ws/install/py_pubsub --record /home/yan/camps_ws/build/py_pubsub/install.log --single-version-externally-managed
[3.162s] running egg_info
[3.164s] writing ../../build/py_pubsub/py_pubsub.egg-info/PKG-INFO
[3.166s] writing dependency_links to ../../build/py_pubsub/py_pubsub.egg-info/dependency_links.txt
[3.168s] writing entry points to ../../build/py_pubsub/py_pubsub.egg-info/entry_points.txt
[3.170s] writing requirements to ../../build/py_pubsub/py_pubsub.egg-info/requires.txt
[3.172s] writing top-level names to ../../build/py_pubsub/py_pubsub.egg-info/top_level.txt
[3.387s] reading manifest file '../../build/py_pubsub/py_pubsub.egg-info/SOURCES.txt'
[3.389s] writing manifest file '../../build/py_pubsub/py_pubsub.egg-info/SOURCES.txt'
[3.390s] running build
[3.391s] running build_py
[3.399s] copying py_pubsub/subscriber_member_function_twice.py -> /home/yan/camps_ws/build/py_pubsub/build/lib/py_pubsub
[3.400s] running install
[3.401s] running install_lib
[3.403s] copying /home/yan/camps_ws/build/py_pubsub/build/lib/py_pubsub/subscriber_member_function_twice.py -> /home/yan/camps_ws/install/py_pubsub/lib/python3.6/site-packages/py_pubsub
[3.407s] byte-compiling /home/yan/camps_ws/install/py_pubsub/lib/python3.6/site-packages/py_pubsub/subscriber_member_function_twice.py to subscriber_member_function_twice.cpython-36.pyc
[3.409s] running install_data
[3.413s] running install_egg_info
[3.423s] removing '/home/yan/camps_ws/install/py_pubsub/lib/python3.6/site-packages/py_pubsub-0.0.0-py3.6.egg-info' (and everything under it)
[3.428s] Copying ../../build/py_pubsub/py_pubsub.egg-info to /home/yan/camps_ws/install/py_pubsub/lib/python3.6/site-packages/py_pubsub-0.0.0-py3.6.egg-info
[3.429s] running install_scripts
[3.527s] Installing color script to /home/yan/camps_ws/install/py_pubsub/lib/py_pubsub
[3.528s] Installing depth script to /home/yan/camps_ws/install/py_pubsub/lib/py_pubsub
[3.529s] Installing infra1 script to /home/yan/camps_ws/install/py_pubsub/lib/py_pubsub
[3.530s] Installing infra2 script to /home/yan/camps_ws/install/py_pubsub/lib/py_pubsub
[3.531s] Installing listener script to /home/yan/camps_ws/install/py_pubsub/lib/py_pubsub
[3.531s] Installing point script to /home/yan/camps_ws/install/py_pubsub/lib/py_pubsub
[3.532s] Installing talker script to /home/yan/camps_ws/install/py_pubsub/lib/py_pubsub
[3.532s] Installing timed script to /home/yan/camps_ws/install/py_pubsub/lib/py_pubsub
[3.533s] Installing twice script to /home/yan/camps_ws/install/py_pubsub/lib/py_pubsub
[3.534s] writing list of installed files to '/home/yan/camps_ws/build/py_pubsub/install.log'
[3.650s] Invoked command in '/home/yan/camps_ws/src/py_pubsub' returned '0': PYTHONPATH=/home/yan/camps_ws/install/py_pubsub/lib/python3.6/site-packages:${PYTHONPATH} /usr/bin/python3 setup.py egg_info --egg-base ../../build/py_pubsub build --build-base /home/yan/camps_ws/build/py_pubsub/build install --prefix /home/yan/camps_ws/install/py_pubsub --record /home/yan/camps_ws/build/py_pubsub/install.log --single-version-externally-managed
