[1.806s] Invoking command in '/home/yan/camps_ws/src/py_pubsub': PYTHONPATH=/home/yan/camps_ws/install/py_pubsub/lib/python3.6/site-packages:${PYTHONPATH} /usr/bin/python3 setup.py egg_info --egg-base ../../build/py_pubsub build --build-base /home/yan/camps_ws/build/py_pubsub/build install --prefix /home/yan/camps_ws/install/py_pubsub --record /home/yan/camps_ws/build/py_pubsub/install.log --single-version-externally-managed
[3.190s] running egg_info
[3.193s] writing ../../build/py_pubsub/py_pubsub.egg-info/PKG-INFO
[3.194s] writing dependency_links to ../../build/py_pubsub/py_pubsub.egg-info/dependency_links.txt
[3.199s] writing entry points to ../../build/py_pubsub/py_pubsub.egg-info/entry_points.txt
[3.200s] writing requirements to ../../build/py_pubsub/py_pubsub.egg-info/requires.txt
[3.202s] writing top-level names to ../../build/py_pubsub/py_pubsub.egg-info/top_level.txt
[3.454s] reading manifest file '../../build/py_pubsub/py_pubsub.egg-info/SOURCES.txt'
[3.462s] writing manifest file '../../build/py_pubsub/py_pubsub.egg-info/SOURCES.txt'
[3.463s] running build
[3.463s] running build_py
[3.465s] copying py_pubsub/subscriber_member_function_timed1.py -> /home/yan/camps_ws/build/py_pubsub/build/lib/py_pubsub
[3.467s] running install
[3.469s] running install_lib
[3.486s] copying /home/yan/camps_ws/build/py_pubsub/build/lib/py_pubsub/subscriber_member_function_timed1.py -> /home/yan/camps_ws/install/py_pubsub/lib/python3.6/site-packages/py_pubsub
[3.491s] byte-compiling /home/yan/camps_ws/install/py_pubsub/lib/python3.6/site-packages/py_pubsub/subscriber_member_function_timed1.py to subscriber_member_function_timed1.cpython-36.pyc
[3.495s] running install_data
[3.509s] running install_egg_info
[3.533s] removing '/home/yan/camps_ws/install/py_pubsub/lib/python3.6/site-packages/py_pubsub-0.0.0-py3.6.egg-info' (and everything under it)
[3.534s] Copying ../../build/py_pubsub/py_pubsub.egg-info to /home/yan/camps_ws/install/py_pubsub/lib/python3.6/site-packages/py_pubsub-0.0.0-py3.6.egg-info
[3.541s] running install_scripts
[3.663s] Installing color script to /home/yan/camps_ws/install/py_pubsub/lib/py_pubsub
[3.665s] Installing csvtojpeg script to /home/yan/camps_ws/install/py_pubsub/lib/py_pubsub
[3.666s] Installing depth script to /home/yan/camps_ws/install/py_pubsub/lib/py_pubsub
[3.672s] Installing infra1 script to /home/yan/camps_ws/install/py_pubsub/lib/py_pubsub
[3.673s] Installing infra2 script to /home/yan/camps_ws/install/py_pubsub/lib/py_pubsub
[3.674s] Installing listener script to /home/yan/camps_ws/install/py_pubsub/lib/py_pubsub
[3.683s] Installing onesensor script to /home/yan/camps_ws/install/py_pubsub/lib/py_pubsub
[3.687s] Installing point script to /home/yan/camps_ws/install/py_pubsub/lib/py_pubsub
[3.691s] Installing subscriber_mutually script to /home/yan/camps_ws/install/py_pubsub/lib/py_pubsub
[3.693s] Installing subscriber_reentrant script to /home/yan/camps_ws/install/py_pubsub/lib/py_pubsub
[3.694s] Installing talker script to /home/yan/camps_ws/install/py_pubsub/lib/py_pubsub
[3.697s] Installing timed script to /home/yan/camps_ws/install/py_pubsub/lib/py_pubsub
[3.702s] Installing timed1 script to /home/yan/camps_ws/install/py_pubsub/lib/py_pubsub
[3.704s] Installing twice script to /home/yan/camps_ws/install/py_pubsub/lib/py_pubsub
[3.708s] writing list of installed files to '/home/yan/camps_ws/build/py_pubsub/install.log'
[3.793s] Invoked command in '/home/yan/camps_ws/src/py_pubsub' returned '0': PYTHONPATH=/home/yan/camps_ws/install/py_pubsub/lib/python3.6/site-packages:${PYTHONPATH} /usr/bin/python3 setup.py egg_info --egg-base ../../build/py_pubsub build --build-base /home/yan/camps_ws/build/py_pubsub/build install --prefix /home/yan/camps_ws/install/py_pubsub --record /home/yan/camps_ws/build/py_pubsub/install.log --single-version-externally-managed
