[3.436s] Invoking command in '/home/yan/camps_ws/src/py_pubsub': PYTHONPATH=/home/yan/camps_ws/install/py_pubsub/lib/python3.6/site-packages:${PYTHONPATH} /usr/bin/python3 setup.py egg_info --egg-base ../../build/py_pubsub build --build-base /home/yan/camps_ws/build/py_pubsub/build install --prefix /home/yan/camps_ws/install/py_pubsub --record /home/yan/camps_ws/build/py_pubsub/install.log --single-version-externally-managed
[6.179s] running egg_info
[6.184s] writing ../../build/py_pubsub/py_pubsub.egg-info/PKG-INFO
[6.186s] writing dependency_links to ../../build/py_pubsub/py_pubsub.egg-info/dependency_links.txt
[6.187s] writing entry points to ../../build/py_pubsub/py_pubsub.egg-info/entry_points.txt
[6.188s] writing requirements to ../../build/py_pubsub/py_pubsub.egg-info/requires.txt
[6.190s] writing top-level names to ../../build/py_pubsub/py_pubsub.egg-info/top_level.txt
[6.613s] reading manifest file '../../build/py_pubsub/py_pubsub.egg-info/SOURCES.txt'
[6.623s] writing manifest file '../../build/py_pubsub/py_pubsub.egg-info/SOURCES.txt'
[6.629s] running build
[6.630s] running build_py
[6.631s] copying py_pubsub/subscriber_member_function_timed.py -> /home/yan/camps_ws/build/py_pubsub/build/lib/py_pubsub
[6.638s] running install
[6.644s] running install_lib
[6.648s] copying /home/yan/camps_ws/build/py_pubsub/build/lib/py_pubsub/subscriber_member_function_timed.py -> /home/yan/camps_ws/install/py_pubsub/lib/python3.6/site-packages/py_pubsub
[6.654s] byte-compiling /home/yan/camps_ws/install/py_pubsub/lib/python3.6/site-packages/py_pubsub/subscriber_member_function_timed.py to subscriber_member_function_timed.cpython-36.pyc
[6.665s] running install_data
[6.669s] running install_egg_info
[6.684s] removing '/home/yan/camps_ws/install/py_pubsub/lib/python3.6/site-packages/py_pubsub-0.0.0-py3.6.egg-info' (and everything under it)
[6.686s] Copying ../../build/py_pubsub/py_pubsub.egg-info to /home/yan/camps_ws/install/py_pubsub/lib/python3.6/site-packages/py_pubsub-0.0.0-py3.6.egg-info
[6.695s] running install_scripts
[6.914s] Installing color script to /home/yan/camps_ws/install/py_pubsub/lib/py_pubsub
[6.919s] Installing depth script to /home/yan/camps_ws/install/py_pubsub/lib/py_pubsub
[6.920s] Installing infra1 script to /home/yan/camps_ws/install/py_pubsub/lib/py_pubsub
[6.921s] Installing infra2 script to /home/yan/camps_ws/install/py_pubsub/lib/py_pubsub
[6.922s] Installing listener script to /home/yan/camps_ws/install/py_pubsub/lib/py_pubsub
[6.922s] Installing onesensor script to /home/yan/camps_ws/install/py_pubsub/lib/py_pubsub
[6.924s] Installing point script to /home/yan/camps_ws/install/py_pubsub/lib/py_pubsub
[6.925s] Installing talker script to /home/yan/camps_ws/install/py_pubsub/lib/py_pubsub
[6.927s] Installing timed script to /home/yan/camps_ws/install/py_pubsub/lib/py_pubsub
[6.928s] Installing twice script to /home/yan/camps_ws/install/py_pubsub/lib/py_pubsub
[6.932s] writing list of installed files to '/home/yan/camps_ws/build/py_pubsub/install.log'
[7.114s] Invoked command in '/home/yan/camps_ws/src/py_pubsub' returned '0': PYTHONPATH=/home/yan/camps_ws/install/py_pubsub/lib/python3.6/site-packages:${PYTHONPATH} /usr/bin/python3 setup.py egg_info --egg-base ../../build/py_pubsub build --build-base /home/yan/camps_ws/build/py_pubsub/build install --prefix /home/yan/camps_ws/install/py_pubsub --record /home/yan/camps_ws/build/py_pubsub/install.log --single-version-externally-managed
