[2.147s] Invoking command in '/home/yan/camps_ws/src/py_pubsub': PYTHONPATH=/home/yan/camps_ws/install/py_pubsub/lib/python3.6/site-packages:${PYTHONPATH} /usr/bin/python3 setup.py egg_info --egg-base ../../build/py_pubsub build --build-base /home/yan/camps_ws/build/py_pubsub/build install --prefix /home/yan/camps_ws/install/py_pubsub --record /home/yan/camps_ws/build/py_pubsub/install.log --single-version-externally-managed
[4.041s] running egg_info
[4.044s] writing ../../build/py_pubsub/py_pubsub.egg-info/PKG-INFO
[4.045s] writing dependency_links to ../../build/py_pubsub/py_pubsub.egg-info/dependency_links.txt
[4.047s] writing entry points to ../../build/py_pubsub/py_pubsub.egg-info/entry_points.txt
[4.048s] writing requirements to ../../build/py_pubsub/py_pubsub.egg-info/requires.txt
[4.049s] writing top-level names to ../../build/py_pubsub/py_pubsub.egg-info/top_level.txt
[4.265s] reading manifest file '../../build/py_pubsub/py_pubsub.egg-info/SOURCES.txt'
[4.274s] writing manifest file '../../build/py_pubsub/py_pubsub.egg-info/SOURCES.txt'
[4.277s] running build
[4.278s] running build_py
[4.281s] copying py_pubsub/subscriber_member_function_timed.py -> /home/yan/camps_ws/build/py_pubsub/build/lib/py_pubsub
[4.287s] running install
[4.291s] running install_lib
[4.296s] copying /home/yan/camps_ws/build/py_pubsub/build/lib/py_pubsub/subscriber_member_function_timed.py -> /home/yan/camps_ws/install/py_pubsub/lib/python3.6/site-packages/py_pubsub
[4.303s] byte-compiling /home/yan/camps_ws/install/py_pubsub/lib/python3.6/site-packages/py_pubsub/subscriber_member_function_timed.py to subscriber_member_function_timed.cpython-36.pyc
[4.311s] running install_data
[4.319s] running install_egg_info
[4.324s] removing '/home/yan/camps_ws/install/py_pubsub/lib/python3.6/site-packages/py_pubsub-0.0.0-py3.6.egg-info' (and everything under it)
[4.325s] Copying ../../build/py_pubsub/py_pubsub.egg-info to /home/yan/camps_ws/install/py_pubsub/lib/python3.6/site-packages/py_pubsub-0.0.0-py3.6.egg-info
[4.331s] running install_scripts
[4.459s] Installing color script to /home/yan/camps_ws/install/py_pubsub/lib/py_pubsub
[4.460s] Installing depth script to /home/yan/camps_ws/install/py_pubsub/lib/py_pubsub
[4.461s] Installing infra1 script to /home/yan/camps_ws/install/py_pubsub/lib/py_pubsub
[4.463s] Installing infra2 script to /home/yan/camps_ws/install/py_pubsub/lib/py_pubsub
[4.464s] Installing listener script to /home/yan/camps_ws/install/py_pubsub/lib/py_pubsub
[4.465s] Installing point script to /home/yan/camps_ws/install/py_pubsub/lib/py_pubsub
[4.466s] Installing talker script to /home/yan/camps_ws/install/py_pubsub/lib/py_pubsub
[4.466s] Installing timed script to /home/yan/camps_ws/install/py_pubsub/lib/py_pubsub
[4.467s] Installing twice script to /home/yan/camps_ws/install/py_pubsub/lib/py_pubsub
[4.468s] writing list of installed files to '/home/yan/camps_ws/build/py_pubsub/install.log'
[4.588s] Invoked command in '/home/yan/camps_ws/src/py_pubsub' returned '0': PYTHONPATH=/home/yan/camps_ws/install/py_pubsub/lib/python3.6/site-packages:${PYTHONPATH} /usr/bin/python3 setup.py egg_info --egg-base ../../build/py_pubsub build --build-base /home/yan/camps_ws/build/py_pubsub/build install --prefix /home/yan/camps_ws/install/py_pubsub --record /home/yan/camps_ws/build/py_pubsub/install.log --single-version-externally-managed
