[1.618s] Invoking command in '/home/yan/camps_ws/src/py_pubsub': PYTHONPATH=/home/yan/camps_ws/install/py_pubsub/lib/python3.6/site-packages:${PYTHONPATH} /usr/bin/python3 setup.py egg_info --egg-base ../../build/py_pubsub build --build-base /home/yan/camps_ws/build/py_pubsub/build install --prefix /home/yan/camps_ws/install/py_pubsub --record /home/yan/camps_ws/build/py_pubsub/install.log --single-version-externally-managed
[2.828s] running egg_info
[2.831s] writing ../../build/py_pubsub/py_pubsub.egg-info/PKG-INFO
[2.834s] writing dependency_links to ../../build/py_pubsub/py_pubsub.egg-info/dependency_links.txt
[2.836s] writing entry points to ../../build/py_pubsub/py_pubsub.egg-info/entry_points.txt
[2.837s] writing requirements to ../../build/py_pubsub/py_pubsub.egg-info/requires.txt
[2.837s] writing top-level names to ../../build/py_pubsub/py_pubsub.egg-info/top_level.txt
[3.058s] reading manifest file '../../build/py_pubsub/py_pubsub.egg-info/SOURCES.txt'
[3.066s] writing manifest file '../../build/py_pubsub/py_pubsub.egg-info/SOURCES.txt'
[3.067s] running build
[3.068s] running build_py
[3.071s] copying py_pubsub/subscriber_member_function_timed.py -> /home/yan/camps_ws/build/py_pubsub/build/lib/py_pubsub
[3.078s] running install
[3.080s] running install_lib
[3.085s] copying /home/yan/camps_ws/build/py_pubsub/build/lib/py_pubsub/subscriber_member_function_timed.py -> /home/yan/camps_ws/install/py_pubsub/lib/python3.6/site-packages/py_pubsub
[3.091s] byte-compiling /home/yan/camps_ws/install/py_pubsub/lib/python3.6/site-packages/py_pubsub/subscriber_member_function_timed.py to subscriber_member_function_timed.cpython-36.pyc
[3.097s] running install_data
[3.102s] running install_egg_info
[3.115s] removing '/home/yan/camps_ws/install/py_pubsub/lib/python3.6/site-packages/py_pubsub-0.0.0-py3.6.egg-info' (and everything under it)
[3.117s] Copying ../../build/py_pubsub/py_pubsub.egg-info to /home/yan/camps_ws/install/py_pubsub/lib/python3.6/site-packages/py_pubsub-0.0.0-py3.6.egg-info
[3.121s] running install_scripts
[3.238s] Installing color script to /home/yan/camps_ws/install/py_pubsub/lib/py_pubsub
[3.240s] Installing depth script to /home/yan/camps_ws/install/py_pubsub/lib/py_pubsub
[3.241s] Installing infra1 script to /home/yan/camps_ws/install/py_pubsub/lib/py_pubsub
[3.242s] Installing infra2 script to /home/yan/camps_ws/install/py_pubsub/lib/py_pubsub
[3.243s] Installing listener script to /home/yan/camps_ws/install/py_pubsub/lib/py_pubsub
[3.243s] Installing onesensor script to /home/yan/camps_ws/install/py_pubsub/lib/py_pubsub
[3.244s] Installing point script to /home/yan/camps_ws/install/py_pubsub/lib/py_pubsub
[3.245s] Installing talker script to /home/yan/camps_ws/install/py_pubsub/lib/py_pubsub
[3.246s] Installing timed script to /home/yan/camps_ws/install/py_pubsub/lib/py_pubsub
[3.247s] Installing twice script to /home/yan/camps_ws/install/py_pubsub/lib/py_pubsub
[3.248s] writing list of installed files to '/home/yan/camps_ws/build/py_pubsub/install.log'
[3.357s] Invoked command in '/home/yan/camps_ws/src/py_pubsub' returned '0': PYTHONPATH=/home/yan/camps_ws/install/py_pubsub/lib/python3.6/site-packages:${PYTHONPATH} /usr/bin/python3 setup.py egg_info --egg-base ../../build/py_pubsub build --build-base /home/yan/camps_ws/build/py_pubsub/build install --prefix /home/yan/camps_ws/install/py_pubsub --record /home/yan/camps_ws/build/py_pubsub/install.log --single-version-externally-managed
