[1.413s] Invoking command in '/home/yan/camps_ws/src/py_pubsub': PYTHONPATH=/home/yan/camps_ws/install/py_pubsub/lib/python3.6/site-packages:${PYTHONPATH} /usr/bin/python3 setup.py egg_info --egg-base ../../build/py_pubsub build --build-base /home/yan/camps_ws/build/py_pubsub/build install --prefix /home/yan/camps_ws/install/py_pubsub --record /home/yan/camps_ws/build/py_pubsub/install.log --single-version-externally-managed
[2.820s] running egg_info
[2.823s] writing ../../build/py_pubsub/py_pubsub.egg-info/PKG-INFO
[2.825s] writing dependency_links to ../../build/py_pubsub/py_pubsub.egg-info/dependency_links.txt
[2.827s] writing entry points to ../../build/py_pubsub/py_pubsub.egg-info/entry_points.txt
[2.828s] writing requirements to ../../build/py_pubsub/py_pubsub.egg-info/requires.txt
[2.828s] writing top-level names to ../../build/py_pubsub/py_pubsub.egg-info/top_level.txt
[3.049s] reading manifest file '../../build/py_pubsub/py_pubsub.egg-info/SOURCES.txt'
[3.058s] writing manifest file '../../build/py_pubsub/py_pubsub.egg-info/SOURCES.txt'
[3.059s] running build
[3.060s] running build_py
[3.061s] copying py_pubsub/subscriber_member_function_timed.py -> /home/yan/camps_ws/build/py_pubsub/build/lib/py_pubsub
[3.063s] copying py_pubsub/singlecommand.py -> /home/yan/camps_ws/build/py_pubsub/build/lib/py_pubsub
[3.064s] running install
[3.066s] running install_lib
[3.071s] copying /home/yan/camps_ws/build/py_pubsub/build/lib/py_pubsub/subscriber_member_function_timed.py -> /home/yan/camps_ws/install/py_pubsub/lib/python3.6/site-packages/py_pubsub
[3.076s] copying /home/yan/camps_ws/build/py_pubsub/build/lib/py_pubsub/singlecommand.py -> /home/yan/camps_ws/install/py_pubsub/lib/python3.6/site-packages/py_pubsub
[3.079s] byte-compiling /home/yan/camps_ws/install/py_pubsub/lib/python3.6/site-packages/py_pubsub/subscriber_member_function_timed.py to subscriber_member_function_timed.cpython-36.pyc
[3.087s] byte-compiling /home/yan/camps_ws/install/py_pubsub/lib/python3.6/site-packages/py_pubsub/singlecommand.py to singlecommand.cpython-36.pyc
[3.088s] running install_data
[3.094s] running install_egg_info
[3.105s] removing '/home/yan/camps_ws/install/py_pubsub/lib/python3.6/site-packages/py_pubsub-0.0.0-py3.6.egg-info' (and everything under it)
[3.107s] Copying ../../build/py_pubsub/py_pubsub.egg-info to /home/yan/camps_ws/install/py_pubsub/lib/python3.6/site-packages/py_pubsub-0.0.0-py3.6.egg-info
[3.112s] running install_scripts
[3.218s] Installing color script to /home/yan/camps_ws/install/py_pubsub/lib/py_pubsub
[3.219s] Installing csvtojpeg script to /home/yan/camps_ws/install/py_pubsub/lib/py_pubsub
[3.222s] Installing depth script to /home/yan/camps_ws/install/py_pubsub/lib/py_pubsub
[3.223s] Installing infra1 script to /home/yan/camps_ws/install/py_pubsub/lib/py_pubsub
[3.224s] Installing infra2 script to /home/yan/camps_ws/install/py_pubsub/lib/py_pubsub
[3.225s] Installing listener script to /home/yan/camps_ws/install/py_pubsub/lib/py_pubsub
[3.226s] Installing onesensor script to /home/yan/camps_ws/install/py_pubsub/lib/py_pubsub
[3.226s] Installing point script to /home/yan/camps_ws/install/py_pubsub/lib/py_pubsub
[3.227s] Installing talker script to /home/yan/camps_ws/install/py_pubsub/lib/py_pubsub
[3.228s] Installing timed script to /home/yan/camps_ws/install/py_pubsub/lib/py_pubsub
[3.229s] Installing twice script to /home/yan/camps_ws/install/py_pubsub/lib/py_pubsub
[3.229s] writing list of installed files to '/home/yan/camps_ws/build/py_pubsub/install.log'
[3.338s] Invoked command in '/home/yan/camps_ws/src/py_pubsub' returned '0': PYTHONPATH=/home/yan/camps_ws/install/py_pubsub/lib/python3.6/site-packages:${PYTHONPATH} /usr/bin/python3 setup.py egg_info --egg-base ../../build/py_pubsub build --build-base /home/yan/camps_ws/build/py_pubsub/build install --prefix /home/yan/camps_ws/install/py_pubsub --record /home/yan/camps_ws/build/py_pubsub/install.log --single-version-externally-managed
