[2.023s] Invoking command in '/home/yan/camps_ws/src/py_pubsub': PYTHONPATH=/home/yan/camps_ws/install/py_pubsub/lib/python3.6/site-packages:${PYTHONPATH} /usr/bin/python3 setup.py egg_info --egg-base ../../build/py_pubsub build --build-base /home/yan/camps_ws/build/py_pubsub/build install --prefix /home/yan/camps_ws/install/py_pubsub --record /home/yan/camps_ws/build/py_pubsub/install.log --single-version-externally-managed
[3.713s] running egg_info
[3.720s] writing ../../build/py_pubsub/py_pubsub.egg-info/PKG-INFO
[3.723s] writing dependency_links to ../../build/py_pubsub/py_pubsub.egg-info/dependency_links.txt
[3.729s] writing entry points to ../../build/py_pubsub/py_pubsub.egg-info/entry_points.txt
[3.730s] writing requirements to ../../build/py_pubsub/py_pubsub.egg-info/requires.txt
[3.731s] writing top-level names to ../../build/py_pubsub/py_pubsub.egg-info/top_level.txt
[4.007s] reading manifest file '../../build/py_pubsub/py_pubsub.egg-info/SOURCES.txt'
[4.019s] writing manifest file '../../build/py_pubsub/py_pubsub.egg-info/SOURCES.txt'
[4.020s] running build
[4.022s] running build_py
[4.023s] copying py_pubsub/csvtojpeg.py -> /home/yan/camps_ws/build/py_pubsub/build/lib/py_pubsub
[4.025s] running install
[4.026s] running install_lib
[4.033s] copying /home/yan/camps_ws/build/py_pubsub/build/lib/py_pubsub/csvtojpeg.py -> /home/yan/camps_ws/install/py_pubsub/lib/python3.6/site-packages/py_pubsub
[4.041s] byte-compiling /home/yan/camps_ws/install/py_pubsub/lib/python3.6/site-packages/py_pubsub/csvtojpeg.py to csvtojpeg.cpython-36.pyc
[4.044s] running install_data
[4.051s] running install_egg_info
[4.067s] removing '/home/yan/camps_ws/install/py_pubsub/lib/python3.6/site-packages/py_pubsub-0.0.0-py3.6.egg-info' (and everything under it)
[4.069s] Copying ../../build/py_pubsub/py_pubsub.egg-info to /home/yan/camps_ws/install/py_pubsub/lib/python3.6/site-packages/py_pubsub-0.0.0-py3.6.egg-info
[4.077s] running install_scripts
[4.219s] Installing color script to /home/yan/camps_ws/install/py_pubsub/lib/py_pubsub
[4.221s] Installing csvtojpeg script to /home/yan/camps_ws/install/py_pubsub/lib/py_pubsub
[4.223s] Installing depth script to /home/yan/camps_ws/install/py_pubsub/lib/py_pubsub
[4.224s] Installing infra1 script to /home/yan/camps_ws/install/py_pubsub/lib/py_pubsub
[4.225s] Installing infra2 script to /home/yan/camps_ws/install/py_pubsub/lib/py_pubsub
[4.226s] Installing listener script to /home/yan/camps_ws/install/py_pubsub/lib/py_pubsub
[4.228s] Installing onesensor script to /home/yan/camps_ws/install/py_pubsub/lib/py_pubsub
[4.230s] Installing point script to /home/yan/camps_ws/install/py_pubsub/lib/py_pubsub
[4.231s] Installing talker script to /home/yan/camps_ws/install/py_pubsub/lib/py_pubsub
[4.232s] Installing timed script to /home/yan/camps_ws/install/py_pubsub/lib/py_pubsub
[4.233s] Installing twice script to /home/yan/camps_ws/install/py_pubsub/lib/py_pubsub
[4.236s] writing list of installed files to '/home/yan/camps_ws/build/py_pubsub/install.log'
[4.370s] Invoked command in '/home/yan/camps_ws/src/py_pubsub' returned '0': PYTHONPATH=/home/yan/camps_ws/install/py_pubsub/lib/python3.6/site-packages:${PYTHONPATH} /usr/bin/python3 setup.py egg_info --egg-base ../../build/py_pubsub build --build-base /home/yan/camps_ws/build/py_pubsub/build install --prefix /home/yan/camps_ws/install/py_pubsub --record /home/yan/camps_ws/build/py_pubsub/install.log --single-version-externally-managed
