[1.468s] Invoking command in '/home/yan/camps_ws/src/py_pubsub': PYTHONPATH=/home/yan/camps_ws/install/py_pubsub/lib/python3.6/site-packages:${PYTHONPATH} /usr/bin/python3 setup.py egg_info --egg-base ../../build/py_pubsub build --build-base /home/yan/camps_ws/build/py_pubsub/build install --prefix /home/yan/camps_ws/install/py_pubsub --record /home/yan/camps_ws/build/py_pubsub/install.log --single-version-externally-managed
[2.950s] running egg_info
[2.953s] writing ../../build/py_pubsub/py_pubsub.egg-info/PKG-INFO
[2.954s] writing dependency_links to ../../build/py_pubsub/py_pubsub.egg-info/dependency_links.txt
[2.955s] writing entry points to ../../build/py_pubsub/py_pubsub.egg-info/entry_points.txt
[2.956s] writing requirements to ../../build/py_pubsub/py_pubsub.egg-info/requires.txt
[2.957s] writing top-level names to ../../build/py_pubsub/py_pubsub.egg-info/top_level.txt
[3.171s] reading manifest file '../../build/py_pubsub/py_pubsub.egg-info/SOURCES.txt'
[3.178s] writing manifest file '../../build/py_pubsub/py_pubsub.egg-info/SOURCES.txt'
[3.179s] running build
[3.179s] running build_py
[3.179s] copying py_pubsub/subscriber_member_function_timed.py -> /home/yan/camps_ws/build/py_pubsub/build/lib/py_pubsub
[3.182s] running install
[3.184s] running install_lib
[3.190s] copying /home/yan/camps_ws/build/py_pubsub/build/lib/py_pubsub/subscriber_member_function_timed.py -> /home/yan/camps_ws/install/py_pubsub/lib/python3.6/site-packages/py_pubsub
[3.195s] byte-compiling /home/yan/camps_ws/install/py_pubsub/lib/python3.6/site-packages/py_pubsub/subscriber_member_function_timed.py to subscriber_member_function_timed.cpython-36.pyc
[3.202s] running install_data
[3.205s] running install_egg_info
[3.218s] removing '/home/yan/camps_ws/install/py_pubsub/lib/python3.6/site-packages/py_pubsub-0.0.0-py3.6.egg-info' (and everything under it)
[3.219s] Copying ../../build/py_pubsub/py_pubsub.egg-info to /home/yan/camps_ws/install/py_pubsub/lib/python3.6/site-packages/py_pubsub-0.0.0-py3.6.egg-info
[3.225s] running install_scripts
[3.330s] Installing color script to /home/yan/camps_ws/install/py_pubsub/lib/py_pubsub
[3.331s] Installing csvtojpeg script to /home/yan/camps_ws/install/py_pubsub/lib/py_pubsub
[3.332s] Installing depth script to /home/yan/camps_ws/install/py_pubsub/lib/py_pubsub
[3.333s] Installing infra1 script to /home/yan/camps_ws/install/py_pubsub/lib/py_pubsub
[3.334s] Installing infra2 script to /home/yan/camps_ws/install/py_pubsub/lib/py_pubsub
[3.335s] Installing listener script to /home/yan/camps_ws/install/py_pubsub/lib/py_pubsub
[3.335s] Installing onesensor script to /home/yan/camps_ws/install/py_pubsub/lib/py_pubsub
[3.336s] Installing point script to /home/yan/camps_ws/install/py_pubsub/lib/py_pubsub
[3.337s] Installing talker script to /home/yan/camps_ws/install/py_pubsub/lib/py_pubsub
[3.337s] Installing timed script to /home/yan/camps_ws/install/py_pubsub/lib/py_pubsub
[3.338s] Installing twice script to /home/yan/camps_ws/install/py_pubsub/lib/py_pubsub
[3.339s] writing list of installed files to '/home/yan/camps_ws/build/py_pubsub/install.log'
[3.450s] Invoked command in '/home/yan/camps_ws/src/py_pubsub' returned '0': PYTHONPATH=/home/yan/camps_ws/install/py_pubsub/lib/python3.6/site-packages:${PYTHONPATH} /usr/bin/python3 setup.py egg_info --egg-base ../../build/py_pubsub build --build-base /home/yan/camps_ws/build/py_pubsub/build install --prefix /home/yan/camps_ws/install/py_pubsub --record /home/yan/camps_ws/build/py_pubsub/install.log --single-version-externally-managed
