[0.067s] Invoking command in '/home/yan/camps_ws/build/realsense_ros2_camera': CMAKE_PREFIX_PATH=/home/yan/camps_ws/install/realsense_camera_msgs:/home/yan/camps_ws/install/realsense_ros2_camera:/home/yan/camps_ws/install/py_pubsub:/opt/ros/dashing /home/yan/.local/bin/cmake --build /home/yan/camps_ws/build/realsense_ros2_camera -- -j4 -l4
[0.539s] [100%] Built target realsense_ros2_camera
[0.606s] Invoked command in '/home/yan/camps_ws/build/realsense_ros2_camera' returned '0': CMAKE_PREFIX_PATH=/home/yan/camps_ws/install/realsense_camera_msgs:/home/yan/camps_ws/install/realsense_ros2_camera:/home/yan/camps_ws/install/py_pubsub:/opt/ros/dashing /home/yan/.local/bin/cmake --build /home/yan/camps_ws/build/realsense_ros2_camera -- -j4 -l4
[0.919s] Invoking command in '/home/yan/camps_ws/build/realsense_ros2_camera': CMAKE_PREFIX_PATH=/home/yan/camps_ws/install/realsense_camera_msgs:/home/yan/camps_ws/install/realsense_ros2_camera:/home/yan/camps_ws/install/py_pubsub:/opt/ros/dashing /home/yan/.local/bin/cmake --install /home/yan/camps_ws/build/realsense_ros2_camera
[1.101s] -- Install configuration: ""
[1.102s] -- Up-to-date: /home/yan/camps_ws/install/realsense_ros2_camera/bin/realsense_ros2_camera
[1.104s] -- Up-to-date: /home/yan/camps_ws/install/realsense_ros2_camera/lib/realsense_ros2_camera/realsense_ros2_camera
[1.105s] -- Up-to-date: /home/yan/camps_ws/install/realsense_ros2_camera/include
[1.106s] -- Up-to-date: /home/yan/camps_ws/install/realsense_ros2_camera/include/realsense_ros2_camera
[1.107s] -- Up-to-date: /home/yan/camps_ws/install/realsense_ros2_camera/include/realsense_ros2_camera/constants.hpp
[1.108s] -- Up-to-date: /home/yan/camps_ws/install/realsense_ros2_camera/share/realsense_ros2_camera//launch
[1.110s] -- Up-to-date: /home/yan/camps_ws/install/realsense_ros2_camera/share/realsense_ros2_camera//launch/realsense2_to_laserscan.py
[1.111s] -- Up-to-date: /home/yan/camps_ws/install/realsense_ros2_camera/share/realsense_ros2_camera//launch/default.rviz
[1.112s] -- Up-to-date: /home/yan/camps_ws/install/realsense_ros2_camera/share/realsense_ros2_camera//launch/ros2_intel_realsense.launch.py
[1.112s] -- Up-to-date: /home/yan/camps_ws/install/realsense_ros2_camera/share/realsense_ros2_camera//launch/rs.launch.py
[1.113s] -- Up-to-date: /home/yan/camps_ws/install/realsense_ros2_camera/share/ament_index/resource_index/package_run_dependencies/realsense_ros2_camera
[1.114s] -- Up-to-date: /home/yan/camps_ws/install/realsense_ros2_camera/share/ament_index/resource_index/parent_prefix_path/realsense_ros2_camera
[1.114s] -- Up-to-date: /home/yan/camps_ws/install/realsense_ros2_camera/share/realsense_ros2_camera/environment/ament_prefix_path.sh
[1.115s] -- Up-to-date: /home/yan/camps_ws/install/realsense_ros2_camera/share/realsense_ros2_camera/environment/path.sh
[1.115s] -- Up-to-date: /home/yan/camps_ws/install/realsense_ros2_camera/share/realsense_ros2_camera/local_setup.bash
[1.116s] -- Up-to-date: /home/yan/camps_ws/install/realsense_ros2_camera/share/realsense_ros2_camera/local_setup.sh
[1.117s] -- Up-to-date: /home/yan/camps_ws/install/realsense_ros2_camera/share/realsense_ros2_camera/local_setup.zsh
[1.117s] -- Up-to-date: /home/yan/camps_ws/install/realsense_ros2_camera/share/ament_index/resource_index/packages/realsense_ros2_camera
[1.118s] -- Up-to-date: /home/yan/camps_ws/install/realsense_ros2_camera/share/realsense_ros2_camera/cmake/realsense_ros2_cameraConfig.cmake
[1.118s] -- Up-to-date: /home/yan/camps_ws/install/realsense_ros2_camera/share/realsense_ros2_camera/cmake/realsense_ros2_cameraConfig-version.cmake
[1.119s] -- Up-to-date: /home/yan/camps_ws/install/realsense_ros2_camera/share/realsense_ros2_camera/package.xml
[1.150s] Invoked command in '/home/yan/camps_ws/build/realsense_ros2_camera' returned '0': CMAKE_PREFIX_PATH=/home/yan/camps_ws/install/realsense_camera_msgs:/home/yan/camps_ws/install/realsense_ros2_camera:/home/yan/camps_ws/install/py_pubsub:/opt/ros/dashing /home/yan/.local/bin/cmake --install /home/yan/camps_ws/build/realsense_ros2_camera
