[1.852s] Invoking command in '/home/yan/camps_ws/src/py_pubsub': PYTHONPATH=/home/yan/camps_ws/install/py_pubsub/lib/python3.6/site-packages:${PYTHONPATH} /usr/bin/python3 setup.py egg_info --egg-base ../../build/py_pubsub build --build-base /home/yan/camps_ws/build/py_pubsub/build install --prefix /home/yan/camps_ws/install/py_pubsub --record /home/yan/camps_ws/build/py_pubsub/install.log --single-version-externally-managed
[3.500s] running egg_info
[3.505s] writing ../../build/py_pubsub/py_pubsub.egg-info/PKG-INFO
[3.505s] writing dependency_links to ../../build/py_pubsub/py_pubsub.egg-info/dependency_links.txt
[3.506s] writing entry points to ../../build/py_pubsub/py_pubsub.egg-info/entry_points.txt
[3.508s] writing requirements to ../../build/py_pubsub/py_pubsub.egg-info/requires.txt
[3.508s] writing top-level names to ../../build/py_pubsub/py_pubsub.egg-info/top_level.txt
[3.723s] reading manifest file '../../build/py_pubsub/py_pubsub.egg-info/SOURCES.txt'
[3.731s] writing manifest file '../../build/py_pubsub/py_pubsub.egg-info/SOURCES.txt'
[3.732s] running build
[3.733s] running build_py
[3.733s] copying py_pubsub/subscriber_member_function_timed.py -> /home/yan/camps_ws/build/py_pubsub/build/lib/py_pubsub
[3.736s] running install
[3.738s] running install_lib
[3.746s] copying /home/yan/camps_ws/build/py_pubsub/build/lib/py_pubsub/subscriber_member_function_timed.py -> /home/yan/camps_ws/install/py_pubsub/lib/python3.6/site-packages/py_pubsub
[3.747s] byte-compiling /home/yan/camps_ws/install/py_pubsub/lib/python3.6/site-packages/py_pubsub/subscriber_member_function_timed.py to subscriber_member_function_timed.cpython-36.pyc
[3.760s] running install_data
[3.761s] running install_egg_info
[3.764s] removing '/home/yan/camps_ws/install/py_pubsub/lib/python3.6/site-packages/py_pubsub-0.0.0-py3.6.egg-info' (and everything under it)
[3.765s] Copying ../../build/py_pubsub/py_pubsub.egg-info to /home/yan/camps_ws/install/py_pubsub/lib/python3.6/site-packages/py_pubsub-0.0.0-py3.6.egg-info
[3.770s] running install_scripts
[3.881s] Installing color script to /home/yan/camps_ws/install/py_pubsub/lib/py_pubsub
[3.881s] Installing depth script to /home/yan/camps_ws/install/py_pubsub/lib/py_pubsub
[3.882s] Installing infra1 script to /home/yan/camps_ws/install/py_pubsub/lib/py_pubsub
[3.883s] Installing infra2 script to /home/yan/camps_ws/install/py_pubsub/lib/py_pubsub
[3.884s] Installing listener script to /home/yan/camps_ws/install/py_pubsub/lib/py_pubsub
[3.885s] Installing point script to /home/yan/camps_ws/install/py_pubsub/lib/py_pubsub
[3.885s] Installing talker script to /home/yan/camps_ws/install/py_pubsub/lib/py_pubsub
[3.886s] Installing timed script to /home/yan/camps_ws/install/py_pubsub/lib/py_pubsub
[3.888s] Installing twice script to /home/yan/camps_ws/install/py_pubsub/lib/py_pubsub
[3.897s] writing list of installed files to '/home/yan/camps_ws/build/py_pubsub/install.log'
[4.037s] Invoked command in '/home/yan/camps_ws/src/py_pubsub' returned '0': PYTHONPATH=/home/yan/camps_ws/install/py_pubsub/lib/python3.6/site-packages:${PYTHONPATH} /usr/bin/python3 setup.py egg_info --egg-base ../../build/py_pubsub build --build-base /home/yan/camps_ws/build/py_pubsub/build install --prefix /home/yan/camps_ws/install/py_pubsub --record /home/yan/camps_ws/build/py_pubsub/install.log --single-version-externally-managed
