[2.191s] DEBUG:colcon:Command line arguments: ['/usr/bin/colcon', 'build']
[2.192s] DEBUG:colcon:Parsed command line arguments: Namespace(ament_cmake_args=None, base_paths=['.'], build_base='build', catkin_cmake_args=None, catkin_skip_building_tests=False, cmake_args=None, cmake_clean_cache=False, cmake_clean_first=False, cmake_force_configure=False, cmake_target=None, cmake_target_skip_unavailable=False, continue_on_error=False, event_handlers=None, executor='parallel', ignore_user_meta=False, install_base='install', log_base=None, log_level=None, main=<bound method BuildVerb.main of <colcon_core.verb.build.BuildVerb object at 0x7f90de9eb8>>, merge_install=False, metas=['./colcon.meta'], packages_above=None, packages_above_and_dependencies=None, packages_above_depth=None, packages_end=None, packages_ignore=None, packages_ignore_regex=None, packages_select=None, packages_select_build_failed=False, packages_select_by_dep=None, packages_select_regex=None, packages_select_test_failures=False, packages_skip=None, packages_skip_build_finished=False, packages_skip_by_dep=None, packages_skip_regex=None, packages_skip_test_passed=False, packages_skip_up_to=None, packages_start=None, packages_up_to=None, packages_up_to_regex=None, parallel_workers=4, paths=None, symlink_install=False, test_result_base=None, verb_extension=<colcon_core.verb.build.BuildVerb object at 0x7f90de9eb8>, verb_name='build', verb_parser=<colcon_defaults.argument_parser.defaults.DefaultArgumentsDecorator object at 0x7f90df4390>)
[2.243s] Level 1:colcon.colcon_core.package_discovery:discover_packages(colcon_meta) check parameters
[2.244s] Level 1:colcon.colcon_core.package_discovery:discover_packages(recursive) check parameters
[2.244s] Level 1:colcon.colcon_core.package_discovery:discover_packages(ignore) check parameters
[2.244s] Level 1:colcon.colcon_core.package_discovery:discover_packages(path) check parameters
[2.245s] Level 1:colcon.colcon_core.package_discovery:discover_packages(colcon_meta) discover
[2.246s] Level 1:colcon.colcon_core.package_discovery:discover_packages(recursive) discover
[2.247s] INFO:colcon.colcon_core.package_discovery:Crawling recursively for packages in '/home/yan/camps_ws'
[2.247s] Level 1:colcon.colcon_core.package_identification:_identify(.) by extensions ['ignore', 'ignore_ament_install']
[2.249s] Level 1:colcon.colcon_core.package_identification:_identify(.) by extension 'ignore'
[2.249s] Level 1:colcon.colcon_core.package_identification:_identify(.) by extension 'ignore_ament_install'
[2.250s] Level 1:colcon.colcon_core.package_identification:_identify(.) by extensions ['colcon_pkg']
[2.250s] Level 1:colcon.colcon_core.package_identification:_identify(.) by extension 'colcon_pkg'
[2.250s] Level 1:colcon.colcon_core.package_identification:_identify(.) by extensions ['colcon_meta']
[2.251s] Level 1:colcon.colcon_core.package_identification:_identify(.) by extension 'colcon_meta'
[2.251s] Level 1:colcon.colcon_core.package_identification:_identify(.) by extensions ['ros']
[2.251s] Level 1:colcon.colcon_core.package_identification:_identify(.) by extension 'ros'
[2.339s] Level 1:colcon.colcon_core.package_identification:_identify(.) by extensions ['cmake', 'python']
[2.340s] Level 1:colcon.colcon_core.package_identification:_identify(.) by extension 'cmake'
[2.340s] Level 1:colcon.colcon_core.package_identification:_identify(.) by extension 'python'
[2.340s] Level 1:colcon.colcon_core.package_identification:_identify(.) by extensions ['python_setup_py']
[2.341s] Level 1:colcon.colcon_core.package_identification:_identify(.) by extension 'python_setup_py'
[2.341s] Level 1:colcon.colcon_core.package_identification:_identify(build) by extensions ['ignore', 'ignore_ament_install']
[2.342s] Level 1:colcon.colcon_core.package_identification:_identify(build) by extension 'ignore'
[2.342s] Level 1:colcon.colcon_core.package_identification:_identify(build) ignored
[2.345s] Level 1:colcon.colcon_core.package_identification:_identify(install) by extensions ['ignore', 'ignore_ament_install']
[2.345s] Level 1:colcon.colcon_core.package_identification:_identify(install) by extension 'ignore'
[2.346s] Level 1:colcon.colcon_core.package_identification:_identify(install) ignored
[2.347s] Level 1:colcon.colcon_core.package_identification:_identify(log) by extensions ['ignore', 'ignore_ament_install']
[2.347s] Level 1:colcon.colcon_core.package_identification:_identify(log) by extension 'ignore'
[2.348s] Level 1:colcon.colcon_core.package_identification:_identify(log) ignored
[2.348s] Level 1:colcon.colcon_core.package_identification:_identify(src) by extensions ['ignore', 'ignore_ament_install']
[2.349s] Level 1:colcon.colcon_core.package_identification:_identify(src) by extension 'ignore'
[2.349s] Level 1:colcon.colcon_core.package_identification:_identify(src) by extension 'ignore_ament_install'
[2.350s] Level 1:colcon.colcon_core.package_identification:_identify(src) by extensions ['colcon_pkg']
[2.350s] Level 1:colcon.colcon_core.package_identification:_identify(src) by extension 'colcon_pkg'
[2.350s] Level 1:colcon.colcon_core.package_identification:_identify(src) by extensions ['colcon_meta']
[2.351s] Level 1:colcon.colcon_core.package_identification:_identify(src) by extension 'colcon_meta'
[2.351s] Level 1:colcon.colcon_core.package_identification:_identify(src) by extensions ['ros']
[2.351s] Level 1:colcon.colcon_core.package_identification:_identify(src) by extension 'ros'
[2.352s] Level 1:colcon.colcon_core.package_identification:_identify(src) by extensions ['cmake', 'python']
[2.353s] Level 1:colcon.colcon_core.package_identification:_identify(src) by extension 'cmake'
[2.353s] Level 1:colcon.colcon_core.package_identification:_identify(src) by extension 'python'
[2.354s] Level 1:colcon.colcon_core.package_identification:_identify(src) by extensions ['python_setup_py']
[2.355s] Level 1:colcon.colcon_core.package_identification:_identify(src) by extension 'python_setup_py'
[2.356s] Level 1:colcon.colcon_core.package_identification:_identify(src/py_pubsub) by extensions ['ignore', 'ignore_ament_install']
[2.356s] Level 1:colcon.colcon_core.package_identification:_identify(src/py_pubsub) by extension 'ignore'
[2.357s] Level 1:colcon.colcon_core.package_identification:_identify(src/py_pubsub) by extension 'ignore_ament_install'
[2.357s] Level 1:colcon.colcon_core.package_identification:_identify(src/py_pubsub) by extensions ['colcon_pkg']
[2.358s] Level 1:colcon.colcon_core.package_identification:_identify(src/py_pubsub) by extension 'colcon_pkg'
[2.358s] Level 1:colcon.colcon_core.package_identification:_identify(src/py_pubsub) by extensions ['colcon_meta']
[2.359s] Level 1:colcon.colcon_core.package_identification:_identify(src/py_pubsub) by extension 'colcon_meta'
[2.359s] Level 1:colcon.colcon_core.package_identification:_identify(src/py_pubsub) by extensions ['ros']
[2.359s] Level 1:colcon.colcon_core.package_identification:_identify(src/py_pubsub) by extension 'ros'
[2.378s] DEBUG:colcon.colcon_core.package_identification:Package 'src/py_pubsub' with type 'ros.ament_python' and name 'py_pubsub'
[2.378s] Level 1:colcon.colcon_core.package_discovery:discover_packages(recursive) using defaults
[2.379s] Level 1:colcon.colcon_core.package_discovery:discover_packages(ignore) discover
[2.380s] Level 1:colcon.colcon_core.package_discovery:discover_packages(ignore) using defaults
[2.380s] Level 1:colcon.colcon_core.package_discovery:discover_packages(path) discover
[2.380s] Level 1:colcon.colcon_core.package_discovery:discover_packages(path) using defaults
[2.562s] Level 5:colcon.colcon_core.verb:set package 'py_pubsub' build argument 'cmake_args' from command line to 'None'
[2.562s] Level 5:colcon.colcon_core.verb:set package 'py_pubsub' build argument 'cmake_target' from command line to 'None'
[2.562s] Level 5:colcon.colcon_core.verb:set package 'py_pubsub' build argument 'cmake_target_skip_unavailable' from command line to 'False'
[2.563s] Level 5:colcon.colcon_core.verb:set package 'py_pubsub' build argument 'cmake_clean_cache' from command line to 'False'
[2.563s] Level 5:colcon.colcon_core.verb:set package 'py_pubsub' build argument 'cmake_clean_first' from command line to 'False'
[2.563s] Level 5:colcon.colcon_core.verb:set package 'py_pubsub' build argument 'cmake_force_configure' from command line to 'False'
[2.563s] Level 5:colcon.colcon_core.verb:set package 'py_pubsub' build argument 'ament_cmake_args' from command line to 'None'
[2.563s] Level 5:colcon.colcon_core.verb:set package 'py_pubsub' build argument 'catkin_cmake_args' from command line to 'None'
[2.564s] Level 5:colcon.colcon_core.verb:set package 'py_pubsub' build argument 'catkin_skip_building_tests' from command line to 'False'
[2.564s] DEBUG:colcon.colcon_core.verb:Building package 'py_pubsub' with the following arguments: {'ament_cmake_args': None, 'build_base': '/home/yan/camps_ws/build/py_pubsub', 'catkin_cmake_args': None, 'catkin_skip_building_tests': False, 'cmake_args': None, 'cmake_clean_cache': False, 'cmake_clean_first': False, 'cmake_force_configure': False, 'cmake_target': None, 'cmake_target_skip_unavailable': False, 'install_base': '/home/yan/camps_ws/install/py_pubsub', 'merge_install': False, 'path': '/home/yan/camps_ws/src/py_pubsub', 'symlink_install': False, 'test_result_base': None}
[2.566s] INFO:colcon.colcon_core.executor:Executing jobs using 'parallel' executor
[2.582s] DEBUG:colcon.colcon_parallel_executor.executor.parallel:run_until_complete
[2.583s] INFO:colcon.colcon_ros.task.ament_python.build:Building ROS package in '/home/yan/camps_ws/src/py_pubsub' with build type 'ament_python'
[2.584s] Level 1:colcon.colcon_core.shell:create_environment_hook('py_pubsub', 'ament_prefix_path')
[2.626s] INFO:colcon.colcon_core.plugin_system:Skipping extension 'colcon_core.shell.bat': Not used on non-Windows systems
[2.627s] INFO:colcon.colcon_core.shell:Creating environment hook '/home/yan/camps_ws/install/py_pubsub/share/py_pubsub/hook/ament_prefix_path.ps1'
[2.634s] INFO:colcon.colcon_core.shell:Creating environment descriptor '/home/yan/camps_ws/install/py_pubsub/share/py_pubsub/hook/ament_prefix_path.dsv'
[2.640s] INFO:colcon.colcon_core.shell:Creating environment hook '/home/yan/camps_ws/install/py_pubsub/share/py_pubsub/hook/ament_prefix_path.sh'
[2.650s] INFO:colcon.colcon_core.shell:Skip shell extension 'powershell' for command environment: Not usable outside of PowerShell
[2.651s] DEBUG:colcon.colcon_core.shell:Skip shell extension 'dsv' for command environment
[2.677s] DEBUG:colcon.colcon_core.shell:Ignoring prefix path '/opt/ros/dashing'
[4.462s] INFO:colcon.colcon_core.task.python.build:Building Python package in '/home/yan/camps_ws/src/py_pubsub'
[4.470s] INFO:colcon.colcon_core.shell:Skip shell extension 'powershell' for command environment: Not usable outside of PowerShell
[4.470s] DEBUG:colcon.colcon_core.shell:Skip shell extension 'dsv' for command environment
[4.490s] DEBUG:colcon.colcon_core.shell:Ignoring prefix path '/opt/ros/dashing'
[4.517s] DEBUG:colcon.colcon_core.event_handler.log_command:Invoking command in '/home/yan/camps_ws/src/py_pubsub': PYTHONPATH=/home/yan/camps_ws/install/py_pubsub/lib/python3.6/site-packages:${PYTHONPATH} /usr/bin/python3 setup.py egg_info --egg-base ../../build/py_pubsub build --build-base /home/yan/camps_ws/build/py_pubsub/build install --prefix /home/yan/camps_ws/install/py_pubsub --record /home/yan/camps_ws/build/py_pubsub/install.log --single-version-externally-managed
[7.198s] DEBUG:colcon.colcon_core.event_handler.log_command:Invoked command in '/home/yan/camps_ws/src/py_pubsub' returned '0': PYTHONPATH=/home/yan/camps_ws/install/py_pubsub/lib/python3.6/site-packages:${PYTHONPATH} /usr/bin/python3 setup.py egg_info --egg-base ../../build/py_pubsub build --build-base /home/yan/camps_ws/build/py_pubsub/build install --prefix /home/yan/camps_ws/install/py_pubsub --record /home/yan/camps_ws/build/py_pubsub/install.log --single-version-externally-managed
[7.233s] Level 1:colcon.colcon_core.environment:checking '/home/yan/camps_ws/install/py_pubsub' for CMake module files
[7.236s] Level 1:colcon.colcon_core.environment:checking '/home/yan/camps_ws/install/py_pubsub' for CMake config files
[7.243s] Level 1:colcon.colcon_core.environment:checking '/home/yan/camps_ws/install/py_pubsub/lib'
[7.244s] Level 1:colcon.colcon_core.environment:checking '/home/yan/camps_ws/install/py_pubsub/bin'
[7.245s] Level 1:colcon.colcon_core.environment:checking '/home/yan/camps_ws/install/py_pubsub/lib/pkgconfig/py_pubsub.pc'
[7.245s] Level 1:colcon.colcon_core.environment:checking '/home/yan/camps_ws/install/py_pubsub/lib/python3.6/site-packages'
[7.245s] Level 1:colcon.colcon_core.shell:create_environment_hook('py_pubsub', 'pythonpath')
[7.250s] INFO:colcon.colcon_core.shell:Creating environment hook '/home/yan/camps_ws/install/py_pubsub/share/py_pubsub/hook/pythonpath.ps1'
[7.252s] INFO:colcon.colcon_core.shell:Creating environment descriptor '/home/yan/camps_ws/install/py_pubsub/share/py_pubsub/hook/pythonpath.dsv'
[7.254s] INFO:colcon.colcon_core.shell:Creating environment hook '/home/yan/camps_ws/install/py_pubsub/share/py_pubsub/hook/pythonpath.sh'
[7.257s] Level 1:colcon.colcon_core.environment:create_environment_scripts_only(py_pubsub)
[7.261s] INFO:colcon.colcon_core.shell:Creating package script '/home/yan/camps_ws/install/py_pubsub/share/py_pubsub/package.ps1'
[7.268s] INFO:colcon.colcon_core.shell:Creating package descriptor '/home/yan/camps_ws/install/py_pubsub/share/py_pubsub/package.dsv'
[7.274s] INFO:colcon.colcon_core.shell:Creating package script '/home/yan/camps_ws/install/py_pubsub/share/py_pubsub/package.sh'
[7.281s] INFO:colcon.colcon_core.shell:Creating package script '/home/yan/camps_ws/install/py_pubsub/share/py_pubsub/package.bash'
[7.289s] INFO:colcon.colcon_core.shell:Creating package script '/home/yan/camps_ws/install/py_pubsub/share/py_pubsub/package.zsh'
[7.295s] Level 1:colcon.colcon_core.environment:create_file_with_runtime_dependencies(/home/yan/camps_ws/install/py_pubsub/share/colcon-core/packages/py_pubsub)
[7.300s] DEBUG:colcon.colcon_parallel_executor.executor.parallel:closing loop
[7.303s] DEBUG:colcon.colcon_parallel_executor.executor.parallel:loop closed
[7.303s] DEBUG:colcon.colcon_parallel_executor.executor.parallel:run_until_complete finished with '0'
[7.306s] DEBUG:colcon.colcon_core.event_reactor:joining thread
[7.482s] INFO:colcon.colcon_core.plugin_system:Skipping extension 'colcon_notification.desktop_notification.terminal_notifier': Not used on non-Darwin systems
[7.483s] INFO:colcon.colcon_core.plugin_system:Skipping extension 'colcon_notification.desktop_notification.win32': Not used on non-Windows systems
[7.483s] INFO:colcon.colcon_notification.desktop_notification:Sending desktop notification using 'notify2'
[7.677s] DEBUG:colcon.colcon_core.event_reactor:joined thread
[7.682s] INFO:colcon.colcon_core.shell:Creating prefix script '/home/yan/camps_ws/install/local_setup.ps1'
[7.694s] INFO:colcon.colcon_core.shell:Creating prefix util module '/home/yan/camps_ws/install/_local_setup_util_ps1.py'
[7.705s] INFO:colcon.colcon_core.shell:Creating prefix chain script '/home/yan/camps_ws/install/setup.ps1'
[7.748s] INFO:colcon.colcon_core.shell:Creating prefix script '/home/yan/camps_ws/install/local_setup.sh'
[7.753s] INFO:colcon.colcon_core.shell:Creating prefix util module '/home/yan/camps_ws/install/_local_setup_util_sh.py'
[7.756s] INFO:colcon.colcon_core.shell:Creating prefix chain script '/home/yan/camps_ws/install/setup.sh'
[7.780s] INFO:colcon.colcon_core.shell:Creating prefix script '/home/yan/camps_ws/install/local_setup.bash'
[7.786s] INFO:colcon.colcon_core.shell:Creating prefix chain script '/home/yan/camps_ws/install/setup.bash'
[7.812s] INFO:colcon.colcon_core.shell:Creating prefix script '/home/yan/camps_ws/install/local_setup.zsh'
[7.833s] INFO:colcon.colcon_core.shell:Creating prefix chain script '/home/yan/camps_ws/install/setup.zsh'
