[0.187s] Invoking command in '/home/yan/camps_ws/build/realsense_camera_msgs': CMAKE_PREFIX_PATH=/opt/ros/dashing /usr/bin/cmake --build /home/yan/camps_ws/build/realsense_camera_msgs -- -j4 -l4
[0.710s] [  2%] Built target realsense_camera_msgs__cpp
[0.789s] [ 13%] Built target realsense_camera_msgs__rosidl_generator_c
[0.910s] [ 24%] Built target realsense_camera_msgs__rosidl_typesupport_introspection_cpp
[0.960s] [ 45%] Built target realsense_camera_msgs__rosidl_typesupport_fastrtps_cpp
[0.962s] [ 45%] Built target realsense_camera_msgs__rosidl_typesupport_introspection_c
[1.126s] [ 62%] Built target realsense_camera_msgs__rosidl_typesupport_fastrtps_c
[1.128s] [ 67%] Built target realsense_camera_msgs__rosidl_typesupport_cpp
[1.273s] [ 78%] Built target realsense_camera_msgs__rosidl_typesupport_c
[1.371s] [ 78%] Built target realsense_camera_msgs
[1.478s] [ 81%] Built target realsense_camera_msgs__py
[1.646s] [ 89%] Built target realsense_camera_msgs__python
[1.882s] [ 94%] Built target realsense_camera_msgs__rosidl_typesupport_fastrtps_c__pyext
[1.892s] [100%] Built target realsense_camera_msgs__rosidl_typesupport_c__pyext
[2.434s] Invoked command in '/home/yan/camps_ws/build/realsense_camera_msgs' returned '0': CMAKE_PREFIX_PATH=/opt/ros/dashing /usr/bin/cmake --build /home/yan/camps_ws/build/realsense_camera_msgs -- -j4 -l4
[2.852s] Invoking command in '/home/yan/camps_ws/build/realsense_camera_msgs': CMAKE_PREFIX_PATH=/opt/ros/dashing /usr/bin/cmake --build /home/yan/camps_ws/build/realsense_camera_msgs --target install -- -j4 -l4
[3.096s] [ 10%] Built target realsense_camera_msgs__rosidl_generator_c
[3.097s] [ 13%] Built target realsense_camera_msgs__cpp
[3.277s] [ 24%] Built target realsense_camera_msgs__rosidl_typesupport_fastrtps_cpp
[3.289s] [ 35%] Built target realsense_camera_msgs__rosidl_typesupport_introspection_cpp
[3.338s] [ 45%] Built target realsense_camera_msgs__rosidl_typesupport_introspection_c
[3.438s] [ 56%] Built target realsense_camera_msgs__rosidl_typesupport_cpp
[3.479s] [ 67%] Built target realsense_camera_msgs__rosidl_typesupport_fastrtps_c
[3.611s] [ 78%] Built target realsense_camera_msgs__rosidl_typesupport_c
[3.705s] [ 78%] Built target realsense_camera_msgs
[3.802s] [ 81%] Built target realsense_camera_msgs__py
[3.938s] [ 89%] Built target realsense_camera_msgs__python
[4.079s] [ 94%] Built target realsense_camera_msgs__rosidl_typesupport_fastrtps_c__pyext
[4.087s] [100%] Built target realsense_camera_msgs__rosidl_typesupport_c__pyext
[4.174s] [36mInstall the project...[0m
[4.222s] -- Install configuration: ""
[4.232s] -- Up-to-date: /home/yan/camps_ws/install/realsense_camera_msgs/share/ament_index/resource_index/rosidl_interfaces/realsense_camera_msgs
[4.240s] -- Up-to-date: /home/yan/camps_ws/install/realsense_camera_msgs/lib/librealsense_camera_msgs__rosidl_typesupport_c.so
[4.244s] -- Up-to-date: /home/yan/camps_ws/install/realsense_camera_msgs/share/realsense_camera_msgs/environment/library_path.sh
[4.249s] -- Up-to-date: /home/yan/camps_ws/install/realsense_camera_msgs/lib/librealsense_camera_msgs__rosidl_typesupport_cpp.so
[4.251s] -- Up-to-date: /home/yan/camps_ws/install/realsense_camera_msgs/include/realsense_camera_msgs
[4.252s] -- Up-to-date: /home/yan/camps_ws/install/realsense_camera_msgs/include/realsense_camera_msgs/msg
[4.253s] -- Up-to-date: /home/yan/camps_ws/install/realsense_camera_msgs/include/realsense_camera_msgs/msg/rosidl_typesupport_fastrtps_c__visibility_control.h
[4.253s] -- Up-to-date: /home/yan/camps_ws/install/realsense_camera_msgs/include/realsense_camera_msgs/msg/imu_info__rosidl_typesupport_fastrtps_c.h
[4.254s] -- Up-to-date: /home/yan/camps_ws/install/realsense_camera_msgs/include/realsense_camera_msgs/msg/extrinsics__rosidl_typesupport_fastrtps_c.h
[4.257s] -- Up-to-date: /home/yan/camps_ws/install/realsense_camera_msgs/lib/librealsense_camera_msgs__rosidl_typesupport_fastrtps_c.so
[4.258s] -- Up-to-date: /home/yan/camps_ws/install/realsense_camera_msgs/include/realsense_camera_msgs
[4.260s] -- Up-to-date: /home/yan/camps_ws/install/realsense_camera_msgs/include/realsense_camera_msgs/msg
[4.262s] -- Up-to-date: /home/yan/camps_ws/install/realsense_camera_msgs/include/realsense_camera_msgs/msg/extrinsics__functions.c
[4.262s] -- Up-to-date: /home/yan/camps_ws/install/realsense_camera_msgs/include/realsense_camera_msgs/msg/imu_info__struct.h
[4.263s] -- Up-to-date: /home/yan/camps_ws/install/realsense_camera_msgs/include/realsense_camera_msgs/msg/imu_info__functions.c
[4.264s] -- Up-to-date: /home/yan/camps_ws/install/realsense_camera_msgs/include/realsense_camera_msgs/msg/extrinsics.h
[4.268s] -- Up-to-date: /home/yan/camps_ws/install/realsense_camera_msgs/include/realsense_camera_msgs/msg/imu_info__functions.h
[4.268s] -- Up-to-date: /home/yan/camps_ws/install/realsense_camera_msgs/include/realsense_camera_msgs/msg/extrinsics__functions.h
[4.269s] -- Up-to-date: /home/yan/camps_ws/install/realsense_camera_msgs/include/realsense_camera_msgs/msg/imu_info__type_support.h
[4.270s] -- Up-to-date: /home/yan/camps_ws/install/realsense_camera_msgs/include/realsense_camera_msgs/msg/rosidl_generator_c__visibility_control.h
[4.273s] -- Up-to-date: /home/yan/camps_ws/install/realsense_camera_msgs/include/realsense_camera_msgs/msg/extrinsics__struct.h
[4.275s] -- Up-to-date: /home/yan/camps_ws/install/realsense_camera_msgs/include/realsense_camera_msgs/msg/imu_info.h
[4.276s] -- Up-to-date: /home/yan/camps_ws/install/realsense_camera_msgs/include/realsense_camera_msgs/msg/extrinsics__type_support.h
[4.278s] -- Up-to-date: /home/yan/camps_ws/install/realsense_camera_msgs/lib/librealsense_camera_msgs__rosidl_generator_c.so
[4.281s] -- Up-to-date: /home/yan/camps_ws/install/realsense_camera_msgs/include/realsense_camera_msgs
[4.281s] -- Up-to-date: /home/yan/camps_ws/install/realsense_camera_msgs/include/realsense_camera_msgs/msg
[4.282s] -- Up-to-date: /home/yan/camps_ws/install/realsense_camera_msgs/include/realsense_camera_msgs/msg/rosidl_typesupport_fastrtps_cpp__visibility_control.h
[4.283s] -- Up-to-date: /home/yan/camps_ws/install/realsense_camera_msgs/include/realsense_camera_msgs/msg/imu_info__rosidl_typesupport_fastrtps_cpp.hpp
[4.283s] -- Up-to-date: /home/yan/camps_ws/install/realsense_camera_msgs/include/realsense_camera_msgs/msg/dds_fastrtps
[4.284s] -- Up-to-date: /home/yan/camps_ws/install/realsense_camera_msgs/include/realsense_camera_msgs/msg/extrinsics__rosidl_typesupport_fastrtps_cpp.hpp
[4.285s] -- Up-to-date: /home/yan/camps_ws/install/realsense_camera_msgs/lib/librealsense_camera_msgs__rosidl_typesupport_fastrtps_cpp.so
[4.286s] -- Up-to-date: /home/yan/camps_ws/install/realsense_camera_msgs/include/realsense_camera_msgs
[4.289s] -- Up-to-date: /home/yan/camps_ws/install/realsense_camera_msgs/include/realsense_camera_msgs/msg
[4.291s] -- Up-to-date: /home/yan/camps_ws/install/realsense_camera_msgs/include/realsense_camera_msgs/msg/imu_info.hpp
[4.292s] -- Up-to-date: /home/yan/camps_ws/install/realsense_camera_msgs/include/realsense_camera_msgs/msg/extrinsics__traits.hpp
[4.292s] -- Up-to-date: /home/yan/camps_ws/install/realsense_camera_msgs/include/realsense_camera_msgs/msg/imu_info__struct.hpp
[4.293s] -- Up-to-date: /home/yan/camps_ws/install/realsense_camera_msgs/include/realsense_camera_msgs/msg/imu_info__traits.hpp
[4.294s] -- Up-to-date: /home/yan/camps_ws/install/realsense_camera_msgs/include/realsense_camera_msgs/msg/extrinsics.hpp
[4.294s] -- Up-to-date: /home/yan/camps_ws/install/realsense_camera_msgs/include/realsense_camera_msgs/msg/extrinsics__struct.hpp
[4.295s] -- Up-to-date: /home/yan/camps_ws/install/realsense_camera_msgs/include/realsense_camera_msgs
[4.296s] -- Up-to-date: /home/yan/camps_ws/install/realsense_camera_msgs/include/realsense_camera_msgs/msg
[4.297s] -- Up-to-date: /home/yan/camps_ws/install/realsense_camera_msgs/include/realsense_camera_msgs/msg/imu_info__rosidl_typesupport_introspection_c.h
[4.298s] -- Up-to-date: /home/yan/camps_ws/install/realsense_camera_msgs/include/realsense_camera_msgs/msg/extrinsics__rosidl_typesupport_introspection_c.h
[4.300s] -- Up-to-date: /home/yan/camps_ws/install/realsense_camera_msgs/include/realsense_camera_msgs/msg/imu_info__type_support.c
[4.301s] -- Up-to-date: /home/yan/camps_ws/install/realsense_camera_msgs/include/realsense_camera_msgs/msg/extrinsics__type_support.c
[4.304s] -- Up-to-date: /home/yan/camps_ws/install/realsense_camera_msgs/include/realsense_camera_msgs/msg/rosidl_typesupport_introspection_c__visibility_control.h
[4.309s] -- Up-to-date: /home/yan/camps_ws/install/realsense_camera_msgs/lib/librealsense_camera_msgs__rosidl_typesupport_introspection_c.so
[4.311s] -- Up-to-date: /home/yan/camps_ws/install/realsense_camera_msgs/include/realsense_camera_msgs
[4.312s] -- Up-to-date: /home/yan/camps_ws/install/realsense_camera_msgs/include/realsense_camera_msgs/msg
[4.318s] -- Up-to-date: /home/yan/camps_ws/install/realsense_camera_msgs/include/realsense_camera_msgs/msg/imu_info__rosidl_typesupport_introspection_cpp.hpp
[4.320s] -- Up-to-date: /home/yan/camps_ws/install/realsense_camera_msgs/include/realsense_camera_msgs/msg/extrinsics__rosidl_typesupport_introspection_cpp.hpp
[4.321s] -- Up-to-date: /home/yan/camps_ws/install/realsense_camera_msgs/include/realsense_camera_msgs/msg/imu_info__type_support.cpp
[4.321s] -- Up-to-date: /home/yan/camps_ws/install/realsense_camera_msgs/include/realsense_camera_msgs/msg/extrinsics__type_support.cpp
[4.322s] -- Up-to-date: /home/yan/camps_ws/install/realsense_camera_msgs/lib/librealsense_camera_msgs__rosidl_typesupport_introspection_cpp.so
[4.322s] -- Up-to-date: /home/yan/camps_ws/install/realsense_camera_msgs/share/realsense_camera_msgs/environment/pythonpath.sh
[4.327s] -- Up-to-date: /home/yan/camps_ws/install/realsense_camera_msgs/lib/python3.6/site-packages/realsense_camera_msgs/__init__.py
[4.541s] -- Up-to-date: /home/yan/camps_ws/install/realsense_camera_msgs/lib/python3.6/site-packages/realsense_camera_msgs/msg
[4.543s] -- Up-to-date: /home/yan/camps_ws/install/realsense_camera_msgs/lib/python3.6/site-packages/realsense_camera_msgs/msg/_imu_info_s.c
[4.546s] -- Up-to-date: /home/yan/camps_ws/install/realsense_camera_msgs/lib/python3.6/site-packages/realsense_camera_msgs/msg/_extrinsics.py
[4.547s] -- Up-to-date: /home/yan/camps_ws/install/realsense_camera_msgs/lib/python3.6/site-packages/realsense_camera_msgs/msg/__init__.py
[4.551s] -- Up-to-date: /home/yan/camps_ws/install/realsense_camera_msgs/lib/python3.6/site-packages/realsense_camera_msgs/msg/_extrinsics_s.c
[4.552s] -- Up-to-date: /home/yan/camps_ws/install/realsense_camera_msgs/lib/python3.6/site-packages/realsense_camera_msgs/msg/_imu_info.py
[4.553s] -- Up-to-date: /home/yan/camps_ws/install/realsense_camera_msgs/lib/python3.6/site-packages/realsense_camera_msgs/realsense_camera_msgs_s__rosidl_typesupport_c.cpython-36m-aarch64-linux-gnu.so
[4.556s] -- Up-to-date: /home/yan/camps_ws/install/realsense_camera_msgs/lib/python3.6/site-packages/realsense_camera_msgs/realsense_camera_msgs_s__rosidl_typesupport_fastrtps_c.cpython-36m-aarch64-linux-gnu.so
[4.559s] -- Up-to-date: /home/yan/camps_ws/install/realsense_camera_msgs/lib/librealsense_camera_msgs__python.so
[4.562s] -- Up-to-date: /home/yan/camps_ws/install/realsense_camera_msgs/share/realsense_camera_msgs/msg/IMUInfo.idl
[4.564s] -- Up-to-date: /home/yan/camps_ws/install/realsense_camera_msgs/share/realsense_camera_msgs/msg/Extrinsics.idl
[4.565s] -- Up-to-date: /home/yan/camps_ws/install/realsense_camera_msgs/share/realsense_camera_msgs/msg/IMUInfo.msg
[4.566s] -- Up-to-date: /home/yan/camps_ws/install/realsense_camera_msgs/share/realsense_camera_msgs/msg/Extrinsics.msg
[4.566s] -- Up-to-date: /home/yan/camps_ws/install/realsense_camera_msgs/share/ament_index/resource_index/package_run_dependencies/realsense_camera_msgs
[4.570s] -- Up-to-date: /home/yan/camps_ws/install/realsense_camera_msgs/share/ament_index/resource_index/parent_prefix_path/realsense_camera_msgs
[4.570s] -- Up-to-date: /home/yan/camps_ws/install/realsense_camera_msgs/share/realsense_camera_msgs/environment/ament_prefix_path.sh
[4.571s] -- Up-to-date: /home/yan/camps_ws/install/realsense_camera_msgs/share/realsense_camera_msgs/environment/path.sh
[4.573s] -- Up-to-date: /home/yan/camps_ws/install/realsense_camera_msgs/share/realsense_camera_msgs/local_setup.bash
[4.574s] -- Up-to-date: /home/yan/camps_ws/install/realsense_camera_msgs/share/realsense_camera_msgs/local_setup.sh
[4.578s] -- Up-to-date: /home/yan/camps_ws/install/realsense_camera_msgs/share/realsense_camera_msgs/local_setup.zsh
[4.579s] -- Up-to-date: /home/yan/camps_ws/install/realsense_camera_msgs/share/ament_index/resource_index/packages/realsense_camera_msgs
[4.580s] -- Up-to-date: /home/yan/camps_ws/install/realsense_camera_msgs/share/realsense_camera_msgs/cmake/rosidl_cmake-extras.cmake
[4.580s] -- Up-to-date: /home/yan/camps_ws/install/realsense_camera_msgs/share/realsense_camera_msgs/cmake/ament_cmake_export_dependencies-extras.cmake
[4.581s] -- Up-to-date: /home/yan/camps_ws/install/realsense_camera_msgs/share/realsense_camera_msgs/cmake/ament_cmake_export_libraries-extras.cmake
[4.582s] -- Up-to-date: /home/yan/camps_ws/install/realsense_camera_msgs/share/realsense_camera_msgs/cmake/ament_cmake_export_include_directories-extras.cmake
[4.582s] -- Up-to-date: /home/yan/camps_ws/install/realsense_camera_msgs/share/realsense_camera_msgs/cmake/realsense_camera_msgsConfig.cmake
[4.583s] -- Up-to-date: /home/yan/camps_ws/install/realsense_camera_msgs/share/realsense_camera_msgs/cmake/realsense_camera_msgsConfig-version.cmake
[4.584s] -- Up-to-date: /home/yan/camps_ws/install/realsense_camera_msgs/share/realsense_camera_msgs/package.xml
[4.598s] Invoked command in '/home/yan/camps_ws/build/realsense_camera_msgs' returned '0': CMAKE_PREFIX_PATH=/opt/ros/dashing /usr/bin/cmake --build /home/yan/camps_ws/build/realsense_camera_msgs --target install -- -j4 -l4
