[3.798s] Invoking command in '/home/yan/camps_ws/src/py_pubsub': PYTHONPATH=/home/yan/camps_ws/install/py_pubsub/lib/python3.6/site-packages:${PYTHONPATH} /usr/bin/python3 setup.py egg_info --egg-base ../../build/py_pubsub build --build-base /home/yan/camps_ws/build/py_pubsub/build install --prefix /home/yan/camps_ws/install/py_pubsub --record /home/yan/camps_ws/build/py_pubsub/install.log --single-version-externally-managed
[6.108s] running egg_info
[6.112s] writing ../../build/py_pubsub/py_pubsub.egg-info/PKG-INFO
[6.114s] writing dependency_links to ../../build/py_pubsub/py_pubsub.egg-info/dependency_links.txt
[6.115s] writing entry points to ../../build/py_pubsub/py_pubsub.egg-info/entry_points.txt
[6.116s] writing requirements to ../../build/py_pubsub/py_pubsub.egg-info/requires.txt
[6.118s] writing top-level names to ../../build/py_pubsub/py_pubsub.egg-info/top_level.txt
[6.437s] reading manifest file '../../build/py_pubsub/py_pubsub.egg-info/SOURCES.txt'
[6.447s] writing manifest file '../../build/py_pubsub/py_pubsub.egg-info/SOURCES.txt'
[6.448s] running build
[6.448s] running build_py
[6.449s] copying py_pubsub/subscriber_member_function.py -> /home/yan/camps_ws/build/py_pubsub/build/lib/py_pubsub
[6.450s] running install
[6.453s] running install_lib
[6.462s] copying /home/yan/camps_ws/build/py_pubsub/build/lib/py_pubsub/subscriber_member_function.py -> /home/yan/camps_ws/install/py_pubsub/lib/python3.6/site-packages/py_pubsub
[6.469s] byte-compiling /home/yan/camps_ws/install/py_pubsub/lib/python3.6/site-packages/py_pubsub/subscriber_member_function.py to subscriber_member_function.cpython-36.pyc
[6.472s] running install_data
[6.487s] running install_egg_info
[6.519s] removing '/home/yan/camps_ws/install/py_pubsub/lib/python3.6/site-packages/py_pubsub-0.0.0-py3.6.egg-info' (and everything under it)
[6.529s] Copying ../../build/py_pubsub/py_pubsub.egg-info to /home/yan/camps_ws/install/py_pubsub/lib/python3.6/site-packages/py_pubsub-0.0.0-py3.6.egg-info
[6.548s] running install_scripts
[6.715s] Installing listener script to /home/yan/camps_ws/install/py_pubsub/lib/py_pubsub
[6.717s] Installing talker script to /home/yan/camps_ws/install/py_pubsub/lib/py_pubsub
[6.720s] writing list of installed files to '/home/yan/camps_ws/build/py_pubsub/install.log'
[6.853s] Invoked command in '/home/yan/camps_ws/src/py_pubsub' returned '0': PYTHONPATH=/home/yan/camps_ws/install/py_pubsub/lib/python3.6/site-packages:${PYTHONPATH} /usr/bin/python3 setup.py egg_info --egg-base ../../build/py_pubsub build --build-base /home/yan/camps_ws/build/py_pubsub/build install --prefix /home/yan/camps_ws/install/py_pubsub --record /home/yan/camps_ws/build/py_pubsub/install.log --single-version-externally-managed
