[1.881s] Invoking command in '/home/yan/camps_ws/src/py_pubsub': PYTHONPATH=/home/yan/camps_ws/install/py_pubsub/lib/python3.6/site-packages:${PYTHONPATH} /usr/bin/python3 setup.py egg_info --egg-base ../../build/py_pubsub build --build-base /home/yan/camps_ws/build/py_pubsub/build install --prefix /home/yan/camps_ws/install/py_pubsub --record /home/yan/camps_ws/build/py_pubsub/install.log --single-version-externally-managed
[3.516s] running egg_info
[3.519s] writing ../../build/py_pubsub/py_pubsub.egg-info/PKG-INFO
[3.520s] writing dependency_links to ../../build/py_pubsub/py_pubsub.egg-info/dependency_links.txt
[3.521s] writing entry points to ../../build/py_pubsub/py_pubsub.egg-info/entry_points.txt
[3.522s] writing requirements to ../../build/py_pubsub/py_pubsub.egg-info/requires.txt
[3.523s] writing top-level names to ../../build/py_pubsub/py_pubsub.egg-info/top_level.txt
[3.735s] reading manifest file '../../build/py_pubsub/py_pubsub.egg-info/SOURCES.txt'
[3.755s] writing manifest file '../../build/py_pubsub/py_pubsub.egg-info/SOURCES.txt'
[3.756s] running build
[3.756s] running build_py
[3.757s] copying py_pubsub/subscriber_member_function_timed.py -> /home/yan/camps_ws/build/py_pubsub/build/lib/py_pubsub
[3.758s] running install
[3.759s] running install_lib
[3.759s] copying /home/yan/camps_ws/build/py_pubsub/build/lib/py_pubsub/subscriber_member_function_timed.py -> /home/yan/camps_ws/install/py_pubsub/lib/python3.6/site-packages/py_pubsub
[3.761s] byte-compiling /home/yan/camps_ws/install/py_pubsub/lib/python3.6/site-packages/py_pubsub/subscriber_member_function_timed.py to subscriber_member_function_timed.cpython-36.pyc
[3.766s] running install_data
[3.769s] running install_egg_info
[3.781s] removing '/home/yan/camps_ws/install/py_pubsub/lib/python3.6/site-packages/py_pubsub-0.0.0-py3.6.egg-info' (and everything under it)
[3.781s] Copying ../../build/py_pubsub/py_pubsub.egg-info to /home/yan/camps_ws/install/py_pubsub/lib/python3.6/site-packages/py_pubsub-0.0.0-py3.6.egg-info
[3.783s] running install_scripts
[3.887s] Installing color script to /home/yan/camps_ws/install/py_pubsub/lib/py_pubsub
[3.887s] Installing depth script to /home/yan/camps_ws/install/py_pubsub/lib/py_pubsub
[3.888s] Installing infra1 script to /home/yan/camps_ws/install/py_pubsub/lib/py_pubsub
[3.888s] Installing infra2 script to /home/yan/camps_ws/install/py_pubsub/lib/py_pubsub
[3.890s] Installing listener script to /home/yan/camps_ws/install/py_pubsub/lib/py_pubsub
[3.902s] Installing point script to /home/yan/camps_ws/install/py_pubsub/lib/py_pubsub
[3.902s] Installing talker script to /home/yan/camps_ws/install/py_pubsub/lib/py_pubsub
[3.903s] Installing timed script to /home/yan/camps_ws/install/py_pubsub/lib/py_pubsub
[3.904s] Installing twice script to /home/yan/camps_ws/install/py_pubsub/lib/py_pubsub
[3.909s] writing list of installed files to '/home/yan/camps_ws/build/py_pubsub/install.log'
[4.043s] Invoked command in '/home/yan/camps_ws/src/py_pubsub' returned '0': PYTHONPATH=/home/yan/camps_ws/install/py_pubsub/lib/python3.6/site-packages:${PYTHONPATH} /usr/bin/python3 setup.py egg_info --egg-base ../../build/py_pubsub build --build-base /home/yan/camps_ws/build/py_pubsub/build install --prefix /home/yan/camps_ws/install/py_pubsub --record /home/yan/camps_ws/build/py_pubsub/install.log --single-version-externally-managed
