[3.430s] Invoking command in '/home/yan/camps_ws/src/py_pubsub': PYTHONPATH=/home/yan/camps_ws/install/py_pubsub/lib/python3.6/site-packages:${PYTHONPATH} /usr/bin/python3 setup.py egg_info --egg-base ../../build/py_pubsub build --build-base /home/yan/camps_ws/build/py_pubsub/build install --prefix /home/yan/camps_ws/install/py_pubsub --record /home/yan/camps_ws/build/py_pubsub/install.log --single-version-externally-managed
[5.547s] running egg_info
[5.553s] writing ../../build/py_pubsub/py_pubsub.egg-info/PKG-INFO
[5.554s] writing dependency_links to ../../build/py_pubsub/py_pubsub.egg-info/dependency_links.txt
[5.557s] writing entry points to ../../build/py_pubsub/py_pubsub.egg-info/entry_points.txt
[5.559s] writing requirements to ../../build/py_pubsub/py_pubsub.egg-info/requires.txt
[5.561s] writing top-level names to ../../build/py_pubsub/py_pubsub.egg-info/top_level.txt
[5.861s] reading manifest file '../../build/py_pubsub/py_pubsub.egg-info/SOURCES.txt'
[5.869s] writing manifest file '../../build/py_pubsub/py_pubsub.egg-info/SOURCES.txt'
[5.871s] running build
[5.872s] running build_py
[5.874s] copying py_pubsub/subscriber_member_function_point.py -> /home/yan/camps_ws/build/py_pubsub/build/lib/py_pubsub
[5.882s] running install
[5.884s] running install_lib
[5.895s] copying /home/yan/camps_ws/build/py_pubsub/build/lib/py_pubsub/subscriber_member_function_point.py -> /home/yan/camps_ws/install/py_pubsub/lib/python3.6/site-packages/py_pubsub
[5.898s] byte-compiling /home/yan/camps_ws/install/py_pubsub/lib/python3.6/site-packages/py_pubsub/subscriber_member_function_point.py to subscriber_member_function_point.cpython-36.pyc
[5.902s] running install_data
[5.916s] running install_egg_info
[5.932s] removing '/home/yan/camps_ws/install/py_pubsub/lib/python3.6/site-packages/py_pubsub-0.0.0-py3.6.egg-info' (and everything under it)
[5.934s] Copying ../../build/py_pubsub/py_pubsub.egg-info to /home/yan/camps_ws/install/py_pubsub/lib/python3.6/site-packages/py_pubsub-0.0.0-py3.6.egg-info
[5.947s] running install_scripts
[6.102s] Installing color script to /home/yan/camps_ws/install/py_pubsub/lib/py_pubsub
[6.104s] Installing depth script to /home/yan/camps_ws/install/py_pubsub/lib/py_pubsub
[6.106s] Installing infra1 script to /home/yan/camps_ws/install/py_pubsub/lib/py_pubsub
[6.107s] Installing infra2 script to /home/yan/camps_ws/install/py_pubsub/lib/py_pubsub
[6.113s] Installing listener script to /home/yan/camps_ws/install/py_pubsub/lib/py_pubsub
[6.114s] Installing onesensor script to /home/yan/camps_ws/install/py_pubsub/lib/py_pubsub
[6.115s] Installing point script to /home/yan/camps_ws/install/py_pubsub/lib/py_pubsub
[6.115s] Installing talker script to /home/yan/camps_ws/install/py_pubsub/lib/py_pubsub
[6.116s] Installing timed script to /home/yan/camps_ws/install/py_pubsub/lib/py_pubsub
[6.117s] Installing twice script to /home/yan/camps_ws/install/py_pubsub/lib/py_pubsub
[6.118s] writing list of installed files to '/home/yan/camps_ws/build/py_pubsub/install.log'
[6.283s] Invoked command in '/home/yan/camps_ws/src/py_pubsub' returned '0': PYTHONPATH=/home/yan/camps_ws/install/py_pubsub/lib/python3.6/site-packages:${PYTHONPATH} /usr/bin/python3 setup.py egg_info --egg-base ../../build/py_pubsub build --build-base /home/yan/camps_ws/build/py_pubsub/build install --prefix /home/yan/camps_ws/install/py_pubsub --record /home/yan/camps_ws/build/py_pubsub/install.log --single-version-externally-managed
