[2.166s] Invoking command in '/home/yan/camps_ws/src/py_pubsub': PYTHONPATH=/home/yan/camps_ws/install/py_pubsub/lib/python3.6/site-packages:${PYTHONPATH} /usr/bin/python3 setup.py egg_info --egg-base ../../build/py_pubsub build --build-base /home/yan/camps_ws/build/py_pubsub/build install --prefix /home/yan/camps_ws/install/py_pubsub --record /home/yan/camps_ws/build/py_pubsub/install.log --single-version-externally-managed
[4.253s] running egg_info
[4.258s] writing ../../build/py_pubsub/py_pubsub.egg-info/PKG-INFO
[4.261s] writing dependency_links to ../../build/py_pubsub/py_pubsub.egg-info/dependency_links.txt
[4.264s] writing entry points to ../../build/py_pubsub/py_pubsub.egg-info/entry_points.txt
[4.268s] writing requirements to ../../build/py_pubsub/py_pubsub.egg-info/requires.txt
[4.270s] writing top-level names to ../../build/py_pubsub/py_pubsub.egg-info/top_level.txt
[4.560s] reading manifest file '../../build/py_pubsub/py_pubsub.egg-info/SOURCES.txt'
[4.569s] writing manifest file '../../build/py_pubsub/py_pubsub.egg-info/SOURCES.txt'
[4.578s] running build
[4.582s] running build_py
[4.589s] copying py_pubsub/subscriber_member_function.py -> /home/yan/camps_ws/build/py_pubsub/build/lib/py_pubsub
[4.592s] running install
[4.595s] running install_lib
[4.606s] copying /home/yan/camps_ws/build/py_pubsub/build/lib/py_pubsub/subscriber_member_function.py -> /home/yan/camps_ws/install/py_pubsub/lib/python3.6/site-packages/py_pubsub
[4.610s] byte-compiling /home/yan/camps_ws/install/py_pubsub/lib/python3.6/site-packages/py_pubsub/subscriber_member_function.py to subscriber_member_function.cpython-36.pyc
[4.613s] Sorry: TabError: inconsistent use of tabs and spaces in indentation (subscriber_member_function.py, line 35)
[4.614s] running install_data
[4.617s] running install_egg_info
[4.628s] removing '/home/yan/camps_ws/install/py_pubsub/lib/python3.6/site-packages/py_pubsub-0.0.0-py3.6.egg-info' (and everything under it)
[4.630s] Copying ../../build/py_pubsub/py_pubsub.egg-info to /home/yan/camps_ws/install/py_pubsub/lib/python3.6/site-packages/py_pubsub-0.0.0-py3.6.egg-info
[4.637s] running install_scripts
[4.768s] Installing listener script to /home/yan/camps_ws/install/py_pubsub/lib/py_pubsub
[4.770s] Installing talker script to /home/yan/camps_ws/install/py_pubsub/lib/py_pubsub
[4.775s] writing list of installed files to '/home/yan/camps_ws/build/py_pubsub/install.log'
[4.922s] Invoked command in '/home/yan/camps_ws/src/py_pubsub' returned '0': PYTHONPATH=/home/yan/camps_ws/install/py_pubsub/lib/python3.6/site-packages:${PYTHONPATH} /usr/bin/python3 setup.py egg_info --egg-base ../../build/py_pubsub build --build-base /home/yan/camps_ws/build/py_pubsub/build install --prefix /home/yan/camps_ws/install/py_pubsub --record /home/yan/camps_ws/build/py_pubsub/install.log --single-version-externally-managed
