[2.109s] Invoking command in '/home/yan/camps_ws/src/py_pubsub': PYTHONPATH=/home/yan/camps_ws/install/py_pubsub/lib/python3.6/site-packages:${PYTHONPATH} /usr/bin/python3 setup.py egg_info --egg-base ../../build/py_pubsub build --build-base /home/yan/camps_ws/build/py_pubsub/build install --prefix /home/yan/camps_ws/install/py_pubsub --record /home/yan/camps_ws/build/py_pubsub/install.log --single-version-externally-managed
[4.020s] running egg_info
[4.024s] writing ../../build/py_pubsub/py_pubsub.egg-info/PKG-INFO
[4.024s] writing dependency_links to ../../build/py_pubsub/py_pubsub.egg-info/dependency_links.txt
[4.026s] writing entry points to ../../build/py_pubsub/py_pubsub.egg-info/entry_points.txt
[4.027s] writing requirements to ../../build/py_pubsub/py_pubsub.egg-info/requires.txt
[4.027s] writing top-level names to ../../build/py_pubsub/py_pubsub.egg-info/top_level.txt
[4.254s] reading manifest file '../../build/py_pubsub/py_pubsub.egg-info/SOURCES.txt'
[4.262s] writing manifest file '../../build/py_pubsub/py_pubsub.egg-info/SOURCES.txt'
[4.264s] running build
[4.264s] running build_py
[4.265s] copying py_pubsub/subscriber_member_function.py -> /home/yan/camps_ws/build/py_pubsub/build/lib/py_pubsub
[4.266s] running install
[4.269s] running install_lib
[4.274s] copying /home/yan/camps_ws/build/py_pubsub/build/lib/py_pubsub/subscriber_member_function.py -> /home/yan/camps_ws/install/py_pubsub/lib/python3.6/site-packages/py_pubsub
[4.277s] byte-compiling /home/yan/camps_ws/install/py_pubsub/lib/python3.6/site-packages/py_pubsub/subscriber_member_function.py to subscriber_member_function.cpython-36.pyc
[4.278s] Sorry: TabError: inconsistent use of tabs and spaces in indentation (subscriber_member_function.py, line 35)
[4.278s] running install_data
[4.281s] running install_egg_info
[4.290s] removing '/home/yan/camps_ws/install/py_pubsub/lib/python3.6/site-packages/py_pubsub-0.0.0-py3.6.egg-info' (and everything under it)
[4.292s] Copying ../../build/py_pubsub/py_pubsub.egg-info to /home/yan/camps_ws/install/py_pubsub/lib/python3.6/site-packages/py_pubsub-0.0.0-py3.6.egg-info
[4.299s] running install_scripts
[4.403s] Installing listener script to /home/yan/camps_ws/install/py_pubsub/lib/py_pubsub
[4.404s] Installing talker script to /home/yan/camps_ws/install/py_pubsub/lib/py_pubsub
[4.406s] writing list of installed files to '/home/yan/camps_ws/build/py_pubsub/install.log'
[4.527s] Invoked command in '/home/yan/camps_ws/src/py_pubsub' returned '0': PYTHONPATH=/home/yan/camps_ws/install/py_pubsub/lib/python3.6/site-packages:${PYTHONPATH} /usr/bin/python3 setup.py egg_info --egg-base ../../build/py_pubsub build --build-base /home/yan/camps_ws/build/py_pubsub/build install --prefix /home/yan/camps_ws/install/py_pubsub --record /home/yan/camps_ws/build/py_pubsub/install.log --single-version-externally-managed
