[1.983s] Invoking command in '/home/yan/camps_ws/src/py_pubsub': PYTHONPATH=/home/yan/camps_ws/install/py_pubsub/lib/python3.6/site-packages:${PYTHONPATH} /usr/bin/python3 setup.py egg_info --egg-base ../../build/py_pubsub build --build-base /home/yan/camps_ws/build/py_pubsub/build install --prefix /home/yan/camps_ws/install/py_pubsub --record /home/yan/camps_ws/build/py_pubsub/install.log --single-version-externally-managed
[3.836s] running egg_info
[3.841s] writing ../../build/py_pubsub/py_pubsub.egg-info/PKG-INFO
[3.844s] writing dependency_links to ../../build/py_pubsub/py_pubsub.egg-info/dependency_links.txt
[3.845s] writing entry points to ../../build/py_pubsub/py_pubsub.egg-info/entry_points.txt
[3.847s] writing requirements to ../../build/py_pubsub/py_pubsub.egg-info/requires.txt
[3.848s] writing top-level names to ../../build/py_pubsub/py_pubsub.egg-info/top_level.txt
[4.103s] reading manifest file '../../build/py_pubsub/py_pubsub.egg-info/SOURCES.txt'
[4.111s] writing manifest file '../../build/py_pubsub/py_pubsub.egg-info/SOURCES.txt'
[4.113s] running build
[4.114s] running build_py
[4.115s] copying py_pubsub/csvtojpeg.py -> /home/yan/camps_ws/build/py_pubsub/build/lib/py_pubsub
[4.116s] running install
[4.119s] running install_lib
[4.125s] copying /home/yan/camps_ws/build/py_pubsub/build/lib/py_pubsub/csvtojpeg.py -> /home/yan/camps_ws/install/py_pubsub/lib/python3.6/site-packages/py_pubsub
[4.132s] byte-compiling /home/yan/camps_ws/install/py_pubsub/lib/python3.6/site-packages/py_pubsub/csvtojpeg.py to csvtojpeg.cpython-36.pyc
[4.140s] running install_data
[4.141s] running install_egg_info
[4.153s] removing '/home/yan/camps_ws/install/py_pubsub/lib/python3.6/site-packages/py_pubsub-0.0.0-py3.6.egg-info' (and everything under it)
[4.154s] Copying ../../build/py_pubsub/py_pubsub.egg-info to /home/yan/camps_ws/install/py_pubsub/lib/python3.6/site-packages/py_pubsub-0.0.0-py3.6.egg-info
[4.161s] running install_scripts
[4.284s] Installing color script to /home/yan/camps_ws/install/py_pubsub/lib/py_pubsub
[4.286s] Installing csvtojpeg script to /home/yan/camps_ws/install/py_pubsub/lib/py_pubsub
[4.288s] Installing depth script to /home/yan/camps_ws/install/py_pubsub/lib/py_pubsub
[4.289s] Installing infra1 script to /home/yan/camps_ws/install/py_pubsub/lib/py_pubsub
[4.291s] Installing infra2 script to /home/yan/camps_ws/install/py_pubsub/lib/py_pubsub
[4.292s] Installing listener script to /home/yan/camps_ws/install/py_pubsub/lib/py_pubsub
[4.294s] Installing onesensor script to /home/yan/camps_ws/install/py_pubsub/lib/py_pubsub
[4.296s] Installing point script to /home/yan/camps_ws/install/py_pubsub/lib/py_pubsub
[4.299s] Installing talker script to /home/yan/camps_ws/install/py_pubsub/lib/py_pubsub
[4.306s] Installing timed script to /home/yan/camps_ws/install/py_pubsub/lib/py_pubsub
[4.308s] Installing twice script to /home/yan/camps_ws/install/py_pubsub/lib/py_pubsub
[4.309s] writing list of installed files to '/home/yan/camps_ws/build/py_pubsub/install.log'
[4.443s] Invoked command in '/home/yan/camps_ws/src/py_pubsub' returned '0': PYTHONPATH=/home/yan/camps_ws/install/py_pubsub/lib/python3.6/site-packages:${PYTHONPATH} /usr/bin/python3 setup.py egg_info --egg-base ../../build/py_pubsub build --build-base /home/yan/camps_ws/build/py_pubsub/build install --prefix /home/yan/camps_ws/install/py_pubsub --record /home/yan/camps_ws/build/py_pubsub/install.log --single-version-externally-managed
