[1.728s] Invoking command in '/home/yan/camps_ws/src/py_pubsub': PYTHONPATH=/home/yan/camps_ws/install/py_pubsub/lib/python3.6/site-packages:${PYTHONPATH} /usr/bin/python3 setup.py egg_info --egg-base ../../build/py_pubsub build --build-base /home/yan/camps_ws/build/py_pubsub/build install --prefix /home/yan/camps_ws/install/py_pubsub --record /home/yan/camps_ws/build/py_pubsub/install.log --single-version-externally-managed
[3.312s] running egg_info
[3.315s] writing ../../build/py_pubsub/py_pubsub.egg-info/PKG-INFO
[3.316s] writing dependency_links to ../../build/py_pubsub/py_pubsub.egg-info/dependency_links.txt
[3.317s] writing entry points to ../../build/py_pubsub/py_pubsub.egg-info/entry_points.txt
[3.318s] writing requirements to ../../build/py_pubsub/py_pubsub.egg-info/requires.txt
[3.319s] writing top-level names to ../../build/py_pubsub/py_pubsub.egg-info/top_level.txt
[3.551s] reading manifest file '../../build/py_pubsub/py_pubsub.egg-info/SOURCES.txt'
[3.561s] writing manifest file '../../build/py_pubsub/py_pubsub.egg-info/SOURCES.txt'
[3.562s] running build
[3.562s] running build_py
[3.563s] copying py_pubsub/subscriber_member_function_timed.py -> /home/yan/camps_ws/build/py_pubsub/build/lib/py_pubsub
[3.568s] running install
[3.571s] running install_lib
[3.578s] copying /home/yan/camps_ws/build/py_pubsub/build/lib/py_pubsub/subscriber_member_function_timed.py -> /home/yan/camps_ws/install/py_pubsub/lib/python3.6/site-packages/py_pubsub
[3.583s] byte-compiling /home/yan/camps_ws/install/py_pubsub/lib/python3.6/site-packages/py_pubsub/subscriber_member_function_timed.py to subscriber_member_function_timed.cpython-36.pyc
[3.589s] running install_data
[3.593s] running install_egg_info
[3.603s] removing '/home/yan/camps_ws/install/py_pubsub/lib/python3.6/site-packages/py_pubsub-0.0.0-py3.6.egg-info' (and everything under it)
[3.606s] Copying ../../build/py_pubsub/py_pubsub.egg-info to /home/yan/camps_ws/install/py_pubsub/lib/python3.6/site-packages/py_pubsub-0.0.0-py3.6.egg-info
[3.612s] running install_scripts
[3.735s] Installing color script to /home/yan/camps_ws/install/py_pubsub/lib/py_pubsub
[3.736s] Installing depth script to /home/yan/camps_ws/install/py_pubsub/lib/py_pubsub
[3.737s] Installing infra1 script to /home/yan/camps_ws/install/py_pubsub/lib/py_pubsub
[3.738s] Installing infra2 script to /home/yan/camps_ws/install/py_pubsub/lib/py_pubsub
[3.741s] Installing listener script to /home/yan/camps_ws/install/py_pubsub/lib/py_pubsub
[3.742s] Installing point script to /home/yan/camps_ws/install/py_pubsub/lib/py_pubsub
[3.743s] Installing talker script to /home/yan/camps_ws/install/py_pubsub/lib/py_pubsub
[3.743s] Installing timed script to /home/yan/camps_ws/install/py_pubsub/lib/py_pubsub
[3.746s] writing list of installed files to '/home/yan/camps_ws/build/py_pubsub/install.log'
[3.876s] Invoked command in '/home/yan/camps_ws/src/py_pubsub' returned '0': PYTHONPATH=/home/yan/camps_ws/install/py_pubsub/lib/python3.6/site-packages:${PYTHONPATH} /usr/bin/python3 setup.py egg_info --egg-base ../../build/py_pubsub build --build-base /home/yan/camps_ws/build/py_pubsub/build install --prefix /home/yan/camps_ws/install/py_pubsub --record /home/yan/camps_ws/build/py_pubsub/install.log --single-version-externally-managed
