[2.606s] Invoking command in '/home/yan/camps_ws/src/py_pubsub': PYTHONPATH=/home/yan/camps_ws/install/py_pubsub/lib/python3.6/site-packages:${PYTHONPATH} /usr/bin/python3 setup.py egg_info --egg-base ../../build/py_pubsub build --build-base /home/yan/camps_ws/build/py_pubsub/build install --prefix /home/yan/camps_ws/install/py_pubsub --record /home/yan/camps_ws/build/py_pubsub/install.log --single-version-externally-managed
[4.897s] running egg_info
[4.902s] writing ../../build/py_pubsub/py_pubsub.egg-info/PKG-INFO
[4.904s] writing dependency_links to ../../build/py_pubsub/py_pubsub.egg-info/dependency_links.txt
[4.907s] writing entry points to ../../build/py_pubsub/py_pubsub.egg-info/entry_points.txt
[4.907s] writing requirements to ../../build/py_pubsub/py_pubsub.egg-info/requires.txt
[4.908s] writing top-level names to ../../build/py_pubsub/py_pubsub.egg-info/top_level.txt
[5.255s] reading manifest file '../../build/py_pubsub/py_pubsub.egg-info/SOURCES.txt'
[5.276s] writing manifest file '../../build/py_pubsub/py_pubsub.egg-info/SOURCES.txt'
[5.277s] running build
[5.280s] running build_py
[5.281s] copying py_pubsub/subscriber_member_function_point.py -> /home/yan/camps_ws/build/py_pubsub/build/lib/py_pubsub
[5.299s] running install
[5.301s] running install_lib
[5.310s] copying /home/yan/camps_ws/build/py_pubsub/build/lib/py_pubsub/subscriber_member_function_point.py -> /home/yan/camps_ws/install/py_pubsub/lib/python3.6/site-packages/py_pubsub
[5.322s] byte-compiling /home/yan/camps_ws/install/py_pubsub/lib/python3.6/site-packages/py_pubsub/subscriber_member_function_point.py to subscriber_member_function_point.cpython-36.pyc
[5.326s] running install_data
[5.336s] running install_egg_info
[5.358s] removing '/home/yan/camps_ws/install/py_pubsub/lib/python3.6/site-packages/py_pubsub-0.0.0-py3.6.egg-info' (and everything under it)
[5.359s] Copying ../../build/py_pubsub/py_pubsub.egg-info to /home/yan/camps_ws/install/py_pubsub/lib/python3.6/site-packages/py_pubsub-0.0.0-py3.6.egg-info
[5.360s] running install_scripts
[5.511s] Installing color script to /home/yan/camps_ws/install/py_pubsub/lib/py_pubsub
[5.512s] Installing depth script to /home/yan/camps_ws/install/py_pubsub/lib/py_pubsub
[5.515s] Installing infra1 script to /home/yan/camps_ws/install/py_pubsub/lib/py_pubsub
[5.516s] Installing infra2 script to /home/yan/camps_ws/install/py_pubsub/lib/py_pubsub
[5.517s] Installing listener script to /home/yan/camps_ws/install/py_pubsub/lib/py_pubsub
[5.518s] Installing onesensor script to /home/yan/camps_ws/install/py_pubsub/lib/py_pubsub
[5.524s] Installing point script to /home/yan/camps_ws/install/py_pubsub/lib/py_pubsub
[5.525s] Installing talker script to /home/yan/camps_ws/install/py_pubsub/lib/py_pubsub
[5.526s] Installing timed script to /home/yan/camps_ws/install/py_pubsub/lib/py_pubsub
[5.527s] Installing twice script to /home/yan/camps_ws/install/py_pubsub/lib/py_pubsub
[5.536s] writing list of installed files to '/home/yan/camps_ws/build/py_pubsub/install.log'
[5.687s] Invoked command in '/home/yan/camps_ws/src/py_pubsub' returned '0': PYTHONPATH=/home/yan/camps_ws/install/py_pubsub/lib/python3.6/site-packages:${PYTHONPATH} /usr/bin/python3 setup.py egg_info --egg-base ../../build/py_pubsub build --build-base /home/yan/camps_ws/build/py_pubsub/build install --prefix /home/yan/camps_ws/install/py_pubsub --record /home/yan/camps_ws/build/py_pubsub/install.log --single-version-externally-managed
