/home/yan/camps_ws/install/py_pubsub/lib/python3.6/site-packages/py_pubsub/subscriber_mutually.py
/home/yan/camps_ws/install/py_pubsub/lib/python3.6/site-packages/py_pubsub/subscriber_member_function_timed.py
/home/yan/camps_ws/install/py_pubsub/lib/python3.6/site-packages/py_pubsub/csvtojpeg.py
/home/yan/camps_ws/install/py_pubsub/lib/python3.6/site-packages/py_pubsub/publisher.py
/home/yan/camps_ws/install/py_pubsub/lib/python3.6/site-packages/py_pubsub/__init__.py
/home/yan/camps_ws/install/py_pubsub/lib/python3.6/site-packages/py_pubsub/subscriber_reentrant.py
/home/yan/camps_ws/install/py_pubsub/lib/python3.6/site-packages/py_pubsub/subscriber_member_function_timed1.py
/home/yan/camps_ws/install/py_pubsub/lib/python3.6/site-packages/py_pubsub/singlecommand.py
/home/yan/camps_ws/install/py_pubsub/lib/python3.6/site-packages/py_pubsub/__pycache__/subscriber_mutually.cpython-36.pyc
/home/yan/camps_ws/install/py_pubsub/lib/python3.6/site-packages/py_pubsub/__pycache__/subscriber_member_function_timed.cpython-36.pyc
/home/yan/camps_ws/install/py_pubsub/lib/python3.6/site-packages/py_pubsub/__pycache__/csvtojpeg.cpython-36.pyc
/home/yan/camps_ws/install/py_pubsub/lib/python3.6/site-packages/py_pubsub/__pycache__/publisher.cpython-36.pyc
/home/yan/camps_ws/install/py_pubsub/lib/python3.6/site-packages/py_pubsub/__pycache__/__init__.cpython-36.pyc
/home/yan/camps_ws/install/py_pubsub/lib/python3.6/site-packages/py_pubsub/__pycache__/subscriber_reentrant.cpython-36.pyc
/home/yan/camps_ws/install/py_pubsub/lib/python3.6/site-packages/py_pubsub/__pycache__/subscriber_member_function_timed1.cpython-36.pyc
/home/yan/camps_ws/install/py_pubsub/lib/python3.6/site-packages/py_pubsub/__pycache__/singlecommand.cpython-36.pyc
/home/yan/camps_ws/install/py_pubsub/share/ament_index/resource_index/packages/py_pubsub
/home/yan/camps_ws/install/py_pubsub/share/py_pubsub/package.xml
/home/yan/camps_ws/install/py_pubsub/lib/python3.6/site-packages/py_pubsub-0.0.0-py3.6.egg-info/PKG-INFO
/home/yan/camps_ws/install/py_pubsub/lib/python3.6/site-packages/py_pubsub-0.0.0-py3.6.egg-info/requires.txt
/home/yan/camps_ws/install/py_pubsub/lib/python3.6/site-packages/py_pubsub-0.0.0-py3.6.egg-info/dependency_links.txt
/home/yan/camps_ws/install/py_pubsub/lib/python3.6/site-packages/py_pubsub-0.0.0-py3.6.egg-info/top_level.txt
/home/yan/camps_ws/install/py_pubsub/lib/python3.6/site-packages/py_pubsub-0.0.0-py3.6.egg-info/zip-safe
/home/yan/camps_ws/install/py_pubsub/lib/python3.6/site-packages/py_pubsub-0.0.0-py3.6.egg-info/SOURCES.txt
/home/yan/camps_ws/install/py_pubsub/lib/python3.6/site-packages/py_pubsub-0.0.0-py3.6.egg-info/entry_points.txt
/home/yan/camps_ws/install/py_pubsub/lib/py_pubsub/color
/home/yan/camps_ws/install/py_pubsub/lib/py_pubsub/csvtojpeg
/home/yan/camps_ws/install/py_pubsub/lib/py_pubsub/depth
/home/yan/camps_ws/install/py_pubsub/lib/py_pubsub/infra1
/home/yan/camps_ws/install/py_pubsub/lib/py_pubsub/infra2
/home/yan/camps_ws/install/py_pubsub/lib/py_pubsub/listener
/home/yan/camps_ws/install/py_pubsub/lib/py_pubsub/onesensor
/home/yan/camps_ws/install/py_pubsub/lib/py_pubsub/point
/home/yan/camps_ws/install/py_pubsub/lib/py_pubsub/subscriber_mutually
/home/yan/camps_ws/install/py_pubsub/lib/py_pubsub/subscriber_reentrant
/home/yan/camps_ws/install/py_pubsub/lib/py_pubsub/talker
/home/yan/camps_ws/install/py_pubsub/lib/py_pubsub/timed
/home/yan/camps_ws/install/py_pubsub/lib/py_pubsub/timed1
/home/yan/camps_ws/install/py_pubsub/lib/py_pubsub/twice
