[1.806s] Invoking command in '/home/yan/camps_ws/src/py_pubsub': PYTHONPATH=/home/yan/camps_ws/install/py_pubsub/lib/python3.6/site-packages:${PYTHONPATH} /usr/bin/python3 setup.py egg_info --egg-base ../../build/py_pubsub build --build-base /home/yan/camps_ws/build/py_pubsub/build install --prefix /home/yan/camps_ws/install/py_pubsub --record /home/yan/camps_ws/build/py_pubsub/install.log --single-version-externally-managed
[3.415s] running egg_info
[3.420s] writing ../../build/py_pubsub/py_pubsub.egg-info/PKG-INFO
[3.421s] writing dependency_links to ../../build/py_pubsub/py_pubsub.egg-info/dependency_links.txt
[3.422s] writing entry points to ../../build/py_pubsub/py_pubsub.egg-info/entry_points.txt
[3.423s] writing requirements to ../../build/py_pubsub/py_pubsub.egg-info/requires.txt
[3.423s] writing top-level names to ../../build/py_pubsub/py_pubsub.egg-info/top_level.txt
[3.652s] reading manifest file '../../build/py_pubsub/py_pubsub.egg-info/SOURCES.txt'
[3.659s] writing manifest file '../../build/py_pubsub/py_pubsub.egg-info/SOURCES.txt'
[3.659s] running build
[3.660s] running build_py
[3.661s] copying py_pubsub/subscriber_member_function_timed.py -> /home/yan/camps_ws/build/py_pubsub/build/lib/py_pubsub
[3.672s] running install
[3.672s] running install_lib
[3.675s] copying /home/yan/camps_ws/build/py_pubsub/build/lib/py_pubsub/subscriber_member_function_timed.py -> /home/yan/camps_ws/install/py_pubsub/lib/python3.6/site-packages/py_pubsub
[3.680s] byte-compiling /home/yan/camps_ws/install/py_pubsub/lib/python3.6/site-packages/py_pubsub/subscriber_member_function_timed.py to subscriber_member_function_timed.cpython-36.pyc
[3.685s] running install_data
[3.688s] running install_egg_info
[3.697s] removing '/home/yan/camps_ws/install/py_pubsub/lib/python3.6/site-packages/py_pubsub-0.0.0-py3.6.egg-info' (and everything under it)
[3.704s] Copying ../../build/py_pubsub/py_pubsub.egg-info to /home/yan/camps_ws/install/py_pubsub/lib/python3.6/site-packages/py_pubsub-0.0.0-py3.6.egg-info
[3.713s] running install_scripts
[3.812s] Installing color script to /home/yan/camps_ws/install/py_pubsub/lib/py_pubsub
[3.814s] Installing depth script to /home/yan/camps_ws/install/py_pubsub/lib/py_pubsub
[3.826s] Installing infra1 script to /home/yan/camps_ws/install/py_pubsub/lib/py_pubsub
[3.831s] Installing infra2 script to /home/yan/camps_ws/install/py_pubsub/lib/py_pubsub
[3.832s] Installing listener script to /home/yan/camps_ws/install/py_pubsub/lib/py_pubsub
[3.833s] Installing onesensor script to /home/yan/camps_ws/install/py_pubsub/lib/py_pubsub
[3.836s] Installing point script to /home/yan/camps_ws/install/py_pubsub/lib/py_pubsub
[3.837s] Installing talker script to /home/yan/camps_ws/install/py_pubsub/lib/py_pubsub
[3.838s] Installing timed script to /home/yan/camps_ws/install/py_pubsub/lib/py_pubsub
[3.840s] Installing twice script to /home/yan/camps_ws/install/py_pubsub/lib/py_pubsub
[3.844s] writing list of installed files to '/home/yan/camps_ws/build/py_pubsub/install.log'
[3.959s] Invoked command in '/home/yan/camps_ws/src/py_pubsub' returned '0': PYTHONPATH=/home/yan/camps_ws/install/py_pubsub/lib/python3.6/site-packages:${PYTHONPATH} /usr/bin/python3 setup.py egg_info --egg-base ../../build/py_pubsub build --build-base /home/yan/camps_ws/build/py_pubsub/build install --prefix /home/yan/camps_ws/install/py_pubsub --record /home/yan/camps_ws/build/py_pubsub/install.log --single-version-externally-managed
