[1.500s] DEBUG:colcon:Command line arguments: ['/usr/bin/colcon', 'build']
[1.501s] DEBUG:colcon:Parsed command line arguments: Namespace(ament_cmake_args=None, base_paths=['.'], build_base='build', catkin_cmake_args=None, catkin_skip_building_tests=False, cmake_args=None, cmake_clean_cache=False, cmake_clean_first=False, cmake_force_configure=False, cmake_target=None, cmake_target_skip_unavailable=False, continue_on_error=False, event_handlers=None, executor='parallel', ignore_user_meta=False, install_base='install', log_base=None, log_level=None, main=<bound method BuildVerb.main of <colcon_core.verb.build.BuildVerb object at 0x7f76ed3390>>, merge_install=False, metas=['./colcon.meta'], packages_above=None, packages_above_and_dependencies=None, packages_above_depth=None, packages_end=None, packages_ignore=None, packages_ignore_regex=None, packages_select=None, packages_select_build_failed=False, packages_select_by_dep=None, packages_select_regex=None, packages_select_test_failures=False, packages_skip=None, packages_skip_build_finished=False, packages_skip_by_dep=None, packages_skip_regex=None, packages_skip_test_passed=False, packages_skip_up_to=None, packages_start=None, packages_up_to=None, packages_up_to_regex=None, parallel_workers=4, paths=None, symlink_install=False, test_result_base=None, verb_extension=<colcon_core.verb.build.BuildVerb object at 0x7f76ed3390>, verb_name='build', verb_parser=<colcon_defaults.argument_parser.defaults.DefaultArgumentsDecorator object at 0x7f76ed36d8>)
[1.567s] Level 1:colcon.colcon_core.package_discovery:discover_packages(colcon_meta) check parameters
[1.568s] Level 1:colcon.colcon_core.package_discovery:discover_packages(recursive) check parameters
[1.568s] Level 1:colcon.colcon_core.package_discovery:discover_packages(ignore) check parameters
[1.568s] Level 1:colcon.colcon_core.package_discovery:discover_packages(path) check parameters
[1.569s] Level 1:colcon.colcon_core.package_discovery:discover_packages(colcon_meta) discover
[1.570s] Level 1:colcon.colcon_core.package_discovery:discover_packages(recursive) discover
[1.571s] INFO:colcon.colcon_core.package_discovery:Crawling recursively for packages in '/home/yan/camps_ws'
[1.571s] Level 1:colcon.colcon_core.package_identification:_identify(.) by extensions ['ignore', 'ignore_ament_install']
[1.572s] Level 1:colcon.colcon_core.package_identification:_identify(.) by extension 'ignore'
[1.573s] Level 1:colcon.colcon_core.package_identification:_identify(.) by extension 'ignore_ament_install'
[1.573s] Level 1:colcon.colcon_core.package_identification:_identify(.) by extensions ['colcon_pkg']
[1.574s] Level 1:colcon.colcon_core.package_identification:_identify(.) by extension 'colcon_pkg'
[1.574s] Level 1:colcon.colcon_core.package_identification:_identify(.) by extensions ['colcon_meta']
[1.574s] Level 1:colcon.colcon_core.package_identification:_identify(.) by extension 'colcon_meta'
[1.575s] Level 1:colcon.colcon_core.package_identification:_identify(.) by extensions ['ros']
[1.575s] Level 1:colcon.colcon_core.package_identification:_identify(.) by extension 'ros'
[1.666s] Level 1:colcon.colcon_core.package_identification:_identify(.) by extensions ['cmake', 'python']
[1.667s] Level 1:colcon.colcon_core.package_identification:_identify(.) by extension 'cmake'
[1.667s] Level 1:colcon.colcon_core.package_identification:_identify(.) by extension 'python'
[1.667s] Level 1:colcon.colcon_core.package_identification:_identify(.) by extensions ['python_setup_py']
[1.667s] Level 1:colcon.colcon_core.package_identification:_identify(.) by extension 'python_setup_py'
[1.668s] Level 1:colcon.colcon_core.package_identification:_identify(build) by extensions ['ignore', 'ignore_ament_install']
[1.669s] Level 1:colcon.colcon_core.package_identification:_identify(build) by extension 'ignore'
[1.669s] Level 1:colcon.colcon_core.package_identification:_identify(build) ignored
[1.671s] Level 1:colcon.colcon_core.package_identification:_identify(example_imgs) by extensions ['ignore', 'ignore_ament_install']
[1.672s] Level 1:colcon.colcon_core.package_identification:_identify(example_imgs) by extension 'ignore'
[1.672s] Level 1:colcon.colcon_core.package_identification:_identify(example_imgs) by extension 'ignore_ament_install'
[1.673s] Level 1:colcon.colcon_core.package_identification:_identify(example_imgs) by extensions ['colcon_pkg']
[1.673s] Level 1:colcon.colcon_core.package_identification:_identify(example_imgs) by extension 'colcon_pkg'
[1.673s] Level 1:colcon.colcon_core.package_identification:_identify(example_imgs) by extensions ['colcon_meta']
[1.674s] Level 1:colcon.colcon_core.package_identification:_identify(example_imgs) by extension 'colcon_meta'
[1.674s] Level 1:colcon.colcon_core.package_identification:_identify(example_imgs) by extensions ['ros']
[1.674s] Level 1:colcon.colcon_core.package_identification:_identify(example_imgs) by extension 'ros'
[1.675s] Level 1:colcon.colcon_core.package_identification:_identify(example_imgs) by extensions ['cmake', 'python']
[1.675s] Level 1:colcon.colcon_core.package_identification:_identify(example_imgs) by extension 'cmake'
[1.676s] Level 1:colcon.colcon_core.package_identification:_identify(example_imgs) by extension 'python'
[1.676s] Level 1:colcon.colcon_core.package_identification:_identify(example_imgs) by extensions ['python_setup_py']
[1.676s] Level 1:colcon.colcon_core.package_identification:_identify(example_imgs) by extension 'python_setup_py'
[1.677s] Level 1:colcon.colcon_core.package_identification:_identify(install) by extensions ['ignore', 'ignore_ament_install']
[1.678s] Level 1:colcon.colcon_core.package_identification:_identify(install) by extension 'ignore'
[1.678s] Level 1:colcon.colcon_core.package_identification:_identify(install) ignored
[1.679s] Level 1:colcon.colcon_core.package_identification:_identify(log) by extensions ['ignore', 'ignore_ament_install']
[1.680s] Level 1:colcon.colcon_core.package_identification:_identify(log) by extension 'ignore'
[1.680s] Level 1:colcon.colcon_core.package_identification:_identify(log) ignored
[1.681s] Level 1:colcon.colcon_core.package_identification:_identify(src) by extensions ['ignore', 'ignore_ament_install']
[1.681s] Level 1:colcon.colcon_core.package_identification:_identify(src) by extension 'ignore'
[1.682s] Level 1:colcon.colcon_core.package_identification:_identify(src) by extension 'ignore_ament_install'
[1.682s] Level 1:colcon.colcon_core.package_identification:_identify(src) by extensions ['colcon_pkg']
[1.683s] Level 1:colcon.colcon_core.package_identification:_identify(src) by extension 'colcon_pkg'
[1.683s] Level 1:colcon.colcon_core.package_identification:_identify(src) by extensions ['colcon_meta']
[1.683s] Level 1:colcon.colcon_core.package_identification:_identify(src) by extension 'colcon_meta'
[1.684s] Level 1:colcon.colcon_core.package_identification:_identify(src) by extensions ['ros']
[1.684s] Level 1:colcon.colcon_core.package_identification:_identify(src) by extension 'ros'
[1.685s] Level 1:colcon.colcon_core.package_identification:_identify(src) by extensions ['cmake', 'python']
[1.685s] Level 1:colcon.colcon_core.package_identification:_identify(src) by extension 'cmake'
[1.686s] Level 1:colcon.colcon_core.package_identification:_identify(src) by extension 'python'
[1.687s] Level 1:colcon.colcon_core.package_identification:_identify(src) by extensions ['python_setup_py']
[1.687s] Level 1:colcon.colcon_core.package_identification:_identify(src) by extension 'python_setup_py'
[1.688s] Level 1:colcon.colcon_core.package_identification:_identify(src/py_pubsub) by extensions ['ignore', 'ignore_ament_install']
[1.689s] Level 1:colcon.colcon_core.package_identification:_identify(src/py_pubsub) by extension 'ignore'
[1.689s] Level 1:colcon.colcon_core.package_identification:_identify(src/py_pubsub) by extension 'ignore_ament_install'
[1.690s] Level 1:colcon.colcon_core.package_identification:_identify(src/py_pubsub) by extensions ['colcon_pkg']
[1.690s] Level 1:colcon.colcon_core.package_identification:_identify(src/py_pubsub) by extension 'colcon_pkg'
[1.690s] Level 1:colcon.colcon_core.package_identification:_identify(src/py_pubsub) by extensions ['colcon_meta']
[1.690s] Level 1:colcon.colcon_core.package_identification:_identify(src/py_pubsub) by extension 'colcon_meta'
[1.691s] Level 1:colcon.colcon_core.package_identification:_identify(src/py_pubsub) by extensions ['ros']
[1.691s] Level 1:colcon.colcon_core.package_identification:_identify(src/py_pubsub) by extension 'ros'
[1.734s] DEBUG:colcon.colcon_core.package_identification:Package 'src/py_pubsub' with type 'ros.ament_python' and name 'py_pubsub'
[1.735s] Level 1:colcon.colcon_core.package_identification:_identify(src/ros2_intel_realsense) by extensions ['ignore', 'ignore_ament_install']
[1.736s] Level 1:colcon.colcon_core.package_identification:_identify(src/ros2_intel_realsense) by extension 'ignore'
[1.736s] Level 1:colcon.colcon_core.package_identification:_identify(src/ros2_intel_realsense) by extension 'ignore_ament_install'
[1.737s] Level 1:colcon.colcon_core.package_identification:_identify(src/ros2_intel_realsense) by extensions ['colcon_pkg']
[1.737s] Level 1:colcon.colcon_core.package_identification:_identify(src/ros2_intel_realsense) by extension 'colcon_pkg'
[1.737s] Level 1:colcon.colcon_core.package_identification:_identify(src/ros2_intel_realsense) by extensions ['colcon_meta']
[1.737s] Level 1:colcon.colcon_core.package_identification:_identify(src/ros2_intel_realsense) by extension 'colcon_meta'
[1.738s] Level 1:colcon.colcon_core.package_identification:_identify(src/ros2_intel_realsense) by extensions ['ros']
[1.738s] Level 1:colcon.colcon_core.package_identification:_identify(src/ros2_intel_realsense) by extension 'ros'
[1.738s] Level 1:colcon.colcon_core.package_identification:_identify(src/ros2_intel_realsense) by extensions ['cmake', 'python']
[1.739s] Level 1:colcon.colcon_core.package_identification:_identify(src/ros2_intel_realsense) by extension 'cmake'
[1.739s] Level 1:colcon.colcon_core.package_identification:_identify(src/ros2_intel_realsense) by extension 'python'
[1.740s] Level 1:colcon.colcon_core.package_identification:_identify(src/ros2_intel_realsense) by extensions ['python_setup_py']
[1.740s] Level 1:colcon.colcon_core.package_identification:_identify(src/ros2_intel_realsense) by extension 'python_setup_py'
[1.741s] Level 1:colcon.colcon_core.package_identification:_identify(src/ros2_intel_realsense/realsense_camera_msgs) by extensions ['ignore', 'ignore_ament_install']
[1.741s] Level 1:colcon.colcon_core.package_identification:_identify(src/ros2_intel_realsense/realsense_camera_msgs) by extension 'ignore'
[1.741s] Level 1:colcon.colcon_core.package_identification:_identify(src/ros2_intel_realsense/realsense_camera_msgs) by extension 'ignore_ament_install'
[1.742s] Level 1:colcon.colcon_core.package_identification:_identify(src/ros2_intel_realsense/realsense_camera_msgs) by extensions ['colcon_pkg']
[1.742s] Level 1:colcon.colcon_core.package_identification:_identify(src/ros2_intel_realsense/realsense_camera_msgs) by extension 'colcon_pkg'
[1.742s] Level 1:colcon.colcon_core.package_identification:_identify(src/ros2_intel_realsense/realsense_camera_msgs) by extensions ['colcon_meta']
[1.743s] Level 1:colcon.colcon_core.package_identification:_identify(src/ros2_intel_realsense/realsense_camera_msgs) by extension 'colcon_meta'
[1.743s] Level 1:colcon.colcon_core.package_identification:_identify(src/ros2_intel_realsense/realsense_camera_msgs) by extensions ['ros']
[1.743s] Level 1:colcon.colcon_core.package_identification:_identify(src/ros2_intel_realsense/realsense_camera_msgs) by extension 'ros'
[1.751s] DEBUG:colcon.colcon_core.package_identification:Package 'src/ros2_intel_realsense/realsense_camera_msgs' with type 'ros.ament_cmake' and name 'realsense_camera_msgs'
[1.752s] Level 1:colcon.colcon_core.package_identification:_identify(src/ros2_intel_realsense/realsense_ros2_camera) by extensions ['ignore', 'ignore_ament_install']
[1.752s] Level 1:colcon.colcon_core.package_identification:_identify(src/ros2_intel_realsense/realsense_ros2_camera) by extension 'ignore'
[1.753s] Level 1:colcon.colcon_core.package_identification:_identify(src/ros2_intel_realsense/realsense_ros2_camera) by extension 'ignore_ament_install'
[1.753s] Level 1:colcon.colcon_core.package_identification:_identify(src/ros2_intel_realsense/realsense_ros2_camera) by extensions ['colcon_pkg']
[1.753s] Level 1:colcon.colcon_core.package_identification:_identify(src/ros2_intel_realsense/realsense_ros2_camera) by extension 'colcon_pkg'
[1.754s] Level 1:colcon.colcon_core.package_identification:_identify(src/ros2_intel_realsense/realsense_ros2_camera) by extensions ['colcon_meta']
[1.754s] Level 1:colcon.colcon_core.package_identification:_identify(src/ros2_intel_realsense/realsense_ros2_camera) by extension 'colcon_meta'
[1.755s] Level 1:colcon.colcon_core.package_identification:_identify(src/ros2_intel_realsense/realsense_ros2_camera) by extensions ['ros']
[1.755s] Level 1:colcon.colcon_core.package_identification:_identify(src/ros2_intel_realsense/realsense_ros2_camera) by extension 'ros'
[1.779s] DEBUG:colcon.colcon_core.package_identification:Package 'src/ros2_intel_realsense/realsense_ros2_camera' with type 'ros.ament_cmake' and name 'realsense_ros2_camera'
[1.780s] Level 1:colcon.colcon_core.package_discovery:discover_packages(recursive) using defaults
[1.781s] Level 1:colcon.colcon_core.package_discovery:discover_packages(ignore) discover
[1.781s] Level 1:colcon.colcon_core.package_discovery:discover_packages(ignore) using defaults
[1.781s] Level 1:colcon.colcon_core.package_discovery:discover_packages(path) discover
[1.782s] Level 1:colcon.colcon_core.package_discovery:discover_packages(path) using defaults
[2.078s] Level 5:colcon.colcon_core.verb:set package 'py_pubsub' build argument 'cmake_args' from command line to 'None'
[2.078s] Level 5:colcon.colcon_core.verb:set package 'py_pubsub' build argument 'cmake_target' from command line to 'None'
[2.078s] Level 5:colcon.colcon_core.verb:set package 'py_pubsub' build argument 'cmake_target_skip_unavailable' from command line to 'False'
[2.079s] Level 5:colcon.colcon_core.verb:set package 'py_pubsub' build argument 'cmake_clean_cache' from command line to 'False'
[2.079s] Level 5:colcon.colcon_core.verb:set package 'py_pubsub' build argument 'cmake_clean_first' from command line to 'False'
[2.080s] Level 5:colcon.colcon_core.verb:set package 'py_pubsub' build argument 'cmake_force_configure' from command line to 'False'
[2.080s] Level 5:colcon.colcon_core.verb:set package 'py_pubsub' build argument 'ament_cmake_args' from command line to 'None'
[2.080s] Level 5:colcon.colcon_core.verb:set package 'py_pubsub' build argument 'catkin_cmake_args' from command line to 'None'
[2.080s] Level 5:colcon.colcon_core.verb:set package 'py_pubsub' build argument 'catkin_skip_building_tests' from command line to 'False'
[2.081s] DEBUG:colcon.colcon_core.verb:Building package 'py_pubsub' with the following arguments: {'ament_cmake_args': None, 'build_base': '/home/yan/camps_ws/build/py_pubsub', 'catkin_cmake_args': None, 'catkin_skip_building_tests': False, 'cmake_args': None, 'cmake_clean_cache': False, 'cmake_clean_first': False, 'cmake_force_configure': False, 'cmake_target': None, 'cmake_target_skip_unavailable': False, 'install_base': '/home/yan/camps_ws/install/py_pubsub', 'merge_install': False, 'path': '/home/yan/camps_ws/src/py_pubsub', 'symlink_install': False, 'test_result_base': None}
[2.115s] Level 5:colcon.colcon_core.verb:set package 'realsense_camera_msgs' build argument 'cmake_args' from command line to 'None'
[2.115s] Level 5:colcon.colcon_core.verb:set package 'realsense_camera_msgs' build argument 'cmake_target' from command line to 'None'
[2.115s] Level 5:colcon.colcon_core.verb:set package 'realsense_camera_msgs' build argument 'cmake_target_skip_unavailable' from command line to 'False'
[2.115s] Level 5:colcon.colcon_core.verb:set package 'realsense_camera_msgs' build argument 'cmake_clean_cache' from command line to 'False'
[2.116s] Level 5:colcon.colcon_core.verb:set package 'realsense_camera_msgs' build argument 'cmake_clean_first' from command line to 'False'
[2.116s] Level 5:colcon.colcon_core.verb:set package 'realsense_camera_msgs' build argument 'cmake_force_configure' from command line to 'False'
[2.116s] Level 5:colcon.colcon_core.verb:set package 'realsense_camera_msgs' build argument 'ament_cmake_args' from command line to 'None'
[2.116s] Level 5:colcon.colcon_core.verb:set package 'realsense_camera_msgs' build argument 'catkin_cmake_args' from command line to 'None'
[2.117s] Level 5:colcon.colcon_core.verb:set package 'realsense_camera_msgs' build argument 'catkin_skip_building_tests' from command line to 'False'
[2.117s] DEBUG:colcon.colcon_core.verb:Building package 'realsense_camera_msgs' with the following arguments: {'ament_cmake_args': None, 'build_base': '/home/yan/camps_ws/build/realsense_camera_msgs', 'catkin_cmake_args': None, 'catkin_skip_building_tests': False, 'cmake_args': None, 'cmake_clean_cache': False, 'cmake_clean_first': False, 'cmake_force_configure': False, 'cmake_target': None, 'cmake_target_skip_unavailable': False, 'install_base': '/home/yan/camps_ws/install/realsense_camera_msgs', 'merge_install': False, 'path': '/home/yan/camps_ws/src/ros2_intel_realsense/realsense_camera_msgs', 'symlink_install': False, 'test_result_base': None}
[2.150s] Level 5:colcon.colcon_core.verb:set package 'realsense_ros2_camera' build argument 'cmake_args' from command line to 'None'
[2.150s] Level 5:colcon.colcon_core.verb:set package 'realsense_ros2_camera' build argument 'cmake_target' from command line to 'None'
[2.151s] Level 5:colcon.colcon_core.verb:set package 'realsense_ros2_camera' build argument 'cmake_target_skip_unavailable' from command line to 'False'
[2.151s] Level 5:colcon.colcon_core.verb:set package 'realsense_ros2_camera' build argument 'cmake_clean_cache' from command line to 'False'
[2.151s] Level 5:colcon.colcon_core.verb:set package 'realsense_ros2_camera' build argument 'cmake_clean_first' from command line to 'False'
[2.152s] Level 5:colcon.colcon_core.verb:set package 'realsense_ros2_camera' build argument 'cmake_force_configure' from command line to 'False'
[2.152s] Level 5:colcon.colcon_core.verb:set package 'realsense_ros2_camera' build argument 'ament_cmake_args' from command line to 'None'
[2.152s] Level 5:colcon.colcon_core.verb:set package 'realsense_ros2_camera' build argument 'catkin_cmake_args' from command line to 'None'
[2.153s] Level 5:colcon.colcon_core.verb:set package 'realsense_ros2_camera' build argument 'catkin_skip_building_tests' from command line to 'False'
[2.153s] DEBUG:colcon.colcon_core.verb:Building package 'realsense_ros2_camera' with the following arguments: {'ament_cmake_args': None, 'build_base': '/home/yan/camps_ws/build/realsense_ros2_camera', 'catkin_cmake_args': None, 'catkin_skip_building_tests': False, 'cmake_args': None, 'cmake_clean_cache': False, 'cmake_clean_first': False, 'cmake_force_configure': False, 'cmake_target': None, 'cmake_target_skip_unavailable': False, 'install_base': '/home/yan/camps_ws/install/realsense_ros2_camera', 'merge_install': False, 'path': '/home/yan/camps_ws/src/ros2_intel_realsense/realsense_ros2_camera', 'symlink_install': False, 'test_result_base': None}
[2.156s] INFO:colcon.colcon_core.executor:Executing jobs using 'parallel' executor
[2.173s] DEBUG:colcon.colcon_parallel_executor.executor.parallel:run_until_complete
[2.175s] INFO:colcon.colcon_ros.task.ament_cmake.build:Building ROS package in '/home/yan/camps_ws/src/ros2_intel_realsense/realsense_camera_msgs' with build type 'ament_cmake'
[2.181s] INFO:colcon.colcon_cmake.task.cmake.build:Building CMake package in '/home/yan/camps_ws/src/ros2_intel_realsense/realsense_camera_msgs'
[2.226s] INFO:colcon.colcon_core.plugin_system:Skipping extension 'colcon_core.shell.bat': Not used on non-Windows systems
[2.228s] INFO:colcon.colcon_core.shell:Skip shell extension 'powershell' for command environment: Not usable outside of PowerShell
[2.228s] DEBUG:colcon.colcon_core.shell:Skip shell extension 'dsv' for command environment
[2.310s] DEBUG:colcon.colcon_core.shell:Ignoring prefix path '/opt/ros/dashing'
[2.325s] INFO:colcon.colcon_ros.task.ament_python.build:Building ROS package in '/home/yan/camps_ws/src/py_pubsub' with build type 'ament_python'
[2.327s] Level 1:colcon.colcon_core.shell:create_environment_hook('py_pubsub', 'ament_prefix_path')
[2.333s] INFO:colcon.colcon_core.shell:Creating environment hook '/home/yan/camps_ws/install/py_pubsub/share/py_pubsub/hook/ament_prefix_path.ps1'
[2.341s] INFO:colcon.colcon_core.shell:Creating environment descriptor '/home/yan/camps_ws/install/py_pubsub/share/py_pubsub/hook/ament_prefix_path.dsv'
[2.344s] INFO:colcon.colcon_core.shell:Creating environment hook '/home/yan/camps_ws/install/py_pubsub/share/py_pubsub/hook/ament_prefix_path.sh'
[2.353s] INFO:colcon.colcon_core.shell:Skip shell extension 'powershell' for command environment: Not usable outside of PowerShell
[2.354s] DEBUG:colcon.colcon_core.shell:Skip shell extension 'dsv' for command environment
[2.374s] DEBUG:colcon.colcon_core.shell:Ignoring prefix path '/opt/ros/dashing'
[2.417s] DEBUG:colcon.colcon_core.event_handler.log_command:Invoking command in '/home/yan/camps_ws/build/realsense_camera_msgs': CMAKE_PREFIX_PATH=${CMAKE_PREFIX_PATH}:/home/yan/camps_ws/install/py_pubsub:/opt/ros/dashing /usr/bin/cmake --build /home/yan/camps_ws/build/realsense_camera_msgs -- -j4 -l4
[4.330s] INFO:colcon.colcon_core.task.python.build:Building Python package in '/home/yan/camps_ws/src/py_pubsub'
[4.335s] INFO:colcon.colcon_core.shell:Skip shell extension 'powershell' for command environment: Not usable outside of PowerShell
[4.336s] DEBUG:colcon.colcon_core.shell:Skip shell extension 'dsv' for command environment
[4.350s] DEBUG:colcon.colcon_core.shell:Ignoring prefix path '/opt/ros/dashing'
[4.369s] DEBUG:colcon.colcon_core.event_handler.log_command:Invoked command in '/home/yan/camps_ws/build/realsense_camera_msgs' returned '0': CMAKE_PREFIX_PATH=${CMAKE_PREFIX_PATH}:/home/yan/camps_ws/install/py_pubsub:/opt/ros/dashing /usr/bin/cmake --build /home/yan/camps_ws/build/realsense_camera_msgs -- -j4 -l4
[4.398s] DEBUG:colcon.colcon_core.event_handler.log_command:Invoking command in '/home/yan/camps_ws/src/py_pubsub': PYTHONPATH=/home/yan/camps_ws/install/py_pubsub/lib/python3.6/site-packages:${PYTHONPATH} /usr/bin/python3 setup.py egg_info --egg-base ../../build/py_pubsub build --build-base /home/yan/camps_ws/build/py_pubsub/build install --prefix /home/yan/camps_ws/install/py_pubsub --record /home/yan/camps_ws/build/py_pubsub/install.log --single-version-externally-managed
[4.806s] DEBUG:colcon.colcon_core.event_handler.log_command:Invoking command in '/home/yan/camps_ws/build/realsense_camera_msgs': CMAKE_PREFIX_PATH=${CMAKE_PREFIX_PATH}:/home/yan/camps_ws/install/py_pubsub:/opt/ros/dashing /usr/bin/cmake --build /home/yan/camps_ws/build/realsense_camera_msgs --target install -- -j4 -l4
[7.760s] DEBUG:colcon.colcon_core.event_handler.log_command:Invoked command in '/home/yan/camps_ws/src/py_pubsub' returned '0': PYTHONPATH=/home/yan/camps_ws/install/py_pubsub/lib/python3.6/site-packages:${PYTHONPATH} /usr/bin/python3 setup.py egg_info --egg-base ../../build/py_pubsub build --build-base /home/yan/camps_ws/build/py_pubsub/build install --prefix /home/yan/camps_ws/install/py_pubsub --record /home/yan/camps_ws/build/py_pubsub/install.log --single-version-externally-managed
[7.834s] Level 1:colcon.colcon_core.environment:checking '/home/yan/camps_ws/install/py_pubsub' for CMake module files
[7.838s] Level 1:colcon.colcon_core.environment:checking '/home/yan/camps_ws/install/py_pubsub' for CMake config files
[7.860s] Level 1:colcon.colcon_core.environment:checking '/home/yan/camps_ws/install/py_pubsub/lib'
[7.861s] Level 1:colcon.colcon_core.environment:checking '/home/yan/camps_ws/install/py_pubsub/bin'
[7.863s] Level 1:colcon.colcon_core.environment:checking '/home/yan/camps_ws/install/py_pubsub/lib/pkgconfig/py_pubsub.pc'
[7.865s] Level 1:colcon.colcon_core.environment:checking '/home/yan/camps_ws/install/py_pubsub/lib/python3.6/site-packages'
[7.865s] Level 1:colcon.colcon_core.shell:create_environment_hook('py_pubsub', 'pythonpath')
[7.870s] INFO:colcon.colcon_core.shell:Creating environment hook '/home/yan/camps_ws/install/py_pubsub/share/py_pubsub/hook/pythonpath.ps1'
[7.895s] INFO:colcon.colcon_core.shell:Creating environment descriptor '/home/yan/camps_ws/install/py_pubsub/share/py_pubsub/hook/pythonpath.dsv'
[7.899s] INFO:colcon.colcon_core.shell:Creating environment hook '/home/yan/camps_ws/install/py_pubsub/share/py_pubsub/hook/pythonpath.sh'
[7.901s] Level 1:colcon.colcon_core.environment:create_environment_scripts_only(py_pubsub)
[7.907s] INFO:colcon.colcon_core.shell:Creating package script '/home/yan/camps_ws/install/py_pubsub/share/py_pubsub/package.ps1'
[7.919s] INFO:colcon.colcon_core.shell:Creating package descriptor '/home/yan/camps_ws/install/py_pubsub/share/py_pubsub/package.dsv'
[7.925s] INFO:colcon.colcon_core.shell:Creating package script '/home/yan/camps_ws/install/py_pubsub/share/py_pubsub/package.sh'
[7.934s] INFO:colcon.colcon_core.shell:Creating package script '/home/yan/camps_ws/install/py_pubsub/share/py_pubsub/package.bash'
[7.941s] INFO:colcon.colcon_core.shell:Creating package script '/home/yan/camps_ws/install/py_pubsub/share/py_pubsub/package.zsh'
[7.949s] Level 1:colcon.colcon_core.environment:create_file_with_runtime_dependencies(/home/yan/camps_ws/install/py_pubsub/share/colcon-core/packages/py_pubsub)
[8.149s] Level 1:colcon.colcon_core.environment:create_environment_scripts_only(realsense_camera_msgs)
[8.159s] Level 1:colcon.colcon_core.environment:checking '/home/yan/camps_ws/install/realsense_camera_msgs' for CMake module files
[8.167s] DEBUG:colcon.colcon_core.event_handler.log_command:Invoked command in '/home/yan/camps_ws/build/realsense_camera_msgs' returned '0': CMAKE_PREFIX_PATH=${CMAKE_PREFIX_PATH}:/home/yan/camps_ws/install/py_pubsub:/opt/ros/dashing /usr/bin/cmake --build /home/yan/camps_ws/build/realsense_camera_msgs --target install -- -j4 -l4
[8.175s] Level 1:colcon.colcon_core.environment:checking '/home/yan/camps_ws/install/realsense_camera_msgs' for CMake config files
[8.184s] Level 1:colcon.colcon_core.shell:create_environment_hook('realsense_camera_msgs', 'cmake_prefix_path')
[8.194s] INFO:colcon.colcon_core.shell:Creating environment hook '/home/yan/camps_ws/install/realsense_camera_msgs/share/realsense_camera_msgs/hook/cmake_prefix_path.ps1'
[8.198s] INFO:colcon.colcon_core.shell:Creating environment descriptor '/home/yan/camps_ws/install/realsense_camera_msgs/share/realsense_camera_msgs/hook/cmake_prefix_path.dsv'
[8.203s] INFO:colcon.colcon_core.shell:Creating environment hook '/home/yan/camps_ws/install/realsense_camera_msgs/share/realsense_camera_msgs/hook/cmake_prefix_path.sh'
[8.210s] Level 1:colcon.colcon_core.environment:checking '/home/yan/camps_ws/install/realsense_camera_msgs/lib'
[8.212s] Level 1:colcon.colcon_core.shell:create_environment_hook('realsense_camera_msgs', 'ld_library_path_lib')
[8.226s] INFO:colcon.colcon_core.shell:Creating environment hook '/home/yan/camps_ws/install/realsense_camera_msgs/share/realsense_camera_msgs/hook/ld_library_path_lib.ps1'
[8.231s] INFO:colcon.colcon_core.shell:Creating environment descriptor '/home/yan/camps_ws/install/realsense_camera_msgs/share/realsense_camera_msgs/hook/ld_library_path_lib.dsv'
[8.235s] INFO:colcon.colcon_core.shell:Creating environment hook '/home/yan/camps_ws/install/realsense_camera_msgs/share/realsense_camera_msgs/hook/ld_library_path_lib.sh'
[8.248s] Level 1:colcon.colcon_core.environment:checking '/home/yan/camps_ws/install/realsense_camera_msgs/bin'
[8.249s] Level 1:colcon.colcon_core.environment:checking '/home/yan/camps_ws/install/realsense_camera_msgs/lib/pkgconfig/realsense_camera_msgs.pc'
[8.250s] Level 1:colcon.colcon_core.environment:checking '/home/yan/camps_ws/install/realsense_camera_msgs/lib/python3.6/site-packages'
[8.250s] Level 1:colcon.colcon_core.shell:create_environment_hook('realsense_camera_msgs', 'pythonpath')
[8.289s] INFO:colcon.colcon_core.shell:Creating environment hook '/home/yan/camps_ws/install/realsense_camera_msgs/share/realsense_camera_msgs/hook/pythonpath.ps1'
[8.293s] INFO:colcon.colcon_core.shell:Creating environment descriptor '/home/yan/camps_ws/install/realsense_camera_msgs/share/realsense_camera_msgs/hook/pythonpath.dsv'
[8.296s] INFO:colcon.colcon_core.shell:Creating environment hook '/home/yan/camps_ws/install/realsense_camera_msgs/share/realsense_camera_msgs/hook/pythonpath.sh'
[8.311s] INFO:colcon.colcon_core.shell:Creating package script '/home/yan/camps_ws/install/realsense_camera_msgs/share/realsense_camera_msgs/package.ps1'
[8.316s] INFO:colcon.colcon_core.shell:Creating package descriptor '/home/yan/camps_ws/install/realsense_camera_msgs/share/realsense_camera_msgs/package.dsv'
[8.320s] INFO:colcon.colcon_core.shell:Creating package script '/home/yan/camps_ws/install/realsense_camera_msgs/share/realsense_camera_msgs/package.sh'
[8.324s] INFO:colcon.colcon_core.shell:Creating package script '/home/yan/camps_ws/install/realsense_camera_msgs/share/realsense_camera_msgs/package.bash'
[8.327s] INFO:colcon.colcon_core.shell:Creating package script '/home/yan/camps_ws/install/realsense_camera_msgs/share/realsense_camera_msgs/package.zsh'
[8.338s] Level 1:colcon.colcon_core.environment:create_file_with_runtime_dependencies(/home/yan/camps_ws/install/realsense_camera_msgs/share/colcon-core/packages/realsense_camera_msgs)
[9.885s] Level 1:colcon.colcon_core.environment:create_environment_scripts_only(realsense_camera_msgs)
[9.908s] Level 1:colcon.colcon_core.environment:checking '/home/yan/camps_ws/install/realsense_camera_msgs' for CMake module files
[9.913s] Level 1:colcon.colcon_core.environment:checking '/home/yan/camps_ws/install/realsense_camera_msgs' for CMake config files
[9.915s] Level 1:colcon.colcon_core.shell:create_environment_hook('realsense_camera_msgs', 'cmake_prefix_path')
[9.923s] INFO:colcon.colcon_core.shell:Creating environment hook '/home/yan/camps_ws/install/realsense_camera_msgs/share/realsense_camera_msgs/hook/cmake_prefix_path.ps1'
[9.927s] INFO:colcon.colcon_core.shell:Creating environment descriptor '/home/yan/camps_ws/install/realsense_camera_msgs/share/realsense_camera_msgs/hook/cmake_prefix_path.dsv'
[9.930s] INFO:colcon.colcon_core.shell:Creating environment hook '/home/yan/camps_ws/install/realsense_camera_msgs/share/realsense_camera_msgs/hook/cmake_prefix_path.sh'
[9.943s] Level 1:colcon.colcon_core.environment:checking '/home/yan/camps_ws/install/realsense_camera_msgs/lib'
[9.944s] Level 1:colcon.colcon_core.shell:create_environment_hook('realsense_camera_msgs', 'ld_library_path_lib')
[9.949s] INFO:colcon.colcon_core.shell:Creating environment hook '/home/yan/camps_ws/install/realsense_camera_msgs/share/realsense_camera_msgs/hook/ld_library_path_lib.ps1'
[9.953s] INFO:colcon.colcon_core.shell:Creating environment descriptor '/home/yan/camps_ws/install/realsense_camera_msgs/share/realsense_camera_msgs/hook/ld_library_path_lib.dsv'
[9.955s] INFO:colcon.colcon_core.shell:Creating environment hook '/home/yan/camps_ws/install/realsense_camera_msgs/share/realsense_camera_msgs/hook/ld_library_path_lib.sh'
[9.958s] Level 1:colcon.colcon_core.environment:checking '/home/yan/camps_ws/install/realsense_camera_msgs/bin'
[9.959s] Level 1:colcon.colcon_core.environment:checking '/home/yan/camps_ws/install/realsense_camera_msgs/lib/pkgconfig/realsense_camera_msgs.pc'
[9.959s] Level 1:colcon.colcon_core.environment:checking '/home/yan/camps_ws/install/realsense_camera_msgs/lib/python3.6/site-packages'
[9.960s] Level 1:colcon.colcon_core.shell:create_environment_hook('realsense_camera_msgs', 'pythonpath')
[9.967s] INFO:colcon.colcon_core.shell:Creating environment hook '/home/yan/camps_ws/install/realsense_camera_msgs/share/realsense_camera_msgs/hook/pythonpath.ps1'
[9.971s] INFO:colcon.colcon_core.shell:Creating environment descriptor '/home/yan/camps_ws/install/realsense_camera_msgs/share/realsense_camera_msgs/hook/pythonpath.dsv'
[9.974s] INFO:colcon.colcon_core.shell:Creating environment hook '/home/yan/camps_ws/install/realsense_camera_msgs/share/realsense_camera_msgs/hook/pythonpath.sh'
[9.988s] INFO:colcon.colcon_core.shell:Creating package script '/home/yan/camps_ws/install/realsense_camera_msgs/share/realsense_camera_msgs/package.ps1'
[9.998s] INFO:colcon.colcon_core.shell:Creating package descriptor '/home/yan/camps_ws/install/realsense_camera_msgs/share/realsense_camera_msgs/package.dsv'
[10.005s] INFO:colcon.colcon_core.shell:Creating package script '/home/yan/camps_ws/install/realsense_camera_msgs/share/realsense_camera_msgs/package.sh'
[10.012s] INFO:colcon.colcon_core.shell:Creating package script '/home/yan/camps_ws/install/realsense_camera_msgs/share/realsense_camera_msgs/package.bash'
[10.015s] INFO:colcon.colcon_core.shell:Creating package script '/home/yan/camps_ws/install/realsense_camera_msgs/share/realsense_camera_msgs/package.zsh'
[10.018s] Level 1:colcon.colcon_core.environment:create_file_with_runtime_dependencies(/home/yan/camps_ws/install/realsense_camera_msgs/share/colcon-core/packages/realsense_camera_msgs)
[10.024s] INFO:colcon.colcon_ros.task.ament_cmake.build:Building ROS package in '/home/yan/camps_ws/src/ros2_intel_realsense/realsense_ros2_camera' with build type 'ament_cmake'
[10.026s] INFO:colcon.colcon_cmake.task.cmake.build:Building CMake package in '/home/yan/camps_ws/src/ros2_intel_realsense/realsense_ros2_camera'
[10.030s] INFO:colcon.colcon_core.shell:Skip shell extension 'powershell' for command environment: Not usable outside of PowerShell
[10.031s] DEBUG:colcon.colcon_core.shell:Skip shell extension 'dsv' for command environment
[10.060s] DEBUG:colcon.colcon_core.shell:Ignoring prefix path '/opt/ros/dashing'
[10.166s] DEBUG:colcon.colcon_core.event_handler.log_command:Invoking command in '/home/yan/camps_ws/build/realsense_ros2_camera': CMAKE_PREFIX_PATH=/home/yan/camps_ws/install/realsense_camera_msgs:/home/yan/camps_ws/install/realsense_ros2_camera:/home/yan/camps_ws/install/py_pubsub:/opt/ros/dashing /usr/bin/cmake --build /home/yan/camps_ws/build/realsense_ros2_camera -- -j4 -l4
[11.081s] DEBUG:colcon.colcon_core.event_handler.log_command:Invoked command in '/home/yan/camps_ws/build/realsense_ros2_camera' returned '0': CMAKE_PREFIX_PATH=/home/yan/camps_ws/install/realsense_camera_msgs:/home/yan/camps_ws/install/realsense_ros2_camera:/home/yan/camps_ws/install/py_pubsub:/opt/ros/dashing /usr/bin/cmake --build /home/yan/camps_ws/build/realsense_ros2_camera -- -j4 -l4
[11.459s] DEBUG:colcon.colcon_core.event_handler.log_command:Invoking command in '/home/yan/camps_ws/build/realsense_ros2_camera': CMAKE_PREFIX_PATH=/home/yan/camps_ws/install/realsense_camera_msgs:/home/yan/camps_ws/install/realsense_ros2_camera:/home/yan/camps_ws/install/py_pubsub:/opt/ros/dashing /usr/bin/cmake --build /home/yan/camps_ws/build/realsense_ros2_camera --target install -- -j4 -l4
[12.808s] Level 1:colcon.colcon_core.environment:create_environment_scripts_only(realsense_ros2_camera)
[12.831s] Level 1:colcon.colcon_core.environment:checking '/home/yan/camps_ws/install/realsense_ros2_camera' for CMake module files
[12.837s] Level 1:colcon.colcon_core.environment:checking '/home/yan/camps_ws/install/realsense_ros2_camera' for CMake config files
[12.850s] DEBUG:colcon.colcon_core.event_handler.log_command:Invoked command in '/home/yan/camps_ws/build/realsense_ros2_camera' returned '0': CMAKE_PREFIX_PATH=/home/yan/camps_ws/install/realsense_camera_msgs:/home/yan/camps_ws/install/realsense_ros2_camera:/home/yan/camps_ws/install/py_pubsub:/opt/ros/dashing /usr/bin/cmake --build /home/yan/camps_ws/build/realsense_ros2_camera --target install -- -j4 -l4
[12.853s] Level 1:colcon.colcon_core.shell:create_environment_hook('realsense_ros2_camera', 'cmake_prefix_path')
[12.898s] INFO:colcon.colcon_core.shell:Creating environment hook '/home/yan/camps_ws/install/realsense_ros2_camera/share/realsense_ros2_camera/hook/cmake_prefix_path.ps1'
[12.904s] INFO:colcon.colcon_core.shell:Creating environment descriptor '/home/yan/camps_ws/install/realsense_ros2_camera/share/realsense_ros2_camera/hook/cmake_prefix_path.dsv'
[12.912s] INFO:colcon.colcon_core.shell:Creating environment hook '/home/yan/camps_ws/install/realsense_ros2_camera/share/realsense_ros2_camera/hook/cmake_prefix_path.sh'
[12.923s] Level 1:colcon.colcon_core.environment:checking '/home/yan/camps_ws/install/realsense_ros2_camera/lib'
[12.924s] Level 1:colcon.colcon_core.environment:checking '/home/yan/camps_ws/install/realsense_ros2_camera/bin'
[12.925s] Level 1:colcon.colcon_core.shell:create_environment_hook('realsense_ros2_camera', 'path')
[12.934s] INFO:colcon.colcon_core.shell:Creating environment hook '/home/yan/camps_ws/install/realsense_ros2_camera/share/realsense_ros2_camera/hook/path.ps1'
[12.938s] INFO:colcon.colcon_core.shell:Creating environment descriptor '/home/yan/camps_ws/install/realsense_ros2_camera/share/realsense_ros2_camera/hook/path.dsv'
[12.947s] INFO:colcon.colcon_core.shell:Creating environment hook '/home/yan/camps_ws/install/realsense_ros2_camera/share/realsense_ros2_camera/hook/path.sh'
[12.950s] Level 1:colcon.colcon_core.environment:checking '/home/yan/camps_ws/install/realsense_ros2_camera/lib/pkgconfig/realsense_ros2_camera.pc'
[12.951s] Level 1:colcon.colcon_core.environment:checking '/home/yan/camps_ws/install/realsense_ros2_camera/lib/python3.6/site-packages'
[12.961s] INFO:colcon.colcon_core.shell:Creating package script '/home/yan/camps_ws/install/realsense_ros2_camera/share/realsense_ros2_camera/package.ps1'
[12.966s] INFO:colcon.colcon_core.shell:Creating package descriptor '/home/yan/camps_ws/install/realsense_ros2_camera/share/realsense_ros2_camera/package.dsv'
[12.970s] INFO:colcon.colcon_core.shell:Creating package script '/home/yan/camps_ws/install/realsense_ros2_camera/share/realsense_ros2_camera/package.sh'
[12.977s] INFO:colcon.colcon_core.shell:Creating package script '/home/yan/camps_ws/install/realsense_ros2_camera/share/realsense_ros2_camera/package.bash'
[12.982s] INFO:colcon.colcon_core.shell:Creating package script '/home/yan/camps_ws/install/realsense_ros2_camera/share/realsense_ros2_camera/package.zsh'
[12.985s] Level 1:colcon.colcon_core.environment:create_file_with_runtime_dependencies(/home/yan/camps_ws/install/realsense_ros2_camera/share/colcon-core/packages/realsense_ros2_camera)
[13.188s] Level 1:colcon.colcon_core.environment:create_environment_scripts_only(realsense_ros2_camera)
[13.198s] Level 1:colcon.colcon_core.environment:checking '/home/yan/camps_ws/install/realsense_ros2_camera' for CMake module files
[13.203s] Level 1:colcon.colcon_core.environment:checking '/home/yan/camps_ws/install/realsense_ros2_camera' for CMake config files
[13.205s] Level 1:colcon.colcon_core.shell:create_environment_hook('realsense_ros2_camera', 'cmake_prefix_path')
[13.210s] INFO:colcon.colcon_core.shell:Creating environment hook '/home/yan/camps_ws/install/realsense_ros2_camera/share/realsense_ros2_camera/hook/cmake_prefix_path.ps1'
[13.215s] INFO:colcon.colcon_core.shell:Creating environment descriptor '/home/yan/camps_ws/install/realsense_ros2_camera/share/realsense_ros2_camera/hook/cmake_prefix_path.dsv'
[13.218s] INFO:colcon.colcon_core.shell:Creating environment hook '/home/yan/camps_ws/install/realsense_ros2_camera/share/realsense_ros2_camera/hook/cmake_prefix_path.sh'
[13.224s] Level 1:colcon.colcon_core.environment:checking '/home/yan/camps_ws/install/realsense_ros2_camera/lib'
[13.224s] Level 1:colcon.colcon_core.environment:checking '/home/yan/camps_ws/install/realsense_ros2_camera/bin'
[13.225s] Level 1:colcon.colcon_core.shell:create_environment_hook('realsense_ros2_camera', 'path')
[13.230s] INFO:colcon.colcon_core.shell:Creating environment hook '/home/yan/camps_ws/install/realsense_ros2_camera/share/realsense_ros2_camera/hook/path.ps1'
[13.233s] INFO:colcon.colcon_core.shell:Creating environment descriptor '/home/yan/camps_ws/install/realsense_ros2_camera/share/realsense_ros2_camera/hook/path.dsv'
[13.237s] INFO:colcon.colcon_core.shell:Creating environment hook '/home/yan/camps_ws/install/realsense_ros2_camera/share/realsense_ros2_camera/hook/path.sh'
[13.240s] Level 1:colcon.colcon_core.environment:checking '/home/yan/camps_ws/install/realsense_ros2_camera/lib/pkgconfig/realsense_ros2_camera.pc'
[13.240s] Level 1:colcon.colcon_core.environment:checking '/home/yan/camps_ws/install/realsense_ros2_camera/lib/python3.6/site-packages'
[13.246s] INFO:colcon.colcon_core.shell:Creating package script '/home/yan/camps_ws/install/realsense_ros2_camera/share/realsense_ros2_camera/package.ps1'
[13.249s] INFO:colcon.colcon_core.shell:Creating package descriptor '/home/yan/camps_ws/install/realsense_ros2_camera/share/realsense_ros2_camera/package.dsv'
[13.253s] INFO:colcon.colcon_core.shell:Creating package script '/home/yan/camps_ws/install/realsense_ros2_camera/share/realsense_ros2_camera/package.sh'
[13.256s] INFO:colcon.colcon_core.shell:Creating package script '/home/yan/camps_ws/install/realsense_ros2_camera/share/realsense_ros2_camera/package.bash'
[13.258s] INFO:colcon.colcon_core.shell:Creating package script '/home/yan/camps_ws/install/realsense_ros2_camera/share/realsense_ros2_camera/package.zsh'
[13.265s] Level 1:colcon.colcon_core.environment:create_file_with_runtime_dependencies(/home/yan/camps_ws/install/realsense_ros2_camera/share/colcon-core/packages/realsense_ros2_camera)
[13.270s] DEBUG:colcon.colcon_parallel_executor.executor.parallel:closing loop
[13.271s] DEBUG:colcon.colcon_parallel_executor.executor.parallel:loop closed
[13.273s] DEBUG:colcon.colcon_parallel_executor.executor.parallel:run_until_complete finished with '0'
[13.281s] DEBUG:colcon.colcon_core.event_reactor:joining thread
[13.398s] INFO:colcon.colcon_core.plugin_system:Skipping extension 'colcon_notification.desktop_notification.terminal_notifier': Not used on non-Darwin systems
[13.399s] INFO:colcon.colcon_core.plugin_system:Skipping extension 'colcon_notification.desktop_notification.win32': Not used on non-Windows systems
[13.399s] INFO:colcon.colcon_notification.desktop_notification:Sending desktop notification using 'notify2'
[13.717s] DEBUG:colcon.colcon_core.event_reactor:joined thread
[13.723s] INFO:colcon.colcon_core.shell:Creating prefix script '/home/yan/camps_ws/install/local_setup.ps1'
[13.732s] INFO:colcon.colcon_core.shell:Creating prefix util module '/home/yan/camps_ws/install/_local_setup_util_ps1.py'
[13.814s] INFO:colcon.colcon_core.shell:Creating prefix chain script '/home/yan/camps_ws/install/setup.ps1'
[13.843s] INFO:colcon.colcon_core.shell:Creating prefix script '/home/yan/camps_ws/install/local_setup.sh'
[13.853s] INFO:colcon.colcon_core.shell:Creating prefix util module '/home/yan/camps_ws/install/_local_setup_util_sh.py'
[13.858s] INFO:colcon.colcon_core.shell:Creating prefix chain script '/home/yan/camps_ws/install/setup.sh'
[13.888s] INFO:colcon.colcon_core.shell:Creating prefix script '/home/yan/camps_ws/install/local_setup.bash'
[13.897s] INFO:colcon.colcon_core.shell:Creating prefix chain script '/home/yan/camps_ws/install/setup.bash'
[13.945s] INFO:colcon.colcon_core.shell:Creating prefix script '/home/yan/camps_ws/install/local_setup.zsh'
[13.953s] INFO:colcon.colcon_core.shell:Creating prefix chain script '/home/yan/camps_ws/install/setup.zsh'
