[1.293s] Invoking command in '/home/yan/camps_ws/src/py_pubsub': PYTHONPATH=/home/yan/camps_ws/install/py_pubsub/lib/python3.6/site-packages:${PYTHONPATH} /usr/bin/python3 setup.py egg_info --egg-base ../../build/py_pubsub build --build-base /home/yan/camps_ws/build/py_pubsub/build install --prefix /home/yan/camps_ws/install/py_pubsub --record /home/yan/camps_ws/build/py_pubsub/install.log --single-version-externally-managed
[2.418s] running egg_info
[2.421s] writing ../../build/py_pubsub/py_pubsub.egg-info/PKG-INFO
[2.422s] writing dependency_links to ../../build/py_pubsub/py_pubsub.egg-info/dependency_links.txt
[2.423s] writing entry points to ../../build/py_pubsub/py_pubsub.egg-info/entry_points.txt
[2.424s] writing requirements to ../../build/py_pubsub/py_pubsub.egg-info/requires.txt
[2.424s] writing top-level names to ../../build/py_pubsub/py_pubsub.egg-info/top_level.txt
[2.629s] reading manifest file '../../build/py_pubsub/py_pubsub.egg-info/SOURCES.txt'
[2.638s] writing manifest file '../../build/py_pubsub/py_pubsub.egg-info/SOURCES.txt'
[2.639s] running build
[2.640s] running build_py
[2.640s] copying py_pubsub/subscriber_mutually.py -> /home/yan/camps_ws/build/py_pubsub/build/lib/py_pubsub
[2.643s] running install
[2.646s] running install_lib
[2.651s] copying /home/yan/camps_ws/build/py_pubsub/build/lib/py_pubsub/subscriber_mutually.py -> /home/yan/camps_ws/install/py_pubsub/lib/python3.6/site-packages/py_pubsub
[2.657s] byte-compiling /home/yan/camps_ws/install/py_pubsub/lib/python3.6/site-packages/py_pubsub/subscriber_mutually.py to subscriber_mutually.cpython-36.pyc
[2.662s] running install_data
[2.666s] running install_egg_info
[2.679s] removing '/home/yan/camps_ws/install/py_pubsub/lib/python3.6/site-packages/py_pubsub-0.0.0-py3.6.egg-info' (and everything under it)
[2.680s] Copying ../../build/py_pubsub/py_pubsub.egg-info to /home/yan/camps_ws/install/py_pubsub/lib/python3.6/site-packages/py_pubsub-0.0.0-py3.6.egg-info
[2.685s] running install_scripts
[2.785s] Installing color script to /home/yan/camps_ws/install/py_pubsub/lib/py_pubsub
[2.787s] Installing csvtojpeg script to /home/yan/camps_ws/install/py_pubsub/lib/py_pubsub
[2.787s] Installing depth script to /home/yan/camps_ws/install/py_pubsub/lib/py_pubsub
[2.788s] Installing infra1 script to /home/yan/camps_ws/install/py_pubsub/lib/py_pubsub
[2.788s] Installing infra2 script to /home/yan/camps_ws/install/py_pubsub/lib/py_pubsub
[2.789s] Installing listener script to /home/yan/camps_ws/install/py_pubsub/lib/py_pubsub
[2.790s] Installing onesensor script to /home/yan/camps_ws/install/py_pubsub/lib/py_pubsub
[2.790s] Installing point script to /home/yan/camps_ws/install/py_pubsub/lib/py_pubsub
[2.791s] Installing subscriber_mutually script to /home/yan/camps_ws/install/py_pubsub/lib/py_pubsub
[2.791s] Installing subscriber_reentrant script to /home/yan/camps_ws/install/py_pubsub/lib/py_pubsub
[2.792s] Installing talker script to /home/yan/camps_ws/install/py_pubsub/lib/py_pubsub
[2.793s] Installing timed script to /home/yan/camps_ws/install/py_pubsub/lib/py_pubsub
[2.793s] Installing timed1 script to /home/yan/camps_ws/install/py_pubsub/lib/py_pubsub
[2.794s] Installing twice script to /home/yan/camps_ws/install/py_pubsub/lib/py_pubsub
[2.794s] writing list of installed files to '/home/yan/camps_ws/build/py_pubsub/install.log'
[2.896s] Invoked command in '/home/yan/camps_ws/src/py_pubsub' returned '0': PYTHONPATH=/home/yan/camps_ws/install/py_pubsub/lib/python3.6/site-packages:${PYTHONPATH} /usr/bin/python3 setup.py egg_info --egg-base ../../build/py_pubsub build --build-base /home/yan/camps_ws/build/py_pubsub/build install --prefix /home/yan/camps_ws/install/py_pubsub --record /home/yan/camps_ws/build/py_pubsub/install.log --single-version-externally-managed
