[2.082s] Invoking command in '/home/yan/camps_ws/src/py_pubsub': PYTHONPATH=/home/yan/camps_ws/install/py_pubsub/lib/python3.6/site-packages:${PYTHONPATH} /usr/bin/python3 setup.py egg_info --egg-base ../../build/py_pubsub build --build-base /home/yan/camps_ws/build/py_pubsub/build install --prefix /home/yan/camps_ws/install/py_pubsub --record /home/yan/camps_ws/build/py_pubsub/install.log --single-version-externally-managed
[3.816s] running egg_info
[3.820s] writing ../../build/py_pubsub/py_pubsub.egg-info/PKG-INFO
[3.820s] writing dependency_links to ../../build/py_pubsub/py_pubsub.egg-info/dependency_links.txt
[3.822s] writing entry points to ../../build/py_pubsub/py_pubsub.egg-info/entry_points.txt
[3.823s] writing requirements to ../../build/py_pubsub/py_pubsub.egg-info/requires.txt
[3.824s] writing top-level names to ../../build/py_pubsub/py_pubsub.egg-info/top_level.txt
[4.120s] reading manifest file '../../build/py_pubsub/py_pubsub.egg-info/SOURCES.txt'
[4.121s] writing manifest file '../../build/py_pubsub/py_pubsub.egg-info/SOURCES.txt'
[4.121s] running build
[4.122s] running build_py
[4.122s] copying py_pubsub/subscriber_member_function.py -> /home/yan/camps_ws/build/py_pubsub/build/lib/py_pubsub
[4.123s] running install
[4.123s] running install_lib
[4.124s] copying /home/yan/camps_ws/build/py_pubsub/build/lib/py_pubsub/subscriber_member_function.py -> /home/yan/camps_ws/install/py_pubsub/lib/python3.6/site-packages/py_pubsub
[4.125s] byte-compiling /home/yan/camps_ws/install/py_pubsub/lib/python3.6/site-packages/py_pubsub/subscriber_member_function.py to subscriber_member_function.cpython-36.pyc
[4.134s] running install_data
[4.135s] running install_egg_info
[4.146s] removing '/home/yan/camps_ws/install/py_pubsub/lib/python3.6/site-packages/py_pubsub-0.0.0-py3.6.egg-info' (and everything under it)
[4.146s] Copying ../../build/py_pubsub/py_pubsub.egg-info to /home/yan/camps_ws/install/py_pubsub/lib/python3.6/site-packages/py_pubsub-0.0.0-py3.6.egg-info
[4.151s] running install_scripts
[4.272s] Installing color script to /home/yan/camps_ws/install/py_pubsub/lib/py_pubsub
[4.282s] Installing depth script to /home/yan/camps_ws/install/py_pubsub/lib/py_pubsub
[4.291s] Installing infra1 script to /home/yan/camps_ws/install/py_pubsub/lib/py_pubsub
[4.293s] Installing infra2 script to /home/yan/camps_ws/install/py_pubsub/lib/py_pubsub
[4.300s] Installing listener script to /home/yan/camps_ws/install/py_pubsub/lib/py_pubsub
[4.301s] Installing point script to /home/yan/camps_ws/install/py_pubsub/lib/py_pubsub
[4.301s] Installing talker script to /home/yan/camps_ws/install/py_pubsub/lib/py_pubsub
[4.323s] Installing timed script to /home/yan/camps_ws/install/py_pubsub/lib/py_pubsub
[4.324s] Installing twice script to /home/yan/camps_ws/install/py_pubsub/lib/py_pubsub
[4.344s] writing list of installed files to '/home/yan/camps_ws/build/py_pubsub/install.log'
[4.494s] Invoked command in '/home/yan/camps_ws/src/py_pubsub' returned '0': PYTHONPATH=/home/yan/camps_ws/install/py_pubsub/lib/python3.6/site-packages:${PYTHONPATH} /usr/bin/python3 setup.py egg_info --egg-base ../../build/py_pubsub build --build-base /home/yan/camps_ws/build/py_pubsub/build install --prefix /home/yan/camps_ws/install/py_pubsub --record /home/yan/camps_ws/build/py_pubsub/install.log --single-version-externally-managed
