[1.860s] Invoking command in '/home/yan/camps_ws/src/py_pubsub': PYTHONPATH=/home/yan/camps_ws/install/py_pubsub/lib/python3.6/site-packages:${PYTHONPATH} /usr/bin/python3 setup.py egg_info --egg-base ../../build/py_pubsub build --build-base /home/yan/camps_ws/build/py_pubsub/build install --prefix /home/yan/camps_ws/install/py_pubsub --record /home/yan/camps_ws/build/py_pubsub/install.log --single-version-externally-managed
[3.571s] running egg_info
[3.574s] writing ../../build/py_pubsub/py_pubsub.egg-info/PKG-INFO
[3.575s] writing dependency_links to ../../build/py_pubsub/py_pubsub.egg-info/dependency_links.txt
[3.576s] writing entry points to ../../build/py_pubsub/py_pubsub.egg-info/entry_points.txt
[3.577s] writing requirements to ../../build/py_pubsub/py_pubsub.egg-info/requires.txt
[3.577s] writing top-level names to ../../build/py_pubsub/py_pubsub.egg-info/top_level.txt
[3.798s] reading manifest file '../../build/py_pubsub/py_pubsub.egg-info/SOURCES.txt'
[3.849s] writing manifest file '../../build/py_pubsub/py_pubsub.egg-info/SOURCES.txt'
[3.875s] running build
[3.876s] running build_py
[3.878s] copying py_pubsub/subscriber_member_function_onesensor.py -> /home/yan/camps_ws/build/py_pubsub/build/lib/py_pubsub
[3.884s] running install
[3.885s] running install_lib
[3.885s] copying /home/yan/camps_ws/build/py_pubsub/build/lib/py_pubsub/subscriber_member_function_onesensor.py -> /home/yan/camps_ws/install/py_pubsub/lib/python3.6/site-packages/py_pubsub
[3.886s] byte-compiling /home/yan/camps_ws/install/py_pubsub/lib/python3.6/site-packages/py_pubsub/subscriber_member_function_onesensor.py to subscriber_member_function_onesensor.cpython-36.pyc
[3.887s] running install_data
[3.887s] running install_egg_info
[3.902s] removing '/home/yan/camps_ws/install/py_pubsub/lib/python3.6/site-packages/py_pubsub-0.0.0-py3.6.egg-info' (and everything under it)
[3.903s] Copying ../../build/py_pubsub/py_pubsub.egg-info to /home/yan/camps_ws/install/py_pubsub/lib/python3.6/site-packages/py_pubsub-0.0.0-py3.6.egg-info
[3.904s] running install_scripts
[4.017s] Installing color script to /home/yan/camps_ws/install/py_pubsub/lib/py_pubsub
[4.018s] Installing depth script to /home/yan/camps_ws/install/py_pubsub/lib/py_pubsub
[4.019s] Installing infra1 script to /home/yan/camps_ws/install/py_pubsub/lib/py_pubsub
[4.020s] Installing infra2 script to /home/yan/camps_ws/install/py_pubsub/lib/py_pubsub
[4.025s] Installing listener script to /home/yan/camps_ws/install/py_pubsub/lib/py_pubsub
[4.026s] Installing onesensor script to /home/yan/camps_ws/install/py_pubsub/lib/py_pubsub
[4.028s] Installing point script to /home/yan/camps_ws/install/py_pubsub/lib/py_pubsub
[4.030s] Installing talker script to /home/yan/camps_ws/install/py_pubsub/lib/py_pubsub
[4.033s] Installing timed script to /home/yan/camps_ws/install/py_pubsub/lib/py_pubsub
[4.035s] Installing twice script to /home/yan/camps_ws/install/py_pubsub/lib/py_pubsub
[4.039s] writing list of installed files to '/home/yan/camps_ws/build/py_pubsub/install.log'
[4.229s] Invoked command in '/home/yan/camps_ws/src/py_pubsub' returned '0': PYTHONPATH=/home/yan/camps_ws/install/py_pubsub/lib/python3.6/site-packages:${PYTHONPATH} /usr/bin/python3 setup.py egg_info --egg-base ../../build/py_pubsub build --build-base /home/yan/camps_ws/build/py_pubsub/build install --prefix /home/yan/camps_ws/install/py_pubsub --record /home/yan/camps_ws/build/py_pubsub/install.log --single-version-externally-managed
