[2.069s] Invoking command in '/home/yan/camps_ws/src/py_pubsub': PYTHONPATH=/home/yan/camps_ws/install/py_pubsub/lib/python3.6/site-packages:${PYTHONPATH} /usr/bin/python3 setup.py egg_info --egg-base ../../build/py_pubsub build --build-base /home/yan/camps_ws/build/py_pubsub/build install --prefix /home/yan/camps_ws/install/py_pubsub --record /home/yan/camps_ws/build/py_pubsub/install.log --single-version-externally-managed
[4.493s] running egg_info
[4.502s] writing ../../build/py_pubsub/py_pubsub.egg-info/PKG-INFO
[4.506s] writing dependency_links to ../../build/py_pubsub/py_pubsub.egg-info/dependency_links.txt
[4.508s] writing entry points to ../../build/py_pubsub/py_pubsub.egg-info/entry_points.txt
[4.511s] writing requirements to ../../build/py_pubsub/py_pubsub.egg-info/requires.txt
[4.513s] writing top-level names to ../../build/py_pubsub/py_pubsub.egg-info/top_level.txt
[4.930s] reading manifest file '../../build/py_pubsub/py_pubsub.egg-info/SOURCES.txt'
[4.941s] writing manifest file '../../build/py_pubsub/py_pubsub.egg-info/SOURCES.txt'
[4.956s] running build
[4.957s] running build_py
[4.959s] copying py_pubsub/subscriber_member_function_timed.py -> /home/yan/camps_ws/build/py_pubsub/build/lib/py_pubsub
[4.964s] running install
[4.967s] running install_lib
[4.980s] copying /home/yan/camps_ws/build/py_pubsub/build/lib/py_pubsub/subscriber_member_function_timed.py -> /home/yan/camps_ws/install/py_pubsub/lib/python3.6/site-packages/py_pubsub
[4.993s] byte-compiling /home/yan/camps_ws/install/py_pubsub/lib/python3.6/site-packages/py_pubsub/subscriber_member_function_timed.py to subscriber_member_function_timed.cpython-36.pyc
[4.999s] running install_data
[5.015s] running install_egg_info
[5.027s] removing '/home/yan/camps_ws/install/py_pubsub/lib/python3.6/site-packages/py_pubsub-0.0.0-py3.6.egg-info' (and everything under it)
[5.029s] Copying ../../build/py_pubsub/py_pubsub.egg-info to /home/yan/camps_ws/install/py_pubsub/lib/python3.6/site-packages/py_pubsub-0.0.0-py3.6.egg-info
[5.036s] running install_scripts
[5.268s] Installing color script to /home/yan/camps_ws/install/py_pubsub/lib/py_pubsub
[5.270s] Installing depth script to /home/yan/camps_ws/install/py_pubsub/lib/py_pubsub
[5.272s] Installing infra1 script to /home/yan/camps_ws/install/py_pubsub/lib/py_pubsub
[5.274s] Installing infra2 script to /home/yan/camps_ws/install/py_pubsub/lib/py_pubsub
[5.276s] Installing listener script to /home/yan/camps_ws/install/py_pubsub/lib/py_pubsub
[5.276s] Installing point script to /home/yan/camps_ws/install/py_pubsub/lib/py_pubsub
[5.277s] Installing talker script to /home/yan/camps_ws/install/py_pubsub/lib/py_pubsub
[5.278s] Installing timed script to /home/yan/camps_ws/install/py_pubsub/lib/py_pubsub
[5.279s] Installing twice script to /home/yan/camps_ws/install/py_pubsub/lib/py_pubsub
[5.282s] writing list of installed files to '/home/yan/camps_ws/build/py_pubsub/install.log'
[5.432s] Invoked command in '/home/yan/camps_ws/src/py_pubsub' returned '0': PYTHONPATH=/home/yan/camps_ws/install/py_pubsub/lib/python3.6/site-packages:${PYTHONPATH} /usr/bin/python3 setup.py egg_info --egg-base ../../build/py_pubsub build --build-base /home/yan/camps_ws/build/py_pubsub/build install --prefix /home/yan/camps_ws/install/py_pubsub --record /home/yan/camps_ws/build/py_pubsub/install.log --single-version-externally-managed
