[1.815s] Invoking command in '/home/yan/camps_ws/src/py_pubsub': PYTHONPATH=/home/yan/camps_ws/install/py_pubsub/lib/python3.6/site-packages:${PYTHONPATH} /usr/bin/python3 setup.py egg_info --egg-base ../../build/py_pubsub build --build-base /home/yan/camps_ws/build/py_pubsub/build install --prefix /home/yan/camps_ws/install/py_pubsub --record /home/yan/camps_ws/build/py_pubsub/install.log --single-version-externally-managed
[3.485s] running egg_info
[3.489s] writing ../../build/py_pubsub/py_pubsub.egg-info/PKG-INFO
[3.491s] writing dependency_links to ../../build/py_pubsub/py_pubsub.egg-info/dependency_links.txt
[3.491s] writing entry points to ../../build/py_pubsub/py_pubsub.egg-info/entry_points.txt
[3.492s] writing requirements to ../../build/py_pubsub/py_pubsub.egg-info/requires.txt
[3.493s] writing top-level names to ../../build/py_pubsub/py_pubsub.egg-info/top_level.txt
[3.734s] reading manifest file '../../build/py_pubsub/py_pubsub.egg-info/SOURCES.txt'
[3.742s] writing manifest file '../../build/py_pubsub/py_pubsub.egg-info/SOURCES.txt'
[3.742s] running build
[3.743s] running build_py
[3.745s] copying py_pubsub/subscriber_member_function.py -> /home/yan/camps_ws/build/py_pubsub/build/lib/py_pubsub
[3.746s] running install
[3.748s] running install_lib
[3.754s] copying /home/yan/camps_ws/build/py_pubsub/build/lib/py_pubsub/subscriber_member_function.py -> /home/yan/camps_ws/install/py_pubsub/lib/python3.6/site-packages/py_pubsub
[3.757s] byte-compiling /home/yan/camps_ws/install/py_pubsub/lib/python3.6/site-packages/py_pubsub/subscriber_member_function.py to subscriber_member_function.cpython-36.pyc
[3.759s] running install_data
[3.765s] running install_egg_info
[3.776s] removing '/home/yan/camps_ws/install/py_pubsub/lib/python3.6/site-packages/py_pubsub-0.0.0-py3.6.egg-info' (and everything under it)
[3.778s] Copying ../../build/py_pubsub/py_pubsub.egg-info to /home/yan/camps_ws/install/py_pubsub/lib/python3.6/site-packages/py_pubsub-0.0.0-py3.6.egg-info
[3.783s] running install_scripts
[3.897s] Installing listener script to /home/yan/camps_ws/install/py_pubsub/lib/py_pubsub
[3.898s] Installing talker script to /home/yan/camps_ws/install/py_pubsub/lib/py_pubsub
[3.900s] writing list of installed files to '/home/yan/camps_ws/build/py_pubsub/install.log'
[4.015s] Invoked command in '/home/yan/camps_ws/src/py_pubsub' returned '0': PYTHONPATH=/home/yan/camps_ws/install/py_pubsub/lib/python3.6/site-packages:${PYTHONPATH} /usr/bin/python3 setup.py egg_info --egg-base ../../build/py_pubsub build --build-base /home/yan/camps_ws/build/py_pubsub/build install --prefix /home/yan/camps_ws/install/py_pubsub --record /home/yan/camps_ws/build/py_pubsub/install.log --single-version-externally-managed
