[1.020s] DEBUG:colcon:Command line arguments: ['/usr/bin/colcon', 'build']
[1.020s] DEBUG:colcon:Parsed command line arguments: Namespace(ament_cmake_args=None, base_paths=['.'], build_base='build', catkin_cmake_args=None, catkin_skip_building_tests=False, cmake_args=None, cmake_clean_cache=False, cmake_clean_first=False, cmake_force_configure=False, cmake_target=None, cmake_target_skip_unavailable=False, continue_on_error=False, event_handlers=None, executor='parallel', ignore_user_meta=False, install_base='install', log_base=None, log_level=None, main=<bound method BuildVerb.main of <colcon_core.verb.build.BuildVerb object at 0x7f98f507f0>>, merge_install=False, metas=['./colcon.meta'], packages_above=None, packages_above_and_dependencies=None, packages_above_depth=None, packages_end=None, packages_ignore=None, packages_ignore_regex=None, packages_select=None, packages_select_build_failed=False, packages_select_by_dep=None, packages_select_regex=None, packages_select_test_failures=False, packages_skip=None, packages_skip_build_finished=False, packages_skip_by_dep=None, packages_skip_regex=None, packages_skip_test_passed=False, packages_skip_up_to=None, packages_start=None, packages_up_to=None, packages_up_to_regex=None, parallel_workers=4, paths=None, symlink_install=False, test_result_base=None, verb_extension=<colcon_core.verb.build.BuildVerb object at 0x7f98f507f0>, verb_name='build', verb_parser=<colcon_defaults.argument_parser.defaults.DefaultArgumentsDecorator object at 0x7f98f50a58>)
[1.052s] Level 1:colcon.colcon_core.package_discovery:discover_packages(colcon_meta) check parameters
[1.052s] Level 1:colcon.colcon_core.package_discovery:discover_packages(recursive) check parameters
[1.052s] Level 1:colcon.colcon_core.package_discovery:discover_packages(ignore) check parameters
[1.053s] Level 1:colcon.colcon_core.package_discovery:discover_packages(path) check parameters
[1.053s] Level 1:colcon.colcon_core.package_discovery:discover_packages(colcon_meta) discover
[1.054s] Level 1:colcon.colcon_core.package_discovery:discover_packages(recursive) discover
[1.055s] INFO:colcon.colcon_core.package_discovery:Crawling recursively for packages in '/home/yan/camps_ws'
[1.055s] Level 1:colcon.colcon_core.package_identification:_identify(.) by extensions ['ignore', 'ignore_ament_install']
[1.056s] Level 1:colcon.colcon_core.package_identification:_identify(.) by extension 'ignore'
[1.056s] Level 1:colcon.colcon_core.package_identification:_identify(.) by extension 'ignore_ament_install'
[1.057s] Level 1:colcon.colcon_core.package_identification:_identify(.) by extensions ['colcon_pkg']
[1.057s] Level 1:colcon.colcon_core.package_identification:_identify(.) by extension 'colcon_pkg'
[1.057s] Level 1:colcon.colcon_core.package_identification:_identify(.) by extensions ['colcon_meta']
[1.058s] Level 1:colcon.colcon_core.package_identification:_identify(.) by extension 'colcon_meta'
[1.058s] Level 1:colcon.colcon_core.package_identification:_identify(.) by extensions ['ros']
[1.058s] Level 1:colcon.colcon_core.package_identification:_identify(.) by extension 'ros'
[1.121s] Level 1:colcon.colcon_core.package_identification:_identify(.) by extensions ['cmake', 'python']
[1.122s] Level 1:colcon.colcon_core.package_identification:_identify(.) by extension 'cmake'
[1.122s] Level 1:colcon.colcon_core.package_identification:_identify(.) by extension 'python'
[1.123s] Level 1:colcon.colcon_core.package_identification:_identify(.) by extensions ['python_setup_py']
[1.123s] Level 1:colcon.colcon_core.package_identification:_identify(.) by extension 'python_setup_py'
[1.124s] Level 1:colcon.colcon_core.package_identification:_identify(build) by extensions ['ignore', 'ignore_ament_install']
[1.124s] Level 1:colcon.colcon_core.package_identification:_identify(build) by extension 'ignore'
[1.125s] Level 1:colcon.colcon_core.package_identification:_identify(build) ignored
[1.127s] Level 1:colcon.colcon_core.package_identification:_identify(example_imgs) by extensions ['ignore', 'ignore_ament_install']
[1.127s] Level 1:colcon.colcon_core.package_identification:_identify(example_imgs) by extension 'ignore'
[1.128s] Level 1:colcon.colcon_core.package_identification:_identify(example_imgs) by extension 'ignore_ament_install'
[1.128s] Level 1:colcon.colcon_core.package_identification:_identify(example_imgs) by extensions ['colcon_pkg']
[1.128s] Level 1:colcon.colcon_core.package_identification:_identify(example_imgs) by extension 'colcon_pkg'
[1.129s] Level 1:colcon.colcon_core.package_identification:_identify(example_imgs) by extensions ['colcon_meta']
[1.129s] Level 1:colcon.colcon_core.package_identification:_identify(example_imgs) by extension 'colcon_meta'
[1.129s] Level 1:colcon.colcon_core.package_identification:_identify(example_imgs) by extensions ['ros']
[1.130s] Level 1:colcon.colcon_core.package_identification:_identify(example_imgs) by extension 'ros'
[1.130s] Level 1:colcon.colcon_core.package_identification:_identify(example_imgs) by extensions ['cmake', 'python']
[1.130s] Level 1:colcon.colcon_core.package_identification:_identify(example_imgs) by extension 'cmake'
[1.131s] Level 1:colcon.colcon_core.package_identification:_identify(example_imgs) by extension 'python'
[1.131s] Level 1:colcon.colcon_core.package_identification:_identify(example_imgs) by extensions ['python_setup_py']
[1.131s] Level 1:colcon.colcon_core.package_identification:_identify(example_imgs) by extension 'python_setup_py'
[1.132s] Level 1:colcon.colcon_core.package_identification:_identify(install) by extensions ['ignore', 'ignore_ament_install']
[1.133s] Level 1:colcon.colcon_core.package_identification:_identify(install) by extension 'ignore'
[1.133s] Level 1:colcon.colcon_core.package_identification:_identify(install) ignored
[1.135s] Level 1:colcon.colcon_core.package_identification:_identify(log) by extensions ['ignore', 'ignore_ament_install']
[1.136s] Level 1:colcon.colcon_core.package_identification:_identify(log) by extension 'ignore'
[1.136s] Level 1:colcon.colcon_core.package_identification:_identify(log) ignored
[1.137s] Level 1:colcon.colcon_core.package_identification:_identify(src) by extensions ['ignore', 'ignore_ament_install']
[1.137s] Level 1:colcon.colcon_core.package_identification:_identify(src) by extension 'ignore'
[1.138s] Level 1:colcon.colcon_core.package_identification:_identify(src) by extension 'ignore_ament_install'
[1.138s] Level 1:colcon.colcon_core.package_identification:_identify(src) by extensions ['colcon_pkg']
[1.139s] Level 1:colcon.colcon_core.package_identification:_identify(src) by extension 'colcon_pkg'
[1.139s] Level 1:colcon.colcon_core.package_identification:_identify(src) by extensions ['colcon_meta']
[1.139s] Level 1:colcon.colcon_core.package_identification:_identify(src) by extension 'colcon_meta'
[1.140s] Level 1:colcon.colcon_core.package_identification:_identify(src) by extensions ['ros']
[1.140s] Level 1:colcon.colcon_core.package_identification:_identify(src) by extension 'ros'
[1.140s] Level 1:colcon.colcon_core.package_identification:_identify(src) by extensions ['cmake', 'python']
[1.140s] Level 1:colcon.colcon_core.package_identification:_identify(src) by extension 'cmake'
[1.141s] Level 1:colcon.colcon_core.package_identification:_identify(src) by extension 'python'
[1.141s] Level 1:colcon.colcon_core.package_identification:_identify(src) by extensions ['python_setup_py']
[1.141s] Level 1:colcon.colcon_core.package_identification:_identify(src) by extension 'python_setup_py'
[1.142s] Level 1:colcon.colcon_core.package_identification:_identify(src/py_pubsub) by extensions ['ignore', 'ignore_ament_install']
[1.142s] Level 1:colcon.colcon_core.package_identification:_identify(src/py_pubsub) by extension 'ignore'
[1.143s] Level 1:colcon.colcon_core.package_identification:_identify(src/py_pubsub) by extension 'ignore_ament_install'
[1.143s] Level 1:colcon.colcon_core.package_identification:_identify(src/py_pubsub) by extensions ['colcon_pkg']
[1.143s] Level 1:colcon.colcon_core.package_identification:_identify(src/py_pubsub) by extension 'colcon_pkg'
[1.143s] Level 1:colcon.colcon_core.package_identification:_identify(src/py_pubsub) by extensions ['colcon_meta']
[1.143s] Level 1:colcon.colcon_core.package_identification:_identify(src/py_pubsub) by extension 'colcon_meta'
[1.144s] Level 1:colcon.colcon_core.package_identification:_identify(src/py_pubsub) by extensions ['ros']
[1.144s] Level 1:colcon.colcon_core.package_identification:_identify(src/py_pubsub) by extension 'ros'
[1.155s] DEBUG:colcon.colcon_core.package_identification:Package 'src/py_pubsub' with type 'ros.ament_python' and name 'py_pubsub'
[1.156s] Level 1:colcon.colcon_core.package_identification:_identify(timed) by extensions ['ignore', 'ignore_ament_install']
[1.157s] Level 1:colcon.colcon_core.package_identification:_identify(timed) by extension 'ignore'
[1.157s] Level 1:colcon.colcon_core.package_identification:_identify(timed) by extension 'ignore_ament_install'
[1.158s] Level 1:colcon.colcon_core.package_identification:_identify(timed) by extensions ['colcon_pkg']
[1.158s] Level 1:colcon.colcon_core.package_identification:_identify(timed) by extension 'colcon_pkg'
[1.158s] Level 1:colcon.colcon_core.package_identification:_identify(timed) by extensions ['colcon_meta']
[1.159s] Level 1:colcon.colcon_core.package_identification:_identify(timed) by extension 'colcon_meta'
[1.159s] Level 1:colcon.colcon_core.package_identification:_identify(timed) by extensions ['ros']
[1.159s] Level 1:colcon.colcon_core.package_identification:_identify(timed) by extension 'ros'
[1.160s] Level 1:colcon.colcon_core.package_identification:_identify(timed) by extensions ['cmake', 'python']
[1.160s] Level 1:colcon.colcon_core.package_identification:_identify(timed) by extension 'cmake'
[1.160s] Level 1:colcon.colcon_core.package_identification:_identify(timed) by extension 'python'
[1.160s] Level 1:colcon.colcon_core.package_identification:_identify(timed) by extensions ['python_setup_py']
[1.160s] Level 1:colcon.colcon_core.package_identification:_identify(timed) by extension 'python_setup_py'
[1.161s] Level 1:colcon.colcon_core.package_identification:_identify(timed/csv) by extensions ['ignore', 'ignore_ament_install']
[1.162s] Level 1:colcon.colcon_core.package_identification:_identify(timed/csv) by extension 'ignore'
[1.162s] Level 1:colcon.colcon_core.package_identification:_identify(timed/csv) by extension 'ignore_ament_install'
[1.163s] Level 1:colcon.colcon_core.package_identification:_identify(timed/csv) by extensions ['colcon_pkg']
[1.163s] Level 1:colcon.colcon_core.package_identification:_identify(timed/csv) by extension 'colcon_pkg'
[1.163s] Level 1:colcon.colcon_core.package_identification:_identify(timed/csv) by extensions ['colcon_meta']
[1.163s] Level 1:colcon.colcon_core.package_identification:_identify(timed/csv) by extension 'colcon_meta'
[1.164s] Level 1:colcon.colcon_core.package_identification:_identify(timed/csv) by extensions ['ros']
[1.164s] Level 1:colcon.colcon_core.package_identification:_identify(timed/csv) by extension 'ros'
[1.164s] Level 1:colcon.colcon_core.package_identification:_identify(timed/csv) by extensions ['cmake', 'python']
[1.165s] Level 1:colcon.colcon_core.package_identification:_identify(timed/csv) by extension 'cmake'
[1.165s] Level 1:colcon.colcon_core.package_identification:_identify(timed/csv) by extension 'python'
[1.166s] Level 1:colcon.colcon_core.package_identification:_identify(timed/csv) by extensions ['python_setup_py']
[1.166s] Level 1:colcon.colcon_core.package_identification:_identify(timed/csv) by extension 'python_setup_py'
[1.168s] Level 1:colcon.colcon_core.package_identification:_identify(timed/images) by extensions ['ignore', 'ignore_ament_install']
[1.169s] Level 1:colcon.colcon_core.package_identification:_identify(timed/images) by extension 'ignore'
[1.169s] Level 1:colcon.colcon_core.package_identification:_identify(timed/images) by extension 'ignore_ament_install'
[1.170s] Level 1:colcon.colcon_core.package_identification:_identify(timed/images) by extensions ['colcon_pkg']
[1.170s] Level 1:colcon.colcon_core.package_identification:_identify(timed/images) by extension 'colcon_pkg'
[1.170s] Level 1:colcon.colcon_core.package_identification:_identify(timed/images) by extensions ['colcon_meta']
[1.171s] Level 1:colcon.colcon_core.package_identification:_identify(timed/images) by extension 'colcon_meta'
[1.171s] Level 1:colcon.colcon_core.package_identification:_identify(timed/images) by extensions ['ros']
[1.171s] Level 1:colcon.colcon_core.package_identification:_identify(timed/images) by extension 'ros'
[1.172s] Level 1:colcon.colcon_core.package_identification:_identify(timed/images) by extensions ['cmake', 'python']
[1.172s] Level 1:colcon.colcon_core.package_identification:_identify(timed/images) by extension 'cmake'
[1.172s] Level 1:colcon.colcon_core.package_identification:_identify(timed/images) by extension 'python'
[1.173s] Level 1:colcon.colcon_core.package_identification:_identify(timed/images) by extensions ['python_setup_py']
[1.173s] Level 1:colcon.colcon_core.package_identification:_identify(timed/images) by extension 'python_setup_py'
[1.174s] Level 1:colcon.colcon_core.package_identification:_identify(timed/mutually) by extensions ['ignore', 'ignore_ament_install']
[1.175s] Level 1:colcon.colcon_core.package_identification:_identify(timed/mutually) by extension 'ignore'
[1.175s] Level 1:colcon.colcon_core.package_identification:_identify(timed/mutually) by extension 'ignore_ament_install'
[1.176s] Level 1:colcon.colcon_core.package_identification:_identify(timed/mutually) by extensions ['colcon_pkg']
[1.176s] Level 1:colcon.colcon_core.package_identification:_identify(timed/mutually) by extension 'colcon_pkg'
[1.176s] Level 1:colcon.colcon_core.package_identification:_identify(timed/mutually) by extensions ['colcon_meta']
[1.176s] Level 1:colcon.colcon_core.package_identification:_identify(timed/mutually) by extension 'colcon_meta'
[1.176s] Level 1:colcon.colcon_core.package_identification:_identify(timed/mutually) by extensions ['ros']
[1.177s] Level 1:colcon.colcon_core.package_identification:_identify(timed/mutually) by extension 'ros'
[1.177s] Level 1:colcon.colcon_core.package_identification:_identify(timed/mutually) by extensions ['cmake', 'python']
[1.177s] Level 1:colcon.colcon_core.package_identification:_identify(timed/mutually) by extension 'cmake'
[1.178s] Level 1:colcon.colcon_core.package_identification:_identify(timed/mutually) by extension 'python'
[1.178s] Level 1:colcon.colcon_core.package_identification:_identify(timed/mutually) by extensions ['python_setup_py']
[1.178s] Level 1:colcon.colcon_core.package_identification:_identify(timed/mutually) by extension 'python_setup_py'
[1.179s] Level 1:colcon.colcon_core.package_identification:_identify(timed/reentrant) by extensions ['ignore', 'ignore_ament_install']
[1.180s] Level 1:colcon.colcon_core.package_identification:_identify(timed/reentrant) by extension 'ignore'
[1.180s] Level 1:colcon.colcon_core.package_identification:_identify(timed/reentrant) by extension 'ignore_ament_install'
[1.181s] Level 1:colcon.colcon_core.package_identification:_identify(timed/reentrant) by extensions ['colcon_pkg']
[1.181s] Level 1:colcon.colcon_core.package_identification:_identify(timed/reentrant) by extension 'colcon_pkg'
[1.181s] Level 1:colcon.colcon_core.package_identification:_identify(timed/reentrant) by extensions ['colcon_meta']
[1.181s] Level 1:colcon.colcon_core.package_identification:_identify(timed/reentrant) by extension 'colcon_meta'
[1.181s] Level 1:colcon.colcon_core.package_identification:_identify(timed/reentrant) by extensions ['ros']
[1.182s] Level 1:colcon.colcon_core.package_identification:_identify(timed/reentrant) by extension 'ros'
[1.182s] Level 1:colcon.colcon_core.package_identification:_identify(timed/reentrant) by extensions ['cmake', 'python']
[1.182s] Level 1:colcon.colcon_core.package_identification:_identify(timed/reentrant) by extension 'cmake'
[1.183s] Level 1:colcon.colcon_core.package_identification:_identify(timed/reentrant) by extension 'python'
[1.183s] Level 1:colcon.colcon_core.package_identification:_identify(timed/reentrant) by extensions ['python_setup_py']
[1.183s] Level 1:colcon.colcon_core.package_identification:_identify(timed/reentrant) by extension 'python_setup_py'
[1.183s] Level 1:colcon.colcon_core.package_identification:_identify(timed/set0) by extensions ['ignore', 'ignore_ament_install']
[1.184s] Level 1:colcon.colcon_core.package_identification:_identify(timed/set0) by extension 'ignore'
[1.184s] Level 1:colcon.colcon_core.package_identification:_identify(timed/set0) by extension 'ignore_ament_install'
[1.185s] Level 1:colcon.colcon_core.package_identification:_identify(timed/set0) by extensions ['colcon_pkg']
[1.185s] Level 1:colcon.colcon_core.package_identification:_identify(timed/set0) by extension 'colcon_pkg'
[1.185s] Level 1:colcon.colcon_core.package_identification:_identify(timed/set0) by extensions ['colcon_meta']
[1.185s] Level 1:colcon.colcon_core.package_identification:_identify(timed/set0) by extension 'colcon_meta'
[1.185s] Level 1:colcon.colcon_core.package_identification:_identify(timed/set0) by extensions ['ros']
[1.186s] Level 1:colcon.colcon_core.package_identification:_identify(timed/set0) by extension 'ros'
[1.186s] Level 1:colcon.colcon_core.package_identification:_identify(timed/set0) by extensions ['cmake', 'python']
[1.186s] Level 1:colcon.colcon_core.package_identification:_identify(timed/set0) by extension 'cmake'
[1.186s] Level 1:colcon.colcon_core.package_identification:_identify(timed/set0) by extension 'python'
[1.187s] Level 1:colcon.colcon_core.package_identification:_identify(timed/set0) by extensions ['python_setup_py']
[1.187s] Level 1:colcon.colcon_core.package_identification:_identify(timed/set0) by extension 'python_setup_py'
[1.187s] Level 1:colcon.colcon_core.package_identification:_identify(timed/set1) by extensions ['ignore', 'ignore_ament_install']
[1.188s] Level 1:colcon.colcon_core.package_identification:_identify(timed/set1) by extension 'ignore'
[1.189s] Level 1:colcon.colcon_core.package_identification:_identify(timed/set1) by extension 'ignore_ament_install'
[1.190s] Level 1:colcon.colcon_core.package_identification:_identify(timed/set1) by extensions ['colcon_pkg']
[1.190s] Level 1:colcon.colcon_core.package_identification:_identify(timed/set1) by extension 'colcon_pkg'
[1.190s] Level 1:colcon.colcon_core.package_identification:_identify(timed/set1) by extensions ['colcon_meta']
[1.190s] Level 1:colcon.colcon_core.package_identification:_identify(timed/set1) by extension 'colcon_meta'
[1.191s] Level 1:colcon.colcon_core.package_identification:_identify(timed/set1) by extensions ['ros']
[1.191s] Level 1:colcon.colcon_core.package_identification:_identify(timed/set1) by extension 'ros'
[1.192s] Level 1:colcon.colcon_core.package_identification:_identify(timed/set1) by extensions ['cmake', 'python']
[1.192s] Level 1:colcon.colcon_core.package_identification:_identify(timed/set1) by extension 'cmake'
[1.192s] Level 1:colcon.colcon_core.package_identification:_identify(timed/set1) by extension 'python'
[1.192s] Level 1:colcon.colcon_core.package_identification:_identify(timed/set1) by extensions ['python_setup_py']
[1.193s] Level 1:colcon.colcon_core.package_identification:_identify(timed/set1) by extension 'python_setup_py'
[1.193s] Level 1:colcon.colcon_core.package_identification:_identify(timed/set2) by extensions ['ignore', 'ignore_ament_install']
[1.194s] Level 1:colcon.colcon_core.package_identification:_identify(timed/set2) by extension 'ignore'
[1.194s] Level 1:colcon.colcon_core.package_identification:_identify(timed/set2) by extension 'ignore_ament_install'
[1.194s] Level 1:colcon.colcon_core.package_identification:_identify(timed/set2) by extensions ['colcon_pkg']
[1.195s] Level 1:colcon.colcon_core.package_identification:_identify(timed/set2) by extension 'colcon_pkg'
[1.195s] Level 1:colcon.colcon_core.package_identification:_identify(timed/set2) by extensions ['colcon_meta']
[1.195s] Level 1:colcon.colcon_core.package_identification:_identify(timed/set2) by extension 'colcon_meta'
[1.196s] Level 1:colcon.colcon_core.package_identification:_identify(timed/set2) by extensions ['ros']
[1.196s] Level 1:colcon.colcon_core.package_identification:_identify(timed/set2) by extension 'ros'
[1.197s] Level 1:colcon.colcon_core.package_identification:_identify(timed/set2) by extensions ['cmake', 'python']
[1.197s] Level 1:colcon.colcon_core.package_identification:_identify(timed/set2) by extension 'cmake'
[1.197s] Level 1:colcon.colcon_core.package_identification:_identify(timed/set2) by extension 'python'
[1.197s] Level 1:colcon.colcon_core.package_identification:_identify(timed/set2) by extensions ['python_setup_py']
[1.198s] Level 1:colcon.colcon_core.package_identification:_identify(timed/set2) by extension 'python_setup_py'
[1.198s] Level 1:colcon.colcon_core.package_identification:_identify(timed/set3) by extensions ['ignore', 'ignore_ament_install']
[1.199s] Level 1:colcon.colcon_core.package_identification:_identify(timed/set3) by extension 'ignore'
[1.200s] Level 1:colcon.colcon_core.package_identification:_identify(timed/set3) by extension 'ignore_ament_install'
[1.200s] Level 1:colcon.colcon_core.package_identification:_identify(timed/set3) by extensions ['colcon_pkg']
[1.200s] Level 1:colcon.colcon_core.package_identification:_identify(timed/set3) by extension 'colcon_pkg'
[1.200s] Level 1:colcon.colcon_core.package_identification:_identify(timed/set3) by extensions ['colcon_meta']
[1.201s] Level 1:colcon.colcon_core.package_identification:_identify(timed/set3) by extension 'colcon_meta'
[1.201s] Level 1:colcon.colcon_core.package_identification:_identify(timed/set3) by extensions ['ros']
[1.201s] Level 1:colcon.colcon_core.package_identification:_identify(timed/set3) by extension 'ros'
[1.202s] Level 1:colcon.colcon_core.package_identification:_identify(timed/set3) by extensions ['cmake', 'python']
[1.202s] Level 1:colcon.colcon_core.package_identification:_identify(timed/set3) by extension 'cmake'
[1.202s] Level 1:colcon.colcon_core.package_identification:_identify(timed/set3) by extension 'python'
[1.203s] Level 1:colcon.colcon_core.package_identification:_identify(timed/set3) by extensions ['python_setup_py']
[1.203s] Level 1:colcon.colcon_core.package_identification:_identify(timed/set3) by extension 'python_setup_py'
[1.204s] Level 1:colcon.colcon_core.package_identification:_identify(timed/set4) by extensions ['ignore', 'ignore_ament_install']
[1.204s] Level 1:colcon.colcon_core.package_identification:_identify(timed/set4) by extension 'ignore'
[1.205s] Level 1:colcon.colcon_core.package_identification:_identify(timed/set4) by extension 'ignore_ament_install'
[1.205s] Level 1:colcon.colcon_core.package_identification:_identify(timed/set4) by extensions ['colcon_pkg']
[1.205s] Level 1:colcon.colcon_core.package_identification:_identify(timed/set4) by extension 'colcon_pkg'
[1.206s] Level 1:colcon.colcon_core.package_identification:_identify(timed/set4) by extensions ['colcon_meta']
[1.206s] Level 1:colcon.colcon_core.package_identification:_identify(timed/set4) by extension 'colcon_meta'
[1.206s] Level 1:colcon.colcon_core.package_identification:_identify(timed/set4) by extensions ['ros']
[1.206s] Level 1:colcon.colcon_core.package_identification:_identify(timed/set4) by extension 'ros'
[1.207s] Level 1:colcon.colcon_core.package_identification:_identify(timed/set4) by extensions ['cmake', 'python']
[1.207s] Level 1:colcon.colcon_core.package_identification:_identify(timed/set4) by extension 'cmake'
[1.207s] Level 1:colcon.colcon_core.package_identification:_identify(timed/set4) by extension 'python'
[1.208s] Level 1:colcon.colcon_core.package_identification:_identify(timed/set4) by extensions ['python_setup_py']
[1.208s] Level 1:colcon.colcon_core.package_identification:_identify(timed/set4) by extension 'python_setup_py'
[1.208s] Level 1:colcon.colcon_core.package_identification:_identify(timed/set5) by extensions ['ignore', 'ignore_ament_install']
[1.209s] Level 1:colcon.colcon_core.package_identification:_identify(timed/set5) by extension 'ignore'
[1.209s] Level 1:colcon.colcon_core.package_identification:_identify(timed/set5) by extension 'ignore_ament_install'
[1.209s] Level 1:colcon.colcon_core.package_identification:_identify(timed/set5) by extensions ['colcon_pkg']
[1.210s] Level 1:colcon.colcon_core.package_identification:_identify(timed/set5) by extension 'colcon_pkg'
[1.210s] Level 1:colcon.colcon_core.package_identification:_identify(timed/set5) by extensions ['colcon_meta']
[1.210s] Level 1:colcon.colcon_core.package_identification:_identify(timed/set5) by extension 'colcon_meta'
[1.210s] Level 1:colcon.colcon_core.package_identification:_identify(timed/set5) by extensions ['ros']
[1.211s] Level 1:colcon.colcon_core.package_identification:_identify(timed/set5) by extension 'ros'
[1.211s] Level 1:colcon.colcon_core.package_identification:_identify(timed/set5) by extensions ['cmake', 'python']
[1.211s] Level 1:colcon.colcon_core.package_identification:_identify(timed/set5) by extension 'cmake'
[1.212s] Level 1:colcon.colcon_core.package_identification:_identify(timed/set5) by extension 'python'
[1.212s] Level 1:colcon.colcon_core.package_identification:_identify(timed/set5) by extensions ['python_setup_py']
[1.212s] Level 1:colcon.colcon_core.package_identification:_identify(timed/set5) by extension 'python_setup_py'
[1.212s] Level 1:colcon.colcon_core.package_discovery:discover_packages(recursive) using defaults
[1.213s] Level 1:colcon.colcon_core.package_discovery:discover_packages(ignore) discover
[1.214s] Level 1:colcon.colcon_core.package_discovery:discover_packages(ignore) using defaults
[1.214s] Level 1:colcon.colcon_core.package_discovery:discover_packages(path) discover
[1.214s] Level 1:colcon.colcon_core.package_discovery:discover_packages(path) using defaults
[1.335s] Level 5:colcon.colcon_core.verb:set package 'py_pubsub' build argument 'cmake_args' from command line to 'None'
[1.336s] Level 5:colcon.colcon_core.verb:set package 'py_pubsub' build argument 'cmake_target' from command line to 'None'
[1.336s] Level 5:colcon.colcon_core.verb:set package 'py_pubsub' build argument 'cmake_target_skip_unavailable' from command line to 'False'
[1.336s] Level 5:colcon.colcon_core.verb:set package 'py_pubsub' build argument 'cmake_clean_cache' from command line to 'False'
[1.336s] Level 5:colcon.colcon_core.verb:set package 'py_pubsub' build argument 'cmake_clean_first' from command line to 'False'
[1.336s] Level 5:colcon.colcon_core.verb:set package 'py_pubsub' build argument 'cmake_force_configure' from command line to 'False'
[1.337s] Level 5:colcon.colcon_core.verb:set package 'py_pubsub' build argument 'ament_cmake_args' from command line to 'None'
[1.337s] Level 5:colcon.colcon_core.verb:set package 'py_pubsub' build argument 'catkin_cmake_args' from command line to 'None'
[1.337s] Level 5:colcon.colcon_core.verb:set package 'py_pubsub' build argument 'catkin_skip_building_tests' from command line to 'False'
[1.338s] DEBUG:colcon.colcon_core.verb:Building package 'py_pubsub' with the following arguments: {'ament_cmake_args': None, 'build_base': '/home/yan/camps_ws/build/py_pubsub', 'catkin_cmake_args': None, 'catkin_skip_building_tests': False, 'cmake_args': None, 'cmake_clean_cache': False, 'cmake_clean_first': False, 'cmake_force_configure': False, 'cmake_target': None, 'cmake_target_skip_unavailable': False, 'install_base': '/home/yan/camps_ws/install/py_pubsub', 'merge_install': False, 'path': '/home/yan/camps_ws/src/py_pubsub', 'symlink_install': False, 'test_result_base': None}
[1.340s] INFO:colcon.colcon_core.executor:Executing jobs using 'parallel' executor
[1.351s] DEBUG:colcon.colcon_parallel_executor.executor.parallel:run_until_complete
[1.352s] INFO:colcon.colcon_ros.task.ament_python.build:Building ROS package in '/home/yan/camps_ws/src/py_pubsub' with build type 'ament_python'
[1.353s] Level 1:colcon.colcon_core.shell:create_environment_hook('py_pubsub', 'ament_prefix_path')
[1.372s] INFO:colcon.colcon_core.plugin_system:Skipping extension 'colcon_core.shell.bat': Not used on non-Windows systems
[1.373s] INFO:colcon.colcon_core.shell:Creating environment hook '/home/yan/camps_ws/install/py_pubsub/share/py_pubsub/hook/ament_prefix_path.ps1'
[1.378s] INFO:colcon.colcon_core.shell:Creating environment descriptor '/home/yan/camps_ws/install/py_pubsub/share/py_pubsub/hook/ament_prefix_path.dsv'
[1.380s] INFO:colcon.colcon_core.shell:Creating environment hook '/home/yan/camps_ws/install/py_pubsub/share/py_pubsub/hook/ament_prefix_path.sh'
[1.387s] INFO:colcon.colcon_core.shell:Skip shell extension 'powershell' for command environment: Not usable outside of PowerShell
[1.388s] DEBUG:colcon.colcon_core.shell:Skip shell extension 'dsv' for command environment
[1.405s] DEBUG:colcon.colcon_core.shell:Ignoring prefix path '/opt/ros/eloquent'
[2.654s] INFO:colcon.colcon_core.task.python.build:Building Python package in '/home/yan/camps_ws/src/py_pubsub'
[2.660s] INFO:colcon.colcon_core.shell:Skip shell extension 'powershell' for command environment: Not usable outside of PowerShell
[2.661s] DEBUG:colcon.colcon_core.shell:Skip shell extension 'dsv' for command environment
[2.678s] DEBUG:colcon.colcon_core.shell:Ignoring prefix path '/opt/ros/eloquent'
[2.707s] DEBUG:colcon.colcon_core.event_handler.log_command:Invoking command in '/home/yan/camps_ws/src/py_pubsub': PYTHONPATH=/home/yan/camps_ws/install/py_pubsub/lib/python3.6/site-packages:${PYTHONPATH} /usr/bin/python3 setup.py egg_info --egg-base ../../build/py_pubsub build --build-base /home/yan/camps_ws/build/py_pubsub/build install --prefix /home/yan/camps_ws/install/py_pubsub --record /home/yan/camps_ws/build/py_pubsub/install.log --single-version-externally-managed
[4.350s] DEBUG:colcon.colcon_core.event_handler.log_command:Invoked command in '/home/yan/camps_ws/src/py_pubsub' returned '0': PYTHONPATH=/home/yan/camps_ws/install/py_pubsub/lib/python3.6/site-packages:${PYTHONPATH} /usr/bin/python3 setup.py egg_info --egg-base ../../build/py_pubsub build --build-base /home/yan/camps_ws/build/py_pubsub/build install --prefix /home/yan/camps_ws/install/py_pubsub --record /home/yan/camps_ws/build/py_pubsub/install.log --single-version-externally-managed
[4.366s] Level 1:colcon.colcon_core.environment:checking '/home/yan/camps_ws/install/py_pubsub' for CMake module files
[4.370s] Level 1:colcon.colcon_core.environment:checking '/home/yan/camps_ws/install/py_pubsub' for CMake config files
[4.381s] Level 1:colcon.colcon_core.environment:checking '/home/yan/camps_ws/install/py_pubsub/lib'
[4.382s] Level 1:colcon.colcon_core.environment:checking '/home/yan/camps_ws/install/py_pubsub/bin'
[4.383s] Level 1:colcon.colcon_core.environment:checking '/home/yan/camps_ws/install/py_pubsub/lib/pkgconfig/py_pubsub.pc'
[4.384s] Level 1:colcon.colcon_core.environment:checking '/home/yan/camps_ws/install/py_pubsub/lib/python3.6/site-packages'
[4.384s] Level 1:colcon.colcon_core.shell:create_environment_hook('py_pubsub', 'pythonpath')
[4.387s] INFO:colcon.colcon_core.shell:Creating environment hook '/home/yan/camps_ws/install/py_pubsub/share/py_pubsub/hook/pythonpath.ps1'
[4.389s] INFO:colcon.colcon_core.shell:Creating environment descriptor '/home/yan/camps_ws/install/py_pubsub/share/py_pubsub/hook/pythonpath.dsv'
[4.391s] INFO:colcon.colcon_core.shell:Creating environment hook '/home/yan/camps_ws/install/py_pubsub/share/py_pubsub/hook/pythonpath.sh'
[4.393s] Level 1:colcon.colcon_core.environment:create_environment_scripts_only(py_pubsub)
[4.397s] INFO:colcon.colcon_core.shell:Creating package script '/home/yan/camps_ws/install/py_pubsub/share/py_pubsub/package.ps1'
[4.403s] INFO:colcon.colcon_core.shell:Creating package descriptor '/home/yan/camps_ws/install/py_pubsub/share/py_pubsub/package.dsv'
[4.407s] INFO:colcon.colcon_core.shell:Creating package script '/home/yan/camps_ws/install/py_pubsub/share/py_pubsub/package.sh'
[4.412s] INFO:colcon.colcon_core.shell:Creating package script '/home/yan/camps_ws/install/py_pubsub/share/py_pubsub/package.bash'
[4.418s] INFO:colcon.colcon_core.shell:Creating package script '/home/yan/camps_ws/install/py_pubsub/share/py_pubsub/package.zsh'
[4.422s] Level 1:colcon.colcon_core.environment:create_file_with_runtime_dependencies(/home/yan/camps_ws/install/py_pubsub/share/colcon-core/packages/py_pubsub)
[4.423s] DEBUG:colcon.colcon_parallel_executor.executor.parallel:closing loop
[4.425s] DEBUG:colcon.colcon_parallel_executor.executor.parallel:loop closed
[4.425s] DEBUG:colcon.colcon_parallel_executor.executor.parallel:run_until_complete finished with '0'
[4.426s] DEBUG:colcon.colcon_core.event_reactor:joining thread
[4.504s] INFO:colcon.colcon_core.plugin_system:Skipping extension 'colcon_notification.desktop_notification.terminal_notifier': Not used on non-Darwin systems
[4.505s] INFO:colcon.colcon_core.plugin_system:Skipping extension 'colcon_notification.desktop_notification.win32': Not used on non-Windows systems
[4.505s] INFO:colcon.colcon_notification.desktop_notification:Sending desktop notification using 'notify2'
[4.608s] DEBUG:colcon.colcon_core.event_reactor:joined thread
[4.613s] INFO:colcon.colcon_core.shell:Creating prefix script '/home/yan/camps_ws/install/local_setup.ps1'
[4.621s] INFO:colcon.colcon_core.shell:Creating prefix util module '/home/yan/camps_ws/install/_local_setup_util_ps1.py'
[4.633s] INFO:colcon.colcon_core.shell:Creating prefix chain script '/home/yan/camps_ws/install/setup.ps1'
[4.652s] INFO:colcon.colcon_core.shell:Creating prefix script '/home/yan/camps_ws/install/local_setup.sh'
[4.656s] INFO:colcon.colcon_core.shell:Creating prefix util module '/home/yan/camps_ws/install/_local_setup_util_sh.py'
[4.659s] INFO:colcon.colcon_core.shell:Creating prefix chain script '/home/yan/camps_ws/install/setup.sh'
[4.681s] INFO:colcon.colcon_core.shell:Creating prefix script '/home/yan/camps_ws/install/local_setup.bash'
[4.684s] INFO:colcon.colcon_core.shell:Creating prefix chain script '/home/yan/camps_ws/install/setup.bash'
[4.705s] INFO:colcon.colcon_core.shell:Creating prefix script '/home/yan/camps_ws/install/local_setup.zsh'
[4.709s] INFO:colcon.colcon_core.shell:Creating prefix chain script '/home/yan/camps_ws/install/setup.zsh'
