[1.642s] Invoking command in '/home/yan/camps_ws/src/py_pubsub': PYTHONPATH=/home/yan/camps_ws/install/py_pubsub/lib/python3.6/site-packages:${PYTHONPATH} /usr/bin/python3 setup.py egg_info --egg-base ../../build/py_pubsub build --build-base /home/yan/camps_ws/build/py_pubsub/build install --prefix /home/yan/camps_ws/install/py_pubsub --record /home/yan/camps_ws/build/py_pubsub/install.log --single-version-externally-managed
[2.996s] running egg_info
[3.002s] writing ../../build/py_pubsub/py_pubsub.egg-info/PKG-INFO
[3.007s] writing dependency_links to ../../build/py_pubsub/py_pubsub.egg-info/dependency_links.txt
[3.011s] writing entry points to ../../build/py_pubsub/py_pubsub.egg-info/entry_points.txt
[3.014s] writing requirements to ../../build/py_pubsub/py_pubsub.egg-info/requires.txt
[3.015s] writing top-level names to ../../build/py_pubsub/py_pubsub.egg-info/top_level.txt
[3.235s] reading manifest file '../../build/py_pubsub/py_pubsub.egg-info/SOURCES.txt'
[3.245s] writing manifest file '../../build/py_pubsub/py_pubsub.egg-info/SOURCES.txt'
[3.245s] running build
[3.246s] running build_py
[3.248s] copying py_pubsub/subscriber_member_function_timed1.py -> /home/yan/camps_ws/build/py_pubsub/build/lib/py_pubsub
[3.250s] running install
[3.253s] running install_lib
[3.262s] copying /home/yan/camps_ws/build/py_pubsub/build/lib/py_pubsub/subscriber_member_function_timed1.py -> /home/yan/camps_ws/install/py_pubsub/lib/python3.6/site-packages/py_pubsub
[3.268s] byte-compiling /home/yan/camps_ws/install/py_pubsub/lib/python3.6/site-packages/py_pubsub/subscriber_member_function_timed1.py to subscriber_member_function_timed1.cpython-36.pyc
[3.271s] running install_data
[3.275s] running install_egg_info
[3.289s] removing '/home/yan/camps_ws/install/py_pubsub/lib/python3.6/site-packages/py_pubsub-0.0.0-py3.6.egg-info' (and everything under it)
[3.290s] Copying ../../build/py_pubsub/py_pubsub.egg-info to /home/yan/camps_ws/install/py_pubsub/lib/python3.6/site-packages/py_pubsub-0.0.0-py3.6.egg-info
[3.297s] running install_scripts
[3.411s] Installing color script to /home/yan/camps_ws/install/py_pubsub/lib/py_pubsub
[3.412s] Installing csvtojpeg script to /home/yan/camps_ws/install/py_pubsub/lib/py_pubsub
[3.413s] Installing depth script to /home/yan/camps_ws/install/py_pubsub/lib/py_pubsub
[3.413s] Installing infra1 script to /home/yan/camps_ws/install/py_pubsub/lib/py_pubsub
[3.414s] Installing infra2 script to /home/yan/camps_ws/install/py_pubsub/lib/py_pubsub
[3.415s] Installing listener script to /home/yan/camps_ws/install/py_pubsub/lib/py_pubsub
[3.416s] Installing onesensor script to /home/yan/camps_ws/install/py_pubsub/lib/py_pubsub
[3.417s] Installing point script to /home/yan/camps_ws/install/py_pubsub/lib/py_pubsub
[3.417s] Installing subscriber_mutually script to /home/yan/camps_ws/install/py_pubsub/lib/py_pubsub
[3.418s] Installing subscriber_reentrant script to /home/yan/camps_ws/install/py_pubsub/lib/py_pubsub
[3.419s] Installing talker script to /home/yan/camps_ws/install/py_pubsub/lib/py_pubsub
[3.419s] Installing timed script to /home/yan/camps_ws/install/py_pubsub/lib/py_pubsub
[3.420s] Installing timed1 script to /home/yan/camps_ws/install/py_pubsub/lib/py_pubsub
[3.421s] Installing twice script to /home/yan/camps_ws/install/py_pubsub/lib/py_pubsub
[3.422s] writing list of installed files to '/home/yan/camps_ws/build/py_pubsub/install.log'
[3.540s] Invoked command in '/home/yan/camps_ws/src/py_pubsub' returned '0': PYTHONPATH=/home/yan/camps_ws/install/py_pubsub/lib/python3.6/site-packages:${PYTHONPATH} /usr/bin/python3 setup.py egg_info --egg-base ../../build/py_pubsub build --build-base /home/yan/camps_ws/build/py_pubsub/build install --prefix /home/yan/camps_ws/install/py_pubsub --record /home/yan/camps_ws/build/py_pubsub/install.log --single-version-externally-managed
