[2.541s] Invoking command in '/home/yan/camps_ws/src/py_pubsub': PYTHONPATH=/home/yan/camps_ws/install/py_pubsub/lib/python3.6/site-packages:${PYTHONPATH} /usr/bin/python3 setup.py egg_info --egg-base ../../build/py_pubsub build --build-base /home/yan/camps_ws/build/py_pubsub/build install --prefix /home/yan/camps_ws/install/py_pubsub --record /home/yan/camps_ws/build/py_pubsub/install.log --single-version-externally-managed
[4.489s] running egg_info
[4.495s] writing ../../build/py_pubsub/py_pubsub.egg-info/PKG-INFO
[4.496s] writing dependency_links to ../../build/py_pubsub/py_pubsub.egg-info/dependency_links.txt
[4.497s] writing entry points to ../../build/py_pubsub/py_pubsub.egg-info/entry_points.txt
[4.498s] writing requirements to ../../build/py_pubsub/py_pubsub.egg-info/requires.txt
[4.499s] writing top-level names to ../../build/py_pubsub/py_pubsub.egg-info/top_level.txt
[4.792s] reading manifest file '../../build/py_pubsub/py_pubsub.egg-info/SOURCES.txt'
[4.804s] writing manifest file '../../build/py_pubsub/py_pubsub.egg-info/SOURCES.txt'
[4.806s] running build
[4.806s] running build_py
[4.812s] running install
[4.814s] running install_lib
[4.830s] running install_data
[4.832s] running install_egg_info
[4.847s] removing '/home/yan/camps_ws/install/py_pubsub/lib/python3.6/site-packages/py_pubsub-0.0.0-py3.6.egg-info' (and everything under it)
[4.849s] Copying ../../build/py_pubsub/py_pubsub.egg-info to /home/yan/camps_ws/install/py_pubsub/lib/python3.6/site-packages/py_pubsub-0.0.0-py3.6.egg-info
[4.861s] running install_scripts
[4.992s] Installing color script to /home/yan/camps_ws/install/py_pubsub/lib/py_pubsub
[4.994s] Installing depth script to /home/yan/camps_ws/install/py_pubsub/lib/py_pubsub
[4.995s] Installing infra1 script to /home/yan/camps_ws/install/py_pubsub/lib/py_pubsub
[4.996s] Installing infra2 script to /home/yan/camps_ws/install/py_pubsub/lib/py_pubsub
[4.997s] Installing listener script to /home/yan/camps_ws/install/py_pubsub/lib/py_pubsub
[4.998s] Installing onesensor script to /home/yan/camps_ws/install/py_pubsub/lib/py_pubsub
[5.006s] Installing point script to /home/yan/camps_ws/install/py_pubsub/lib/py_pubsub
[5.009s] Installing talker script to /home/yan/camps_ws/install/py_pubsub/lib/py_pubsub
[5.010s] Installing timed script to /home/yan/camps_ws/install/py_pubsub/lib/py_pubsub
[5.011s] Installing twice script to /home/yan/camps_ws/install/py_pubsub/lib/py_pubsub
[5.012s] writing list of installed files to '/home/yan/camps_ws/build/py_pubsub/install.log'
[5.154s] Invoked command in '/home/yan/camps_ws/src/py_pubsub' returned '0': PYTHONPATH=/home/yan/camps_ws/install/py_pubsub/lib/python3.6/site-packages:${PYTHONPATH} /usr/bin/python3 setup.py egg_info --egg-base ../../build/py_pubsub build --build-base /home/yan/camps_ws/build/py_pubsub/build install --prefix /home/yan/camps_ws/install/py_pubsub --record /home/yan/camps_ws/build/py_pubsub/install.log --single-version-externally-managed
