running egg_info
writing ../../build/py_pubsub/py_pubsub.egg-info/PKG-INFO
writing dependency_links to ../../build/py_pubsub/py_pubsub.egg-info/dependency_links.txt
writing entry points to ../../build/py_pubsub/py_pubsub.egg-info/entry_points.txt
writing requirements to ../../build/py_pubsub/py_pubsub.egg-info/requires.txt
writing top-level names to ../../build/py_pubsub/py_pubsub.egg-info/top_level.txt
reading manifest file '../../build/py_pubsub/py_pubsub.egg-info/SOURCES.txt'
writing manifest file '../../build/py_pubsub/py_pubsub.egg-info/SOURCES.txt'
running build
running build_py
copying py_pubsub/subscriber_member_function_point.py -> /home/yan/camps_ws/build/py_pubsub/build/lib/py_pubsub
running install
running install_lib
copying /home/yan/camps_ws/build/py_pubsub/build/lib/py_pubsub/subscriber_member_function_point.py -> /home/yan/camps_ws/install/py_pubsub/lib/python3.6/site-packages/py_pubsub
byte-compiling /home/yan/camps_ws/install/py_pubsub/lib/python3.6/site-packages/py_pubsub/subscriber_member_function_point.py to subscriber_member_function_point.cpython-36.pyc
running install_data
running install_egg_info
removing '/home/yan/camps_ws/install/py_pubsub/lib/python3.6/site-packages/py_pubsub-0.0.0-py3.6.egg-info' (and everything under it)
Copying ../../build/py_pubsub/py_pubsub.egg-info to /home/yan/camps_ws/install/py_pubsub/lib/python3.6/site-packages/py_pubsub-0.0.0-py3.6.egg-info
running install_scripts
Installing color script to /home/yan/camps_ws/install/py_pubsub/lib/py_pubsub
Installing depth script to /home/yan/camps_ws/install/py_pubsub/lib/py_pubsub
Installing infra1 script to /home/yan/camps_ws/install/py_pubsub/lib/py_pubsub
Installing infra2 script to /home/yan/camps_ws/install/py_pubsub/lib/py_pubsub
Installing listener script to /home/yan/camps_ws/install/py_pubsub/lib/py_pubsub
Installing onesensor script to /home/yan/camps_ws/install/py_pubsub/lib/py_pubsub
Installing point script to /home/yan/camps_ws/install/py_pubsub/lib/py_pubsub
Installing talker script to /home/yan/camps_ws/install/py_pubsub/lib/py_pubsub
Installing timed script to /home/yan/camps_ws/install/py_pubsub/lib/py_pubsub
Installing twice script to /home/yan/camps_ws/install/py_pubsub/lib/py_pubsub
writing list of installed files to '/home/yan/camps_ws/build/py_pubsub/install.log'
