[2.122s] Invoking command in '/home/yan/camps_ws/src/py_pubsub': PYTHONPATH=/home/yan/camps_ws/install/py_pubsub/lib/python3.6/site-packages:${PYTHONPATH} /usr/bin/python3 setup.py egg_info --egg-base ../../build/py_pubsub build --build-base /home/yan/camps_ws/build/py_pubsub/build install --prefix /home/yan/camps_ws/install/py_pubsub --record /home/yan/camps_ws/build/py_pubsub/install.log --single-version-externally-managed
[3.944s] running egg_info
[3.948s] writing ../../build/py_pubsub/py_pubsub.egg-info/PKG-INFO
[3.951s] writing dependency_links to ../../build/py_pubsub/py_pubsub.egg-info/dependency_links.txt
[3.952s] writing entry points to ../../build/py_pubsub/py_pubsub.egg-info/entry_points.txt
[3.953s] writing requirements to ../../build/py_pubsub/py_pubsub.egg-info/requires.txt
[3.954s] writing top-level names to ../../build/py_pubsub/py_pubsub.egg-info/top_level.txt
[4.229s] reading manifest file '../../build/py_pubsub/py_pubsub.egg-info/SOURCES.txt'
[4.240s] writing manifest file '../../build/py_pubsub/py_pubsub.egg-info/SOURCES.txt'
[4.241s] running build
[4.242s] running build_py
[4.244s] copying py_pubsub/subscriber_member_function_point.py -> /home/yan/camps_ws/build/py_pubsub/build/lib/py_pubsub
[4.248s] running install
[4.251s] running install_lib
[4.260s] copying /home/yan/camps_ws/build/py_pubsub/build/lib/py_pubsub/subscriber_member_function_point.py -> /home/yan/camps_ws/install/py_pubsub/lib/python3.6/site-packages/py_pubsub
[4.272s] byte-compiling /home/yan/camps_ws/install/py_pubsub/lib/python3.6/site-packages/py_pubsub/subscriber_member_function_point.py to subscriber_member_function_point.cpython-36.pyc
[4.276s] running install_data
[4.286s] running install_egg_info
[4.298s] removing '/home/yan/camps_ws/install/py_pubsub/lib/python3.6/site-packages/py_pubsub-0.0.0-py3.6.egg-info' (and everything under it)
[4.300s] Copying ../../build/py_pubsub/py_pubsub.egg-info to /home/yan/camps_ws/install/py_pubsub/lib/python3.6/site-packages/py_pubsub-0.0.0-py3.6.egg-info
[4.307s] running install_scripts
[4.434s] Installing color script to /home/yan/camps_ws/install/py_pubsub/lib/py_pubsub
[4.435s] Installing depth script to /home/yan/camps_ws/install/py_pubsub/lib/py_pubsub
[4.461s] Installing infra1 script to /home/yan/camps_ws/install/py_pubsub/lib/py_pubsub
[4.462s] Installing infra2 script to /home/yan/camps_ws/install/py_pubsub/lib/py_pubsub
[4.463s] Installing listener script to /home/yan/camps_ws/install/py_pubsub/lib/py_pubsub
[4.464s] Installing onesensor script to /home/yan/camps_ws/install/py_pubsub/lib/py_pubsub
[4.466s] Installing point script to /home/yan/camps_ws/install/py_pubsub/lib/py_pubsub
[4.468s] Installing talker script to /home/yan/camps_ws/install/py_pubsub/lib/py_pubsub
[4.475s] Installing timed script to /home/yan/camps_ws/install/py_pubsub/lib/py_pubsub
[4.475s] Installing twice script to /home/yan/camps_ws/install/py_pubsub/lib/py_pubsub
[4.477s] writing list of installed files to '/home/yan/camps_ws/build/py_pubsub/install.log'
[4.619s] Invoked command in '/home/yan/camps_ws/src/py_pubsub' returned '0': PYTHONPATH=/home/yan/camps_ws/install/py_pubsub/lib/python3.6/site-packages:${PYTHONPATH} /usr/bin/python3 setup.py egg_info --egg-base ../../build/py_pubsub build --build-base /home/yan/camps_ws/build/py_pubsub/build install --prefix /home/yan/camps_ws/install/py_pubsub --record /home/yan/camps_ws/build/py_pubsub/install.log --single-version-externally-managed
