[2.303s] Invoking command in '/home/yan/camps_ws/src/py_pubsub': PYTHONPATH=/home/yan/camps_ws/install/py_pubsub/lib/python3.6/site-packages:${PYTHONPATH} /usr/bin/python3 setup.py egg_info --egg-base ../../build/py_pubsub build --build-base /home/yan/camps_ws/build/py_pubsub/build install --prefix /home/yan/camps_ws/install/py_pubsub --record /home/yan/camps_ws/build/py_pubsub/install.log --single-version-externally-managed
[4.301s] running egg_info
[4.307s] writing ../../build/py_pubsub/py_pubsub.egg-info/PKG-INFO
[4.310s] writing dependency_links to ../../build/py_pubsub/py_pubsub.egg-info/dependency_links.txt
[4.313s] writing entry points to ../../build/py_pubsub/py_pubsub.egg-info/entry_points.txt
[4.316s] writing requirements to ../../build/py_pubsub/py_pubsub.egg-info/requires.txt
[4.319s] writing top-level names to ../../build/py_pubsub/py_pubsub.egg-info/top_level.txt
[4.608s] reading manifest file '../../build/py_pubsub/py_pubsub.egg-info/SOURCES.txt'
[4.617s] writing manifest file '../../build/py_pubsub/py_pubsub.egg-info/SOURCES.txt'
[4.618s] running build
[4.618s] running build_py
[4.619s] copying py_pubsub/subscriber_member_function.py -> /home/yan/camps_ws/build/py_pubsub/build/lib/py_pubsub
[4.624s] running install
[4.626s] running install_lib
[4.633s] copying /home/yan/camps_ws/build/py_pubsub/build/lib/py_pubsub/subscriber_member_function.py -> /home/yan/camps_ws/install/py_pubsub/lib/python3.6/site-packages/py_pubsub
[4.636s] byte-compiling /home/yan/camps_ws/install/py_pubsub/lib/python3.6/site-packages/py_pubsub/subscriber_member_function.py to subscriber_member_function.cpython-36.pyc
[4.639s] running install_data
[4.643s] running install_egg_info
[4.657s] removing '/home/yan/camps_ws/install/py_pubsub/lib/python3.6/site-packages/py_pubsub-0.0.0-py3.6.egg-info' (and everything under it)
[4.659s] Copying ../../build/py_pubsub/py_pubsub.egg-info to /home/yan/camps_ws/install/py_pubsub/lib/python3.6/site-packages/py_pubsub-0.0.0-py3.6.egg-info
[4.666s] running install_scripts
[4.787s] Installing listener script to /home/yan/camps_ws/install/py_pubsub/lib/py_pubsub
[4.790s] Installing talker script to /home/yan/camps_ws/install/py_pubsub/lib/py_pubsub
[4.795s] writing list of installed files to '/home/yan/camps_ws/build/py_pubsub/install.log'
[4.929s] Invoked command in '/home/yan/camps_ws/src/py_pubsub' returned '0': PYTHONPATH=/home/yan/camps_ws/install/py_pubsub/lib/python3.6/site-packages:${PYTHONPATH} /usr/bin/python3 setup.py egg_info --egg-base ../../build/py_pubsub build --build-base /home/yan/camps_ws/build/py_pubsub/build install --prefix /home/yan/camps_ws/install/py_pubsub --record /home/yan/camps_ws/build/py_pubsub/install.log --single-version-externally-managed
