[2.281s] Invoking command in '/home/yan/camps_ws/src/py_pubsub': PYTHONPATH=/home/yan/camps_ws/install/py_pubsub/lib/python3.6/site-packages:${PYTHONPATH} /usr/bin/python3 setup.py egg_info --egg-base ../../build/py_pubsub build --build-base /home/yan/camps_ws/build/py_pubsub/build install --prefix /home/yan/camps_ws/install/py_pubsub --record /home/yan/camps_ws/build/py_pubsub/install.log --single-version-externally-managed
[4.162s] running egg_info
[4.166s] writing ../../build/py_pubsub/py_pubsub.egg-info/PKG-INFO
[4.171s] writing dependency_links to ../../build/py_pubsub/py_pubsub.egg-info/dependency_links.txt
[4.172s] writing entry points to ../../build/py_pubsub/py_pubsub.egg-info/entry_points.txt
[4.173s] writing requirements to ../../build/py_pubsub/py_pubsub.egg-info/requires.txt
[4.174s] writing top-level names to ../../build/py_pubsub/py_pubsub.egg-info/top_level.txt
[4.412s] reading manifest file '../../build/py_pubsub/py_pubsub.egg-info/SOURCES.txt'
[4.422s] writing manifest file '../../build/py_pubsub/py_pubsub.egg-info/SOURCES.txt'
[4.423s] running build
[4.423s] running build_py
[4.426s] copying py_pubsub/subscriber_member_function_point.py -> /home/yan/camps_ws/build/py_pubsub/build/lib/py_pubsub
[4.433s] running install
[4.436s] running install_lib
[4.442s] copying /home/yan/camps_ws/build/py_pubsub/build/lib/py_pubsub/subscriber_member_function_point.py -> /home/yan/camps_ws/install/py_pubsub/lib/python3.6/site-packages/py_pubsub
[4.449s] byte-compiling /home/yan/camps_ws/install/py_pubsub/lib/python3.6/site-packages/py_pubsub/subscriber_member_function_point.py to subscriber_member_function_point.cpython-36.pyc
[4.454s] running install_data
[4.459s] running install_egg_info
[4.470s] removing '/home/yan/camps_ws/install/py_pubsub/lib/python3.6/site-packages/py_pubsub-0.0.0-py3.6.egg-info' (and everything under it)
[4.471s] Copying ../../build/py_pubsub/py_pubsub.egg-info to /home/yan/camps_ws/install/py_pubsub/lib/python3.6/site-packages/py_pubsub-0.0.0-py3.6.egg-info
[4.487s] running install_scripts
[4.598s] Installing color script to /home/yan/camps_ws/install/py_pubsub/lib/py_pubsub
[4.673s] Installing depth script to /home/yan/camps_ws/install/py_pubsub/lib/py_pubsub
[4.677s] Installing infra1 script to /home/yan/camps_ws/install/py_pubsub/lib/py_pubsub
[4.682s] Installing infra2 script to /home/yan/camps_ws/install/py_pubsub/lib/py_pubsub
[4.690s] Installing listener script to /home/yan/camps_ws/install/py_pubsub/lib/py_pubsub
[4.693s] Installing onesensor script to /home/yan/camps_ws/install/py_pubsub/lib/py_pubsub
[4.701s] Installing point script to /home/yan/camps_ws/install/py_pubsub/lib/py_pubsub
[4.704s] Installing talker script to /home/yan/camps_ws/install/py_pubsub/lib/py_pubsub
[4.704s] Installing timed script to /home/yan/camps_ws/install/py_pubsub/lib/py_pubsub
[4.705s] Installing twice script to /home/yan/camps_ws/install/py_pubsub/lib/py_pubsub
[4.706s] writing list of installed files to '/home/yan/camps_ws/build/py_pubsub/install.log'
[4.887s] Invoked command in '/home/yan/camps_ws/src/py_pubsub' returned '0': PYTHONPATH=/home/yan/camps_ws/install/py_pubsub/lib/python3.6/site-packages:${PYTHONPATH} /usr/bin/python3 setup.py egg_info --egg-base ../../build/py_pubsub build --build-base /home/yan/camps_ws/build/py_pubsub/build install --prefix /home/yan/camps_ws/install/py_pubsub --record /home/yan/camps_ws/build/py_pubsub/install.log --single-version-externally-managed
