[0.172s] Invoking command in '/home/yan/camps_ws/build/realsense_camera_msgs': CMAKE_PREFIX_PATH=${CMAKE_PREFIX_PATH}:/home/yan/camps_ws/install/py_pubsub:/opt/ros/dashing /usr/bin/cmake --build /home/yan/camps_ws/build/realsense_camera_msgs -- -j4 -l4
[0.500s] [  2%] Built target realsense_camera_msgs__cpp
[0.531s] [ 13%] Built target realsense_camera_msgs__rosidl_generator_c
[0.668s] [ 24%] Built target realsense_camera_msgs__rosidl_typesupport_introspection_c
[0.711s] [ 35%] Built target realsense_camera_msgs__rosidl_typesupport_fastrtps_cpp
[0.722s] [ 45%] Built target realsense_camera_msgs__rosidl_typesupport_introspection_cpp
[0.882s] [ 56%] Built target realsense_camera_msgs__rosidl_typesupport_fastrtps_c
[0.893s] [ 67%] Built target realsense_camera_msgs__rosidl_typesupport_cpp
[1.018s] [ 78%] Built target realsense_camera_msgs__rosidl_typesupport_c
[1.115s] [ 78%] Built target realsense_camera_msgs
[1.212s] [ 81%] Built target realsense_camera_msgs__py
[1.367s] [ 89%] Built target realsense_camera_msgs__python
[1.517s] [ 94%] Built target realsense_camera_msgs__rosidl_typesupport_fastrtps_c__pyext
[1.525s] [100%] Built target realsense_camera_msgs__rosidl_typesupport_c__pyext
[1.953s] Invoked command in '/home/yan/camps_ws/build/realsense_camera_msgs' returned '0': CMAKE_PREFIX_PATH=${CMAKE_PREFIX_PATH}:/home/yan/camps_ws/install/py_pubsub:/opt/ros/dashing /usr/bin/cmake --build /home/yan/camps_ws/build/realsense_camera_msgs -- -j4 -l4
[2.357s] Invoking command in '/home/yan/camps_ws/build/realsense_camera_msgs': CMAKE_PREFIX_PATH=${CMAKE_PREFIX_PATH}:/home/yan/camps_ws/install/py_pubsub:/opt/ros/dashing /usr/bin/cmake --build /home/yan/camps_ws/build/realsense_camera_msgs --target install -- -j4 -l4
[2.613s] [ 10%] Built target realsense_camera_msgs__rosidl_generator_c
[2.614s] [ 13%] Built target realsense_camera_msgs__cpp
[2.841s] [ 24%] Built target realsense_camera_msgs__rosidl_typesupport_introspection_cpp
[2.854s] [ 35%] Built target realsense_camera_msgs__rosidl_typesupport_introspection_c
[2.878s] [ 45%] Built target realsense_camera_msgs__rosidl_typesupport_fastrtps_cpp
[3.025s] [ 67%] Built target realsense_camera_msgs__rosidl_typesupport_fastrtps_c
[3.026s] [ 67%] Built target realsense_camera_msgs__rosidl_typesupport_cpp
[3.161s] [ 78%] Built target realsense_camera_msgs__rosidl_typesupport_c
[3.253s] [ 78%] Built target realsense_camera_msgs
[3.347s] [ 81%] Built target realsense_camera_msgs__py
[3.484s] [ 89%] Built target realsense_camera_msgs__python
[3.621s] [ 94%] Built target realsense_camera_msgs__rosidl_typesupport_c__pyext
[3.639s] [100%] Built target realsense_camera_msgs__rosidl_typesupport_fastrtps_c__pyext
[3.724s] [36mInstall the project...[0m
[3.768s] -- Install configuration: ""
[3.769s] -- Up-to-date: /home/yan/camps_ws/install/realsense_camera_msgs/share/ament_index/resource_index/rosidl_interfaces/realsense_camera_msgs
[3.770s] -- Up-to-date: /home/yan/camps_ws/install/realsense_camera_msgs/lib/librealsense_camera_msgs__rosidl_typesupport_c.so
[3.771s] -- Up-to-date: /home/yan/camps_ws/install/realsense_camera_msgs/share/realsense_camera_msgs/environment/library_path.sh
[3.773s] -- Up-to-date: /home/yan/camps_ws/install/realsense_camera_msgs/lib/librealsense_camera_msgs__rosidl_typesupport_cpp.so
[3.773s] -- Up-to-date: /home/yan/camps_ws/install/realsense_camera_msgs/include/realsense_camera_msgs
[3.774s] -- Up-to-date: /home/yan/camps_ws/install/realsense_camera_msgs/include/realsense_camera_msgs/msg
[3.776s] -- Up-to-date: /home/yan/camps_ws/install/realsense_camera_msgs/include/realsense_camera_msgs/msg/rosidl_typesupport_fastrtps_c__visibility_control.h
[3.777s] -- Up-to-date: /home/yan/camps_ws/install/realsense_camera_msgs/include/realsense_camera_msgs/msg/imu_info__rosidl_typesupport_fastrtps_c.h
[3.778s] -- Up-to-date: /home/yan/camps_ws/install/realsense_camera_msgs/include/realsense_camera_msgs/msg/extrinsics__rosidl_typesupport_fastrtps_c.h
[3.779s] -- Up-to-date: /home/yan/camps_ws/install/realsense_camera_msgs/lib/librealsense_camera_msgs__rosidl_typesupport_fastrtps_c.so
[3.780s] -- Up-to-date: /home/yan/camps_ws/install/realsense_camera_msgs/include/realsense_camera_msgs
[3.781s] -- Up-to-date: /home/yan/camps_ws/install/realsense_camera_msgs/include/realsense_camera_msgs/msg
[3.781s] -- Up-to-date: /home/yan/camps_ws/install/realsense_camera_msgs/include/realsense_camera_msgs/msg/extrinsics__functions.c
[3.782s] -- Up-to-date: /home/yan/camps_ws/install/realsense_camera_msgs/include/realsense_camera_msgs/msg/imu_info__struct.h
[3.783s] -- Up-to-date: /home/yan/camps_ws/install/realsense_camera_msgs/include/realsense_camera_msgs/msg/imu_info__functions.c
[3.784s] -- Up-to-date: /home/yan/camps_ws/install/realsense_camera_msgs/include/realsense_camera_msgs/msg/extrinsics.h
[3.785s] -- Up-to-date: /home/yan/camps_ws/install/realsense_camera_msgs/include/realsense_camera_msgs/msg/imu_info__functions.h
[3.786s] -- Up-to-date: /home/yan/camps_ws/install/realsense_camera_msgs/include/realsense_camera_msgs/msg/extrinsics__functions.h
[3.787s] -- Up-to-date: /home/yan/camps_ws/install/realsense_camera_msgs/include/realsense_camera_msgs/msg/imu_info__type_support.h
[3.788s] -- Up-to-date: /home/yan/camps_ws/install/realsense_camera_msgs/include/realsense_camera_msgs/msg/rosidl_generator_c__visibility_control.h
[3.789s] -- Up-to-date: /home/yan/camps_ws/install/realsense_camera_msgs/include/realsense_camera_msgs/msg/extrinsics__struct.h
[3.790s] -- Up-to-date: /home/yan/camps_ws/install/realsense_camera_msgs/include/realsense_camera_msgs/msg/imu_info.h
[3.790s] -- Up-to-date: /home/yan/camps_ws/install/realsense_camera_msgs/include/realsense_camera_msgs/msg/extrinsics__type_support.h
[3.791s] -- Up-to-date: /home/yan/camps_ws/install/realsense_camera_msgs/lib/librealsense_camera_msgs__rosidl_generator_c.so
[3.792s] -- Up-to-date: /home/yan/camps_ws/install/realsense_camera_msgs/include/realsense_camera_msgs
[3.795s] -- Up-to-date: /home/yan/camps_ws/install/realsense_camera_msgs/include/realsense_camera_msgs/msg
[3.796s] -- Up-to-date: /home/yan/camps_ws/install/realsense_camera_msgs/include/realsense_camera_msgs/msg/rosidl_typesupport_fastrtps_cpp__visibility_control.h
[3.796s] -- Up-to-date: /home/yan/camps_ws/install/realsense_camera_msgs/include/realsense_camera_msgs/msg/imu_info__rosidl_typesupport_fastrtps_cpp.hpp
[3.797s] -- Up-to-date: /home/yan/camps_ws/install/realsense_camera_msgs/include/realsense_camera_msgs/msg/dds_fastrtps
[3.797s] -- Up-to-date: /home/yan/camps_ws/install/realsense_camera_msgs/include/realsense_camera_msgs/msg/extrinsics__rosidl_typesupport_fastrtps_cpp.hpp
[3.798s] -- Up-to-date: /home/yan/camps_ws/install/realsense_camera_msgs/lib/librealsense_camera_msgs__rosidl_typesupport_fastrtps_cpp.so
[3.799s] -- Up-to-date: /home/yan/camps_ws/install/realsense_camera_msgs/include/realsense_camera_msgs
[3.800s] -- Up-to-date: /home/yan/camps_ws/install/realsense_camera_msgs/include/realsense_camera_msgs/msg
[3.800s] -- Up-to-date: /home/yan/camps_ws/install/realsense_camera_msgs/include/realsense_camera_msgs/msg/imu_info.hpp
[3.801s] -- Up-to-date: /home/yan/camps_ws/install/realsense_camera_msgs/include/realsense_camera_msgs/msg/extrinsics__traits.hpp
[3.801s] -- Up-to-date: /home/yan/camps_ws/install/realsense_camera_msgs/include/realsense_camera_msgs/msg/imu_info__struct.hpp
[3.802s] -- Up-to-date: /home/yan/camps_ws/install/realsense_camera_msgs/include/realsense_camera_msgs/msg/imu_info__traits.hpp
[3.803s] -- Up-to-date: /home/yan/camps_ws/install/realsense_camera_msgs/include/realsense_camera_msgs/msg/extrinsics.hpp
[3.803s] -- Up-to-date: /home/yan/camps_ws/install/realsense_camera_msgs/include/realsense_camera_msgs/msg/extrinsics__struct.hpp
[3.804s] -- Up-to-date: /home/yan/camps_ws/install/realsense_camera_msgs/include/realsense_camera_msgs
[3.805s] -- Up-to-date: /home/yan/camps_ws/install/realsense_camera_msgs/include/realsense_camera_msgs/msg
[3.805s] -- Up-to-date: /home/yan/camps_ws/install/realsense_camera_msgs/include/realsense_camera_msgs/msg/imu_info__rosidl_typesupport_introspection_c.h
[3.806s] -- Up-to-date: /home/yan/camps_ws/install/realsense_camera_msgs/include/realsense_camera_msgs/msg/extrinsics__rosidl_typesupport_introspection_c.h
[3.807s] -- Up-to-date: /home/yan/camps_ws/install/realsense_camera_msgs/include/realsense_camera_msgs/msg/imu_info__type_support.c
[3.807s] -- Up-to-date: /home/yan/camps_ws/install/realsense_camera_msgs/include/realsense_camera_msgs/msg/extrinsics__type_support.c
[3.808s] -- Up-to-date: /home/yan/camps_ws/install/realsense_camera_msgs/include/realsense_camera_msgs/msg/rosidl_typesupport_introspection_c__visibility_control.h
[3.808s] -- Up-to-date: /home/yan/camps_ws/install/realsense_camera_msgs/lib/librealsense_camera_msgs__rosidl_typesupport_introspection_c.so
[3.809s] -- Up-to-date: /home/yan/camps_ws/install/realsense_camera_msgs/include/realsense_camera_msgs
[3.809s] -- Up-to-date: /home/yan/camps_ws/install/realsense_camera_msgs/include/realsense_camera_msgs/msg
[3.810s] -- Up-to-date: /home/yan/camps_ws/install/realsense_camera_msgs/include/realsense_camera_msgs/msg/imu_info__rosidl_typesupport_introspection_cpp.hpp
[3.812s] -- Up-to-date: /home/yan/camps_ws/install/realsense_camera_msgs/include/realsense_camera_msgs/msg/extrinsics__rosidl_typesupport_introspection_cpp.hpp
[3.812s] -- Up-to-date: /home/yan/camps_ws/install/realsense_camera_msgs/include/realsense_camera_msgs/msg/imu_info__type_support.cpp
[3.813s] -- Up-to-date: /home/yan/camps_ws/install/realsense_camera_msgs/include/realsense_camera_msgs/msg/extrinsics__type_support.cpp
[3.813s] -- Up-to-date: /home/yan/camps_ws/install/realsense_camera_msgs/lib/librealsense_camera_msgs__rosidl_typesupport_introspection_cpp.so
[3.814s] -- Up-to-date: /home/yan/camps_ws/install/realsense_camera_msgs/share/realsense_camera_msgs/environment/pythonpath.sh
[3.814s] -- Up-to-date: /home/yan/camps_ws/install/realsense_camera_msgs/lib/python3.6/site-packages/realsense_camera_msgs/__init__.py
[4.021s] -- Up-to-date: /home/yan/camps_ws/install/realsense_camera_msgs/lib/python3.6/site-packages/realsense_camera_msgs/msg
[4.028s] -- Up-to-date: /home/yan/camps_ws/install/realsense_camera_msgs/lib/python3.6/site-packages/realsense_camera_msgs/msg/_imu_info_s.c
[4.029s] -- Up-to-date: /home/yan/camps_ws/install/realsense_camera_msgs/lib/python3.6/site-packages/realsense_camera_msgs/msg/_extrinsics.py
[4.030s] -- Up-to-date: /home/yan/camps_ws/install/realsense_camera_msgs/lib/python3.6/site-packages/realsense_camera_msgs/msg/__init__.py
[4.031s] -- Up-to-date: /home/yan/camps_ws/install/realsense_camera_msgs/lib/python3.6/site-packages/realsense_camera_msgs/msg/_extrinsics_s.c
[4.031s] -- Up-to-date: /home/yan/camps_ws/install/realsense_camera_msgs/lib/python3.6/site-packages/realsense_camera_msgs/msg/_imu_info.py
[4.036s] -- Up-to-date: /home/yan/camps_ws/install/realsense_camera_msgs/lib/python3.6/site-packages/realsense_camera_msgs/realsense_camera_msgs_s__rosidl_typesupport_c.cpython-36m-aarch64-linux-gnu.so
[4.038s] -- Up-to-date: /home/yan/camps_ws/install/realsense_camera_msgs/lib/python3.6/site-packages/realsense_camera_msgs/realsense_camera_msgs_s__rosidl_typesupport_fastrtps_c.cpython-36m-aarch64-linux-gnu.so
[4.039s] -- Up-to-date: /home/yan/camps_ws/install/realsense_camera_msgs/lib/librealsense_camera_msgs__python.so
[4.041s] -- Up-to-date: /home/yan/camps_ws/install/realsense_camera_msgs/share/realsense_camera_msgs/msg/IMUInfo.idl
[4.047s] -- Up-to-date: /home/yan/camps_ws/install/realsense_camera_msgs/share/realsense_camera_msgs/msg/Extrinsics.idl
[4.048s] -- Up-to-date: /home/yan/camps_ws/install/realsense_camera_msgs/share/realsense_camera_msgs/msg/IMUInfo.msg
[4.050s] -- Up-to-date: /home/yan/camps_ws/install/realsense_camera_msgs/share/realsense_camera_msgs/msg/Extrinsics.msg
[4.051s] -- Up-to-date: /home/yan/camps_ws/install/realsense_camera_msgs/share/ament_index/resource_index/package_run_dependencies/realsense_camera_msgs
[4.051s] -- Up-to-date: /home/yan/camps_ws/install/realsense_camera_msgs/share/ament_index/resource_index/parent_prefix_path/realsense_camera_msgs
[4.052s] -- Up-to-date: /home/yan/camps_ws/install/realsense_camera_msgs/share/realsense_camera_msgs/environment/ament_prefix_path.sh
[4.053s] -- Up-to-date: /home/yan/camps_ws/install/realsense_camera_msgs/share/realsense_camera_msgs/environment/path.sh
[4.054s] -- Up-to-date: /home/yan/camps_ws/install/realsense_camera_msgs/share/realsense_camera_msgs/local_setup.bash
[4.055s] -- Up-to-date: /home/yan/camps_ws/install/realsense_camera_msgs/share/realsense_camera_msgs/local_setup.sh
[4.055s] -- Up-to-date: /home/yan/camps_ws/install/realsense_camera_msgs/share/realsense_camera_msgs/local_setup.zsh
[4.056s] -- Up-to-date: /home/yan/camps_ws/install/realsense_camera_msgs/share/ament_index/resource_index/packages/realsense_camera_msgs
[4.058s] -- Up-to-date: /home/yan/camps_ws/install/realsense_camera_msgs/share/realsense_camera_msgs/cmake/rosidl_cmake-extras.cmake
[4.061s] -- Up-to-date: /home/yan/camps_ws/install/realsense_camera_msgs/share/realsense_camera_msgs/cmake/ament_cmake_export_dependencies-extras.cmake
[4.062s] -- Up-to-date: /home/yan/camps_ws/install/realsense_camera_msgs/share/realsense_camera_msgs/cmake/ament_cmake_export_libraries-extras.cmake
[4.063s] -- Up-to-date: /home/yan/camps_ws/install/realsense_camera_msgs/share/realsense_camera_msgs/cmake/ament_cmake_export_include_directories-extras.cmake
[4.065s] -- Up-to-date: /home/yan/camps_ws/install/realsense_camera_msgs/share/realsense_camera_msgs/cmake/realsense_camera_msgsConfig.cmake
[4.066s] -- Up-to-date: /home/yan/camps_ws/install/realsense_camera_msgs/share/realsense_camera_msgs/cmake/realsense_camera_msgsConfig-version.cmake
[4.067s] -- Up-to-date: /home/yan/camps_ws/install/realsense_camera_msgs/share/realsense_camera_msgs/package.xml
[4.070s] Invoked command in '/home/yan/camps_ws/build/realsense_camera_msgs' returned '0': CMAKE_PREFIX_PATH=${CMAKE_PREFIX_PATH}:/home/yan/camps_ws/install/py_pubsub:/opt/ros/dashing /usr/bin/cmake --build /home/yan/camps_ws/build/realsense_camera_msgs --target install -- -j4 -l4
