[1.316s] DEBUG:colcon:Command line arguments: ['/usr/bin/colcon', 'build']
[1.316s] DEBUG:colcon:Parsed command line arguments: Namespace(ament_cmake_args=None, base_paths=['.'], build_base='build', catkin_cmake_args=None, catkin_skip_building_tests=False, cmake_args=None, cmake_clean_cache=False, cmake_clean_first=False, cmake_force_configure=False, cmake_target=None, cmake_target_skip_unavailable=False, continue_on_error=False, event_handlers=None, executor='parallel', ignore_user_meta=False, install_base='install', log_base=None, log_level=None, main=<bound method BuildVerb.main of <colcon_core.verb.build.BuildVerb object at 0x7f8dd637f0>>, merge_install=False, metas=['./colcon.meta'], packages_above=None, packages_above_and_dependencies=None, packages_above_depth=None, packages_end=None, packages_ignore=None, packages_ignore_regex=None, packages_select=None, packages_select_build_failed=False, packages_select_by_dep=None, packages_select_regex=None, packages_select_test_failures=False, packages_skip=None, packages_skip_build_finished=False, packages_skip_by_dep=None, packages_skip_regex=None, packages_skip_test_passed=False, packages_skip_up_to=None, packages_start=None, packages_up_to=None, packages_up_to_regex=None, parallel_workers=4, paths=None, symlink_install=False, test_result_base=None, verb_extension=<colcon_core.verb.build.BuildVerb object at 0x7f8dd637f0>, verb_name='build', verb_parser=<colcon_defaults.argument_parser.defaults.DefaultArgumentsDecorator object at 0x7f8dd63a58>)
[1.361s] Level 1:colcon.colcon_core.package_discovery:discover_packages(colcon_meta) check parameters
[1.362s] Level 1:colcon.colcon_core.package_discovery:discover_packages(recursive) check parameters
[1.362s] Level 1:colcon.colcon_core.package_discovery:discover_packages(ignore) check parameters
[1.362s] Level 1:colcon.colcon_core.package_discovery:discover_packages(path) check parameters
[1.362s] Level 1:colcon.colcon_core.package_discovery:discover_packages(colcon_meta) discover
[1.364s] Level 1:colcon.colcon_core.package_discovery:discover_packages(recursive) discover
[1.364s] INFO:colcon.colcon_core.package_discovery:Crawling recursively for packages in '/home/yan/camps_ws'
[1.365s] Level 1:colcon.colcon_core.package_identification:_identify(.) by extensions ['ignore', 'ignore_ament_install']
[1.365s] Level 1:colcon.colcon_core.package_identification:_identify(.) by extension 'ignore'
[1.366s] Level 1:colcon.colcon_core.package_identification:_identify(.) by extension 'ignore_ament_install'
[1.366s] Level 1:colcon.colcon_core.package_identification:_identify(.) by extensions ['colcon_pkg']
[1.366s] Level 1:colcon.colcon_core.package_identification:_identify(.) by extension 'colcon_pkg'
[1.366s] Level 1:colcon.colcon_core.package_identification:_identify(.) by extensions ['colcon_meta']
[1.367s] Level 1:colcon.colcon_core.package_identification:_identify(.) by extension 'colcon_meta'
[1.367s] Level 1:colcon.colcon_core.package_identification:_identify(.) by extensions ['ros']
[1.367s] Level 1:colcon.colcon_core.package_identification:_identify(.) by extension 'ros'
[1.441s] Level 1:colcon.colcon_core.package_identification:_identify(.) by extensions ['cmake', 'python']
[1.441s] Level 1:colcon.colcon_core.package_identification:_identify(.) by extension 'cmake'
[1.442s] Level 1:colcon.colcon_core.package_identification:_identify(.) by extension 'python'
[1.442s] Level 1:colcon.colcon_core.package_identification:_identify(.) by extensions ['python_setup_py']
[1.442s] Level 1:colcon.colcon_core.package_identification:_identify(.) by extension 'python_setup_py'
[1.443s] Level 1:colcon.colcon_core.package_identification:_identify(build) by extensions ['ignore', 'ignore_ament_install']
[1.443s] Level 1:colcon.colcon_core.package_identification:_identify(build) by extension 'ignore'
[1.444s] Level 1:colcon.colcon_core.package_identification:_identify(build) ignored
[1.445s] Level 1:colcon.colcon_core.package_identification:_identify(example_imgs) by extensions ['ignore', 'ignore_ament_install']
[1.446s] Level 1:colcon.colcon_core.package_identification:_identify(example_imgs) by extension 'ignore'
[1.446s] Level 1:colcon.colcon_core.package_identification:_identify(example_imgs) by extension 'ignore_ament_install'
[1.447s] Level 1:colcon.colcon_core.package_identification:_identify(example_imgs) by extensions ['colcon_pkg']
[1.447s] Level 1:colcon.colcon_core.package_identification:_identify(example_imgs) by extension 'colcon_pkg'
[1.447s] Level 1:colcon.colcon_core.package_identification:_identify(example_imgs) by extensions ['colcon_meta']
[1.448s] Level 1:colcon.colcon_core.package_identification:_identify(example_imgs) by extension 'colcon_meta'
[1.448s] Level 1:colcon.colcon_core.package_identification:_identify(example_imgs) by extensions ['ros']
[1.448s] Level 1:colcon.colcon_core.package_identification:_identify(example_imgs) by extension 'ros'
[1.449s] Level 1:colcon.colcon_core.package_identification:_identify(example_imgs) by extensions ['cmake', 'python']
[1.449s] Level 1:colcon.colcon_core.package_identification:_identify(example_imgs) by extension 'cmake'
[1.449s] Level 1:colcon.colcon_core.package_identification:_identify(example_imgs) by extension 'python'
[1.449s] Level 1:colcon.colcon_core.package_identification:_identify(example_imgs) by extensions ['python_setup_py']
[1.450s] Level 1:colcon.colcon_core.package_identification:_identify(example_imgs) by extension 'python_setup_py'
[1.450s] Level 1:colcon.colcon_core.package_identification:_identify(install) by extensions ['ignore', 'ignore_ament_install']
[1.451s] Level 1:colcon.colcon_core.package_identification:_identify(install) by extension 'ignore'
[1.451s] Level 1:colcon.colcon_core.package_identification:_identify(install) ignored
[1.453s] Level 1:colcon.colcon_core.package_identification:_identify(log) by extensions ['ignore', 'ignore_ament_install']
[1.454s] Level 1:colcon.colcon_core.package_identification:_identify(log) by extension 'ignore'
[1.454s] Level 1:colcon.colcon_core.package_identification:_identify(log) ignored
[1.454s] Level 1:colcon.colcon_core.package_identification:_identify(src) by extensions ['ignore', 'ignore_ament_install']
[1.455s] Level 1:colcon.colcon_core.package_identification:_identify(src) by extension 'ignore'
[1.455s] Level 1:colcon.colcon_core.package_identification:_identify(src) by extension 'ignore_ament_install'
[1.455s] Level 1:colcon.colcon_core.package_identification:_identify(src) by extensions ['colcon_pkg']
[1.455s] Level 1:colcon.colcon_core.package_identification:_identify(src) by extension 'colcon_pkg'
[1.456s] Level 1:colcon.colcon_core.package_identification:_identify(src) by extensions ['colcon_meta']
[1.456s] Level 1:colcon.colcon_core.package_identification:_identify(src) by extension 'colcon_meta'
[1.456s] Level 1:colcon.colcon_core.package_identification:_identify(src) by extensions ['ros']
[1.456s] Level 1:colcon.colcon_core.package_identification:_identify(src) by extension 'ros'
[1.457s] Level 1:colcon.colcon_core.package_identification:_identify(src) by extensions ['cmake', 'python']
[1.457s] Level 1:colcon.colcon_core.package_identification:_identify(src) by extension 'cmake'
[1.457s] Level 1:colcon.colcon_core.package_identification:_identify(src) by extension 'python'
[1.458s] Level 1:colcon.colcon_core.package_identification:_identify(src) by extensions ['python_setup_py']
[1.458s] Level 1:colcon.colcon_core.package_identification:_identify(src) by extension 'python_setup_py'
[1.458s] Level 1:colcon.colcon_core.package_identification:_identify(src/py_pubsub) by extensions ['ignore', 'ignore_ament_install']
[1.459s] Level 1:colcon.colcon_core.package_identification:_identify(src/py_pubsub) by extension 'ignore'
[1.459s] Level 1:colcon.colcon_core.package_identification:_identify(src/py_pubsub) by extension 'ignore_ament_install'
[1.459s] Level 1:colcon.colcon_core.package_identification:_identify(src/py_pubsub) by extensions ['colcon_pkg']
[1.460s] Level 1:colcon.colcon_core.package_identification:_identify(src/py_pubsub) by extension 'colcon_pkg'
[1.460s] Level 1:colcon.colcon_core.package_identification:_identify(src/py_pubsub) by extensions ['colcon_meta']
[1.460s] Level 1:colcon.colcon_core.package_identification:_identify(src/py_pubsub) by extension 'colcon_meta'
[1.460s] Level 1:colcon.colcon_core.package_identification:_identify(src/py_pubsub) by extensions ['ros']
[1.460s] Level 1:colcon.colcon_core.package_identification:_identify(src/py_pubsub) by extension 'ros'
[1.478s] DEBUG:colcon.colcon_core.package_identification:Package 'src/py_pubsub' with type 'ros.ament_python' and name 'py_pubsub'
[1.479s] Level 1:colcon.colcon_core.package_identification:_identify(timed) by extensions ['ignore', 'ignore_ament_install']
[1.480s] Level 1:colcon.colcon_core.package_identification:_identify(timed) by extension 'ignore'
[1.480s] Level 1:colcon.colcon_core.package_identification:_identify(timed) by extension 'ignore_ament_install'
[1.480s] Level 1:colcon.colcon_core.package_identification:_identify(timed) by extensions ['colcon_pkg']
[1.481s] Level 1:colcon.colcon_core.package_identification:_identify(timed) by extension 'colcon_pkg'
[1.481s] Level 1:colcon.colcon_core.package_identification:_identify(timed) by extensions ['colcon_meta']
[1.481s] Level 1:colcon.colcon_core.package_identification:_identify(timed) by extension 'colcon_meta'
[1.482s] Level 1:colcon.colcon_core.package_identification:_identify(timed) by extensions ['ros']
[1.482s] Level 1:colcon.colcon_core.package_identification:_identify(timed) by extension 'ros'
[1.482s] Level 1:colcon.colcon_core.package_identification:_identify(timed) by extensions ['cmake', 'python']
[1.482s] Level 1:colcon.colcon_core.package_identification:_identify(timed) by extension 'cmake'
[1.483s] Level 1:colcon.colcon_core.package_identification:_identify(timed) by extension 'python'
[1.483s] Level 1:colcon.colcon_core.package_identification:_identify(timed) by extensions ['python_setup_py']
[1.483s] Level 1:colcon.colcon_core.package_identification:_identify(timed) by extension 'python_setup_py'
[1.484s] Level 1:colcon.colcon_core.package_identification:_identify(timed/csv) by extensions ['ignore', 'ignore_ament_install']
[1.484s] Level 1:colcon.colcon_core.package_identification:_identify(timed/csv) by extension 'ignore'
[1.485s] Level 1:colcon.colcon_core.package_identification:_identify(timed/csv) by extension 'ignore_ament_install'
[1.485s] Level 1:colcon.colcon_core.package_identification:_identify(timed/csv) by extensions ['colcon_pkg']
[1.485s] Level 1:colcon.colcon_core.package_identification:_identify(timed/csv) by extension 'colcon_pkg'
[1.485s] Level 1:colcon.colcon_core.package_identification:_identify(timed/csv) by extensions ['colcon_meta']
[1.485s] Level 1:colcon.colcon_core.package_identification:_identify(timed/csv) by extension 'colcon_meta'
[1.486s] Level 1:colcon.colcon_core.package_identification:_identify(timed/csv) by extensions ['ros']
[1.486s] Level 1:colcon.colcon_core.package_identification:_identify(timed/csv) by extension 'ros'
[1.486s] Level 1:colcon.colcon_core.package_identification:_identify(timed/csv) by extensions ['cmake', 'python']
[1.487s] Level 1:colcon.colcon_core.package_identification:_identify(timed/csv) by extension 'cmake'
[1.487s] Level 1:colcon.colcon_core.package_identification:_identify(timed/csv) by extension 'python'
[1.487s] Level 1:colcon.colcon_core.package_identification:_identify(timed/csv) by extensions ['python_setup_py']
[1.487s] Level 1:colcon.colcon_core.package_identification:_identify(timed/csv) by extension 'python_setup_py'
[1.489s] Level 1:colcon.colcon_core.package_identification:_identify(timed/images) by extensions ['ignore', 'ignore_ament_install']
[1.490s] Level 1:colcon.colcon_core.package_identification:_identify(timed/images) by extension 'ignore'
[1.490s] Level 1:colcon.colcon_core.package_identification:_identify(timed/images) by extension 'ignore_ament_install'
[1.490s] Level 1:colcon.colcon_core.package_identification:_identify(timed/images) by extensions ['colcon_pkg']
[1.490s] Level 1:colcon.colcon_core.package_identification:_identify(timed/images) by extension 'colcon_pkg'
[1.491s] Level 1:colcon.colcon_core.package_identification:_identify(timed/images) by extensions ['colcon_meta']
[1.491s] Level 1:colcon.colcon_core.package_identification:_identify(timed/images) by extension 'colcon_meta'
[1.491s] Level 1:colcon.colcon_core.package_identification:_identify(timed/images) by extensions ['ros']
[1.491s] Level 1:colcon.colcon_core.package_identification:_identify(timed/images) by extension 'ros'
[1.492s] Level 1:colcon.colcon_core.package_identification:_identify(timed/images) by extensions ['cmake', 'python']
[1.492s] Level 1:colcon.colcon_core.package_identification:_identify(timed/images) by extension 'cmake'
[1.492s] Level 1:colcon.colcon_core.package_identification:_identify(timed/images) by extension 'python'
[1.493s] Level 1:colcon.colcon_core.package_identification:_identify(timed/images) by extensions ['python_setup_py']
[1.493s] Level 1:colcon.colcon_core.package_identification:_identify(timed/images) by extension 'python_setup_py'
[1.494s] Level 1:colcon.colcon_core.package_identification:_identify(timed/mutually) by extensions ['ignore', 'ignore_ament_install']
[1.495s] Level 1:colcon.colcon_core.package_identification:_identify(timed/mutually) by extension 'ignore'
[1.495s] Level 1:colcon.colcon_core.package_identification:_identify(timed/mutually) by extension 'ignore_ament_install'
[1.496s] Level 1:colcon.colcon_core.package_identification:_identify(timed/mutually) by extensions ['colcon_pkg']
[1.496s] Level 1:colcon.colcon_core.package_identification:_identify(timed/mutually) by extension 'colcon_pkg'
[1.496s] Level 1:colcon.colcon_core.package_identification:_identify(timed/mutually) by extensions ['colcon_meta']
[1.496s] Level 1:colcon.colcon_core.package_identification:_identify(timed/mutually) by extension 'colcon_meta'
[1.497s] Level 1:colcon.colcon_core.package_identification:_identify(timed/mutually) by extensions ['ros']
[1.497s] Level 1:colcon.colcon_core.package_identification:_identify(timed/mutually) by extension 'ros'
[1.497s] Level 1:colcon.colcon_core.package_identification:_identify(timed/mutually) by extensions ['cmake', 'python']
[1.498s] Level 1:colcon.colcon_core.package_identification:_identify(timed/mutually) by extension 'cmake'
[1.498s] Level 1:colcon.colcon_core.package_identification:_identify(timed/mutually) by extension 'python'
[1.498s] Level 1:colcon.colcon_core.package_identification:_identify(timed/mutually) by extensions ['python_setup_py']
[1.498s] Level 1:colcon.colcon_core.package_identification:_identify(timed/mutually) by extension 'python_setup_py'
[1.500s] Level 1:colcon.colcon_core.package_identification:_identify(timed/reentrant) by extensions ['ignore', 'ignore_ament_install']
[1.501s] Level 1:colcon.colcon_core.package_identification:_identify(timed/reentrant) by extension 'ignore'
[1.501s] Level 1:colcon.colcon_core.package_identification:_identify(timed/reentrant) by extension 'ignore_ament_install'
[1.501s] Level 1:colcon.colcon_core.package_identification:_identify(timed/reentrant) by extensions ['colcon_pkg']
[1.501s] Level 1:colcon.colcon_core.package_identification:_identify(timed/reentrant) by extension 'colcon_pkg'
[1.502s] Level 1:colcon.colcon_core.package_identification:_identify(timed/reentrant) by extensions ['colcon_meta']
[1.502s] Level 1:colcon.colcon_core.package_identification:_identify(timed/reentrant) by extension 'colcon_meta'
[1.502s] Level 1:colcon.colcon_core.package_identification:_identify(timed/reentrant) by extensions ['ros']
[1.502s] Level 1:colcon.colcon_core.package_identification:_identify(timed/reentrant) by extension 'ros'
[1.503s] Level 1:colcon.colcon_core.package_identification:_identify(timed/reentrant) by extensions ['cmake', 'python']
[1.503s] Level 1:colcon.colcon_core.package_identification:_identify(timed/reentrant) by extension 'cmake'
[1.503s] Level 1:colcon.colcon_core.package_identification:_identify(timed/reentrant) by extension 'python'
[1.504s] Level 1:colcon.colcon_core.package_identification:_identify(timed/reentrant) by extensions ['python_setup_py']
[1.504s] Level 1:colcon.colcon_core.package_identification:_identify(timed/reentrant) by extension 'python_setup_py'
[1.504s] Level 1:colcon.colcon_core.package_identification:_identify(timed/set0) by extensions ['ignore', 'ignore_ament_install']
[1.505s] Level 1:colcon.colcon_core.package_identification:_identify(timed/set0) by extension 'ignore'
[1.505s] Level 1:colcon.colcon_core.package_identification:_identify(timed/set0) by extension 'ignore_ament_install'
[1.505s] Level 1:colcon.colcon_core.package_identification:_identify(timed/set0) by extensions ['colcon_pkg']
[1.505s] Level 1:colcon.colcon_core.package_identification:_identify(timed/set0) by extension 'colcon_pkg'
[1.506s] Level 1:colcon.colcon_core.package_identification:_identify(timed/set0) by extensions ['colcon_meta']
[1.506s] Level 1:colcon.colcon_core.package_identification:_identify(timed/set0) by extension 'colcon_meta'
[1.506s] Level 1:colcon.colcon_core.package_identification:_identify(timed/set0) by extensions ['ros']
[1.506s] Level 1:colcon.colcon_core.package_identification:_identify(timed/set0) by extension 'ros'
[1.507s] Level 1:colcon.colcon_core.package_identification:_identify(timed/set0) by extensions ['cmake', 'python']
[1.507s] Level 1:colcon.colcon_core.package_identification:_identify(timed/set0) by extension 'cmake'
[1.507s] Level 1:colcon.colcon_core.package_identification:_identify(timed/set0) by extension 'python'
[1.508s] Level 1:colcon.colcon_core.package_identification:_identify(timed/set0) by extensions ['python_setup_py']
[1.508s] Level 1:colcon.colcon_core.package_identification:_identify(timed/set0) by extension 'python_setup_py'
[1.508s] Level 1:colcon.colcon_core.package_identification:_identify(timed/set1) by extensions ['ignore', 'ignore_ament_install']
[1.509s] Level 1:colcon.colcon_core.package_identification:_identify(timed/set1) by extension 'ignore'
[1.510s] Level 1:colcon.colcon_core.package_identification:_identify(timed/set1) by extension 'ignore_ament_install'
[1.510s] Level 1:colcon.colcon_core.package_identification:_identify(timed/set1) by extensions ['colcon_pkg']
[1.510s] Level 1:colcon.colcon_core.package_identification:_identify(timed/set1) by extension 'colcon_pkg'
[1.511s] Level 1:colcon.colcon_core.package_identification:_identify(timed/set1) by extensions ['colcon_meta']
[1.511s] Level 1:colcon.colcon_core.package_identification:_identify(timed/set1) by extension 'colcon_meta'
[1.511s] Level 1:colcon.colcon_core.package_identification:_identify(timed/set1) by extensions ['ros']
[1.511s] Level 1:colcon.colcon_core.package_identification:_identify(timed/set1) by extension 'ros'
[1.512s] Level 1:colcon.colcon_core.package_identification:_identify(timed/set1) by extensions ['cmake', 'python']
[1.512s] Level 1:colcon.colcon_core.package_identification:_identify(timed/set1) by extension 'cmake'
[1.512s] Level 1:colcon.colcon_core.package_identification:_identify(timed/set1) by extension 'python'
[1.512s] Level 1:colcon.colcon_core.package_identification:_identify(timed/set1) by extensions ['python_setup_py']
[1.513s] Level 1:colcon.colcon_core.package_identification:_identify(timed/set1) by extension 'python_setup_py'
[1.513s] Level 1:colcon.colcon_core.package_identification:_identify(timed/set2) by extensions ['ignore', 'ignore_ament_install']
[1.514s] Level 1:colcon.colcon_core.package_identification:_identify(timed/set2) by extension 'ignore'
[1.514s] Level 1:colcon.colcon_core.package_identification:_identify(timed/set2) by extension 'ignore_ament_install'
[1.514s] Level 1:colcon.colcon_core.package_identification:_identify(timed/set2) by extensions ['colcon_pkg']
[1.515s] Level 1:colcon.colcon_core.package_identification:_identify(timed/set2) by extension 'colcon_pkg'
[1.515s] Level 1:colcon.colcon_core.package_identification:_identify(timed/set2) by extensions ['colcon_meta']
[1.515s] Level 1:colcon.colcon_core.package_identification:_identify(timed/set2) by extension 'colcon_meta'
[1.516s] Level 1:colcon.colcon_core.package_identification:_identify(timed/set2) by extensions ['ros']
[1.516s] Level 1:colcon.colcon_core.package_identification:_identify(timed/set2) by extension 'ros'
[1.516s] Level 1:colcon.colcon_core.package_identification:_identify(timed/set2) by extensions ['cmake', 'python']
[1.516s] Level 1:colcon.colcon_core.package_identification:_identify(timed/set2) by extension 'cmake'
[1.517s] Level 1:colcon.colcon_core.package_identification:_identify(timed/set2) by extension 'python'
[1.517s] Level 1:colcon.colcon_core.package_identification:_identify(timed/set2) by extensions ['python_setup_py']
[1.517s] Level 1:colcon.colcon_core.package_identification:_identify(timed/set2) by extension 'python_setup_py'
[1.518s] Level 1:colcon.colcon_core.package_identification:_identify(timed/set3) by extensions ['ignore', 'ignore_ament_install']
[1.518s] Level 1:colcon.colcon_core.package_identification:_identify(timed/set3) by extension 'ignore'
[1.518s] Level 1:colcon.colcon_core.package_identification:_identify(timed/set3) by extension 'ignore_ament_install'
[1.519s] Level 1:colcon.colcon_core.package_identification:_identify(timed/set3) by extensions ['colcon_pkg']
[1.519s] Level 1:colcon.colcon_core.package_identification:_identify(timed/set3) by extension 'colcon_pkg'
[1.519s] Level 1:colcon.colcon_core.package_identification:_identify(timed/set3) by extensions ['colcon_meta']
[1.519s] Level 1:colcon.colcon_core.package_identification:_identify(timed/set3) by extension 'colcon_meta'
[1.520s] Level 1:colcon.colcon_core.package_identification:_identify(timed/set3) by extensions ['ros']
[1.520s] Level 1:colcon.colcon_core.package_identification:_identify(timed/set3) by extension 'ros'
[1.520s] Level 1:colcon.colcon_core.package_identification:_identify(timed/set3) by extensions ['cmake', 'python']
[1.521s] Level 1:colcon.colcon_core.package_identification:_identify(timed/set3) by extension 'cmake'
[1.521s] Level 1:colcon.colcon_core.package_identification:_identify(timed/set3) by extension 'python'
[1.521s] Level 1:colcon.colcon_core.package_identification:_identify(timed/set3) by extensions ['python_setup_py']
[1.521s] Level 1:colcon.colcon_core.package_identification:_identify(timed/set3) by extension 'python_setup_py'
[1.522s] Level 1:colcon.colcon_core.package_identification:_identify(timed/set4) by extensions ['ignore', 'ignore_ament_install']
[1.522s] Level 1:colcon.colcon_core.package_identification:_identify(timed/set4) by extension 'ignore'
[1.522s] Level 1:colcon.colcon_core.package_identification:_identify(timed/set4) by extension 'ignore_ament_install'
[1.523s] Level 1:colcon.colcon_core.package_identification:_identify(timed/set4) by extensions ['colcon_pkg']
[1.523s] Level 1:colcon.colcon_core.package_identification:_identify(timed/set4) by extension 'colcon_pkg'
[1.523s] Level 1:colcon.colcon_core.package_identification:_identify(timed/set4) by extensions ['colcon_meta']
[1.523s] Level 1:colcon.colcon_core.package_identification:_identify(timed/set4) by extension 'colcon_meta'
[1.524s] Level 1:colcon.colcon_core.package_identification:_identify(timed/set4) by extensions ['ros']
[1.524s] Level 1:colcon.colcon_core.package_identification:_identify(timed/set4) by extension 'ros'
[1.524s] Level 1:colcon.colcon_core.package_identification:_identify(timed/set4) by extensions ['cmake', 'python']
[1.525s] Level 1:colcon.colcon_core.package_identification:_identify(timed/set4) by extension 'cmake'
[1.525s] Level 1:colcon.colcon_core.package_identification:_identify(timed/set4) by extension 'python'
[1.525s] Level 1:colcon.colcon_core.package_identification:_identify(timed/set4) by extensions ['python_setup_py']
[1.525s] Level 1:colcon.colcon_core.package_identification:_identify(timed/set4) by extension 'python_setup_py'
[1.526s] Level 1:colcon.colcon_core.package_identification:_identify(timed/set5) by extensions ['ignore', 'ignore_ament_install']
[1.526s] Level 1:colcon.colcon_core.package_identification:_identify(timed/set5) by extension 'ignore'
[1.526s] Level 1:colcon.colcon_core.package_identification:_identify(timed/set5) by extension 'ignore_ament_install'
[1.527s] Level 1:colcon.colcon_core.package_identification:_identify(timed/set5) by extensions ['colcon_pkg']
[1.528s] Level 1:colcon.colcon_core.package_identification:_identify(timed/set5) by extension 'colcon_pkg'
[1.528s] Level 1:colcon.colcon_core.package_identification:_identify(timed/set5) by extensions ['colcon_meta']
[1.528s] Level 1:colcon.colcon_core.package_identification:_identify(timed/set5) by extension 'colcon_meta'
[1.528s] Level 1:colcon.colcon_core.package_identification:_identify(timed/set5) by extensions ['ros']
[1.528s] Level 1:colcon.colcon_core.package_identification:_identify(timed/set5) by extension 'ros'
[1.529s] Level 1:colcon.colcon_core.package_identification:_identify(timed/set5) by extensions ['cmake', 'python']
[1.529s] Level 1:colcon.colcon_core.package_identification:_identify(timed/set5) by extension 'cmake'
[1.529s] Level 1:colcon.colcon_core.package_identification:_identify(timed/set5) by extension 'python'
[1.530s] Level 1:colcon.colcon_core.package_identification:_identify(timed/set5) by extensions ['python_setup_py']
[1.530s] Level 1:colcon.colcon_core.package_identification:_identify(timed/set5) by extension 'python_setup_py'
[1.530s] Level 1:colcon.colcon_core.package_discovery:discover_packages(recursive) using defaults
[1.531s] Level 1:colcon.colcon_core.package_discovery:discover_packages(ignore) discover
[1.532s] Level 1:colcon.colcon_core.package_discovery:discover_packages(ignore) using defaults
[1.532s] Level 1:colcon.colcon_core.package_discovery:discover_packages(path) discover
[1.532s] Level 1:colcon.colcon_core.package_discovery:discover_packages(path) using defaults
[1.672s] Level 5:colcon.colcon_core.verb:set package 'py_pubsub' build argument 'cmake_args' from command line to 'None'
[1.672s] Level 5:colcon.colcon_core.verb:set package 'py_pubsub' build argument 'cmake_target' from command line to 'None'
[1.672s] Level 5:colcon.colcon_core.verb:set package 'py_pubsub' build argument 'cmake_target_skip_unavailable' from command line to 'False'
[1.673s] Level 5:colcon.colcon_core.verb:set package 'py_pubsub' build argument 'cmake_clean_cache' from command line to 'False'
[1.673s] Level 5:colcon.colcon_core.verb:set package 'py_pubsub' build argument 'cmake_clean_first' from command line to 'False'
[1.673s] Level 5:colcon.colcon_core.verb:set package 'py_pubsub' build argument 'cmake_force_configure' from command line to 'False'
[1.673s] Level 5:colcon.colcon_core.verb:set package 'py_pubsub' build argument 'ament_cmake_args' from command line to 'None'
[1.673s] Level 5:colcon.colcon_core.verb:set package 'py_pubsub' build argument 'catkin_cmake_args' from command line to 'None'
[1.673s] Level 5:colcon.colcon_core.verb:set package 'py_pubsub' build argument 'catkin_skip_building_tests' from command line to 'False'
[1.674s] DEBUG:colcon.colcon_core.verb:Building package 'py_pubsub' with the following arguments: {'ament_cmake_args': None, 'build_base': '/home/yan/camps_ws/build/py_pubsub', 'catkin_cmake_args': None, 'catkin_skip_building_tests': False, 'cmake_args': None, 'cmake_clean_cache': False, 'cmake_clean_first': False, 'cmake_force_configure': False, 'cmake_target': None, 'cmake_target_skip_unavailable': False, 'install_base': '/home/yan/camps_ws/install/py_pubsub', 'merge_install': False, 'path': '/home/yan/camps_ws/src/py_pubsub', 'symlink_install': False, 'test_result_base': None}
[1.676s] INFO:colcon.colcon_core.executor:Executing jobs using 'parallel' executor
[1.687s] DEBUG:colcon.colcon_parallel_executor.executor.parallel:run_until_complete
[1.688s] INFO:colcon.colcon_ros.task.ament_python.build:Building ROS package in '/home/yan/camps_ws/src/py_pubsub' with build type 'ament_python'
[1.689s] Level 1:colcon.colcon_core.shell:create_environment_hook('py_pubsub', 'ament_prefix_path')
[1.714s] INFO:colcon.colcon_core.plugin_system:Skipping extension 'colcon_core.shell.bat': Not used on non-Windows systems
[1.715s] INFO:colcon.colcon_core.shell:Creating environment hook '/home/yan/camps_ws/install/py_pubsub/share/py_pubsub/hook/ament_prefix_path.ps1'
[1.720s] INFO:colcon.colcon_core.shell:Creating environment descriptor '/home/yan/camps_ws/install/py_pubsub/share/py_pubsub/hook/ament_prefix_path.dsv'
[1.723s] INFO:colcon.colcon_core.shell:Creating environment hook '/home/yan/camps_ws/install/py_pubsub/share/py_pubsub/hook/ament_prefix_path.sh'
[1.730s] INFO:colcon.colcon_core.shell:Skip shell extension 'powershell' for command environment: Not usable outside of PowerShell
[1.731s] DEBUG:colcon.colcon_core.shell:Skip shell extension 'dsv' for command environment
[1.749s] DEBUG:colcon.colcon_core.shell:Ignoring prefix path '/opt/ros/eloquent'
[2.932s] INFO:colcon.colcon_core.task.python.build:Building Python package in '/home/yan/camps_ws/src/py_pubsub'
[2.936s] INFO:colcon.colcon_core.shell:Skip shell extension 'powershell' for command environment: Not usable outside of PowerShell
[2.937s] DEBUG:colcon.colcon_core.shell:Skip shell extension 'dsv' for command environment
[2.948s] DEBUG:colcon.colcon_core.shell:Ignoring prefix path '/opt/ros/eloquent'
[2.973s] DEBUG:colcon.colcon_core.event_handler.log_command:Invoking command in '/home/yan/camps_ws/src/py_pubsub': PYTHONPATH=/home/yan/camps_ws/install/py_pubsub/lib/python3.6/site-packages:${PYTHONPATH} /usr/bin/python3 setup.py egg_info --egg-base ../../build/py_pubsub build --build-base /home/yan/camps_ws/build/py_pubsub/build install --prefix /home/yan/camps_ws/install/py_pubsub --record /home/yan/camps_ws/build/py_pubsub/install.log --single-version-externally-managed
[4.588s] DEBUG:colcon.colcon_core.event_handler.log_command:Invoked command in '/home/yan/camps_ws/src/py_pubsub' returned '0': PYTHONPATH=/home/yan/camps_ws/install/py_pubsub/lib/python3.6/site-packages:${PYTHONPATH} /usr/bin/python3 setup.py egg_info --egg-base ../../build/py_pubsub build --build-base /home/yan/camps_ws/build/py_pubsub/build install --prefix /home/yan/camps_ws/install/py_pubsub --record /home/yan/camps_ws/build/py_pubsub/install.log --single-version-externally-managed
[4.609s] Level 1:colcon.colcon_core.environment:checking '/home/yan/camps_ws/install/py_pubsub' for CMake module files
[4.614s] Level 1:colcon.colcon_core.environment:checking '/home/yan/camps_ws/install/py_pubsub' for CMake config files
[4.623s] Level 1:colcon.colcon_core.environment:checking '/home/yan/camps_ws/install/py_pubsub/lib'
[4.624s] Level 1:colcon.colcon_core.environment:checking '/home/yan/camps_ws/install/py_pubsub/bin'
[4.624s] Level 1:colcon.colcon_core.environment:checking '/home/yan/camps_ws/install/py_pubsub/lib/pkgconfig/py_pubsub.pc'
[4.624s] Level 1:colcon.colcon_core.environment:checking '/home/yan/camps_ws/install/py_pubsub/lib/python3.6/site-packages'
[4.625s] Level 1:colcon.colcon_core.shell:create_environment_hook('py_pubsub', 'pythonpath')
[4.628s] INFO:colcon.colcon_core.shell:Creating environment hook '/home/yan/camps_ws/install/py_pubsub/share/py_pubsub/hook/pythonpath.ps1'
[4.631s] INFO:colcon.colcon_core.shell:Creating environment descriptor '/home/yan/camps_ws/install/py_pubsub/share/py_pubsub/hook/pythonpath.dsv'
[4.633s] INFO:colcon.colcon_core.shell:Creating environment hook '/home/yan/camps_ws/install/py_pubsub/share/py_pubsub/hook/pythonpath.sh'
[4.635s] Level 1:colcon.colcon_core.environment:create_environment_scripts_only(py_pubsub)
[4.639s] INFO:colcon.colcon_core.shell:Creating package script '/home/yan/camps_ws/install/py_pubsub/share/py_pubsub/package.ps1'
[4.645s] INFO:colcon.colcon_core.shell:Creating package descriptor '/home/yan/camps_ws/install/py_pubsub/share/py_pubsub/package.dsv'
[4.650s] INFO:colcon.colcon_core.shell:Creating package script '/home/yan/camps_ws/install/py_pubsub/share/py_pubsub/package.sh'
[4.658s] INFO:colcon.colcon_core.shell:Creating package script '/home/yan/camps_ws/install/py_pubsub/share/py_pubsub/package.bash'
[4.666s] INFO:colcon.colcon_core.shell:Creating package script '/home/yan/camps_ws/install/py_pubsub/share/py_pubsub/package.zsh'
[4.670s] Level 1:colcon.colcon_core.environment:create_file_with_runtime_dependencies(/home/yan/camps_ws/install/py_pubsub/share/colcon-core/packages/py_pubsub)
[4.672s] DEBUG:colcon.colcon_parallel_executor.executor.parallel:closing loop
[4.674s] DEBUG:colcon.colcon_parallel_executor.executor.parallel:loop closed
[4.674s] DEBUG:colcon.colcon_parallel_executor.executor.parallel:run_until_complete finished with '0'
[4.675s] DEBUG:colcon.colcon_core.event_reactor:joining thread
[4.759s] INFO:colcon.colcon_core.plugin_system:Skipping extension 'colcon_notification.desktop_notification.terminal_notifier': Not used on non-Darwin systems
[4.760s] INFO:colcon.colcon_core.plugin_system:Skipping extension 'colcon_notification.desktop_notification.win32': Not used on non-Windows systems
[4.760s] INFO:colcon.colcon_notification.desktop_notification:Sending desktop notification using 'notify2'
[4.845s] DEBUG:colcon.colcon_core.event_reactor:joined thread
[4.849s] INFO:colcon.colcon_core.shell:Creating prefix script '/home/yan/camps_ws/install/local_setup.ps1'
[4.857s] INFO:colcon.colcon_core.shell:Creating prefix util module '/home/yan/camps_ws/install/_local_setup_util_ps1.py'
[4.867s] INFO:colcon.colcon_core.shell:Creating prefix chain script '/home/yan/camps_ws/install/setup.ps1'
[4.884s] INFO:colcon.colcon_core.shell:Creating prefix script '/home/yan/camps_ws/install/local_setup.sh'
[4.889s] INFO:colcon.colcon_core.shell:Creating prefix util module '/home/yan/camps_ws/install/_local_setup_util_sh.py'
[4.892s] INFO:colcon.colcon_core.shell:Creating prefix chain script '/home/yan/camps_ws/install/setup.sh'
[4.908s] INFO:colcon.colcon_core.shell:Creating prefix script '/home/yan/camps_ws/install/local_setup.bash'
[4.914s] INFO:colcon.colcon_core.shell:Creating prefix chain script '/home/yan/camps_ws/install/setup.bash'
[4.930s] INFO:colcon.colcon_core.shell:Creating prefix script '/home/yan/camps_ws/install/local_setup.zsh'
[4.936s] INFO:colcon.colcon_core.shell:Creating prefix chain script '/home/yan/camps_ws/install/setup.zsh'
