[2.056s] Invoking command in '/home/yan/camps_ws/src/py_pubsub': PYTHONPATH=/home/yan/camps_ws/install/py_pubsub/lib/python3.6/site-packages:${PYTHONPATH} /usr/bin/python3 setup.py egg_info --egg-base ../../build/py_pubsub build --build-base /home/yan/camps_ws/build/py_pubsub/build install --prefix /home/yan/camps_ws/install/py_pubsub --record /home/yan/camps_ws/build/py_pubsub/install.log --single-version-externally-managed
[3.691s] running egg_info
[3.696s] writing ../../build/py_pubsub/py_pubsub.egg-info/PKG-INFO
[3.699s] writing dependency_links to ../../build/py_pubsub/py_pubsub.egg-info/dependency_links.txt
[3.702s] writing entry points to ../../build/py_pubsub/py_pubsub.egg-info/entry_points.txt
[3.704s] writing requirements to ../../build/py_pubsub/py_pubsub.egg-info/requires.txt
[3.706s] writing top-level names to ../../build/py_pubsub/py_pubsub.egg-info/top_level.txt
[3.950s] reading manifest file '../../build/py_pubsub/py_pubsub.egg-info/SOURCES.txt'
[3.961s] writing manifest file '../../build/py_pubsub/py_pubsub.egg-info/SOURCES.txt'
[3.962s] running build
[3.962s] running build_py
[3.963s] copying py_pubsub/subscriber_member_function_timed.py -> /home/yan/camps_ws/build/py_pubsub/build/lib/py_pubsub
[3.966s] running install
[3.968s] running install_lib
[3.972s] copying /home/yan/camps_ws/build/py_pubsub/build/lib/py_pubsub/subscriber_member_function_timed.py -> /home/yan/camps_ws/install/py_pubsub/lib/python3.6/site-packages/py_pubsub
[3.976s] byte-compiling /home/yan/camps_ws/install/py_pubsub/lib/python3.6/site-packages/py_pubsub/subscriber_member_function_timed.py to subscriber_member_function_timed.cpython-36.pyc
[3.981s] running install_data
[3.985s] running install_egg_info
[4.004s] removing '/home/yan/camps_ws/install/py_pubsub/lib/python3.6/site-packages/py_pubsub-0.0.0-py3.6.egg-info' (and everything under it)
[4.005s] Copying ../../build/py_pubsub/py_pubsub.egg-info to /home/yan/camps_ws/install/py_pubsub/lib/python3.6/site-packages/py_pubsub-0.0.0-py3.6.egg-info
[4.005s] running install_scripts
[4.116s] Installing color script to /home/yan/camps_ws/install/py_pubsub/lib/py_pubsub
[4.135s] Installing depth script to /home/yan/camps_ws/install/py_pubsub/lib/py_pubsub
[4.136s] Installing infra1 script to /home/yan/camps_ws/install/py_pubsub/lib/py_pubsub
[4.136s] Installing infra2 script to /home/yan/camps_ws/install/py_pubsub/lib/py_pubsub
[4.137s] Installing listener script to /home/yan/camps_ws/install/py_pubsub/lib/py_pubsub
[4.138s] Installing point script to /home/yan/camps_ws/install/py_pubsub/lib/py_pubsub
[4.139s] Installing talker script to /home/yan/camps_ws/install/py_pubsub/lib/py_pubsub
[4.139s] Installing timed script to /home/yan/camps_ws/install/py_pubsub/lib/py_pubsub
[4.140s] Installing twice script to /home/yan/camps_ws/install/py_pubsub/lib/py_pubsub
[4.141s] writing list of installed files to '/home/yan/camps_ws/build/py_pubsub/install.log'
[4.258s] Invoked command in '/home/yan/camps_ws/src/py_pubsub' returned '0': PYTHONPATH=/home/yan/camps_ws/install/py_pubsub/lib/python3.6/site-packages:${PYTHONPATH} /usr/bin/python3 setup.py egg_info --egg-base ../../build/py_pubsub build --build-base /home/yan/camps_ws/build/py_pubsub/build install --prefix /home/yan/camps_ws/install/py_pubsub --record /home/yan/camps_ws/build/py_pubsub/install.log --single-version-externally-managed
