[1.831s] Invoking command in '/home/yan/camps_ws/src/py_pubsub': PYTHONPATH=/home/yan/camps_ws/install/py_pubsub/lib/python3.6/site-packages:${PYTHONPATH} /usr/bin/python3 setup.py egg_info --egg-base ../../build/py_pubsub build --build-base /home/yan/camps_ws/build/py_pubsub/build install --prefix /home/yan/camps_ws/install/py_pubsub --record /home/yan/camps_ws/build/py_pubsub/install.log --single-version-externally-managed
[3.415s] running egg_info
[3.422s] writing ../../build/py_pubsub/py_pubsub.egg-info/PKG-INFO
[3.423s] writing dependency_links to ../../build/py_pubsub/py_pubsub.egg-info/dependency_links.txt
[3.423s] writing entry points to ../../build/py_pubsub/py_pubsub.egg-info/entry_points.txt
[3.425s] writing requirements to ../../build/py_pubsub/py_pubsub.egg-info/requires.txt
[3.426s] writing top-level names to ../../build/py_pubsub/py_pubsub.egg-info/top_level.txt
[3.662s] reading manifest file '../../build/py_pubsub/py_pubsub.egg-info/SOURCES.txt'
[3.663s] writing manifest file '../../build/py_pubsub/py_pubsub.egg-info/SOURCES.txt'
[3.663s] running build
[3.664s] running build_py
[3.665s] running install
[3.665s] running install_lib
[3.666s] running install_data
[3.667s] running install_egg_info
[3.675s] removing '/home/yan/camps_ws/install/py_pubsub/lib/python3.6/site-packages/py_pubsub-0.0.0-py3.6.egg-info' (and everything under it)
[3.676s] Copying ../../build/py_pubsub/py_pubsub.egg-info to /home/yan/camps_ws/install/py_pubsub/lib/python3.6/site-packages/py_pubsub-0.0.0-py3.6.egg-info
[3.681s] running install_scripts
[3.778s] Installing color script to /home/yan/camps_ws/install/py_pubsub/lib/py_pubsub
[3.787s] Installing depth script to /home/yan/camps_ws/install/py_pubsub/lib/py_pubsub
[3.788s] Installing infra1 script to /home/yan/camps_ws/install/py_pubsub/lib/py_pubsub
[3.788s] Installing infra2 script to /home/yan/camps_ws/install/py_pubsub/lib/py_pubsub
[3.789s] Installing listener script to /home/yan/camps_ws/install/py_pubsub/lib/py_pubsub
[3.790s] Installing onesensor script to /home/yan/camps_ws/install/py_pubsub/lib/py_pubsub
[3.791s] Installing point script to /home/yan/camps_ws/install/py_pubsub/lib/py_pubsub
[3.792s] Installing talker script to /home/yan/camps_ws/install/py_pubsub/lib/py_pubsub
[3.793s] Installing timed script to /home/yan/camps_ws/install/py_pubsub/lib/py_pubsub
[3.794s] Installing twice script to /home/yan/camps_ws/install/py_pubsub/lib/py_pubsub
[3.794s] writing list of installed files to '/home/yan/camps_ws/build/py_pubsub/install.log'
[3.904s] Invoked command in '/home/yan/camps_ws/src/py_pubsub' returned '0': PYTHONPATH=/home/yan/camps_ws/install/py_pubsub/lib/python3.6/site-packages:${PYTHONPATH} /usr/bin/python3 setup.py egg_info --egg-base ../../build/py_pubsub build --build-base /home/yan/camps_ws/build/py_pubsub/build install --prefix /home/yan/camps_ws/install/py_pubsub --record /home/yan/camps_ws/build/py_pubsub/install.log --single-version-externally-managed
