[1.130s] DEBUG:colcon:Command line arguments: ['/usr/bin/colcon', 'build']
[1.131s] DEBUG:colcon:Parsed command line arguments: Namespace(ament_cmake_args=None, base_paths=['.'], build_base='build', catkin_cmake_args=None, catkin_skip_building_tests=False, cmake_args=None, cmake_clean_cache=False, cmake_clean_first=False, cmake_force_configure=False, cmake_target=None, cmake_target_skip_unavailable=False, continue_on_error=False, event_handlers=None, executor='parallel', ignore_user_meta=False, install_base='install', log_base=None, log_level=None, main=<bound method BuildVerb.main of <colcon_core.verb.build.BuildVerb object at 0x7f9f3f1390>>, merge_install=False, metas=['./colcon.meta'], packages_above=None, packages_above_and_dependencies=None, packages_above_depth=None, packages_end=None, packages_ignore=None, packages_ignore_regex=None, packages_select=None, packages_select_build_failed=False, packages_select_by_dep=None, packages_select_regex=None, packages_select_test_failures=False, packages_skip=None, packages_skip_build_finished=False, packages_skip_by_dep=None, packages_skip_regex=None, packages_skip_test_passed=False, packages_skip_up_to=None, packages_start=None, packages_up_to=None, packages_up_to_regex=None, parallel_workers=4, paths=None, symlink_install=False, test_result_base=None, verb_extension=<colcon_core.verb.build.BuildVerb object at 0x7f9f3f1390>, verb_name='build', verb_parser=<colcon_defaults.argument_parser.defaults.DefaultArgumentsDecorator object at 0x7f9f3f16d8>)
[1.165s] Level 1:colcon.colcon_core.package_discovery:discover_packages(colcon_meta) check parameters
[1.166s] Level 1:colcon.colcon_core.package_discovery:discover_packages(recursive) check parameters
[1.166s] Level 1:colcon.colcon_core.package_discovery:discover_packages(ignore) check parameters
[1.166s] Level 1:colcon.colcon_core.package_discovery:discover_packages(path) check parameters
[1.167s] Level 1:colcon.colcon_core.package_discovery:discover_packages(colcon_meta) discover
[1.168s] Level 1:colcon.colcon_core.package_discovery:discover_packages(recursive) discover
[1.168s] INFO:colcon.colcon_core.package_discovery:Crawling recursively for packages in '/home/yan/camps_ws'
[1.169s] Level 1:colcon.colcon_core.package_identification:_identify(.) by extensions ['ignore', 'ignore_ament_install']
[1.170s] Level 1:colcon.colcon_core.package_identification:_identify(.) by extension 'ignore'
[1.170s] Level 1:colcon.colcon_core.package_identification:_identify(.) by extension 'ignore_ament_install'
[1.170s] Level 1:colcon.colcon_core.package_identification:_identify(.) by extensions ['colcon_pkg']
[1.171s] Level 1:colcon.colcon_core.package_identification:_identify(.) by extension 'colcon_pkg'
[1.171s] Level 1:colcon.colcon_core.package_identification:_identify(.) by extensions ['colcon_meta']
[1.172s] Level 1:colcon.colcon_core.package_identification:_identify(.) by extension 'colcon_meta'
[1.172s] Level 1:colcon.colcon_core.package_identification:_identify(.) by extensions ['ros']
[1.172s] Level 1:colcon.colcon_core.package_identification:_identify(.) by extension 'ros'
[1.243s] Level 1:colcon.colcon_core.package_identification:_identify(.) by extensions ['cmake', 'python']
[1.243s] Level 1:colcon.colcon_core.package_identification:_identify(.) by extension 'cmake'
[1.244s] Level 1:colcon.colcon_core.package_identification:_identify(.) by extension 'python'
[1.244s] Level 1:colcon.colcon_core.package_identification:_identify(.) by extensions ['python_setup_py']
[1.244s] Level 1:colcon.colcon_core.package_identification:_identify(.) by extension 'python_setup_py'
[1.245s] Level 1:colcon.colcon_core.package_identification:_identify(build) by extensions ['ignore', 'ignore_ament_install']
[1.245s] Level 1:colcon.colcon_core.package_identification:_identify(build) by extension 'ignore'
[1.246s] Level 1:colcon.colcon_core.package_identification:_identify(build) ignored
[1.248s] Level 1:colcon.colcon_core.package_identification:_identify(example_imgs) by extensions ['ignore', 'ignore_ament_install']
[1.249s] Level 1:colcon.colcon_core.package_identification:_identify(example_imgs) by extension 'ignore'
[1.249s] Level 1:colcon.colcon_core.package_identification:_identify(example_imgs) by extension 'ignore_ament_install'
[1.250s] Level 1:colcon.colcon_core.package_identification:_identify(example_imgs) by extensions ['colcon_pkg']
[1.250s] Level 1:colcon.colcon_core.package_identification:_identify(example_imgs) by extension 'colcon_pkg'
[1.250s] Level 1:colcon.colcon_core.package_identification:_identify(example_imgs) by extensions ['colcon_meta']
[1.250s] Level 1:colcon.colcon_core.package_identification:_identify(example_imgs) by extension 'colcon_meta'
[1.251s] Level 1:colcon.colcon_core.package_identification:_identify(example_imgs) by extensions ['ros']
[1.251s] Level 1:colcon.colcon_core.package_identification:_identify(example_imgs) by extension 'ros'
[1.251s] Level 1:colcon.colcon_core.package_identification:_identify(example_imgs) by extensions ['cmake', 'python']
[1.252s] Level 1:colcon.colcon_core.package_identification:_identify(example_imgs) by extension 'cmake'
[1.252s] Level 1:colcon.colcon_core.package_identification:_identify(example_imgs) by extension 'python'
[1.252s] Level 1:colcon.colcon_core.package_identification:_identify(example_imgs) by extensions ['python_setup_py']
[1.252s] Level 1:colcon.colcon_core.package_identification:_identify(example_imgs) by extension 'python_setup_py'
[1.253s] Level 1:colcon.colcon_core.package_identification:_identify(install) by extensions ['ignore', 'ignore_ament_install']
[1.253s] Level 1:colcon.colcon_core.package_identification:_identify(install) by extension 'ignore'
[1.254s] Level 1:colcon.colcon_core.package_identification:_identify(install) ignored
[1.255s] Level 1:colcon.colcon_core.package_identification:_identify(log) by extensions ['ignore', 'ignore_ament_install']
[1.255s] Level 1:colcon.colcon_core.package_identification:_identify(log) by extension 'ignore'
[1.256s] Level 1:colcon.colcon_core.package_identification:_identify(log) ignored
[1.256s] Level 1:colcon.colcon_core.package_identification:_identify(src) by extensions ['ignore', 'ignore_ament_install']
[1.257s] Level 1:colcon.colcon_core.package_identification:_identify(src) by extension 'ignore'
[1.257s] Level 1:colcon.colcon_core.package_identification:_identify(src) by extension 'ignore_ament_install'
[1.257s] Level 1:colcon.colcon_core.package_identification:_identify(src) by extensions ['colcon_pkg']
[1.257s] Level 1:colcon.colcon_core.package_identification:_identify(src) by extension 'colcon_pkg'
[1.258s] Level 1:colcon.colcon_core.package_identification:_identify(src) by extensions ['colcon_meta']
[1.258s] Level 1:colcon.colcon_core.package_identification:_identify(src) by extension 'colcon_meta'
[1.258s] Level 1:colcon.colcon_core.package_identification:_identify(src) by extensions ['ros']
[1.258s] Level 1:colcon.colcon_core.package_identification:_identify(src) by extension 'ros'
[1.259s] Level 1:colcon.colcon_core.package_identification:_identify(src) by extensions ['cmake', 'python']
[1.259s] Level 1:colcon.colcon_core.package_identification:_identify(src) by extension 'cmake'
[1.259s] Level 1:colcon.colcon_core.package_identification:_identify(src) by extension 'python'
[1.260s] Level 1:colcon.colcon_core.package_identification:_identify(src) by extensions ['python_setup_py']
[1.260s] Level 1:colcon.colcon_core.package_identification:_identify(src) by extension 'python_setup_py'
[1.260s] Level 1:colcon.colcon_core.package_identification:_identify(src/py_pubsub) by extensions ['ignore', 'ignore_ament_install']
[1.261s] Level 1:colcon.colcon_core.package_identification:_identify(src/py_pubsub) by extension 'ignore'
[1.261s] Level 1:colcon.colcon_core.package_identification:_identify(src/py_pubsub) by extension 'ignore_ament_install'
[1.261s] Level 1:colcon.colcon_core.package_identification:_identify(src/py_pubsub) by extensions ['colcon_pkg']
[1.262s] Level 1:colcon.colcon_core.package_identification:_identify(src/py_pubsub) by extension 'colcon_pkg'
[1.262s] Level 1:colcon.colcon_core.package_identification:_identify(src/py_pubsub) by extensions ['colcon_meta']
[1.262s] Level 1:colcon.colcon_core.package_identification:_identify(src/py_pubsub) by extension 'colcon_meta'
[1.262s] Level 1:colcon.colcon_core.package_identification:_identify(src/py_pubsub) by extensions ['ros']
[1.262s] Level 1:colcon.colcon_core.package_identification:_identify(src/py_pubsub) by extension 'ros'
[1.276s] DEBUG:colcon.colcon_core.package_identification:Package 'src/py_pubsub' with type 'ros.ament_python' and name 'py_pubsub'
[1.276s] Level 1:colcon.colcon_core.package_identification:_identify(src/ros2_intel_realsense) by extensions ['ignore', 'ignore_ament_install']
[1.277s] Level 1:colcon.colcon_core.package_identification:_identify(src/ros2_intel_realsense) by extension 'ignore'
[1.277s] Level 1:colcon.colcon_core.package_identification:_identify(src/ros2_intel_realsense) by extension 'ignore_ament_install'
[1.277s] Level 1:colcon.colcon_core.package_identification:_identify(src/ros2_intel_realsense) by extensions ['colcon_pkg']
[1.278s] Level 1:colcon.colcon_core.package_identification:_identify(src/ros2_intel_realsense) by extension 'colcon_pkg'
[1.278s] Level 1:colcon.colcon_core.package_identification:_identify(src/ros2_intel_realsense) by extensions ['colcon_meta']
[1.278s] Level 1:colcon.colcon_core.package_identification:_identify(src/ros2_intel_realsense) by extension 'colcon_meta'
[1.278s] Level 1:colcon.colcon_core.package_identification:_identify(src/ros2_intel_realsense) by extensions ['ros']
[1.279s] Level 1:colcon.colcon_core.package_identification:_identify(src/ros2_intel_realsense) by extension 'ros'
[1.279s] Level 1:colcon.colcon_core.package_identification:_identify(src/ros2_intel_realsense) by extensions ['cmake', 'python']
[1.279s] Level 1:colcon.colcon_core.package_identification:_identify(src/ros2_intel_realsense) by extension 'cmake'
[1.280s] Level 1:colcon.colcon_core.package_identification:_identify(src/ros2_intel_realsense) by extension 'python'
[1.280s] Level 1:colcon.colcon_core.package_identification:_identify(src/ros2_intel_realsense) by extensions ['python_setup_py']
[1.280s] Level 1:colcon.colcon_core.package_identification:_identify(src/ros2_intel_realsense) by extension 'python_setup_py'
[1.281s] Level 1:colcon.colcon_core.package_identification:_identify(src/ros2_intel_realsense/realsense_camera_msgs) by extensions ['ignore', 'ignore_ament_install']
[1.281s] Level 1:colcon.colcon_core.package_identification:_identify(src/ros2_intel_realsense/realsense_camera_msgs) by extension 'ignore'
[1.281s] Level 1:colcon.colcon_core.package_identification:_identify(src/ros2_intel_realsense/realsense_camera_msgs) by extension 'ignore_ament_install'
[1.282s] Level 1:colcon.colcon_core.package_identification:_identify(src/ros2_intel_realsense/realsense_camera_msgs) by extensions ['colcon_pkg']
[1.282s] Level 1:colcon.colcon_core.package_identification:_identify(src/ros2_intel_realsense/realsense_camera_msgs) by extension 'colcon_pkg'
[1.282s] Level 1:colcon.colcon_core.package_identification:_identify(src/ros2_intel_realsense/realsense_camera_msgs) by extensions ['colcon_meta']
[1.282s] Level 1:colcon.colcon_core.package_identification:_identify(src/ros2_intel_realsense/realsense_camera_msgs) by extension 'colcon_meta'
[1.283s] Level 1:colcon.colcon_core.package_identification:_identify(src/ros2_intel_realsense/realsense_camera_msgs) by extensions ['ros']
[1.283s] Level 1:colcon.colcon_core.package_identification:_identify(src/ros2_intel_realsense/realsense_camera_msgs) by extension 'ros'
[1.286s] DEBUG:colcon.colcon_core.package_identification:Package 'src/ros2_intel_realsense/realsense_camera_msgs' with type 'ros.ament_cmake' and name 'realsense_camera_msgs'
[1.287s] Level 1:colcon.colcon_core.package_identification:_identify(src/ros2_intel_realsense/realsense_ros2_camera) by extensions ['ignore', 'ignore_ament_install']
[1.287s] Level 1:colcon.colcon_core.package_identification:_identify(src/ros2_intel_realsense/realsense_ros2_camera) by extension 'ignore'
[1.288s] Level 1:colcon.colcon_core.package_identification:_identify(src/ros2_intel_realsense/realsense_ros2_camera) by extension 'ignore_ament_install'
[1.288s] Level 1:colcon.colcon_core.package_identification:_identify(src/ros2_intel_realsense/realsense_ros2_camera) by extensions ['colcon_pkg']
[1.288s] Level 1:colcon.colcon_core.package_identification:_identify(src/ros2_intel_realsense/realsense_ros2_camera) by extension 'colcon_pkg'
[1.288s] Level 1:colcon.colcon_core.package_identification:_identify(src/ros2_intel_realsense/realsense_ros2_camera) by extensions ['colcon_meta']
[1.289s] Level 1:colcon.colcon_core.package_identification:_identify(src/ros2_intel_realsense/realsense_ros2_camera) by extension 'colcon_meta'
[1.289s] Level 1:colcon.colcon_core.package_identification:_identify(src/ros2_intel_realsense/realsense_ros2_camera) by extensions ['ros']
[1.289s] Level 1:colcon.colcon_core.package_identification:_identify(src/ros2_intel_realsense/realsense_ros2_camera) by extension 'ros'
[1.298s] DEBUG:colcon.colcon_core.package_identification:Package 'src/ros2_intel_realsense/realsense_ros2_camera' with type 'ros.ament_cmake' and name 'realsense_ros2_camera'
[1.298s] Level 1:colcon.colcon_core.package_discovery:discover_packages(recursive) using defaults
[1.300s] Level 1:colcon.colcon_core.package_discovery:discover_packages(ignore) discover
[1.300s] Level 1:colcon.colcon_core.package_discovery:discover_packages(ignore) using defaults
[1.300s] Level 1:colcon.colcon_core.package_discovery:discover_packages(path) discover
[1.300s] Level 1:colcon.colcon_core.package_discovery:discover_packages(path) using defaults
[1.445s] Level 5:colcon.colcon_core.verb:set package 'py_pubsub' build argument 'cmake_args' from command line to 'None'
[1.445s] Level 5:colcon.colcon_core.verb:set package 'py_pubsub' build argument 'cmake_target' from command line to 'None'
[1.445s] Level 5:colcon.colcon_core.verb:set package 'py_pubsub' build argument 'cmake_target_skip_unavailable' from command line to 'False'
[1.446s] Level 5:colcon.colcon_core.verb:set package 'py_pubsub' build argument 'cmake_clean_cache' from command line to 'False'
[1.446s] Level 5:colcon.colcon_core.verb:set package 'py_pubsub' build argument 'cmake_clean_first' from command line to 'False'
[1.446s] Level 5:colcon.colcon_core.verb:set package 'py_pubsub' build argument 'cmake_force_configure' from command line to 'False'
[1.447s] Level 5:colcon.colcon_core.verb:set package 'py_pubsub' build argument 'ament_cmake_args' from command line to 'None'
[1.447s] Level 5:colcon.colcon_core.verb:set package 'py_pubsub' build argument 'catkin_cmake_args' from command line to 'None'
[1.447s] Level 5:colcon.colcon_core.verb:set package 'py_pubsub' build argument 'catkin_skip_building_tests' from command line to 'False'
[1.447s] DEBUG:colcon.colcon_core.verb:Building package 'py_pubsub' with the following arguments: {'ament_cmake_args': None, 'build_base': '/home/yan/camps_ws/build/py_pubsub', 'catkin_cmake_args': None, 'catkin_skip_building_tests': False, 'cmake_args': None, 'cmake_clean_cache': False, 'cmake_clean_first': False, 'cmake_force_configure': False, 'cmake_target': None, 'cmake_target_skip_unavailable': False, 'install_base': '/home/yan/camps_ws/install/py_pubsub', 'merge_install': False, 'path': '/home/yan/camps_ws/src/py_pubsub', 'symlink_install': False, 'test_result_base': None}
[1.470s] Level 5:colcon.colcon_core.verb:set package 'realsense_camera_msgs' build argument 'cmake_args' from command line to 'None'
[1.470s] Level 5:colcon.colcon_core.verb:set package 'realsense_camera_msgs' build argument 'cmake_target' from command line to 'None'
[1.470s] Level 5:colcon.colcon_core.verb:set package 'realsense_camera_msgs' build argument 'cmake_target_skip_unavailable' from command line to 'False'
[1.471s] Level 5:colcon.colcon_core.verb:set package 'realsense_camera_msgs' build argument 'cmake_clean_cache' from command line to 'False'
[1.471s] Level 5:colcon.colcon_core.verb:set package 'realsense_camera_msgs' build argument 'cmake_clean_first' from command line to 'False'
[1.471s] Level 5:colcon.colcon_core.verb:set package 'realsense_camera_msgs' build argument 'cmake_force_configure' from command line to 'False'
[1.471s] Level 5:colcon.colcon_core.verb:set package 'realsense_camera_msgs' build argument 'ament_cmake_args' from command line to 'None'
[1.472s] Level 5:colcon.colcon_core.verb:set package 'realsense_camera_msgs' build argument 'catkin_cmake_args' from command line to 'None'
[1.472s] Level 5:colcon.colcon_core.verb:set package 'realsense_camera_msgs' build argument 'catkin_skip_building_tests' from command line to 'False'
[1.472s] DEBUG:colcon.colcon_core.verb:Building package 'realsense_camera_msgs' with the following arguments: {'ament_cmake_args': None, 'build_base': '/home/yan/camps_ws/build/realsense_camera_msgs', 'catkin_cmake_args': None, 'catkin_skip_building_tests': False, 'cmake_args': None, 'cmake_clean_cache': False, 'cmake_clean_first': False, 'cmake_force_configure': False, 'cmake_target': None, 'cmake_target_skip_unavailable': False, 'install_base': '/home/yan/camps_ws/install/realsense_camera_msgs', 'merge_install': False, 'path': '/home/yan/camps_ws/src/ros2_intel_realsense/realsense_camera_msgs', 'symlink_install': False, 'test_result_base': None}
[1.494s] Level 5:colcon.colcon_core.verb:set package 'realsense_ros2_camera' build argument 'cmake_args' from command line to 'None'
[1.494s] Level 5:colcon.colcon_core.verb:set package 'realsense_ros2_camera' build argument 'cmake_target' from command line to 'None'
[1.494s] Level 5:colcon.colcon_core.verb:set package 'realsense_ros2_camera' build argument 'cmake_target_skip_unavailable' from command line to 'False'
[1.495s] Level 5:colcon.colcon_core.verb:set package 'realsense_ros2_camera' build argument 'cmake_clean_cache' from command line to 'False'
[1.495s] Level 5:colcon.colcon_core.verb:set package 'realsense_ros2_camera' build argument 'cmake_clean_first' from command line to 'False'
[1.495s] Level 5:colcon.colcon_core.verb:set package 'realsense_ros2_camera' build argument 'cmake_force_configure' from command line to 'False'
[1.495s] Level 5:colcon.colcon_core.verb:set package 'realsense_ros2_camera' build argument 'ament_cmake_args' from command line to 'None'
[1.495s] Level 5:colcon.colcon_core.verb:set package 'realsense_ros2_camera' build argument 'catkin_cmake_args' from command line to 'None'
[1.495s] Level 5:colcon.colcon_core.verb:set package 'realsense_ros2_camera' build argument 'catkin_skip_building_tests' from command line to 'False'
[1.496s] DEBUG:colcon.colcon_core.verb:Building package 'realsense_ros2_camera' with the following arguments: {'ament_cmake_args': None, 'build_base': '/home/yan/camps_ws/build/realsense_ros2_camera', 'catkin_cmake_args': None, 'catkin_skip_building_tests': False, 'cmake_args': None, 'cmake_clean_cache': False, 'cmake_clean_first': False, 'cmake_force_configure': False, 'cmake_target': None, 'cmake_target_skip_unavailable': False, 'install_base': '/home/yan/camps_ws/install/realsense_ros2_camera', 'merge_install': False, 'path': '/home/yan/camps_ws/src/ros2_intel_realsense/realsense_ros2_camera', 'symlink_install': False, 'test_result_base': None}
[1.498s] INFO:colcon.colcon_core.executor:Executing jobs using 'parallel' executor
[1.512s] DEBUG:colcon.colcon_parallel_executor.executor.parallel:run_until_complete
[1.513s] INFO:colcon.colcon_ros.task.ament_cmake.build:Building ROS package in '/home/yan/camps_ws/src/ros2_intel_realsense/realsense_camera_msgs' with build type 'ament_cmake'
[1.518s] INFO:colcon.colcon_cmake.task.cmake.build:Building CMake package in '/home/yan/camps_ws/src/ros2_intel_realsense/realsense_camera_msgs'
[1.540s] INFO:colcon.colcon_core.plugin_system:Skipping extension 'colcon_core.shell.bat': Not used on non-Windows systems
[1.542s] INFO:colcon.colcon_core.shell:Skip shell extension 'powershell' for command environment: Not usable outside of PowerShell
[1.542s] DEBUG:colcon.colcon_core.shell:Skip shell extension 'dsv' for command environment
[1.606s] DEBUG:colcon.colcon_core.shell:Ignoring prefix path '/opt/ros/dashing'
[1.617s] INFO:colcon.colcon_ros.task.ament_python.build:Building ROS package in '/home/yan/camps_ws/src/py_pubsub' with build type 'ament_python'
[1.619s] Level 1:colcon.colcon_core.shell:create_environment_hook('py_pubsub', 'ament_prefix_path')
[1.624s] INFO:colcon.colcon_core.shell:Creating environment hook '/home/yan/camps_ws/install/py_pubsub/share/py_pubsub/hook/ament_prefix_path.ps1'
[1.629s] INFO:colcon.colcon_core.shell:Creating environment descriptor '/home/yan/camps_ws/install/py_pubsub/share/py_pubsub/hook/ament_prefix_path.dsv'
[1.632s] INFO:colcon.colcon_core.shell:Creating environment hook '/home/yan/camps_ws/install/py_pubsub/share/py_pubsub/hook/ament_prefix_path.sh'
[1.641s] INFO:colcon.colcon_core.shell:Skip shell extension 'powershell' for command environment: Not usable outside of PowerShell
[1.641s] DEBUG:colcon.colcon_core.shell:Skip shell extension 'dsv' for command environment
[1.658s] DEBUG:colcon.colcon_core.shell:Ignoring prefix path '/opt/ros/dashing'
[1.699s] DEBUG:colcon.colcon_core.event_handler.log_command:Invoking command in '/home/yan/camps_ws/build/realsense_camera_msgs': CMAKE_PREFIX_PATH=${CMAKE_PREFIX_PATH}:/home/yan/camps_ws/install/py_pubsub:/opt/ros/dashing /usr/bin/cmake --build /home/yan/camps_ws/build/realsense_camera_msgs -- -j4 -l4
[3.377s] INFO:colcon.colcon_core.task.python.build:Building Python package in '/home/yan/camps_ws/src/py_pubsub'
[3.382s] INFO:colcon.colcon_core.shell:Skip shell extension 'powershell' for command environment: Not usable outside of PowerShell
[3.382s] DEBUG:colcon.colcon_core.shell:Skip shell extension 'dsv' for command environment
[3.399s] DEBUG:colcon.colcon_core.shell:Ignoring prefix path '/opt/ros/dashing'
[3.421s] DEBUG:colcon.colcon_core.event_handler.log_command:Invoked command in '/home/yan/camps_ws/build/realsense_camera_msgs' returned '0': CMAKE_PREFIX_PATH=${CMAKE_PREFIX_PATH}:/home/yan/camps_ws/install/py_pubsub:/opt/ros/dashing /usr/bin/cmake --build /home/yan/camps_ws/build/realsense_camera_msgs -- -j4 -l4
[3.454s] DEBUG:colcon.colcon_core.event_handler.log_command:Invoking command in '/home/yan/camps_ws/src/py_pubsub': PYTHONPATH=/home/yan/camps_ws/install/py_pubsub/lib/python3.6/site-packages:${PYTHONPATH} /usr/bin/python3 setup.py egg_info --egg-base ../../build/py_pubsub build --build-base /home/yan/camps_ws/build/py_pubsub/build install --prefix /home/yan/camps_ws/install/py_pubsub --record /home/yan/camps_ws/build/py_pubsub/install.log --single-version-externally-managed
[3.829s] DEBUG:colcon.colcon_core.event_handler.log_command:Invoking command in '/home/yan/camps_ws/build/realsense_camera_msgs': CMAKE_PREFIX_PATH=${CMAKE_PREFIX_PATH}:/home/yan/camps_ws/install/py_pubsub:/opt/ros/dashing /usr/bin/cmake --build /home/yan/camps_ws/build/realsense_camera_msgs --target install -- -j4 -l4
[5.478s] Level 1:colcon.colcon_core.environment:create_environment_scripts_only(realsense_camera_msgs)
[5.488s] DEBUG:colcon.colcon_core.event_handler.log_command:Invoked command in '/home/yan/camps_ws/build/realsense_camera_msgs' returned '0': CMAKE_PREFIX_PATH=${CMAKE_PREFIX_PATH}:/home/yan/camps_ws/install/py_pubsub:/opt/ros/dashing /usr/bin/cmake --build /home/yan/camps_ws/build/realsense_camera_msgs --target install -- -j4 -l4
[5.519s] Level 1:colcon.colcon_core.environment:checking '/home/yan/camps_ws/install/realsense_camera_msgs' for CMake module files
[5.523s] Level 1:colcon.colcon_core.environment:checking '/home/yan/camps_ws/install/realsense_camera_msgs' for CMake config files
[5.525s] Level 1:colcon.colcon_core.shell:create_environment_hook('realsense_camera_msgs', 'cmake_prefix_path')
[5.530s] INFO:colcon.colcon_core.shell:Creating environment hook '/home/yan/camps_ws/install/realsense_camera_msgs/share/realsense_camera_msgs/hook/cmake_prefix_path.ps1'
[5.534s] INFO:colcon.colcon_core.shell:Creating environment descriptor '/home/yan/camps_ws/install/realsense_camera_msgs/share/realsense_camera_msgs/hook/cmake_prefix_path.dsv'
[5.539s] INFO:colcon.colcon_core.shell:Creating environment hook '/home/yan/camps_ws/install/realsense_camera_msgs/share/realsense_camera_msgs/hook/cmake_prefix_path.sh'
[5.545s] Level 1:colcon.colcon_core.environment:checking '/home/yan/camps_ws/install/realsense_camera_msgs/lib'
[5.546s] Level 1:colcon.colcon_core.shell:create_environment_hook('realsense_camera_msgs', 'ld_library_path_lib')
[5.551s] INFO:colcon.colcon_core.shell:Creating environment hook '/home/yan/camps_ws/install/realsense_camera_msgs/share/realsense_camera_msgs/hook/ld_library_path_lib.ps1'
[5.554s] INFO:colcon.colcon_core.shell:Creating environment descriptor '/home/yan/camps_ws/install/realsense_camera_msgs/share/realsense_camera_msgs/hook/ld_library_path_lib.dsv'
[5.556s] INFO:colcon.colcon_core.shell:Creating environment hook '/home/yan/camps_ws/install/realsense_camera_msgs/share/realsense_camera_msgs/hook/ld_library_path_lib.sh'
[5.558s] Level 1:colcon.colcon_core.environment:checking '/home/yan/camps_ws/install/realsense_camera_msgs/bin'
[5.559s] Level 1:colcon.colcon_core.environment:checking '/home/yan/camps_ws/install/realsense_camera_msgs/lib/pkgconfig/realsense_camera_msgs.pc'
[5.560s] Level 1:colcon.colcon_core.environment:checking '/home/yan/camps_ws/install/realsense_camera_msgs/lib/python3.6/site-packages'
[5.560s] Level 1:colcon.colcon_core.shell:create_environment_hook('realsense_camera_msgs', 'pythonpath')
[5.564s] INFO:colcon.colcon_core.shell:Creating environment hook '/home/yan/camps_ws/install/realsense_camera_msgs/share/realsense_camera_msgs/hook/pythonpath.ps1'
[5.569s] INFO:colcon.colcon_core.shell:Creating environment descriptor '/home/yan/camps_ws/install/realsense_camera_msgs/share/realsense_camera_msgs/hook/pythonpath.dsv'
[5.573s] INFO:colcon.colcon_core.shell:Creating environment hook '/home/yan/camps_ws/install/realsense_camera_msgs/share/realsense_camera_msgs/hook/pythonpath.sh'
[5.581s] INFO:colcon.colcon_core.shell:Creating package script '/home/yan/camps_ws/install/realsense_camera_msgs/share/realsense_camera_msgs/package.ps1'
[5.588s] INFO:colcon.colcon_core.shell:Creating package descriptor '/home/yan/camps_ws/install/realsense_camera_msgs/share/realsense_camera_msgs/package.dsv'
[5.593s] INFO:colcon.colcon_core.shell:Creating package script '/home/yan/camps_ws/install/realsense_camera_msgs/share/realsense_camera_msgs/package.sh'
[5.600s] INFO:colcon.colcon_core.shell:Creating package script '/home/yan/camps_ws/install/realsense_camera_msgs/share/realsense_camera_msgs/package.bash'
[5.607s] INFO:colcon.colcon_core.shell:Creating package script '/home/yan/camps_ws/install/realsense_camera_msgs/share/realsense_camera_msgs/package.zsh'
[5.612s] Level 1:colcon.colcon_core.environment:create_file_with_runtime_dependencies(/home/yan/camps_ws/install/realsense_camera_msgs/share/colcon-core/packages/realsense_camera_msgs)
[5.637s] Level 1:colcon.colcon_core.environment:checking '/home/yan/camps_ws/install/py_pubsub' for CMake module files
[5.643s] DEBUG:colcon.colcon_core.event_handler.log_command:Invoked command in '/home/yan/camps_ws/src/py_pubsub' returned '0': PYTHONPATH=/home/yan/camps_ws/install/py_pubsub/lib/python3.6/site-packages:${PYTHONPATH} /usr/bin/python3 setup.py egg_info --egg-base ../../build/py_pubsub build --build-base /home/yan/camps_ws/build/py_pubsub/build install --prefix /home/yan/camps_ws/install/py_pubsub --record /home/yan/camps_ws/build/py_pubsub/install.log --single-version-externally-managed
[5.645s] Level 1:colcon.colcon_core.environment:checking '/home/yan/camps_ws/install/py_pubsub' for CMake config files
[5.650s] Level 1:colcon.colcon_core.environment:checking '/home/yan/camps_ws/install/py_pubsub/lib'
[5.650s] Level 1:colcon.colcon_core.environment:checking '/home/yan/camps_ws/install/py_pubsub/bin'
[5.651s] Level 1:colcon.colcon_core.environment:checking '/home/yan/camps_ws/install/py_pubsub/lib/pkgconfig/py_pubsub.pc'
[5.651s] Level 1:colcon.colcon_core.environment:checking '/home/yan/camps_ws/install/py_pubsub/lib/python3.6/site-packages'
[5.652s] Level 1:colcon.colcon_core.shell:create_environment_hook('py_pubsub', 'pythonpath')
[5.656s] INFO:colcon.colcon_core.shell:Creating environment hook '/home/yan/camps_ws/install/py_pubsub/share/py_pubsub/hook/pythonpath.ps1'
[5.659s] INFO:colcon.colcon_core.shell:Creating environment descriptor '/home/yan/camps_ws/install/py_pubsub/share/py_pubsub/hook/pythonpath.dsv'
[5.661s] INFO:colcon.colcon_core.shell:Creating environment hook '/home/yan/camps_ws/install/py_pubsub/share/py_pubsub/hook/pythonpath.sh'
[5.663s] Level 1:colcon.colcon_core.environment:create_environment_scripts_only(py_pubsub)
[5.668s] INFO:colcon.colcon_core.shell:Creating package script '/home/yan/camps_ws/install/py_pubsub/share/py_pubsub/package.ps1'
[5.671s] INFO:colcon.colcon_core.shell:Creating package descriptor '/home/yan/camps_ws/install/py_pubsub/share/py_pubsub/package.dsv'
[5.673s] INFO:colcon.colcon_core.shell:Creating package script '/home/yan/camps_ws/install/py_pubsub/share/py_pubsub/package.sh'
[5.676s] INFO:colcon.colcon_core.shell:Creating package script '/home/yan/camps_ws/install/py_pubsub/share/py_pubsub/package.bash'
[5.678s] INFO:colcon.colcon_core.shell:Creating package script '/home/yan/camps_ws/install/py_pubsub/share/py_pubsub/package.zsh'
[5.680s] Level 1:colcon.colcon_core.environment:create_file_with_runtime_dependencies(/home/yan/camps_ws/install/py_pubsub/share/colcon-core/packages/py_pubsub)
[5.952s] Level 1:colcon.colcon_core.environment:create_environment_scripts_only(realsense_camera_msgs)
[5.957s] Level 1:colcon.colcon_core.environment:checking '/home/yan/camps_ws/install/realsense_camera_msgs' for CMake module files
[5.962s] Level 1:colcon.colcon_core.environment:checking '/home/yan/camps_ws/install/realsense_camera_msgs' for CMake config files
[5.964s] Level 1:colcon.colcon_core.shell:create_environment_hook('realsense_camera_msgs', 'cmake_prefix_path')
[5.968s] INFO:colcon.colcon_core.shell:Creating environment hook '/home/yan/camps_ws/install/realsense_camera_msgs/share/realsense_camera_msgs/hook/cmake_prefix_path.ps1'
[5.970s] INFO:colcon.colcon_core.shell:Creating environment descriptor '/home/yan/camps_ws/install/realsense_camera_msgs/share/realsense_camera_msgs/hook/cmake_prefix_path.dsv'
[5.972s] INFO:colcon.colcon_core.shell:Creating environment hook '/home/yan/camps_ws/install/realsense_camera_msgs/share/realsense_camera_msgs/hook/cmake_prefix_path.sh'
[5.976s] Level 1:colcon.colcon_core.environment:checking '/home/yan/camps_ws/install/realsense_camera_msgs/lib'
[5.977s] Level 1:colcon.colcon_core.shell:create_environment_hook('realsense_camera_msgs', 'ld_library_path_lib')
[5.981s] INFO:colcon.colcon_core.shell:Creating environment hook '/home/yan/camps_ws/install/realsense_camera_msgs/share/realsense_camera_msgs/hook/ld_library_path_lib.ps1'
[5.983s] INFO:colcon.colcon_core.shell:Creating environment descriptor '/home/yan/camps_ws/install/realsense_camera_msgs/share/realsense_camera_msgs/hook/ld_library_path_lib.dsv'
[5.985s] INFO:colcon.colcon_core.shell:Creating environment hook '/home/yan/camps_ws/install/realsense_camera_msgs/share/realsense_camera_msgs/hook/ld_library_path_lib.sh'
[5.987s] Level 1:colcon.colcon_core.environment:checking '/home/yan/camps_ws/install/realsense_camera_msgs/bin'
[5.987s] Level 1:colcon.colcon_core.environment:checking '/home/yan/camps_ws/install/realsense_camera_msgs/lib/pkgconfig/realsense_camera_msgs.pc'
[5.988s] Level 1:colcon.colcon_core.environment:checking '/home/yan/camps_ws/install/realsense_camera_msgs/lib/python3.6/site-packages'
[5.989s] Level 1:colcon.colcon_core.shell:create_environment_hook('realsense_camera_msgs', 'pythonpath')
[5.993s] INFO:colcon.colcon_core.shell:Creating environment hook '/home/yan/camps_ws/install/realsense_camera_msgs/share/realsense_camera_msgs/hook/pythonpath.ps1'
[5.996s] INFO:colcon.colcon_core.shell:Creating environment descriptor '/home/yan/camps_ws/install/realsense_camera_msgs/share/realsense_camera_msgs/hook/pythonpath.dsv'
[5.998s] INFO:colcon.colcon_core.shell:Creating environment hook '/home/yan/camps_ws/install/realsense_camera_msgs/share/realsense_camera_msgs/hook/pythonpath.sh'
[6.005s] INFO:colcon.colcon_core.shell:Creating package script '/home/yan/camps_ws/install/realsense_camera_msgs/share/realsense_camera_msgs/package.ps1'
[6.008s] INFO:colcon.colcon_core.shell:Creating package descriptor '/home/yan/camps_ws/install/realsense_camera_msgs/share/realsense_camera_msgs/package.dsv'
[6.011s] INFO:colcon.colcon_core.shell:Creating package script '/home/yan/camps_ws/install/realsense_camera_msgs/share/realsense_camera_msgs/package.sh'
[6.013s] INFO:colcon.colcon_core.shell:Creating package script '/home/yan/camps_ws/install/realsense_camera_msgs/share/realsense_camera_msgs/package.bash'
[6.015s] INFO:colcon.colcon_core.shell:Creating package script '/home/yan/camps_ws/install/realsense_camera_msgs/share/realsense_camera_msgs/package.zsh'
[6.017s] Level 1:colcon.colcon_core.environment:create_file_with_runtime_dependencies(/home/yan/camps_ws/install/realsense_camera_msgs/share/colcon-core/packages/realsense_camera_msgs)
[6.018s] INFO:colcon.colcon_ros.task.ament_cmake.build:Building ROS package in '/home/yan/camps_ws/src/ros2_intel_realsense/realsense_ros2_camera' with build type 'ament_cmake'
[6.019s] INFO:colcon.colcon_cmake.task.cmake.build:Building CMake package in '/home/yan/camps_ws/src/ros2_intel_realsense/realsense_ros2_camera'
[6.023s] INFO:colcon.colcon_core.shell:Skip shell extension 'powershell' for command environment: Not usable outside of PowerShell
[6.023s] DEBUG:colcon.colcon_core.shell:Skip shell extension 'dsv' for command environment
[6.040s] DEBUG:colcon.colcon_core.shell:Ignoring prefix path '/opt/ros/dashing'
[6.100s] DEBUG:colcon.colcon_core.event_handler.log_command:Invoking command in '/home/yan/camps_ws/build/realsense_ros2_camera': CMAKE_PREFIX_PATH=/home/yan/camps_ws/install/realsense_camera_msgs:/home/yan/camps_ws/install/realsense_ros2_camera:/home/yan/camps_ws/install/py_pubsub:/opt/ros/dashing /usr/bin/cmake --build /home/yan/camps_ws/build/realsense_ros2_camera -- -j4 -l4
[6.444s] DEBUG:colcon.colcon_core.event_handler.log_command:Invoked command in '/home/yan/camps_ws/build/realsense_ros2_camera' returned '0': CMAKE_PREFIX_PATH=/home/yan/camps_ws/install/realsense_camera_msgs:/home/yan/camps_ws/install/realsense_ros2_camera:/home/yan/camps_ws/install/py_pubsub:/opt/ros/dashing /usr/bin/cmake --build /home/yan/camps_ws/build/realsense_ros2_camera -- -j4 -l4
[6.568s] DEBUG:colcon.colcon_core.event_handler.log_command:Invoking command in '/home/yan/camps_ws/build/realsense_ros2_camera': CMAKE_PREFIX_PATH=/home/yan/camps_ws/install/realsense_camera_msgs:/home/yan/camps_ws/install/realsense_ros2_camera:/home/yan/camps_ws/install/py_pubsub:/opt/ros/dashing /usr/bin/cmake --build /home/yan/camps_ws/build/realsense_ros2_camera --target install -- -j4 -l4
[7.005s] Level 1:colcon.colcon_core.environment:create_environment_scripts_only(realsense_ros2_camera)
[7.014s] Level 1:colcon.colcon_core.environment:checking '/home/yan/camps_ws/install/realsense_ros2_camera' for CMake module files
[7.019s] DEBUG:colcon.colcon_core.event_handler.log_command:Invoked command in '/home/yan/camps_ws/build/realsense_ros2_camera' returned '0': CMAKE_PREFIX_PATH=/home/yan/camps_ws/install/realsense_camera_msgs:/home/yan/camps_ws/install/realsense_ros2_camera:/home/yan/camps_ws/install/py_pubsub:/opt/ros/dashing /usr/bin/cmake --build /home/yan/camps_ws/build/realsense_ros2_camera --target install -- -j4 -l4
[7.020s] Level 1:colcon.colcon_core.environment:checking '/home/yan/camps_ws/install/realsense_ros2_camera' for CMake config files
[7.022s] Level 1:colcon.colcon_core.shell:create_environment_hook('realsense_ros2_camera', 'cmake_prefix_path')
[7.026s] INFO:colcon.colcon_core.shell:Creating environment hook '/home/yan/camps_ws/install/realsense_ros2_camera/share/realsense_ros2_camera/hook/cmake_prefix_path.ps1'
[7.028s] INFO:colcon.colcon_core.shell:Creating environment descriptor '/home/yan/camps_ws/install/realsense_ros2_camera/share/realsense_ros2_camera/hook/cmake_prefix_path.dsv'
[7.030s] INFO:colcon.colcon_core.shell:Creating environment hook '/home/yan/camps_ws/install/realsense_ros2_camera/share/realsense_ros2_camera/hook/cmake_prefix_path.sh'
[7.035s] Level 1:colcon.colcon_core.environment:checking '/home/yan/camps_ws/install/realsense_ros2_camera/lib'
[7.036s] Level 1:colcon.colcon_core.environment:checking '/home/yan/camps_ws/install/realsense_ros2_camera/bin'
[7.036s] Level 1:colcon.colcon_core.shell:create_environment_hook('realsense_ros2_camera', 'path')
[7.042s] INFO:colcon.colcon_core.shell:Creating environment hook '/home/yan/camps_ws/install/realsense_ros2_camera/share/realsense_ros2_camera/hook/path.ps1'
[7.044s] INFO:colcon.colcon_core.shell:Creating environment descriptor '/home/yan/camps_ws/install/realsense_ros2_camera/share/realsense_ros2_camera/hook/path.dsv'
[7.045s] INFO:colcon.colcon_core.shell:Creating environment hook '/home/yan/camps_ws/install/realsense_ros2_camera/share/realsense_ros2_camera/hook/path.sh'
[7.047s] Level 1:colcon.colcon_core.environment:checking '/home/yan/camps_ws/install/realsense_ros2_camera/lib/pkgconfig/realsense_ros2_camera.pc'
[7.048s] Level 1:colcon.colcon_core.environment:checking '/home/yan/camps_ws/install/realsense_ros2_camera/lib/python3.6/site-packages'
[7.052s] INFO:colcon.colcon_core.shell:Creating package script '/home/yan/camps_ws/install/realsense_ros2_camera/share/realsense_ros2_camera/package.ps1'
[7.055s] INFO:colcon.colcon_core.shell:Creating package descriptor '/home/yan/camps_ws/install/realsense_ros2_camera/share/realsense_ros2_camera/package.dsv'
[7.057s] INFO:colcon.colcon_core.shell:Creating package script '/home/yan/camps_ws/install/realsense_ros2_camera/share/realsense_ros2_camera/package.sh'
[7.059s] INFO:colcon.colcon_core.shell:Creating package script '/home/yan/camps_ws/install/realsense_ros2_camera/share/realsense_ros2_camera/package.bash'
[7.060s] INFO:colcon.colcon_core.shell:Creating package script '/home/yan/camps_ws/install/realsense_ros2_camera/share/realsense_ros2_camera/package.zsh'
[7.062s] Level 1:colcon.colcon_core.environment:create_file_with_runtime_dependencies(/home/yan/camps_ws/install/realsense_ros2_camera/share/colcon-core/packages/realsense_ros2_camera)
[7.175s] Level 1:colcon.colcon_core.environment:create_environment_scripts_only(realsense_ros2_camera)
[7.183s] Level 1:colcon.colcon_core.environment:checking '/home/yan/camps_ws/install/realsense_ros2_camera' for CMake module files
[7.187s] Level 1:colcon.colcon_core.environment:checking '/home/yan/camps_ws/install/realsense_ros2_camera' for CMake config files
[7.189s] Level 1:colcon.colcon_core.shell:create_environment_hook('realsense_ros2_camera', 'cmake_prefix_path')
[7.194s] INFO:colcon.colcon_core.shell:Creating environment hook '/home/yan/camps_ws/install/realsense_ros2_camera/share/realsense_ros2_camera/hook/cmake_prefix_path.ps1'
[7.196s] INFO:colcon.colcon_core.shell:Creating environment descriptor '/home/yan/camps_ws/install/realsense_ros2_camera/share/realsense_ros2_camera/hook/cmake_prefix_path.dsv'
[7.198s] INFO:colcon.colcon_core.shell:Creating environment hook '/home/yan/camps_ws/install/realsense_ros2_camera/share/realsense_ros2_camera/hook/cmake_prefix_path.sh'
[7.203s] Level 1:colcon.colcon_core.environment:checking '/home/yan/camps_ws/install/realsense_ros2_camera/lib'
[7.203s] Level 1:colcon.colcon_core.environment:checking '/home/yan/camps_ws/install/realsense_ros2_camera/bin'
[7.203s] Level 1:colcon.colcon_core.shell:create_environment_hook('realsense_ros2_camera', 'path')
[7.208s] INFO:colcon.colcon_core.shell:Creating environment hook '/home/yan/camps_ws/install/realsense_ros2_camera/share/realsense_ros2_camera/hook/path.ps1'
[7.210s] INFO:colcon.colcon_core.shell:Creating environment descriptor '/home/yan/camps_ws/install/realsense_ros2_camera/share/realsense_ros2_camera/hook/path.dsv'
[7.212s] INFO:colcon.colcon_core.shell:Creating environment hook '/home/yan/camps_ws/install/realsense_ros2_camera/share/realsense_ros2_camera/hook/path.sh'
[7.214s] Level 1:colcon.colcon_core.environment:checking '/home/yan/camps_ws/install/realsense_ros2_camera/lib/pkgconfig/realsense_ros2_camera.pc'
[7.215s] Level 1:colcon.colcon_core.environment:checking '/home/yan/camps_ws/install/realsense_ros2_camera/lib/python3.6/site-packages'
[7.219s] INFO:colcon.colcon_core.shell:Creating package script '/home/yan/camps_ws/install/realsense_ros2_camera/share/realsense_ros2_camera/package.ps1'
[7.222s] INFO:colcon.colcon_core.shell:Creating package descriptor '/home/yan/camps_ws/install/realsense_ros2_camera/share/realsense_ros2_camera/package.dsv'
[7.225s] INFO:colcon.colcon_core.shell:Creating package script '/home/yan/camps_ws/install/realsense_ros2_camera/share/realsense_ros2_camera/package.sh'
[7.227s] INFO:colcon.colcon_core.shell:Creating package script '/home/yan/camps_ws/install/realsense_ros2_camera/share/realsense_ros2_camera/package.bash'
[7.229s] INFO:colcon.colcon_core.shell:Creating package script '/home/yan/camps_ws/install/realsense_ros2_camera/share/realsense_ros2_camera/package.zsh'
[7.231s] Level 1:colcon.colcon_core.environment:create_file_with_runtime_dependencies(/home/yan/camps_ws/install/realsense_ros2_camera/share/colcon-core/packages/realsense_ros2_camera)
[7.232s] DEBUG:colcon.colcon_parallel_executor.executor.parallel:closing loop
[7.236s] DEBUG:colcon.colcon_parallel_executor.executor.parallel:loop closed
[7.236s] DEBUG:colcon.colcon_parallel_executor.executor.parallel:run_until_complete finished with '0'
[7.236s] DEBUG:colcon.colcon_core.event_reactor:joining thread
[7.278s] INFO:colcon.colcon_core.plugin_system:Skipping extension 'colcon_notification.desktop_notification.terminal_notifier': Not used on non-Darwin systems
[7.278s] INFO:colcon.colcon_core.plugin_system:Skipping extension 'colcon_notification.desktop_notification.win32': Not used on non-Windows systems
[7.279s] INFO:colcon.colcon_notification.desktop_notification:Sending desktop notification using 'notify2'
[7.393s] DEBUG:colcon.colcon_core.event_reactor:joined thread
[7.398s] INFO:colcon.colcon_core.shell:Creating prefix script '/home/yan/camps_ws/install/local_setup.ps1'
[7.406s] INFO:colcon.colcon_core.shell:Creating prefix util module '/home/yan/camps_ws/install/_local_setup_util_ps1.py'
[7.417s] INFO:colcon.colcon_core.shell:Creating prefix chain script '/home/yan/camps_ws/install/setup.ps1'
[7.439s] INFO:colcon.colcon_core.shell:Creating prefix script '/home/yan/camps_ws/install/local_setup.sh'
[7.443s] INFO:colcon.colcon_core.shell:Creating prefix util module '/home/yan/camps_ws/install/_local_setup_util_sh.py'
[7.447s] INFO:colcon.colcon_core.shell:Creating prefix chain script '/home/yan/camps_ws/install/setup.sh'
[7.468s] INFO:colcon.colcon_core.shell:Creating prefix script '/home/yan/camps_ws/install/local_setup.bash'
[7.474s] INFO:colcon.colcon_core.shell:Creating prefix chain script '/home/yan/camps_ws/install/setup.bash'
[7.493s] INFO:colcon.colcon_core.shell:Creating prefix script '/home/yan/camps_ws/install/local_setup.zsh'
[7.497s] INFO:colcon.colcon_core.shell:Creating prefix chain script '/home/yan/camps_ws/install/setup.zsh'
