[1.864s] Invoking command in '/home/yan/camps_ws/src/py_pubsub': PYTHONPATH=/home/yan/camps_ws/install/py_pubsub/lib/python3.6/site-packages:${PYTHONPATH} /usr/bin/python3 setup.py egg_info --egg-base ../../build/py_pubsub build --build-base /home/yan/camps_ws/build/py_pubsub/build install --prefix /home/yan/camps_ws/install/py_pubsub --record /home/yan/camps_ws/build/py_pubsub/install.log --single-version-externally-managed
[3.644s] running egg_info
[3.648s] writing ../../build/py_pubsub/py_pubsub.egg-info/PKG-INFO
[3.650s] writing dependency_links to ../../build/py_pubsub/py_pubsub.egg-info/dependency_links.txt
[3.652s] writing entry points to ../../build/py_pubsub/py_pubsub.egg-info/entry_points.txt
[3.654s] writing requirements to ../../build/py_pubsub/py_pubsub.egg-info/requires.txt
[3.655s] writing top-level names to ../../build/py_pubsub/py_pubsub.egg-info/top_level.txt
[3.911s] reading manifest file '../../build/py_pubsub/py_pubsub.egg-info/SOURCES.txt'
[3.920s] writing manifest file '../../build/py_pubsub/py_pubsub.egg-info/SOURCES.txt'
[3.921s] running build
[3.922s] running build_py
[3.926s] copying py_pubsub/subscriber_member_function_onesensor.py -> /home/yan/camps_ws/build/py_pubsub/build/lib/py_pubsub
[3.931s] running install
[3.932s] running install_lib
[3.938s] copying /home/yan/camps_ws/build/py_pubsub/build/lib/py_pubsub/subscriber_member_function_onesensor.py -> /home/yan/camps_ws/install/py_pubsub/lib/python3.6/site-packages/py_pubsub
[3.949s] byte-compiling /home/yan/camps_ws/install/py_pubsub/lib/python3.6/site-packages/py_pubsub/subscriber_member_function_onesensor.py to subscriber_member_function_onesensor.cpython-36.pyc
[3.954s] running install_data
[3.959s] running install_egg_info
[3.968s] removing '/home/yan/camps_ws/install/py_pubsub/lib/python3.6/site-packages/py_pubsub-0.0.0-py3.6.egg-info' (and everything under it)
[3.971s] Copying ../../build/py_pubsub/py_pubsub.egg-info to /home/yan/camps_ws/install/py_pubsub/lib/python3.6/site-packages/py_pubsub-0.0.0-py3.6.egg-info
[3.979s] running install_scripts
[4.084s] Installing color script to /home/yan/camps_ws/install/py_pubsub/lib/py_pubsub
[4.087s] Installing depth script to /home/yan/camps_ws/install/py_pubsub/lib/py_pubsub
[4.088s] Installing infra1 script to /home/yan/camps_ws/install/py_pubsub/lib/py_pubsub
[4.089s] Installing infra2 script to /home/yan/camps_ws/install/py_pubsub/lib/py_pubsub
[4.089s] Installing listener script to /home/yan/camps_ws/install/py_pubsub/lib/py_pubsub
[4.090s] Installing onesensor script to /home/yan/camps_ws/install/py_pubsub/lib/py_pubsub
[4.091s] Installing point script to /home/yan/camps_ws/install/py_pubsub/lib/py_pubsub
[4.091s] Installing talker script to /home/yan/camps_ws/install/py_pubsub/lib/py_pubsub
[4.092s] Installing timed script to /home/yan/camps_ws/install/py_pubsub/lib/py_pubsub
[4.092s] Installing twice script to /home/yan/camps_ws/install/py_pubsub/lib/py_pubsub
[4.101s] writing list of installed files to '/home/yan/camps_ws/build/py_pubsub/install.log'
[4.304s] Invoked command in '/home/yan/camps_ws/src/py_pubsub' returned '0': PYTHONPATH=/home/yan/camps_ws/install/py_pubsub/lib/python3.6/site-packages:${PYTHONPATH} /usr/bin/python3 setup.py egg_info --egg-base ../../build/py_pubsub build --build-base /home/yan/camps_ws/build/py_pubsub/build install --prefix /home/yan/camps_ws/install/py_pubsub --record /home/yan/camps_ws/build/py_pubsub/install.log --single-version-externally-managed
