[2.180s] Invoking command in '/home/yan/camps_ws/src/py_pubsub': PYTHONPATH=/home/yan/camps_ws/install/py_pubsub/lib/python3.6/site-packages:${PYTHONPATH} /usr/bin/python3 setup.py egg_info --egg-base ../../build/py_pubsub build --build-base /home/yan/camps_ws/build/py_pubsub/build install --prefix /home/yan/camps_ws/install/py_pubsub --record /home/yan/camps_ws/build/py_pubsub/install.log --single-version-externally-managed
[4.192s] running egg_info
[4.194s] writing ../../build/py_pubsub/py_pubsub.egg-info/PKG-INFO
[4.198s] writing dependency_links to ../../build/py_pubsub/py_pubsub.egg-info/dependency_links.txt
[4.199s] writing entry points to ../../build/py_pubsub/py_pubsub.egg-info/entry_points.txt
[4.201s] writing requirements to ../../build/py_pubsub/py_pubsub.egg-info/requires.txt
[4.201s] writing top-level names to ../../build/py_pubsub/py_pubsub.egg-info/top_level.txt
[4.522s] reading manifest file '../../build/py_pubsub/py_pubsub.egg-info/SOURCES.txt'
[4.547s] writing manifest file '../../build/py_pubsub/py_pubsub.egg-info/SOURCES.txt'
[4.550s] running build
[4.551s] running build_py
[4.551s] copying py_pubsub/subscriber_member_function_point.py -> /home/yan/camps_ws/build/py_pubsub/build/lib/py_pubsub
[4.555s] running install
[4.559s] running install_lib
[4.574s] copying /home/yan/camps_ws/build/py_pubsub/build/lib/py_pubsub/subscriber_member_function_point.py -> /home/yan/camps_ws/install/py_pubsub/lib/python3.6/site-packages/py_pubsub
[4.592s] byte-compiling /home/yan/camps_ws/install/py_pubsub/lib/python3.6/site-packages/py_pubsub/subscriber_member_function_point.py to subscriber_member_function_point.cpython-36.pyc
[4.598s] running install_data
[4.605s] running install_egg_info
[4.626s] removing '/home/yan/camps_ws/install/py_pubsub/lib/python3.6/site-packages/py_pubsub-0.0.0-py3.6.egg-info' (and everything under it)
[4.629s] Copying ../../build/py_pubsub/py_pubsub.egg-info to /home/yan/camps_ws/install/py_pubsub/lib/python3.6/site-packages/py_pubsub-0.0.0-py3.6.egg-info
[4.648s] running install_scripts
[4.875s] Installing color script to /home/yan/camps_ws/install/py_pubsub/lib/py_pubsub
[4.881s] Installing depth script to /home/yan/camps_ws/install/py_pubsub/lib/py_pubsub
[4.882s] Installing infra1 script to /home/yan/camps_ws/install/py_pubsub/lib/py_pubsub
[4.887s] Installing infra2 script to /home/yan/camps_ws/install/py_pubsub/lib/py_pubsub
[4.888s] Installing listener script to /home/yan/camps_ws/install/py_pubsub/lib/py_pubsub
[4.888s] Installing onesensor script to /home/yan/camps_ws/install/py_pubsub/lib/py_pubsub
[4.891s] Installing point script to /home/yan/camps_ws/install/py_pubsub/lib/py_pubsub
[4.892s] Installing talker script to /home/yan/camps_ws/install/py_pubsub/lib/py_pubsub
[4.893s] Installing timed script to /home/yan/camps_ws/install/py_pubsub/lib/py_pubsub
[4.894s] Installing twice script to /home/yan/camps_ws/install/py_pubsub/lib/py_pubsub
[4.905s] writing list of installed files to '/home/yan/camps_ws/build/py_pubsub/install.log'
[5.112s] Invoked command in '/home/yan/camps_ws/src/py_pubsub' returned '0': PYTHONPATH=/home/yan/camps_ws/install/py_pubsub/lib/python3.6/site-packages:${PYTHONPATH} /usr/bin/python3 setup.py egg_info --egg-base ../../build/py_pubsub build --build-base /home/yan/camps_ws/build/py_pubsub/build install --prefix /home/yan/camps_ws/install/py_pubsub --record /home/yan/camps_ws/build/py_pubsub/install.log --single-version-externally-managed
