[1.945s] Invoking command in '/home/yan/camps_ws/src/py_pubsub': PYTHONPATH=/home/yan/camps_ws/install/py_pubsub/lib/python3.6/site-packages:${PYTHONPATH} /usr/bin/python3 setup.py egg_info --egg-base ../../build/py_pubsub build --build-base /home/yan/camps_ws/build/py_pubsub/build install --prefix /home/yan/camps_ws/install/py_pubsub --record /home/yan/camps_ws/build/py_pubsub/install.log --single-version-externally-managed
[3.716s] running egg_info
[3.721s] writing ../../build/py_pubsub/py_pubsub.egg-info/PKG-INFO
[3.721s] writing dependency_links to ../../build/py_pubsub/py_pubsub.egg-info/dependency_links.txt
[3.723s] writing entry points to ../../build/py_pubsub/py_pubsub.egg-info/entry_points.txt
[3.726s] writing requirements to ../../build/py_pubsub/py_pubsub.egg-info/requires.txt
[3.728s] writing top-level names to ../../build/py_pubsub/py_pubsub.egg-info/top_level.txt
[3.997s] reading manifest file '../../build/py_pubsub/py_pubsub.egg-info/SOURCES.txt'
[4.006s] writing manifest file '../../build/py_pubsub/py_pubsub.egg-info/SOURCES.txt'
[4.007s] running build
[4.008s] running build_py
[4.012s] copying py_pubsub/subscriber_member_function_twice.py -> /home/yan/camps_ws/build/py_pubsub/build/lib/py_pubsub
[4.014s] running install
[4.018s] running install_lib
[4.024s] copying /home/yan/camps_ws/build/py_pubsub/build/lib/py_pubsub/subscriber_member_function_twice.py -> /home/yan/camps_ws/install/py_pubsub/lib/python3.6/site-packages/py_pubsub
[4.028s] byte-compiling /home/yan/camps_ws/install/py_pubsub/lib/python3.6/site-packages/py_pubsub/subscriber_member_function_twice.py to subscriber_member_function_twice.cpython-36.pyc
[4.036s] running install_data
[4.055s] running install_egg_info
[4.091s] removing '/home/yan/camps_ws/install/py_pubsub/lib/python3.6/site-packages/py_pubsub-0.0.0-py3.6.egg-info' (and everything under it)
[4.092s] Copying ../../build/py_pubsub/py_pubsub.egg-info to /home/yan/camps_ws/install/py_pubsub/lib/python3.6/site-packages/py_pubsub-0.0.0-py3.6.egg-info
[4.098s] running install_scripts
[4.227s] Installing color script to /home/yan/camps_ws/install/py_pubsub/lib/py_pubsub
[4.228s] Installing depth script to /home/yan/camps_ws/install/py_pubsub/lib/py_pubsub
[4.228s] Installing infra1 script to /home/yan/camps_ws/install/py_pubsub/lib/py_pubsub
[4.229s] Installing infra2 script to /home/yan/camps_ws/install/py_pubsub/lib/py_pubsub
[4.230s] Installing listener script to /home/yan/camps_ws/install/py_pubsub/lib/py_pubsub
[4.230s] Installing point script to /home/yan/camps_ws/install/py_pubsub/lib/py_pubsub
[4.231s] Installing talker script to /home/yan/camps_ws/install/py_pubsub/lib/py_pubsub
[4.232s] Installing timed script to /home/yan/camps_ws/install/py_pubsub/lib/py_pubsub
[4.236s] Installing twice script to /home/yan/camps_ws/install/py_pubsub/lib/py_pubsub
[4.237s] writing list of installed files to '/home/yan/camps_ws/build/py_pubsub/install.log'
[4.360s] Invoked command in '/home/yan/camps_ws/src/py_pubsub' returned '0': PYTHONPATH=/home/yan/camps_ws/install/py_pubsub/lib/python3.6/site-packages:${PYTHONPATH} /usr/bin/python3 setup.py egg_info --egg-base ../../build/py_pubsub build --build-base /home/yan/camps_ws/build/py_pubsub/build install --prefix /home/yan/camps_ws/install/py_pubsub --record /home/yan/camps_ws/build/py_pubsub/install.log --single-version-externally-managed
