[2.660s] Invoking command in '/home/yan/camps_ws/src/py_pubsub': PYTHONPATH=/home/yan/camps_ws/install/py_pubsub/lib/python3.6/site-packages:${PYTHONPATH} /usr/bin/python3 setup.py egg_info --egg-base ../../build/py_pubsub build --build-base /home/yan/camps_ws/build/py_pubsub/build install --prefix /home/yan/camps_ws/install/py_pubsub --record /home/yan/camps_ws/build/py_pubsub/install.log --single-version-externally-managed
[5.095s] running egg_info
[5.100s] writing ../../build/py_pubsub/py_pubsub.egg-info/PKG-INFO
[5.108s] writing dependency_links to ../../build/py_pubsub/py_pubsub.egg-info/dependency_links.txt
[5.112s] writing entry points to ../../build/py_pubsub/py_pubsub.egg-info/entry_points.txt
[5.113s] writing requirements to ../../build/py_pubsub/py_pubsub.egg-info/requires.txt
[5.114s] writing top-level names to ../../build/py_pubsub/py_pubsub.egg-info/top_level.txt
[5.470s] reading manifest file '../../build/py_pubsub/py_pubsub.egg-info/SOURCES.txt'
[5.488s] writing manifest file '../../build/py_pubsub/py_pubsub.egg-info/SOURCES.txt'
[5.492s] running build
[5.492s] running build_py
[5.496s] copying py_pubsub/subscriber_member_function.py -> /home/yan/camps_ws/build/py_pubsub/build/lib/py_pubsub
[5.498s] running install
[5.499s] running install_lib
[5.502s] copying /home/yan/camps_ws/build/py_pubsub/build/lib/py_pubsub/subscriber_member_function.py -> /home/yan/camps_ws/install/py_pubsub/lib/python3.6/site-packages/py_pubsub
[5.509s] byte-compiling /home/yan/camps_ws/install/py_pubsub/lib/python3.6/site-packages/py_pubsub/subscriber_member_function.py to subscriber_member_function.cpython-36.pyc
[5.510s] running install_data
[5.522s] running install_egg_info
[5.536s] removing '/home/yan/camps_ws/install/py_pubsub/lib/python3.6/site-packages/py_pubsub-0.0.0-py3.6.egg-info' (and everything under it)
[5.540s] Copying ../../build/py_pubsub/py_pubsub.egg-info to /home/yan/camps_ws/install/py_pubsub/lib/python3.6/site-packages/py_pubsub-0.0.0-py3.6.egg-info
[5.549s] running install_scripts
[5.699s] Installing listener script to /home/yan/camps_ws/install/py_pubsub/lib/py_pubsub
[5.701s] Installing talker script to /home/yan/camps_ws/install/py_pubsub/lib/py_pubsub
[5.706s] writing list of installed files to '/home/yan/camps_ws/build/py_pubsub/install.log'
[5.849s] Invoked command in '/home/yan/camps_ws/src/py_pubsub' returned '0': PYTHONPATH=/home/yan/camps_ws/install/py_pubsub/lib/python3.6/site-packages:${PYTHONPATH} /usr/bin/python3 setup.py egg_info --egg-base ../../build/py_pubsub build --build-base /home/yan/camps_ws/build/py_pubsub/build install --prefix /home/yan/camps_ws/install/py_pubsub --record /home/yan/camps_ws/build/py_pubsub/install.log --single-version-externally-managed
