[1.497s] Invoking command in '/home/yan/camps_ws/src/py_pubsub': PYTHONPATH=/home/yan/camps_ws/install/py_pubsub/lib/python3.6/site-packages:${PYTHONPATH} /usr/bin/python3 setup.py egg_info --egg-base ../../build/py_pubsub build --build-base /home/yan/camps_ws/build/py_pubsub/build install --prefix /home/yan/camps_ws/install/py_pubsub --record /home/yan/camps_ws/build/py_pubsub/install.log --single-version-externally-managed
[2.776s] running egg_info
[2.779s] writing ../../build/py_pubsub/py_pubsub.egg-info/PKG-INFO
[2.780s] writing dependency_links to ../../build/py_pubsub/py_pubsub.egg-info/dependency_links.txt
[2.781s] writing entry points to ../../build/py_pubsub/py_pubsub.egg-info/entry_points.txt
[2.783s] writing requirements to ../../build/py_pubsub/py_pubsub.egg-info/requires.txt
[2.784s] writing top-level names to ../../build/py_pubsub/py_pubsub.egg-info/top_level.txt
[3.004s] reading manifest file '../../build/py_pubsub/py_pubsub.egg-info/SOURCES.txt'
[3.012s] writing manifest file '../../build/py_pubsub/py_pubsub.egg-info/SOURCES.txt'
[3.013s] running build
[3.014s] running build_py
[3.014s] copying py_pubsub/subscriber_member_function_timed.py -> /home/yan/camps_ws/build/py_pubsub/build/lib/py_pubsub
[3.020s] running install
[3.022s] running install_lib
[3.027s] copying /home/yan/camps_ws/build/py_pubsub/build/lib/py_pubsub/subscriber_member_function_timed.py -> /home/yan/camps_ws/install/py_pubsub/lib/python3.6/site-packages/py_pubsub
[3.031s] byte-compiling /home/yan/camps_ws/install/py_pubsub/lib/python3.6/site-packages/py_pubsub/subscriber_member_function_timed.py to subscriber_member_function_timed.cpython-36.pyc
[3.036s] running install_data
[3.040s] running install_egg_info
[3.054s] removing '/home/yan/camps_ws/install/py_pubsub/lib/python3.6/site-packages/py_pubsub-0.0.0-py3.6.egg-info' (and everything under it)
[3.056s] Copying ../../build/py_pubsub/py_pubsub.egg-info to /home/yan/camps_ws/install/py_pubsub/lib/python3.6/site-packages/py_pubsub-0.0.0-py3.6.egg-info
[3.062s] running install_scripts
[3.186s] Installing color script to /home/yan/camps_ws/install/py_pubsub/lib/py_pubsub
[3.187s] Installing depth script to /home/yan/camps_ws/install/py_pubsub/lib/py_pubsub
[3.192s] Installing infra1 script to /home/yan/camps_ws/install/py_pubsub/lib/py_pubsub
[3.192s] Installing infra2 script to /home/yan/camps_ws/install/py_pubsub/lib/py_pubsub
[3.193s] Installing listener script to /home/yan/camps_ws/install/py_pubsub/lib/py_pubsub
[3.194s] Installing onesensor script to /home/yan/camps_ws/install/py_pubsub/lib/py_pubsub
[3.196s] Installing point script to /home/yan/camps_ws/install/py_pubsub/lib/py_pubsub
[3.196s] Installing talker script to /home/yan/camps_ws/install/py_pubsub/lib/py_pubsub
[3.197s] Installing timed script to /home/yan/camps_ws/install/py_pubsub/lib/py_pubsub
[3.198s] Installing twice script to /home/yan/camps_ws/install/py_pubsub/lib/py_pubsub
[3.199s] writing list of installed files to '/home/yan/camps_ws/build/py_pubsub/install.log'
[3.315s] Invoked command in '/home/yan/camps_ws/src/py_pubsub' returned '0': PYTHONPATH=/home/yan/camps_ws/install/py_pubsub/lib/python3.6/site-packages:${PYTHONPATH} /usr/bin/python3 setup.py egg_info --egg-base ../../build/py_pubsub build --build-base /home/yan/camps_ws/build/py_pubsub/build install --prefix /home/yan/camps_ws/install/py_pubsub --record /home/yan/camps_ws/build/py_pubsub/install.log --single-version-externally-managed
