[1.837s] Invoking command in '/home/yan/camps_ws/src/py_pubsub': PYTHONPATH=/home/yan/camps_ws/install/py_pubsub/lib/python3.6/site-packages:${PYTHONPATH} /usr/bin/python3 setup.py egg_info --egg-base ../../build/py_pubsub build --build-base /home/yan/camps_ws/build/py_pubsub/build install --prefix /home/yan/camps_ws/install/py_pubsub --record /home/yan/camps_ws/build/py_pubsub/install.log --single-version-externally-managed
[3.456s] running egg_info
[3.461s] writing ../../build/py_pubsub/py_pubsub.egg-info/PKG-INFO
[3.465s] writing dependency_links to ../../build/py_pubsub/py_pubsub.egg-info/dependency_links.txt
[3.466s] writing entry points to ../../build/py_pubsub/py_pubsub.egg-info/entry_points.txt
[3.467s] writing requirements to ../../build/py_pubsub/py_pubsub.egg-info/requires.txt
[3.468s] writing top-level names to ../../build/py_pubsub/py_pubsub.egg-info/top_level.txt
[3.689s] reading manifest file '../../build/py_pubsub/py_pubsub.egg-info/SOURCES.txt'
[3.691s] writing manifest file '../../build/py_pubsub/py_pubsub.egg-info/SOURCES.txt'
[3.691s] running build
[3.692s] running build_py
[3.693s] copying py_pubsub/subscriber_member_function_timed.py -> /home/yan/camps_ws/build/py_pubsub/build/lib/py_pubsub
[3.693s] running install
[3.695s] running install_lib
[3.698s] copying /home/yan/camps_ws/build/py_pubsub/build/lib/py_pubsub/subscriber_member_function_timed.py -> /home/yan/camps_ws/install/py_pubsub/lib/python3.6/site-packages/py_pubsub
[3.702s] byte-compiling /home/yan/camps_ws/install/py_pubsub/lib/python3.6/site-packages/py_pubsub/subscriber_member_function_timed.py to subscriber_member_function_timed.cpython-36.pyc
[3.707s] running install_data
[3.710s] running install_egg_info
[3.723s] removing '/home/yan/camps_ws/install/py_pubsub/lib/python3.6/site-packages/py_pubsub-0.0.0-py3.6.egg-info' (and everything under it)
[3.724s] Copying ../../build/py_pubsub/py_pubsub.egg-info to /home/yan/camps_ws/install/py_pubsub/lib/python3.6/site-packages/py_pubsub-0.0.0-py3.6.egg-info
[3.726s] running install_scripts
[3.827s] Installing color script to /home/yan/camps_ws/install/py_pubsub/lib/py_pubsub
[3.828s] Installing depth script to /home/yan/camps_ws/install/py_pubsub/lib/py_pubsub
[3.830s] Installing infra1 script to /home/yan/camps_ws/install/py_pubsub/lib/py_pubsub
[3.830s] Installing infra2 script to /home/yan/camps_ws/install/py_pubsub/lib/py_pubsub
[3.831s] Installing listener script to /home/yan/camps_ws/install/py_pubsub/lib/py_pubsub
[3.832s] Installing point script to /home/yan/camps_ws/install/py_pubsub/lib/py_pubsub
[3.833s] Installing talker script to /home/yan/camps_ws/install/py_pubsub/lib/py_pubsub
[3.835s] Installing timed script to /home/yan/camps_ws/install/py_pubsub/lib/py_pubsub
[3.836s] Installing twice script to /home/yan/camps_ws/install/py_pubsub/lib/py_pubsub
[3.836s] writing list of installed files to '/home/yan/camps_ws/build/py_pubsub/install.log'
[4.022s] Invoked command in '/home/yan/camps_ws/src/py_pubsub' returned '0': PYTHONPATH=/home/yan/camps_ws/install/py_pubsub/lib/python3.6/site-packages:${PYTHONPATH} /usr/bin/python3 setup.py egg_info --egg-base ../../build/py_pubsub build --build-base /home/yan/camps_ws/build/py_pubsub/build install --prefix /home/yan/camps_ws/install/py_pubsub --record /home/yan/camps_ws/build/py_pubsub/install.log --single-version-externally-managed
