[0.192s] Invoking command in '/home/yan/camps_ws/build/realsense_camera_msgs': CMAKE_PREFIX_PATH=${CMAKE_PREFIX_PATH}:/home/yan/camps_ws/install/py_pubsub:/opt/ros/dashing /usr/bin/cmake --build /home/yan/camps_ws/build/realsense_camera_msgs -- -j4 -l4
[0.564s] [  2%] Built target realsense_camera_msgs__cpp
[0.583s] [ 13%] Built target realsense_camera_msgs__rosidl_generator_c
[0.725s] [ 24%] Built target realsense_camera_msgs__rosidl_typesupport_introspection_c
[0.765s] [ 35%] Built target realsense_camera_msgs__rosidl_typesupport_introspection_cpp
[0.771s] [ 45%] Built target realsense_camera_msgs__rosidl_typesupport_fastrtps_cpp
[0.915s] [ 56%] Built target realsense_camera_msgs__rosidl_typesupport_cpp
[0.923s] [ 67%] Built target realsense_camera_msgs__rosidl_typesupport_fastrtps_c
[1.054s] [ 78%] Built target realsense_camera_msgs__rosidl_typesupport_c
[1.145s] [ 78%] Built target realsense_camera_msgs
[1.239s] [ 81%] Built target realsense_camera_msgs__py
[1.378s] [ 89%] Built target realsense_camera_msgs__python
[1.525s] [ 94%] Built target realsense_camera_msgs__rosidl_typesupport_c__pyext
[1.534s] [100%] Built target realsense_camera_msgs__rosidl_typesupport_fastrtps_c__pyext
[2.094s] Invoked command in '/home/yan/camps_ws/build/realsense_camera_msgs' returned '0': CMAKE_PREFIX_PATH=${CMAKE_PREFIX_PATH}:/home/yan/camps_ws/install/py_pubsub:/opt/ros/dashing /usr/bin/cmake --build /home/yan/camps_ws/build/realsense_camera_msgs -- -j4 -l4
[2.520s] Invoking command in '/home/yan/camps_ws/build/realsense_camera_msgs': CMAKE_PREFIX_PATH=${CMAKE_PREFIX_PATH}:/home/yan/camps_ws/install/py_pubsub:/opt/ros/dashing /usr/bin/cmake --build /home/yan/camps_ws/build/realsense_camera_msgs --target install -- -j4 -l4
[2.769s] [  2%] Built target realsense_camera_msgs__cpp
[2.789s] [ 13%] Built target realsense_camera_msgs__rosidl_generator_c
[2.934s] [ 24%] Built target realsense_camera_msgs__rosidl_typesupport_introspection_c
[2.976s] [ 35%] Built target realsense_camera_msgs__rosidl_typesupport_introspection_cpp
[2.982s] [ 45%] Built target realsense_camera_msgs__rosidl_typesupport_fastrtps_cpp
[3.128s] [ 56%] Built target realsense_camera_msgs__rosidl_typesupport_cpp
[3.143s] [ 67%] Built target realsense_camera_msgs__rosidl_typesupport_fastrtps_c
[3.274s] [ 78%] Built target realsense_camera_msgs__rosidl_typesupport_c
[3.365s] [ 78%] Built target realsense_camera_msgs
[3.460s] [ 81%] Built target realsense_camera_msgs__py
[3.596s] [ 89%] Built target realsense_camera_msgs__python
[3.732s] [ 94%] Built target realsense_camera_msgs__rosidl_typesupport_c__pyext
[3.734s] [100%] Built target realsense_camera_msgs__rosidl_typesupport_fastrtps_c__pyext
[3.822s] [36mInstall the project...[0m
[3.866s] -- Install configuration: ""
[3.869s] -- Up-to-date: /home/yan/camps_ws/install/realsense_camera_msgs/share/ament_index/resource_index/rosidl_interfaces/realsense_camera_msgs
[3.870s] -- Up-to-date: /home/yan/camps_ws/install/realsense_camera_msgs/lib/librealsense_camera_msgs__rosidl_typesupport_c.so
[3.871s] -- Up-to-date: /home/yan/camps_ws/install/realsense_camera_msgs/share/realsense_camera_msgs/environment/library_path.sh
[3.873s] -- Up-to-date: /home/yan/camps_ws/install/realsense_camera_msgs/lib/librealsense_camera_msgs__rosidl_typesupport_cpp.so
[3.874s] -- Up-to-date: /home/yan/camps_ws/install/realsense_camera_msgs/include/realsense_camera_msgs
[3.876s] -- Up-to-date: /home/yan/camps_ws/install/realsense_camera_msgs/include/realsense_camera_msgs/msg
[3.877s] -- Up-to-date: /home/yan/camps_ws/install/realsense_camera_msgs/include/realsense_camera_msgs/msg/rosidl_typesupport_fastrtps_c__visibility_control.h
[3.878s] -- Up-to-date: /home/yan/camps_ws/install/realsense_camera_msgs/include/realsense_camera_msgs/msg/imu_info__rosidl_typesupport_fastrtps_c.h
[3.879s] -- Up-to-date: /home/yan/camps_ws/install/realsense_camera_msgs/include/realsense_camera_msgs/msg/extrinsics__rosidl_typesupport_fastrtps_c.h
[3.880s] -- Up-to-date: /home/yan/camps_ws/install/realsense_camera_msgs/lib/librealsense_camera_msgs__rosidl_typesupport_fastrtps_c.so
[3.881s] -- Up-to-date: /home/yan/camps_ws/install/realsense_camera_msgs/include/realsense_camera_msgs
[3.882s] -- Up-to-date: /home/yan/camps_ws/install/realsense_camera_msgs/include/realsense_camera_msgs/msg
[3.882s] -- Up-to-date: /home/yan/camps_ws/install/realsense_camera_msgs/include/realsense_camera_msgs/msg/extrinsics__functions.c
[3.883s] -- Up-to-date: /home/yan/camps_ws/install/realsense_camera_msgs/include/realsense_camera_msgs/msg/imu_info__struct.h
[3.884s] -- Up-to-date: /home/yan/camps_ws/install/realsense_camera_msgs/include/realsense_camera_msgs/msg/imu_info__functions.c
[3.884s] -- Up-to-date: /home/yan/camps_ws/install/realsense_camera_msgs/include/realsense_camera_msgs/msg/extrinsics.h
[3.888s] -- Up-to-date: /home/yan/camps_ws/install/realsense_camera_msgs/include/realsense_camera_msgs/msg/imu_info__functions.h
[3.889s] -- Up-to-date: /home/yan/camps_ws/install/realsense_camera_msgs/include/realsense_camera_msgs/msg/extrinsics__functions.h
[3.889s] -- Up-to-date: /home/yan/camps_ws/install/realsense_camera_msgs/include/realsense_camera_msgs/msg/imu_info__type_support.h
[3.890s] -- Up-to-date: /home/yan/camps_ws/install/realsense_camera_msgs/include/realsense_camera_msgs/msg/rosidl_generator_c__visibility_control.h
[3.891s] -- Up-to-date: /home/yan/camps_ws/install/realsense_camera_msgs/include/realsense_camera_msgs/msg/extrinsics__struct.h
[3.891s] -- Up-to-date: /home/yan/camps_ws/install/realsense_camera_msgs/include/realsense_camera_msgs/msg/imu_info.h
[3.892s] -- Up-to-date: /home/yan/camps_ws/install/realsense_camera_msgs/include/realsense_camera_msgs/msg/extrinsics__type_support.h
[3.892s] -- Up-to-date: /home/yan/camps_ws/install/realsense_camera_msgs/lib/librealsense_camera_msgs__rosidl_generator_c.so
[3.893s] -- Up-to-date: /home/yan/camps_ws/install/realsense_camera_msgs/include/realsense_camera_msgs
[3.893s] -- Up-to-date: /home/yan/camps_ws/install/realsense_camera_msgs/include/realsense_camera_msgs/msg
[3.894s] -- Up-to-date: /home/yan/camps_ws/install/realsense_camera_msgs/include/realsense_camera_msgs/msg/rosidl_typesupport_fastrtps_cpp__visibility_control.h
[3.894s] -- Up-to-date: /home/yan/camps_ws/install/realsense_camera_msgs/include/realsense_camera_msgs/msg/imu_info__rosidl_typesupport_fastrtps_cpp.hpp
[3.895s] -- Up-to-date: /home/yan/camps_ws/install/realsense_camera_msgs/include/realsense_camera_msgs/msg/dds_fastrtps
[3.895s] -- Up-to-date: /home/yan/camps_ws/install/realsense_camera_msgs/include/realsense_camera_msgs/msg/extrinsics__rosidl_typesupport_fastrtps_cpp.hpp
[3.896s] -- Up-to-date: /home/yan/camps_ws/install/realsense_camera_msgs/lib/librealsense_camera_msgs__rosidl_typesupport_fastrtps_cpp.so
[3.896s] -- Up-to-date: /home/yan/camps_ws/install/realsense_camera_msgs/include/realsense_camera_msgs
[3.897s] -- Up-to-date: /home/yan/camps_ws/install/realsense_camera_msgs/include/realsense_camera_msgs/msg
[3.897s] -- Up-to-date: /home/yan/camps_ws/install/realsense_camera_msgs/include/realsense_camera_msgs/msg/imu_info.hpp
[3.898s] -- Up-to-date: /home/yan/camps_ws/install/realsense_camera_msgs/include/realsense_camera_msgs/msg/extrinsics__traits.hpp
[3.898s] -- Up-to-date: /home/yan/camps_ws/install/realsense_camera_msgs/include/realsense_camera_msgs/msg/imu_info__struct.hpp
[3.899s] -- Up-to-date: /home/yan/camps_ws/install/realsense_camera_msgs/include/realsense_camera_msgs/msg/imu_info__traits.hpp
[3.899s] -- Up-to-date: /home/yan/camps_ws/install/realsense_camera_msgs/include/realsense_camera_msgs/msg/extrinsics.hpp
[3.900s] -- Up-to-date: /home/yan/camps_ws/install/realsense_camera_msgs/include/realsense_camera_msgs/msg/extrinsics__struct.hpp
[3.900s] -- Up-to-date: /home/yan/camps_ws/install/realsense_camera_msgs/include/realsense_camera_msgs
[3.901s] -- Up-to-date: /home/yan/camps_ws/install/realsense_camera_msgs/include/realsense_camera_msgs/msg
[3.901s] -- Up-to-date: /home/yan/camps_ws/install/realsense_camera_msgs/include/realsense_camera_msgs/msg/imu_info__rosidl_typesupport_introspection_c.h
[3.902s] -- Up-to-date: /home/yan/camps_ws/install/realsense_camera_msgs/include/realsense_camera_msgs/msg/extrinsics__rosidl_typesupport_introspection_c.h
[3.902s] -- Up-to-date: /home/yan/camps_ws/install/realsense_camera_msgs/include/realsense_camera_msgs/msg/imu_info__type_support.c
[3.903s] -- Up-to-date: /home/yan/camps_ws/install/realsense_camera_msgs/include/realsense_camera_msgs/msg/extrinsics__type_support.c
[3.903s] -- Up-to-date: /home/yan/camps_ws/install/realsense_camera_msgs/include/realsense_camera_msgs/msg/rosidl_typesupport_introspection_c__visibility_control.h
[3.904s] -- Up-to-date: /home/yan/camps_ws/install/realsense_camera_msgs/lib/librealsense_camera_msgs__rosidl_typesupport_introspection_c.so
[3.904s] -- Up-to-date: /home/yan/camps_ws/install/realsense_camera_msgs/include/realsense_camera_msgs
[3.905s] -- Up-to-date: /home/yan/camps_ws/install/realsense_camera_msgs/include/realsense_camera_msgs/msg
[3.906s] -- Up-to-date: /home/yan/camps_ws/install/realsense_camera_msgs/include/realsense_camera_msgs/msg/imu_info__rosidl_typesupport_introspection_cpp.hpp
[3.906s] -- Up-to-date: /home/yan/camps_ws/install/realsense_camera_msgs/include/realsense_camera_msgs/msg/extrinsics__rosidl_typesupport_introspection_cpp.hpp
[3.907s] -- Up-to-date: /home/yan/camps_ws/install/realsense_camera_msgs/include/realsense_camera_msgs/msg/imu_info__type_support.cpp
[3.907s] -- Up-to-date: /home/yan/camps_ws/install/realsense_camera_msgs/include/realsense_camera_msgs/msg/extrinsics__type_support.cpp
[3.908s] -- Up-to-date: /home/yan/camps_ws/install/realsense_camera_msgs/lib/librealsense_camera_msgs__rosidl_typesupport_introspection_cpp.so
[3.908s] -- Up-to-date: /home/yan/camps_ws/install/realsense_camera_msgs/share/realsense_camera_msgs/environment/pythonpath.sh
[3.909s] -- Up-to-date: /home/yan/camps_ws/install/realsense_camera_msgs/lib/python3.6/site-packages/realsense_camera_msgs/__init__.py
[4.074s] -- Up-to-date: /home/yan/camps_ws/install/realsense_camera_msgs/lib/python3.6/site-packages/realsense_camera_msgs/msg
[4.075s] -- Up-to-date: /home/yan/camps_ws/install/realsense_camera_msgs/lib/python3.6/site-packages/realsense_camera_msgs/msg/_imu_info_s.c
[4.076s] -- Up-to-date: /home/yan/camps_ws/install/realsense_camera_msgs/lib/python3.6/site-packages/realsense_camera_msgs/msg/_extrinsics.py
[4.076s] -- Up-to-date: /home/yan/camps_ws/install/realsense_camera_msgs/lib/python3.6/site-packages/realsense_camera_msgs/msg/__init__.py
[4.077s] -- Up-to-date: /home/yan/camps_ws/install/realsense_camera_msgs/lib/python3.6/site-packages/realsense_camera_msgs/msg/_extrinsics_s.c
[4.077s] -- Up-to-date: /home/yan/camps_ws/install/realsense_camera_msgs/lib/python3.6/site-packages/realsense_camera_msgs/msg/_imu_info.py
[4.078s] -- Up-to-date: /home/yan/camps_ws/install/realsense_camera_msgs/lib/python3.6/site-packages/realsense_camera_msgs/realsense_camera_msgs_s__rosidl_typesupport_c.cpython-36m-aarch64-linux-gnu.so
[4.079s] -- Up-to-date: /home/yan/camps_ws/install/realsense_camera_msgs/lib/python3.6/site-packages/realsense_camera_msgs/realsense_camera_msgs_s__rosidl_typesupport_fastrtps_c.cpython-36m-aarch64-linux-gnu.so
[4.081s] -- Up-to-date: /home/yan/camps_ws/install/realsense_camera_msgs/lib/librealsense_camera_msgs__python.so
[4.082s] -- Up-to-date: /home/yan/camps_ws/install/realsense_camera_msgs/share/realsense_camera_msgs/msg/IMUInfo.idl
[4.083s] -- Up-to-date: /home/yan/camps_ws/install/realsense_camera_msgs/share/realsense_camera_msgs/msg/Extrinsics.idl
[4.084s] -- Up-to-date: /home/yan/camps_ws/install/realsense_camera_msgs/share/realsense_camera_msgs/msg/IMUInfo.msg
[4.087s] -- Up-to-date: /home/yan/camps_ws/install/realsense_camera_msgs/share/realsense_camera_msgs/msg/Extrinsics.msg
[4.088s] -- Up-to-date: /home/yan/camps_ws/install/realsense_camera_msgs/share/ament_index/resource_index/package_run_dependencies/realsense_camera_msgs
[4.089s] -- Up-to-date: /home/yan/camps_ws/install/realsense_camera_msgs/share/ament_index/resource_index/parent_prefix_path/realsense_camera_msgs
[4.090s] -- Up-to-date: /home/yan/camps_ws/install/realsense_camera_msgs/share/realsense_camera_msgs/environment/ament_prefix_path.sh
[4.090s] -- Up-to-date: /home/yan/camps_ws/install/realsense_camera_msgs/share/realsense_camera_msgs/environment/path.sh
[4.091s] -- Up-to-date: /home/yan/camps_ws/install/realsense_camera_msgs/share/realsense_camera_msgs/local_setup.bash
[4.091s] -- Up-to-date: /home/yan/camps_ws/install/realsense_camera_msgs/share/realsense_camera_msgs/local_setup.sh
[4.092s] -- Up-to-date: /home/yan/camps_ws/install/realsense_camera_msgs/share/realsense_camera_msgs/local_setup.zsh
[4.092s] -- Up-to-date: /home/yan/camps_ws/install/realsense_camera_msgs/share/ament_index/resource_index/packages/realsense_camera_msgs
[4.093s] -- Up-to-date: /home/yan/camps_ws/install/realsense_camera_msgs/share/realsense_camera_msgs/cmake/rosidl_cmake-extras.cmake
[4.094s] -- Up-to-date: /home/yan/camps_ws/install/realsense_camera_msgs/share/realsense_camera_msgs/cmake/ament_cmake_export_dependencies-extras.cmake
[4.094s] -- Up-to-date: /home/yan/camps_ws/install/realsense_camera_msgs/share/realsense_camera_msgs/cmake/ament_cmake_export_libraries-extras.cmake
[4.095s] -- Up-to-date: /home/yan/camps_ws/install/realsense_camera_msgs/share/realsense_camera_msgs/cmake/ament_cmake_export_include_directories-extras.cmake
[4.095s] -- Up-to-date: /home/yan/camps_ws/install/realsense_camera_msgs/share/realsense_camera_msgs/cmake/realsense_camera_msgsConfig.cmake
[4.096s] -- Up-to-date: /home/yan/camps_ws/install/realsense_camera_msgs/share/realsense_camera_msgs/cmake/realsense_camera_msgsConfig-version.cmake
[4.096s] -- Up-to-date: /home/yan/camps_ws/install/realsense_camera_msgs/share/realsense_camera_msgs/package.xml
[4.104s] Invoked command in '/home/yan/camps_ws/build/realsense_camera_msgs' returned '0': CMAKE_PREFIX_PATH=${CMAKE_PREFIX_PATH}:/home/yan/camps_ws/install/py_pubsub:/opt/ros/dashing /usr/bin/cmake --build /home/yan/camps_ws/build/realsense_camera_msgs --target install -- -j4 -l4
