[2.046s] Invoking command in '/home/yan/camps_ws/src/py_pubsub': PYTHONPATH=/home/yan/camps_ws/install/py_pubsub/lib/python3.6/site-packages:${PYTHONPATH} /usr/bin/python3 setup.py egg_info --egg-base ../../build/py_pubsub build --build-base /home/yan/camps_ws/build/py_pubsub/build install --prefix /home/yan/camps_ws/install/py_pubsub --record /home/yan/camps_ws/build/py_pubsub/install.log --single-version-externally-managed
[3.709s] running egg_info
[3.713s] writing ../../build/py_pubsub/py_pubsub.egg-info/PKG-INFO
[3.715s] writing dependency_links to ../../build/py_pubsub/py_pubsub.egg-info/dependency_links.txt
[3.718s] writing entry points to ../../build/py_pubsub/py_pubsub.egg-info/entry_points.txt
[3.720s] writing requirements to ../../build/py_pubsub/py_pubsub.egg-info/requires.txt
[3.721s] writing top-level names to ../../build/py_pubsub/py_pubsub.egg-info/top_level.txt
[3.944s] reading manifest file '../../build/py_pubsub/py_pubsub.egg-info/SOURCES.txt'
[3.953s] writing manifest file '../../build/py_pubsub/py_pubsub.egg-info/SOURCES.txt'
[3.954s] running build
[3.955s] running build_py
[3.956s] copying py_pubsub/subscriber_member_function_timed.py -> /home/yan/camps_ws/build/py_pubsub/build/lib/py_pubsub
[3.962s] running install
[3.965s] running install_lib
[3.968s] copying /home/yan/camps_ws/build/py_pubsub/build/lib/py_pubsub/subscriber_member_function_timed.py -> /home/yan/camps_ws/install/py_pubsub/lib/python3.6/site-packages/py_pubsub
[3.973s] byte-compiling /home/yan/camps_ws/install/py_pubsub/lib/python3.6/site-packages/py_pubsub/subscriber_member_function_timed.py to subscriber_member_function_timed.cpython-36.pyc
[3.978s] running install_data
[3.981s] running install_egg_info
[3.989s] removing '/home/yan/camps_ws/install/py_pubsub/lib/python3.6/site-packages/py_pubsub-0.0.0-py3.6.egg-info' (and everything under it)
[3.990s] Copying ../../build/py_pubsub/py_pubsub.egg-info to /home/yan/camps_ws/install/py_pubsub/lib/python3.6/site-packages/py_pubsub-0.0.0-py3.6.egg-info
[3.994s] running install_scripts
[4.111s] Installing color script to /home/yan/camps_ws/install/py_pubsub/lib/py_pubsub
[4.111s] Installing depth script to /home/yan/camps_ws/install/py_pubsub/lib/py_pubsub
[4.112s] Installing infra1 script to /home/yan/camps_ws/install/py_pubsub/lib/py_pubsub
[4.113s] Installing infra2 script to /home/yan/camps_ws/install/py_pubsub/lib/py_pubsub
[4.114s] Installing listener script to /home/yan/camps_ws/install/py_pubsub/lib/py_pubsub
[4.115s] Installing point script to /home/yan/camps_ws/install/py_pubsub/lib/py_pubsub
[4.115s] Installing talker script to /home/yan/camps_ws/install/py_pubsub/lib/py_pubsub
[4.118s] Installing timed script to /home/yan/camps_ws/install/py_pubsub/lib/py_pubsub
[4.119s] Installing twice script to /home/yan/camps_ws/install/py_pubsub/lib/py_pubsub
[4.119s] writing list of installed files to '/home/yan/camps_ws/build/py_pubsub/install.log'
[4.223s] Invoked command in '/home/yan/camps_ws/src/py_pubsub' returned '0': PYTHONPATH=/home/yan/camps_ws/install/py_pubsub/lib/python3.6/site-packages:${PYTHONPATH} /usr/bin/python3 setup.py egg_info --egg-base ../../build/py_pubsub build --build-base /home/yan/camps_ws/build/py_pubsub/build install --prefix /home/yan/camps_ws/install/py_pubsub --record /home/yan/camps_ws/build/py_pubsub/install.log --single-version-externally-managed
