[1.870s] Invoking command in '/home/yan/camps_ws/src/py_pubsub': PYTHONPATH=/home/yan/camps_ws/install/py_pubsub/lib/python3.6/site-packages:${PYTHONPATH} /usr/bin/python3 setup.py egg_info --egg-base ../../build/py_pubsub build --build-base /home/yan/camps_ws/build/py_pubsub/build install --prefix /home/yan/camps_ws/install/py_pubsub --record /home/yan/camps_ws/build/py_pubsub/install.log --single-version-externally-managed
[3.657s] running egg_info
[3.662s] writing ../../build/py_pubsub/py_pubsub.egg-info/PKG-INFO
[3.664s] writing dependency_links to ../../build/py_pubsub/py_pubsub.egg-info/dependency_links.txt
[3.666s] writing entry points to ../../build/py_pubsub/py_pubsub.egg-info/entry_points.txt
[3.668s] writing requirements to ../../build/py_pubsub/py_pubsub.egg-info/requires.txt
[3.669s] writing top-level names to ../../build/py_pubsub/py_pubsub.egg-info/top_level.txt
[3.910s] reading manifest file '../../build/py_pubsub/py_pubsub.egg-info/SOURCES.txt'
[3.920s] writing manifest file '../../build/py_pubsub/py_pubsub.egg-info/SOURCES.txt'
[3.922s] running build
[3.924s] running build_py
[3.929s] copying py_pubsub/subscriber_member_function_timed.py -> /home/yan/camps_ws/build/py_pubsub/build/lib/py_pubsub
[3.936s] running install
[3.939s] running install_lib
[3.948s] copying /home/yan/camps_ws/build/py_pubsub/build/lib/py_pubsub/subscriber_member_function_timed.py -> /home/yan/camps_ws/install/py_pubsub/lib/python3.6/site-packages/py_pubsub
[3.957s] byte-compiling /home/yan/camps_ws/install/py_pubsub/lib/python3.6/site-packages/py_pubsub/subscriber_member_function_timed.py to subscriber_member_function_timed.cpython-36.pyc
[3.963s] running install_data
[3.967s] running install_egg_info
[3.977s] removing '/home/yan/camps_ws/install/py_pubsub/lib/python3.6/site-packages/py_pubsub-0.0.0-py3.6.egg-info' (and everything under it)
[3.979s] Copying ../../build/py_pubsub/py_pubsub.egg-info to /home/yan/camps_ws/install/py_pubsub/lib/python3.6/site-packages/py_pubsub-0.0.0-py3.6.egg-info
[3.983s] running install_scripts
[4.093s] Installing color script to /home/yan/camps_ws/install/py_pubsub/lib/py_pubsub
[4.095s] Installing depth script to /home/yan/camps_ws/install/py_pubsub/lib/py_pubsub
[4.096s] Installing infra1 script to /home/yan/camps_ws/install/py_pubsub/lib/py_pubsub
[4.096s] Installing infra2 script to /home/yan/camps_ws/install/py_pubsub/lib/py_pubsub
[4.097s] Installing listener script to /home/yan/camps_ws/install/py_pubsub/lib/py_pubsub
[4.098s] Installing point script to /home/yan/camps_ws/install/py_pubsub/lib/py_pubsub
[4.099s] Installing talker script to /home/yan/camps_ws/install/py_pubsub/lib/py_pubsub
[4.099s] Installing timed script to /home/yan/camps_ws/install/py_pubsub/lib/py_pubsub
[4.100s] Installing twice script to /home/yan/camps_ws/install/py_pubsub/lib/py_pubsub
[4.105s] writing list of installed files to '/home/yan/camps_ws/build/py_pubsub/install.log'
[4.228s] Invoked command in '/home/yan/camps_ws/src/py_pubsub' returned '0': PYTHONPATH=/home/yan/camps_ws/install/py_pubsub/lib/python3.6/site-packages:${PYTHONPATH} /usr/bin/python3 setup.py egg_info --egg-base ../../build/py_pubsub build --build-base /home/yan/camps_ws/build/py_pubsub/build install --prefix /home/yan/camps_ws/install/py_pubsub --record /home/yan/camps_ws/build/py_pubsub/install.log --single-version-externally-managed
