[1.564s] Invoking command in '/home/yan/camps_ws/src/py_pubsub': PYTHONPATH=/home/yan/camps_ws/install/py_pubsub/lib/python3.6/site-packages:${PYTHONPATH} /usr/bin/python3 setup.py egg_info --egg-base ../../build/py_pubsub build --build-base /home/yan/camps_ws/build/py_pubsub/build install --prefix /home/yan/camps_ws/install/py_pubsub --record /home/yan/camps_ws/build/py_pubsub/install.log --single-version-externally-managed
[2.829s] running egg_info
[2.832s] writing ../../build/py_pubsub/py_pubsub.egg-info/PKG-INFO
[2.833s] writing dependency_links to ../../build/py_pubsub/py_pubsub.egg-info/dependency_links.txt
[2.834s] writing entry points to ../../build/py_pubsub/py_pubsub.egg-info/entry_points.txt
[2.835s] writing requirements to ../../build/py_pubsub/py_pubsub.egg-info/requires.txt
[2.835s] writing top-level names to ../../build/py_pubsub/py_pubsub.egg-info/top_level.txt
[3.052s] reading manifest file '../../build/py_pubsub/py_pubsub.egg-info/SOURCES.txt'
[3.060s] writing manifest file '../../build/py_pubsub/py_pubsub.egg-info/SOURCES.txt'
[3.061s] running build
[3.061s] running build_py
[3.063s] copying py_pubsub/subscriber_member_function_timed1.py -> /home/yan/camps_ws/build/py_pubsub/build/lib/py_pubsub
[3.067s] running install
[3.069s] running install_lib
[3.080s] copying /home/yan/camps_ws/build/py_pubsub/build/lib/py_pubsub/subscriber_member_function_timed1.py -> /home/yan/camps_ws/install/py_pubsub/lib/python3.6/site-packages/py_pubsub
[3.085s] byte-compiling /home/yan/camps_ws/install/py_pubsub/lib/python3.6/site-packages/py_pubsub/subscriber_member_function_timed1.py to subscriber_member_function_timed1.cpython-36.pyc
[3.089s] running install_data
[3.092s] running install_egg_info
[3.104s] removing '/home/yan/camps_ws/install/py_pubsub/lib/python3.6/site-packages/py_pubsub-0.0.0-py3.6.egg-info' (and everything under it)
[3.105s] Copying ../../build/py_pubsub/py_pubsub.egg-info to /home/yan/camps_ws/install/py_pubsub/lib/python3.6/site-packages/py_pubsub-0.0.0-py3.6.egg-info
[3.111s] running install_scripts
[3.216s] Installing color script to /home/yan/camps_ws/install/py_pubsub/lib/py_pubsub
[3.217s] Installing csvtojpeg script to /home/yan/camps_ws/install/py_pubsub/lib/py_pubsub
[3.217s] Installing depth script to /home/yan/camps_ws/install/py_pubsub/lib/py_pubsub
[3.218s] Installing infra1 script to /home/yan/camps_ws/install/py_pubsub/lib/py_pubsub
[3.219s] Installing infra2 script to /home/yan/camps_ws/install/py_pubsub/lib/py_pubsub
[3.220s] Installing listener script to /home/yan/camps_ws/install/py_pubsub/lib/py_pubsub
[3.220s] Installing onesensor script to /home/yan/camps_ws/install/py_pubsub/lib/py_pubsub
[3.221s] Installing point script to /home/yan/camps_ws/install/py_pubsub/lib/py_pubsub
[3.221s] Installing subscriber_mutually script to /home/yan/camps_ws/install/py_pubsub/lib/py_pubsub
[3.222s] Installing subscriber_reentrant script to /home/yan/camps_ws/install/py_pubsub/lib/py_pubsub
[3.222s] Installing talker script to /home/yan/camps_ws/install/py_pubsub/lib/py_pubsub
[3.223s] Installing timed script to /home/yan/camps_ws/install/py_pubsub/lib/py_pubsub
[3.224s] Installing timed1 script to /home/yan/camps_ws/install/py_pubsub/lib/py_pubsub
[3.224s] Installing twice script to /home/yan/camps_ws/install/py_pubsub/lib/py_pubsub
[3.225s] writing list of installed files to '/home/yan/camps_ws/build/py_pubsub/install.log'
[3.333s] Invoked command in '/home/yan/camps_ws/src/py_pubsub' returned '0': PYTHONPATH=/home/yan/camps_ws/install/py_pubsub/lib/python3.6/site-packages:${PYTHONPATH} /usr/bin/python3 setup.py egg_info --egg-base ../../build/py_pubsub build --build-base /home/yan/camps_ws/build/py_pubsub/build install --prefix /home/yan/camps_ws/install/py_pubsub --record /home/yan/camps_ws/build/py_pubsub/install.log --single-version-externally-managed
