[1.980s] Invoking command in '/home/yan/camps_ws/src/py_pubsub': PYTHONPATH=/home/yan/camps_ws/install/py_pubsub/lib/python3.6/site-packages:${PYTHONPATH} /usr/bin/python3 setup.py egg_info --egg-base ../../build/py_pubsub build --build-base /home/yan/camps_ws/build/py_pubsub/build install --prefix /home/yan/camps_ws/install/py_pubsub --record /home/yan/camps_ws/build/py_pubsub/install.log --single-version-externally-managed
[3.887s] running egg_info
[3.890s] writing ../../build/py_pubsub/py_pubsub.egg-info/PKG-INFO
[3.891s] writing dependency_links to ../../build/py_pubsub/py_pubsub.egg-info/dependency_links.txt
[3.892s] writing entry points to ../../build/py_pubsub/py_pubsub.egg-info/entry_points.txt
[3.893s] writing requirements to ../../build/py_pubsub/py_pubsub.egg-info/requires.txt
[3.894s] writing top-level names to ../../build/py_pubsub/py_pubsub.egg-info/top_level.txt
[4.191s] reading manifest file '../../build/py_pubsub/py_pubsub.egg-info/SOURCES.txt'
[4.210s] writing manifest file '../../build/py_pubsub/py_pubsub.egg-info/SOURCES.txt'
[4.213s] running build
[4.214s] running build_py
[4.215s] copying py_pubsub/subscriber_member_function_timed.py -> /home/yan/camps_ws/build/py_pubsub/build/lib/py_pubsub
[4.223s] running install
[4.227s] running install_lib
[4.240s] copying /home/yan/camps_ws/build/py_pubsub/build/lib/py_pubsub/subscriber_member_function_timed.py -> /home/yan/camps_ws/install/py_pubsub/lib/python3.6/site-packages/py_pubsub
[4.249s] byte-compiling /home/yan/camps_ws/install/py_pubsub/lib/python3.6/site-packages/py_pubsub/subscriber_member_function_timed.py to subscriber_member_function_timed.cpython-36.pyc
[4.262s] running install_data
[4.268s] running install_egg_info
[4.282s] removing '/home/yan/camps_ws/install/py_pubsub/lib/python3.6/site-packages/py_pubsub-0.0.0-py3.6.egg-info' (and everything under it)
[4.283s] Copying ../../build/py_pubsub/py_pubsub.egg-info to /home/yan/camps_ws/install/py_pubsub/lib/python3.6/site-packages/py_pubsub-0.0.0-py3.6.egg-info
[4.291s] running install_scripts
[4.532s] Installing color script to /home/yan/camps_ws/install/py_pubsub/lib/py_pubsub
[4.533s] Installing depth script to /home/yan/camps_ws/install/py_pubsub/lib/py_pubsub
[4.533s] Installing infra1 script to /home/yan/camps_ws/install/py_pubsub/lib/py_pubsub
[4.535s] Installing infra2 script to /home/yan/camps_ws/install/py_pubsub/lib/py_pubsub
[4.537s] Installing listener script to /home/yan/camps_ws/install/py_pubsub/lib/py_pubsub
[4.538s] Installing onesensor script to /home/yan/camps_ws/install/py_pubsub/lib/py_pubsub
[4.545s] Installing point script to /home/yan/camps_ws/install/py_pubsub/lib/py_pubsub
[4.546s] Installing talker script to /home/yan/camps_ws/install/py_pubsub/lib/py_pubsub
[4.547s] Installing timed script to /home/yan/camps_ws/install/py_pubsub/lib/py_pubsub
[4.548s] Installing twice script to /home/yan/camps_ws/install/py_pubsub/lib/py_pubsub
[4.554s] writing list of installed files to '/home/yan/camps_ws/build/py_pubsub/install.log'
[4.793s] Invoked command in '/home/yan/camps_ws/src/py_pubsub' returned '0': PYTHONPATH=/home/yan/camps_ws/install/py_pubsub/lib/python3.6/site-packages:${PYTHONPATH} /usr/bin/python3 setup.py egg_info --egg-base ../../build/py_pubsub build --build-base /home/yan/camps_ws/build/py_pubsub/build install --prefix /home/yan/camps_ws/install/py_pubsub --record /home/yan/camps_ws/build/py_pubsub/install.log --single-version-externally-managed
