[1.978s] Invoking command in '/home/yan/camps_ws/src/py_pubsub': PYTHONPATH=/home/yan/camps_ws/install/py_pubsub/lib/python3.6/site-packages:${PYTHONPATH} /usr/bin/python3 setup.py egg_info --egg-base ../../build/py_pubsub build --build-base /home/yan/camps_ws/build/py_pubsub/build install --prefix /home/yan/camps_ws/install/py_pubsub --record /home/yan/camps_ws/build/py_pubsub/install.log --single-version-externally-managed
[3.740s] running egg_info
[3.744s] writing ../../build/py_pubsub/py_pubsub.egg-info/PKG-INFO
[3.745s] writing dependency_links to ../../build/py_pubsub/py_pubsub.egg-info/dependency_links.txt
[3.747s] writing entry points to ../../build/py_pubsub/py_pubsub.egg-info/entry_points.txt
[3.749s] writing requirements to ../../build/py_pubsub/py_pubsub.egg-info/requires.txt
[3.750s] writing top-level names to ../../build/py_pubsub/py_pubsub.egg-info/top_level.txt
[4.032s] reading manifest file '../../build/py_pubsub/py_pubsub.egg-info/SOURCES.txt'
[4.041s] writing manifest file '../../build/py_pubsub/py_pubsub.egg-info/SOURCES.txt'
[4.042s] running build
[4.043s] running build_py
[4.044s] copying py_pubsub/csvtojpeg.py -> /home/yan/camps_ws/build/py_pubsub/build/lib/py_pubsub
[4.045s] running install
[4.047s] running install_lib
[4.058s] copying /home/yan/camps_ws/build/py_pubsub/build/lib/py_pubsub/csvtojpeg.py -> /home/yan/camps_ws/install/py_pubsub/lib/python3.6/site-packages/py_pubsub
[4.063s] byte-compiling /home/yan/camps_ws/install/py_pubsub/lib/python3.6/site-packages/py_pubsub/csvtojpeg.py to csvtojpeg.cpython-36.pyc
[4.066s] running install_data
[4.071s] running install_egg_info
[4.090s] removing '/home/yan/camps_ws/install/py_pubsub/lib/python3.6/site-packages/py_pubsub-0.0.0-py3.6.egg-info' (and everything under it)
[4.092s] Copying ../../build/py_pubsub/py_pubsub.egg-info to /home/yan/camps_ws/install/py_pubsub/lib/python3.6/site-packages/py_pubsub-0.0.0-py3.6.egg-info
[4.100s] running install_scripts
[4.249s] Installing color script to /home/yan/camps_ws/install/py_pubsub/lib/py_pubsub
[4.251s] Installing csvtojpeg script to /home/yan/camps_ws/install/py_pubsub/lib/py_pubsub
[4.253s] Installing depth script to /home/yan/camps_ws/install/py_pubsub/lib/py_pubsub
[4.255s] Installing infra1 script to /home/yan/camps_ws/install/py_pubsub/lib/py_pubsub
[4.256s] Installing infra2 script to /home/yan/camps_ws/install/py_pubsub/lib/py_pubsub
[4.258s] Installing listener script to /home/yan/camps_ws/install/py_pubsub/lib/py_pubsub
[4.260s] Installing onesensor script to /home/yan/camps_ws/install/py_pubsub/lib/py_pubsub
[4.261s] Installing point script to /home/yan/camps_ws/install/py_pubsub/lib/py_pubsub
[4.263s] Installing talker script to /home/yan/camps_ws/install/py_pubsub/lib/py_pubsub
[4.264s] Installing timed script to /home/yan/camps_ws/install/py_pubsub/lib/py_pubsub
[4.265s] Installing twice script to /home/yan/camps_ws/install/py_pubsub/lib/py_pubsub
[4.266s] writing list of installed files to '/home/yan/camps_ws/build/py_pubsub/install.log'
[4.435s] Invoked command in '/home/yan/camps_ws/src/py_pubsub' returned '0': PYTHONPATH=/home/yan/camps_ws/install/py_pubsub/lib/python3.6/site-packages:${PYTHONPATH} /usr/bin/python3 setup.py egg_info --egg-base ../../build/py_pubsub build --build-base /home/yan/camps_ws/build/py_pubsub/build install --prefix /home/yan/camps_ws/install/py_pubsub --record /home/yan/camps_ws/build/py_pubsub/install.log --single-version-externally-managed
