[1.875s] Invoking command in '/home/yan/camps_ws/src/py_pubsub': PYTHONPATH=/home/yan/camps_ws/install/py_pubsub/lib/python3.6/site-packages:${PYTHONPATH} /usr/bin/python3 setup.py egg_info --egg-base ../../build/py_pubsub build --build-base /home/yan/camps_ws/build/py_pubsub/build install --prefix /home/yan/camps_ws/install/py_pubsub --record /home/yan/camps_ws/build/py_pubsub/install.log --single-version-externally-managed
[3.604s] running egg_info
[3.607s] writing ../../build/py_pubsub/py_pubsub.egg-info/PKG-INFO
[3.609s] writing dependency_links to ../../build/py_pubsub/py_pubsub.egg-info/dependency_links.txt
[3.610s] writing entry points to ../../build/py_pubsub/py_pubsub.egg-info/entry_points.txt
[3.611s] writing requirements to ../../build/py_pubsub/py_pubsub.egg-info/requires.txt
[3.612s] writing top-level names to ../../build/py_pubsub/py_pubsub.egg-info/top_level.txt
[3.870s] reading manifest file '../../build/py_pubsub/py_pubsub.egg-info/SOURCES.txt'
[3.879s] writing manifest file '../../build/py_pubsub/py_pubsub.egg-info/SOURCES.txt'
[3.880s] running build
[3.880s] running build_py
[3.886s] copying py_pubsub/subscriber_member_function_twice.py -> /home/yan/camps_ws/build/py_pubsub/build/lib/py_pubsub
[3.888s] running install
[3.891s] running install_lib
[3.899s] copying /home/yan/camps_ws/build/py_pubsub/build/lib/py_pubsub/subscriber_member_function_twice.py -> /home/yan/camps_ws/install/py_pubsub/lib/python3.6/site-packages/py_pubsub
[3.903s] byte-compiling /home/yan/camps_ws/install/py_pubsub/lib/python3.6/site-packages/py_pubsub/subscriber_member_function_twice.py to subscriber_member_function_twice.cpython-36.pyc
[3.907s] running install_data
[3.910s] running install_egg_info
[3.930s] removing '/home/yan/camps_ws/install/py_pubsub/lib/python3.6/site-packages/py_pubsub-0.0.0-py3.6.egg-info' (and everything under it)
[3.931s] Copying ../../build/py_pubsub/py_pubsub.egg-info to /home/yan/camps_ws/install/py_pubsub/lib/python3.6/site-packages/py_pubsub-0.0.0-py3.6.egg-info
[3.932s] running install_scripts
[4.048s] Installing color script to /home/yan/camps_ws/install/py_pubsub/lib/py_pubsub
[4.049s] Installing depth script to /home/yan/camps_ws/install/py_pubsub/lib/py_pubsub
[4.051s] Installing infra1 script to /home/yan/camps_ws/install/py_pubsub/lib/py_pubsub
[4.053s] Installing infra2 script to /home/yan/camps_ws/install/py_pubsub/lib/py_pubsub
[4.055s] Installing listener script to /home/yan/camps_ws/install/py_pubsub/lib/py_pubsub
[4.057s] Installing point script to /home/yan/camps_ws/install/py_pubsub/lib/py_pubsub
[4.057s] Installing talker script to /home/yan/camps_ws/install/py_pubsub/lib/py_pubsub
[4.066s] Installing timed script to /home/yan/camps_ws/install/py_pubsub/lib/py_pubsub
[4.068s] Installing twice script to /home/yan/camps_ws/install/py_pubsub/lib/py_pubsub
[4.069s] writing list of installed files to '/home/yan/camps_ws/build/py_pubsub/install.log'
[4.177s] Invoked command in '/home/yan/camps_ws/src/py_pubsub' returned '0': PYTHONPATH=/home/yan/camps_ws/install/py_pubsub/lib/python3.6/site-packages:${PYTHONPATH} /usr/bin/python3 setup.py egg_info --egg-base ../../build/py_pubsub build --build-base /home/yan/camps_ws/build/py_pubsub/build install --prefix /home/yan/camps_ws/install/py_pubsub --record /home/yan/camps_ws/build/py_pubsub/install.log --single-version-externally-managed
