[2.100s] Invoking command in '/home/yan/camps_ws/src/py_pubsub': PYTHONPATH=/home/yan/camps_ws/install/py_pubsub/lib/python3.6/site-packages:${PYTHONPATH} /usr/bin/python3 setup.py egg_info --egg-base ../../build/py_pubsub build --build-base /home/yan/camps_ws/build/py_pubsub/build install --prefix /home/yan/camps_ws/install/py_pubsub --record /home/yan/camps_ws/build/py_pubsub/install.log --single-version-externally-managed
[3.901s] running egg_info
[3.905s] writing ../../build/py_pubsub/py_pubsub.egg-info/PKG-INFO
[3.906s] writing dependency_links to ../../build/py_pubsub/py_pubsub.egg-info/dependency_links.txt
[3.907s] writing entry points to ../../build/py_pubsub/py_pubsub.egg-info/entry_points.txt
[3.907s] writing requirements to ../../build/py_pubsub/py_pubsub.egg-info/requires.txt
[3.908s] writing top-level names to ../../build/py_pubsub/py_pubsub.egg-info/top_level.txt
[4.148s] reading manifest file '../../build/py_pubsub/py_pubsub.egg-info/SOURCES.txt'
[4.152s] writing manifest file '../../build/py_pubsub/py_pubsub.egg-info/SOURCES.txt'
[4.153s] running build
[4.153s] running build_py
[4.154s] copying py_pubsub/subscriber_member_function_timed.py -> /home/yan/camps_ws/build/py_pubsub/build/lib/py_pubsub
[4.154s] running install
[4.155s] running install_lib
[4.156s] copying /home/yan/camps_ws/build/py_pubsub/build/lib/py_pubsub/subscriber_member_function_timed.py -> /home/yan/camps_ws/install/py_pubsub/lib/python3.6/site-packages/py_pubsub
[4.156s] byte-compiling /home/yan/camps_ws/install/py_pubsub/lib/python3.6/site-packages/py_pubsub/subscriber_member_function_timed.py to subscriber_member_function_timed.cpython-36.pyc
[4.157s] running install_data
[4.160s] running install_egg_info
[4.167s] removing '/home/yan/camps_ws/install/py_pubsub/lib/python3.6/site-packages/py_pubsub-0.0.0-py3.6.egg-info' (and everything under it)
[4.169s] Copying ../../build/py_pubsub/py_pubsub.egg-info to /home/yan/camps_ws/install/py_pubsub/lib/python3.6/site-packages/py_pubsub-0.0.0-py3.6.egg-info
[4.173s] running install_scripts
[4.272s] Installing color script to /home/yan/camps_ws/install/py_pubsub/lib/py_pubsub
[4.274s] Installing depth script to /home/yan/camps_ws/install/py_pubsub/lib/py_pubsub
[4.276s] Installing infra1 script to /home/yan/camps_ws/install/py_pubsub/lib/py_pubsub
[4.278s] Installing infra2 script to /home/yan/camps_ws/install/py_pubsub/lib/py_pubsub
[4.278s] Installing listener script to /home/yan/camps_ws/install/py_pubsub/lib/py_pubsub
[4.280s] Installing point script to /home/yan/camps_ws/install/py_pubsub/lib/py_pubsub
[4.281s] Installing talker script to /home/yan/camps_ws/install/py_pubsub/lib/py_pubsub
[4.285s] Installing timed script to /home/yan/camps_ws/install/py_pubsub/lib/py_pubsub
[4.286s] Installing twice script to /home/yan/camps_ws/install/py_pubsub/lib/py_pubsub
[4.287s] writing list of installed files to '/home/yan/camps_ws/build/py_pubsub/install.log'
[4.487s] Invoked command in '/home/yan/camps_ws/src/py_pubsub' returned '0': PYTHONPATH=/home/yan/camps_ws/install/py_pubsub/lib/python3.6/site-packages:${PYTHONPATH} /usr/bin/python3 setup.py egg_info --egg-base ../../build/py_pubsub build --build-base /home/yan/camps_ws/build/py_pubsub/build install --prefix /home/yan/camps_ws/install/py_pubsub --record /home/yan/camps_ws/build/py_pubsub/install.log --single-version-externally-managed
