[1.361s] Invoking command in '/home/yan/camps_ws/src/py_pubsub': PYTHONPATH=/home/yan/camps_ws/install/py_pubsub/lib/python3.6/site-packages:${PYTHONPATH} /usr/bin/python3 setup.py egg_info --egg-base ../../build/py_pubsub build --build-base /home/yan/camps_ws/build/py_pubsub/build install --prefix /home/yan/camps_ws/install/py_pubsub --record /home/yan/camps_ws/build/py_pubsub/install.log --single-version-externally-managed
[2.574s] running egg_info
[2.578s] writing ../../build/py_pubsub/py_pubsub.egg-info/PKG-INFO
[2.579s] writing dependency_links to ../../build/py_pubsub/py_pubsub.egg-info/dependency_links.txt
[2.580s] writing entry points to ../../build/py_pubsub/py_pubsub.egg-info/entry_points.txt
[2.581s] writing requirements to ../../build/py_pubsub/py_pubsub.egg-info/requires.txt
[2.581s] writing top-level names to ../../build/py_pubsub/py_pubsub.egg-info/top_level.txt
[2.806s] reading manifest file '../../build/py_pubsub/py_pubsub.egg-info/SOURCES.txt'
[2.815s] writing manifest file '../../build/py_pubsub/py_pubsub.egg-info/SOURCES.txt'
[2.816s] running build
[2.816s] running build_py
[2.817s] copying py_pubsub/subscriber_member_function_timed1.py -> /home/yan/camps_ws/build/py_pubsub/build/lib/py_pubsub
[2.818s] running install
[2.820s] running install_lib
[2.830s] copying /home/yan/camps_ws/build/py_pubsub/build/lib/py_pubsub/subscriber_member_function_timed1.py -> /home/yan/camps_ws/install/py_pubsub/lib/python3.6/site-packages/py_pubsub
[2.841s] byte-compiling /home/yan/camps_ws/install/py_pubsub/lib/python3.6/site-packages/py_pubsub/subscriber_member_function_timed1.py to subscriber_member_function_timed1.cpython-36.pyc
[2.841s] running install_data
[2.843s] running install_egg_info
[2.854s] removing '/home/yan/camps_ws/install/py_pubsub/lib/python3.6/site-packages/py_pubsub-0.0.0-py3.6.egg-info' (and everything under it)
[2.856s] Copying ../../build/py_pubsub/py_pubsub.egg-info to /home/yan/camps_ws/install/py_pubsub/lib/python3.6/site-packages/py_pubsub-0.0.0-py3.6.egg-info
[2.862s] running install_scripts
[2.973s] Installing color script to /home/yan/camps_ws/install/py_pubsub/lib/py_pubsub
[2.975s] Installing csvtojpeg script to /home/yan/camps_ws/install/py_pubsub/lib/py_pubsub
[2.976s] Installing depth script to /home/yan/camps_ws/install/py_pubsub/lib/py_pubsub
[2.976s] Installing infra1 script to /home/yan/camps_ws/install/py_pubsub/lib/py_pubsub
[2.977s] Installing infra2 script to /home/yan/camps_ws/install/py_pubsub/lib/py_pubsub
[2.977s] Installing listener script to /home/yan/camps_ws/install/py_pubsub/lib/py_pubsub
[2.978s] Installing onesensor script to /home/yan/camps_ws/install/py_pubsub/lib/py_pubsub
[2.978s] Installing point script to /home/yan/camps_ws/install/py_pubsub/lib/py_pubsub
[2.979s] Installing subscriber_mutually script to /home/yan/camps_ws/install/py_pubsub/lib/py_pubsub
[2.980s] Installing subscriber_reentrant script to /home/yan/camps_ws/install/py_pubsub/lib/py_pubsub
[2.980s] Installing talker script to /home/yan/camps_ws/install/py_pubsub/lib/py_pubsub
[2.980s] Installing timed script to /home/yan/camps_ws/install/py_pubsub/lib/py_pubsub
[2.981s] Installing timed1 script to /home/yan/camps_ws/install/py_pubsub/lib/py_pubsub
[2.981s] Installing twice script to /home/yan/camps_ws/install/py_pubsub/lib/py_pubsub
[2.983s] writing list of installed files to '/home/yan/camps_ws/build/py_pubsub/install.log'
[3.112s] Invoked command in '/home/yan/camps_ws/src/py_pubsub' returned '0': PYTHONPATH=/home/yan/camps_ws/install/py_pubsub/lib/python3.6/site-packages:${PYTHONPATH} /usr/bin/python3 setup.py egg_info --egg-base ../../build/py_pubsub build --build-base /home/yan/camps_ws/build/py_pubsub/build install --prefix /home/yan/camps_ws/install/py_pubsub --record /home/yan/camps_ws/build/py_pubsub/install.log --single-version-externally-managed
