[0.254s] Invoking command in '/home/yan/camps_ws/build/realsense_camera_msgs': CMAKE_PREFIX_PATH=${CMAKE_PREFIX_PATH}:/home/yan/camps_ws/install/py_pubsub:/opt/ros/dashing /usr/bin/cmake --build /home/yan/camps_ws/build/realsense_camera_msgs -- -j4 -l4
[0.784s] [  2%] Built target realsense_camera_msgs__cpp
[0.948s] [ 13%] Built target realsense_camera_msgs__rosidl_generator_c
[1.146s] [ 24%] Built target realsense_camera_msgs__rosidl_typesupport_introspection_cpp
[1.338s] [ 35%] Built target realsense_camera_msgs__rosidl_typesupport_introspection_c
[1.578s] [ 45%] Built target realsense_camera_msgs__rosidl_typesupport_fastrtps_cpp
[1.805s] [ 56%] Built target realsense_camera_msgs__rosidl_typesupport_fastrtps_c
[2.022s] [ 67%] Built target realsense_camera_msgs__rosidl_typesupport_cpp
[2.253s] [ 78%] Built target realsense_camera_msgs__rosidl_typesupport_c
[2.398s] [ 78%] Built target realsense_camera_msgs
[2.542s] [ 81%] Built target realsense_camera_msgs__py
[2.741s] [ 89%] Built target realsense_camera_msgs__python
[2.988s] [ 94%] Built target realsense_camera_msgs__rosidl_typesupport_c__pyext
[3.201s] [100%] Built target realsense_camera_msgs__rosidl_typesupport_fastrtps_c__pyext
[3.285s] Invoked command in '/home/yan/camps_ws/build/realsense_camera_msgs' returned '0': CMAKE_PREFIX_PATH=${CMAKE_PREFIX_PATH}:/home/yan/camps_ws/install/py_pubsub:/opt/ros/dashing /usr/bin/cmake --build /home/yan/camps_ws/build/realsense_camera_msgs -- -j4 -l4
[3.861s] Invoking command in '/home/yan/camps_ws/build/realsense_camera_msgs': CMAKE_PREFIX_PATH=${CMAKE_PREFIX_PATH}:/home/yan/camps_ws/install/py_pubsub:/opt/ros/dashing /usr/bin/cmake --build /home/yan/camps_ws/build/realsense_camera_msgs --target install -- -j4 -l4
[4.265s] [  2%] Built target realsense_camera_msgs__cpp
[4.456s] [ 13%] Built target realsense_camera_msgs__rosidl_generator_c
[4.593s] [ 24%] Built target realsense_camera_msgs__rosidl_typesupport_introspection_cpp
[4.736s] [ 35%] Built target realsense_camera_msgs__rosidl_typesupport_introspection_c
[4.918s] [ 45%] Built target realsense_camera_msgs__rosidl_typesupport_fastrtps_cpp
[5.111s] [ 56%] Built target realsense_camera_msgs__rosidl_typesupport_fastrtps_c
[5.277s] [ 67%] Built target realsense_camera_msgs__rosidl_typesupport_cpp
[5.443s] [ 78%] Built target realsense_camera_msgs__rosidl_typesupport_c
[5.555s] [ 78%] Built target realsense_camera_msgs
[5.663s] [ 81%] Built target realsense_camera_msgs__py
[5.815s] [ 89%] Built target realsense_camera_msgs__python
[5.965s] [ 94%] Built target realsense_camera_msgs__rosidl_typesupport_c__pyext
[6.120s] [100%] Built target realsense_camera_msgs__rosidl_typesupport_fastrtps_c__pyext
[6.219s] [36mInstall the project...[0m
[6.266s] -- Install configuration: ""
[6.266s] -- Up-to-date: /home/yan/camps_ws/install/realsense_camera_msgs/share/ament_index/resource_index/rosidl_interfaces/realsense_camera_msgs
[6.268s] -- Up-to-date: /home/yan/camps_ws/install/realsense_camera_msgs/lib/librealsense_camera_msgs__rosidl_typesupport_c.so
[6.269s] -- Up-to-date: /home/yan/camps_ws/install/realsense_camera_msgs/share/realsense_camera_msgs/environment/library_path.sh
[6.275s] -- Up-to-date: /home/yan/camps_ws/install/realsense_camera_msgs/lib/librealsense_camera_msgs__rosidl_typesupport_cpp.so
[6.276s] -- Up-to-date: /home/yan/camps_ws/install/realsense_camera_msgs/include/realsense_camera_msgs
[6.277s] -- Up-to-date: /home/yan/camps_ws/install/realsense_camera_msgs/include/realsense_camera_msgs/msg
[6.277s] -- Up-to-date: /home/yan/camps_ws/install/realsense_camera_msgs/include/realsense_camera_msgs/msg/rosidl_typesupport_fastrtps_c__visibility_control.h
[6.279s] -- Up-to-date: /home/yan/camps_ws/install/realsense_camera_msgs/include/realsense_camera_msgs/msg/imu_info__rosidl_typesupport_fastrtps_c.h
[6.280s] -- Up-to-date: /home/yan/camps_ws/install/realsense_camera_msgs/include/realsense_camera_msgs/msg/extrinsics__rosidl_typesupport_fastrtps_c.h
[6.281s] -- Up-to-date: /home/yan/camps_ws/install/realsense_camera_msgs/lib/librealsense_camera_msgs__rosidl_typesupport_fastrtps_c.so
[6.283s] -- Up-to-date: /home/yan/camps_ws/install/realsense_camera_msgs/include/realsense_camera_msgs
[6.284s] -- Up-to-date: /home/yan/camps_ws/install/realsense_camera_msgs/include/realsense_camera_msgs/msg
[6.289s] -- Up-to-date: /home/yan/camps_ws/install/realsense_camera_msgs/include/realsense_camera_msgs/msg/extrinsics__functions.c
[6.293s] -- Up-to-date: /home/yan/camps_ws/install/realsense_camera_msgs/include/realsense_camera_msgs/msg/imu_info__struct.h
[6.298s] -- Up-to-date: /home/yan/camps_ws/install/realsense_camera_msgs/include/realsense_camera_msgs/msg/imu_info__functions.c
[6.299s] -- Up-to-date: /home/yan/camps_ws/install/realsense_camera_msgs/include/realsense_camera_msgs/msg/extrinsics.h
[6.300s] -- Up-to-date: /home/yan/camps_ws/install/realsense_camera_msgs/include/realsense_camera_msgs/msg/imu_info__functions.h
[6.301s] -- Up-to-date: /home/yan/camps_ws/install/realsense_camera_msgs/include/realsense_camera_msgs/msg/extrinsics__functions.h
[6.302s] -- Up-to-date: /home/yan/camps_ws/install/realsense_camera_msgs/include/realsense_camera_msgs/msg/imu_info__type_support.h
[6.305s] -- Up-to-date: /home/yan/camps_ws/install/realsense_camera_msgs/include/realsense_camera_msgs/msg/rosidl_generator_c__visibility_control.h
[6.306s] -- Up-to-date: /home/yan/camps_ws/install/realsense_camera_msgs/include/realsense_camera_msgs/msg/extrinsics__struct.h
[6.306s] -- Up-to-date: /home/yan/camps_ws/install/realsense_camera_msgs/include/realsense_camera_msgs/msg/imu_info.h
[6.307s] -- Up-to-date: /home/yan/camps_ws/install/realsense_camera_msgs/include/realsense_camera_msgs/msg/extrinsics__type_support.h
[6.308s] -- Up-to-date: /home/yan/camps_ws/install/realsense_camera_msgs/lib/librealsense_camera_msgs__rosidl_generator_c.so
[6.309s] -- Up-to-date: /home/yan/camps_ws/install/realsense_camera_msgs/include/realsense_camera_msgs
[6.309s] -- Up-to-date: /home/yan/camps_ws/install/realsense_camera_msgs/include/realsense_camera_msgs/msg
[6.310s] -- Up-to-date: /home/yan/camps_ws/install/realsense_camera_msgs/include/realsense_camera_msgs/msg/rosidl_typesupport_fastrtps_cpp__visibility_control.h
[6.311s] -- Up-to-date: /home/yan/camps_ws/install/realsense_camera_msgs/include/realsense_camera_msgs/msg/imu_info__rosidl_typesupport_fastrtps_cpp.hpp
[6.312s] -- Up-to-date: /home/yan/camps_ws/install/realsense_camera_msgs/include/realsense_camera_msgs/msg/dds_fastrtps
[6.317s] -- Up-to-date: /home/yan/camps_ws/install/realsense_camera_msgs/include/realsense_camera_msgs/msg/extrinsics__rosidl_typesupport_fastrtps_cpp.hpp
[6.317s] -- Up-to-date: /home/yan/camps_ws/install/realsense_camera_msgs/lib/librealsense_camera_msgs__rosidl_typesupport_fastrtps_cpp.so
[6.318s] -- Up-to-date: /home/yan/camps_ws/install/realsense_camera_msgs/include/realsense_camera_msgs
[6.319s] -- Up-to-date: /home/yan/camps_ws/install/realsense_camera_msgs/include/realsense_camera_msgs/msg
[6.320s] -- Up-to-date: /home/yan/camps_ws/install/realsense_camera_msgs/include/realsense_camera_msgs/msg/imu_info.hpp
[6.329s] -- Up-to-date: /home/yan/camps_ws/install/realsense_camera_msgs/include/realsense_camera_msgs/msg/extrinsics__traits.hpp
[6.330s] -- Up-to-date: /home/yan/camps_ws/install/realsense_camera_msgs/include/realsense_camera_msgs/msg/imu_info__struct.hpp
[6.330s] -- Up-to-date: /home/yan/camps_ws/install/realsense_camera_msgs/include/realsense_camera_msgs/msg/imu_info__traits.hpp
[6.331s] -- Up-to-date: /home/yan/camps_ws/install/realsense_camera_msgs/include/realsense_camera_msgs/msg/extrinsics.hpp
[6.332s] -- Up-to-date: /home/yan/camps_ws/install/realsense_camera_msgs/include/realsense_camera_msgs/msg/extrinsics__struct.hpp
[6.333s] -- Up-to-date: /home/yan/camps_ws/install/realsense_camera_msgs/include/realsense_camera_msgs
[6.334s] -- Up-to-date: /home/yan/camps_ws/install/realsense_camera_msgs/include/realsense_camera_msgs/msg
[6.334s] -- Up-to-date: /home/yan/camps_ws/install/realsense_camera_msgs/include/realsense_camera_msgs/msg/imu_info__rosidl_typesupport_introspection_c.h
[6.335s] -- Up-to-date: /home/yan/camps_ws/install/realsense_camera_msgs/include/realsense_camera_msgs/msg/extrinsics__rosidl_typesupport_introspection_c.h
[6.335s] -- Up-to-date: /home/yan/camps_ws/install/realsense_camera_msgs/include/realsense_camera_msgs/msg/imu_info__type_support.c
[6.336s] -- Up-to-date: /home/yan/camps_ws/install/realsense_camera_msgs/include/realsense_camera_msgs/msg/extrinsics__type_support.c
[6.342s] -- Up-to-date: /home/yan/camps_ws/install/realsense_camera_msgs/include/realsense_camera_msgs/msg/rosidl_typesupport_introspection_c__visibility_control.h
[6.342s] -- Up-to-date: /home/yan/camps_ws/install/realsense_camera_msgs/lib/librealsense_camera_msgs__rosidl_typesupport_introspection_c.so
[6.344s] -- Up-to-date: /home/yan/camps_ws/install/realsense_camera_msgs/include/realsense_camera_msgs
[6.349s] -- Up-to-date: /home/yan/camps_ws/install/realsense_camera_msgs/include/realsense_camera_msgs/msg
[6.350s] -- Up-to-date: /home/yan/camps_ws/install/realsense_camera_msgs/include/realsense_camera_msgs/msg/imu_info__rosidl_typesupport_introspection_cpp.hpp
[6.351s] -- Up-to-date: /home/yan/camps_ws/install/realsense_camera_msgs/include/realsense_camera_msgs/msg/extrinsics__rosidl_typesupport_introspection_cpp.hpp
[6.351s] -- Up-to-date: /home/yan/camps_ws/install/realsense_camera_msgs/include/realsense_camera_msgs/msg/imu_info__type_support.cpp
[6.352s] -- Up-to-date: /home/yan/camps_ws/install/realsense_camera_msgs/include/realsense_camera_msgs/msg/extrinsics__type_support.cpp
[6.352s] -- Up-to-date: /home/yan/camps_ws/install/realsense_camera_msgs/lib/librealsense_camera_msgs__rosidl_typesupport_introspection_cpp.so
[6.353s] -- Up-to-date: /home/yan/camps_ws/install/realsense_camera_msgs/share/realsense_camera_msgs/environment/pythonpath.sh
[6.356s] -- Up-to-date: /home/yan/camps_ws/install/realsense_camera_msgs/lib/python3.6/site-packages/realsense_camera_msgs/__init__.py
[6.550s] -- Up-to-date: /home/yan/camps_ws/install/realsense_camera_msgs/lib/python3.6/site-packages/realsense_camera_msgs/msg
[6.552s] -- Up-to-date: /home/yan/camps_ws/install/realsense_camera_msgs/lib/python3.6/site-packages/realsense_camera_msgs/msg/_imu_info_s.c
[6.552s] -- Up-to-date: /home/yan/camps_ws/install/realsense_camera_msgs/lib/python3.6/site-packages/realsense_camera_msgs/msg/_extrinsics.py
[6.553s] -- Up-to-date: /home/yan/camps_ws/install/realsense_camera_msgs/lib/python3.6/site-packages/realsense_camera_msgs/msg/__init__.py
[6.553s] -- Up-to-date: /home/yan/camps_ws/install/realsense_camera_msgs/lib/python3.6/site-packages/realsense_camera_msgs/msg/_extrinsics_s.c
[6.554s] -- Up-to-date: /home/yan/camps_ws/install/realsense_camera_msgs/lib/python3.6/site-packages/realsense_camera_msgs/msg/_imu_info.py
[6.562s] -- Up-to-date: /home/yan/camps_ws/install/realsense_camera_msgs/lib/python3.6/site-packages/realsense_camera_msgs/realsense_camera_msgs_s__rosidl_typesupport_c.cpython-36m-aarch64-linux-gnu.so
[6.567s] -- Up-to-date: /home/yan/camps_ws/install/realsense_camera_msgs/lib/python3.6/site-packages/realsense_camera_msgs/realsense_camera_msgs_s__rosidl_typesupport_fastrtps_c.cpython-36m-aarch64-linux-gnu.so
[6.567s] -- Up-to-date: /home/yan/camps_ws/install/realsense_camera_msgs/lib/librealsense_camera_msgs__python.so
[6.569s] -- Up-to-date: /home/yan/camps_ws/install/realsense_camera_msgs/share/realsense_camera_msgs/msg/IMUInfo.idl
[6.570s] -- Up-to-date: /home/yan/camps_ws/install/realsense_camera_msgs/share/realsense_camera_msgs/msg/Extrinsics.idl
[6.571s] -- Up-to-date: /home/yan/camps_ws/install/realsense_camera_msgs/share/realsense_camera_msgs/msg/IMUInfo.msg
[6.572s] -- Up-to-date: /home/yan/camps_ws/install/realsense_camera_msgs/share/realsense_camera_msgs/msg/Extrinsics.msg
[6.573s] -- Up-to-date: /home/yan/camps_ws/install/realsense_camera_msgs/share/ament_index/resource_index/package_run_dependencies/realsense_camera_msgs
[6.574s] -- Up-to-date: /home/yan/camps_ws/install/realsense_camera_msgs/share/ament_index/resource_index/parent_prefix_path/realsense_camera_msgs
[6.575s] -- Up-to-date: /home/yan/camps_ws/install/realsense_camera_msgs/share/realsense_camera_msgs/environment/ament_prefix_path.sh
[6.578s] -- Up-to-date: /home/yan/camps_ws/install/realsense_camera_msgs/share/realsense_camera_msgs/environment/path.sh
[6.580s] -- Up-to-date: /home/yan/camps_ws/install/realsense_camera_msgs/share/realsense_camera_msgs/local_setup.bash
[6.580s] -- Up-to-date: /home/yan/camps_ws/install/realsense_camera_msgs/share/realsense_camera_msgs/local_setup.sh
[6.581s] -- Up-to-date: /home/yan/camps_ws/install/realsense_camera_msgs/share/realsense_camera_msgs/local_setup.zsh
[6.582s] -- Up-to-date: /home/yan/camps_ws/install/realsense_camera_msgs/share/ament_index/resource_index/packages/realsense_camera_msgs
[6.582s] -- Up-to-date: /home/yan/camps_ws/install/realsense_camera_msgs/share/realsense_camera_msgs/cmake/rosidl_cmake-extras.cmake
[6.583s] -- Up-to-date: /home/yan/camps_ws/install/realsense_camera_msgs/share/realsense_camera_msgs/cmake/ament_cmake_export_dependencies-extras.cmake
[6.584s] -- Up-to-date: /home/yan/camps_ws/install/realsense_camera_msgs/share/realsense_camera_msgs/cmake/ament_cmake_export_libraries-extras.cmake
[6.585s] -- Up-to-date: /home/yan/camps_ws/install/realsense_camera_msgs/share/realsense_camera_msgs/cmake/ament_cmake_export_include_directories-extras.cmake
[6.586s] -- Up-to-date: /home/yan/camps_ws/install/realsense_camera_msgs/share/realsense_camera_msgs/cmake/realsense_camera_msgsConfig.cmake
[6.586s] -- Up-to-date: /home/yan/camps_ws/install/realsense_camera_msgs/share/realsense_camera_msgs/cmake/realsense_camera_msgsConfig-version.cmake
[6.609s] -- Up-to-date: /home/yan/camps_ws/install/realsense_camera_msgs/share/realsense_camera_msgs/package.xml
[6.610s] Invoked command in '/home/yan/camps_ws/build/realsense_camera_msgs' returned '0': CMAKE_PREFIX_PATH=${CMAKE_PREFIX_PATH}:/home/yan/camps_ws/install/py_pubsub:/opt/ros/dashing /usr/bin/cmake --build /home/yan/camps_ws/build/realsense_camera_msgs --target install -- -j4 -l4
