[1.593s] Invoking command in '/home/yan/camps_ws/src/py_pubsub': PYTHONPATH=/home/yan/camps_ws/install/py_pubsub/lib/python3.6/site-packages:${PYTHONPATH} /usr/bin/python3 setup.py egg_info --egg-base ../../build/py_pubsub build --build-base /home/yan/camps_ws/build/py_pubsub/build install --prefix /home/yan/camps_ws/install/py_pubsub --record /home/yan/camps_ws/build/py_pubsub/install.log --single-version-externally-managed
[3.007s] running egg_info
[3.011s] writing ../../build/py_pubsub/py_pubsub.egg-info/PKG-INFO
[3.012s] writing dependency_links to ../../build/py_pubsub/py_pubsub.egg-info/dependency_links.txt
[3.014s] writing entry points to ../../build/py_pubsub/py_pubsub.egg-info/entry_points.txt
[3.015s] writing requirements to ../../build/py_pubsub/py_pubsub.egg-info/requires.txt
[3.015s] writing top-level names to ../../build/py_pubsub/py_pubsub.egg-info/top_level.txt
[3.269s] reading manifest file '../../build/py_pubsub/py_pubsub.egg-info/SOURCES.txt'
[3.279s] writing manifest file '../../build/py_pubsub/py_pubsub.egg-info/SOURCES.txt'
[3.280s] running build
[3.280s] running build_py
[3.282s] copying py_pubsub/subscriber_reentrant.py -> /home/yan/camps_ws/build/py_pubsub/build/lib/py_pubsub
[3.285s] running install
[3.286s] running install_lib
[3.294s] copying /home/yan/camps_ws/build/py_pubsub/build/lib/py_pubsub/subscriber_reentrant.py -> /home/yan/camps_ws/install/py_pubsub/lib/python3.6/site-packages/py_pubsub
[3.299s] byte-compiling /home/yan/camps_ws/install/py_pubsub/lib/python3.6/site-packages/py_pubsub/subscriber_reentrant.py to subscriber_reentrant.cpython-36.pyc
[3.303s] running install_data
[3.308s] running install_egg_info
[3.322s] removing '/home/yan/camps_ws/install/py_pubsub/lib/python3.6/site-packages/py_pubsub-0.0.0-py3.6.egg-info' (and everything under it)
[3.323s] Copying ../../build/py_pubsub/py_pubsub.egg-info to /home/yan/camps_ws/install/py_pubsub/lib/python3.6/site-packages/py_pubsub-0.0.0-py3.6.egg-info
[3.329s] running install_scripts
[3.444s] Installing color script to /home/yan/camps_ws/install/py_pubsub/lib/py_pubsub
[3.446s] Installing csvtojpeg script to /home/yan/camps_ws/install/py_pubsub/lib/py_pubsub
[3.446s] Installing depth script to /home/yan/camps_ws/install/py_pubsub/lib/py_pubsub
[3.447s] Installing infra1 script to /home/yan/camps_ws/install/py_pubsub/lib/py_pubsub
[3.448s] Installing infra2 script to /home/yan/camps_ws/install/py_pubsub/lib/py_pubsub
[3.449s] Installing listener script to /home/yan/camps_ws/install/py_pubsub/lib/py_pubsub
[3.449s] Installing onesensor script to /home/yan/camps_ws/install/py_pubsub/lib/py_pubsub
[3.450s] Installing point script to /home/yan/camps_ws/install/py_pubsub/lib/py_pubsub
[3.450s] Installing subscriber_mutually script to /home/yan/camps_ws/install/py_pubsub/lib/py_pubsub
[3.451s] Installing subscriber_reentrant script to /home/yan/camps_ws/install/py_pubsub/lib/py_pubsub
[3.451s] Installing talker script to /home/yan/camps_ws/install/py_pubsub/lib/py_pubsub
[3.452s] Installing timed script to /home/yan/camps_ws/install/py_pubsub/lib/py_pubsub
[3.453s] Installing twice script to /home/yan/camps_ws/install/py_pubsub/lib/py_pubsub
[3.453s] writing list of installed files to '/home/yan/camps_ws/build/py_pubsub/install.log'
[3.569s] Invoked command in '/home/yan/camps_ws/src/py_pubsub' returned '0': PYTHONPATH=/home/yan/camps_ws/install/py_pubsub/lib/python3.6/site-packages:${PYTHONPATH} /usr/bin/python3 setup.py egg_info --egg-base ../../build/py_pubsub build --build-base /home/yan/camps_ws/build/py_pubsub/build install --prefix /home/yan/camps_ws/install/py_pubsub --record /home/yan/camps_ws/build/py_pubsub/install.log --single-version-externally-managed
