[1.751s] Invoking command in '/home/yan/camps_ws/src/py_pubsub': PYTHONPATH=/home/yan/camps_ws/install/py_pubsub/lib/python3.6/site-packages: /usr/bin/python3 setup.py egg_info --egg-base ../../build/py_pubsub build --build-base /home/yan/camps_ws/build/py_pubsub/build install --prefix /home/yan/camps_ws/install/py_pubsub --record /home/yan/camps_ws/build/py_pubsub/install.log --single-version-externally-managed
[3.285s] running egg_info
[3.289s] writing ../../build/py_pubsub/py_pubsub.egg-info/PKG-INFO
[3.291s] writing dependency_links to ../../build/py_pubsub/py_pubsub.egg-info/dependency_links.txt
[3.293s] writing entry points to ../../build/py_pubsub/py_pubsub.egg-info/entry_points.txt
[3.298s] writing requirements to ../../build/py_pubsub/py_pubsub.egg-info/requires.txt
[3.299s] writing top-level names to ../../build/py_pubsub/py_pubsub.egg-info/top_level.txt
[3.541s] reading manifest file '../../build/py_pubsub/py_pubsub.egg-info/SOURCES.txt'
[3.552s] writing manifest file '../../build/py_pubsub/py_pubsub.egg-info/SOURCES.txt'
[3.553s] running build
[3.554s] running build_py
[3.558s] copying py_pubsub/subscriber_member_function_point.py -> /home/yan/camps_ws/build/py_pubsub/build/lib/py_pubsub
[3.561s] copying py_pubsub/subscriber_member_function_timed.py -> /home/yan/camps_ws/build/py_pubsub/build/lib/py_pubsub
[3.568s] running install
[3.571s] running install_lib
[3.577s] copying /home/yan/camps_ws/build/py_pubsub/build/lib/py_pubsub/subscriber_member_function_point.py -> /home/yan/camps_ws/install/py_pubsub/lib/python3.6/site-packages/py_pubsub
[3.580s] copying /home/yan/camps_ws/build/py_pubsub/build/lib/py_pubsub/subscriber_member_function_timed.py -> /home/yan/camps_ws/install/py_pubsub/lib/python3.6/site-packages/py_pubsub
[3.587s] byte-compiling /home/yan/camps_ws/install/py_pubsub/lib/python3.6/site-packages/py_pubsub/subscriber_member_function_point.py to subscriber_member_function_point.cpython-36.pyc
[3.590s] byte-compiling /home/yan/camps_ws/install/py_pubsub/lib/python3.6/site-packages/py_pubsub/subscriber_member_function_timed.py to subscriber_member_function_timed.cpython-36.pyc
[3.595s] running install_data
[3.599s] running install_egg_info
[3.609s] removing '/home/yan/camps_ws/install/py_pubsub/lib/python3.6/site-packages/py_pubsub-0.0.0-py3.6.egg-info' (and everything under it)
[3.611s] Copying ../../build/py_pubsub/py_pubsub.egg-info to /home/yan/camps_ws/install/py_pubsub/lib/python3.6/site-packages/py_pubsub-0.0.0-py3.6.egg-info
[3.616s] running install_scripts
[3.729s] Installing color script to /home/yan/camps_ws/install/py_pubsub/lib/py_pubsub
[3.730s] Installing depth script to /home/yan/camps_ws/install/py_pubsub/lib/py_pubsub
[3.731s] Installing infra1 script to /home/yan/camps_ws/install/py_pubsub/lib/py_pubsub
[3.732s] Installing infra2 script to /home/yan/camps_ws/install/py_pubsub/lib/py_pubsub
[3.734s] Installing listener script to /home/yan/camps_ws/install/py_pubsub/lib/py_pubsub
[3.735s] Installing onesensor script to /home/yan/camps_ws/install/py_pubsub/lib/py_pubsub
[3.736s] Installing point script to /home/yan/camps_ws/install/py_pubsub/lib/py_pubsub
[3.737s] Installing talker script to /home/yan/camps_ws/install/py_pubsub/lib/py_pubsub
[3.742s] Installing timed script to /home/yan/camps_ws/install/py_pubsub/lib/py_pubsub
[3.743s] Installing twice script to /home/yan/camps_ws/install/py_pubsub/lib/py_pubsub
[3.748s] writing list of installed files to '/home/yan/camps_ws/build/py_pubsub/install.log'
[3.857s] Invoked command in '/home/yan/camps_ws/src/py_pubsub' returned '0': PYTHONPATH=/home/yan/camps_ws/install/py_pubsub/lib/python3.6/site-packages: /usr/bin/python3 setup.py egg_info --egg-base ../../build/py_pubsub build --build-base /home/yan/camps_ws/build/py_pubsub/build install --prefix /home/yan/camps_ws/install/py_pubsub --record /home/yan/camps_ws/build/py_pubsub/install.log --single-version-externally-managed
