[2.106s] Invoking command in '/home/yan/camps_ws/src/py_pubsub': PYTHONPATH=/home/yan/camps_ws/install/py_pubsub/lib/python3.6/site-packages:${PYTHONPATH} /usr/bin/python3 setup.py egg_info --egg-base ../../build/py_pubsub build --build-base /home/yan/camps_ws/build/py_pubsub/build install --prefix /home/yan/camps_ws/install/py_pubsub --record /home/yan/camps_ws/build/py_pubsub/install.log --single-version-externally-managed
[3.744s] running egg_info
[3.748s] writing ../../build/py_pubsub/py_pubsub.egg-info/PKG-INFO
[3.749s] writing dependency_links to ../../build/py_pubsub/py_pubsub.egg-info/dependency_links.txt
[3.750s] writing entry points to ../../build/py_pubsub/py_pubsub.egg-info/entry_points.txt
[3.751s] writing requirements to ../../build/py_pubsub/py_pubsub.egg-info/requires.txt
[3.752s] writing top-level names to ../../build/py_pubsub/py_pubsub.egg-info/top_level.txt
[3.966s] reading manifest file '../../build/py_pubsub/py_pubsub.egg-info/SOURCES.txt'
[3.975s] writing manifest file '../../build/py_pubsub/py_pubsub.egg-info/SOURCES.txt'
[3.976s] running build
[3.977s] running build_py
[3.977s] copying py_pubsub/subscriber_member_function_timed.py -> /home/yan/camps_ws/build/py_pubsub/build/lib/py_pubsub
[3.981s] running install
[3.983s] running install_lib
[3.986s] copying /home/yan/camps_ws/build/py_pubsub/build/lib/py_pubsub/subscriber_member_function_timed.py -> /home/yan/camps_ws/install/py_pubsub/lib/python3.6/site-packages/py_pubsub
[3.991s] byte-compiling /home/yan/camps_ws/install/py_pubsub/lib/python3.6/site-packages/py_pubsub/subscriber_member_function_timed.py to subscriber_member_function_timed.cpython-36.pyc
[3.996s] running install_data
[3.998s] running install_egg_info
[4.007s] removing '/home/yan/camps_ws/install/py_pubsub/lib/python3.6/site-packages/py_pubsub-0.0.0-py3.6.egg-info' (and everything under it)
[4.009s] Copying ../../build/py_pubsub/py_pubsub.egg-info to /home/yan/camps_ws/install/py_pubsub/lib/python3.6/site-packages/py_pubsub-0.0.0-py3.6.egg-info
[4.014s] running install_scripts
[4.146s] Installing color script to /home/yan/camps_ws/install/py_pubsub/lib/py_pubsub
[4.151s] Installing depth script to /home/yan/camps_ws/install/py_pubsub/lib/py_pubsub
[4.151s] Installing infra1 script to /home/yan/camps_ws/install/py_pubsub/lib/py_pubsub
[4.152s] Installing infra2 script to /home/yan/camps_ws/install/py_pubsub/lib/py_pubsub
[4.170s] Installing listener script to /home/yan/camps_ws/install/py_pubsub/lib/py_pubsub
[4.171s] Installing point script to /home/yan/camps_ws/install/py_pubsub/lib/py_pubsub
[4.172s] Installing talker script to /home/yan/camps_ws/install/py_pubsub/lib/py_pubsub
[4.174s] Installing timed script to /home/yan/camps_ws/install/py_pubsub/lib/py_pubsub
[4.182s] Installing twice script to /home/yan/camps_ws/install/py_pubsub/lib/py_pubsub
[4.183s] writing list of installed files to '/home/yan/camps_ws/build/py_pubsub/install.log'
[4.320s] Invoked command in '/home/yan/camps_ws/src/py_pubsub' returned '0': PYTHONPATH=/home/yan/camps_ws/install/py_pubsub/lib/python3.6/site-packages:${PYTHONPATH} /usr/bin/python3 setup.py egg_info --egg-base ../../build/py_pubsub build --build-base /home/yan/camps_ws/build/py_pubsub/build install --prefix /home/yan/camps_ws/install/py_pubsub --record /home/yan/camps_ws/build/py_pubsub/install.log --single-version-externally-managed
