[1.984s] Invoking command in '/home/yan/camps_ws/src/py_pubsub': PYTHONPATH=/home/yan/camps_ws/install/py_pubsub/lib/python3.6/site-packages:${PYTHONPATH} /usr/bin/python3 setup.py egg_info --egg-base ../../build/py_pubsub build --build-base /home/yan/camps_ws/build/py_pubsub/build install --prefix /home/yan/camps_ws/install/py_pubsub --record /home/yan/camps_ws/build/py_pubsub/install.log --single-version-externally-managed
[3.353s] running egg_info
[3.357s] writing ../../build/py_pubsub/py_pubsub.egg-info/PKG-INFO
[3.362s] writing dependency_links to ../../build/py_pubsub/py_pubsub.egg-info/dependency_links.txt
[3.365s] writing entry points to ../../build/py_pubsub/py_pubsub.egg-info/entry_points.txt
[3.371s] writing requirements to ../../build/py_pubsub/py_pubsub.egg-info/requires.txt
[3.374s] writing top-level names to ../../build/py_pubsub/py_pubsub.egg-info/top_level.txt
[3.596s] reading manifest file '../../build/py_pubsub/py_pubsub.egg-info/SOURCES.txt'
[3.604s] writing manifest file '../../build/py_pubsub/py_pubsub.egg-info/SOURCES.txt'
[3.608s] running build
[3.609s] running build_py
[3.609s] copying py_pubsub/subscriber_mutually.py -> /home/yan/camps_ws/build/py_pubsub/build/lib/py_pubsub
[3.615s] running install
[3.617s] running install_lib
[3.622s] copying /home/yan/camps_ws/build/py_pubsub/build/lib/py_pubsub/subscriber_mutually.py -> /home/yan/camps_ws/install/py_pubsub/lib/python3.6/site-packages/py_pubsub
[3.631s] byte-compiling /home/yan/camps_ws/install/py_pubsub/lib/python3.6/site-packages/py_pubsub/subscriber_mutually.py to subscriber_mutually.cpython-36.pyc
[3.637s] running install_data
[3.642s] running install_egg_info
[3.657s] removing '/home/yan/camps_ws/install/py_pubsub/lib/python3.6/site-packages/py_pubsub-0.0.0-py3.6.egg-info' (and everything under it)
[3.660s] Copying ../../build/py_pubsub/py_pubsub.egg-info to /home/yan/camps_ws/install/py_pubsub/lib/python3.6/site-packages/py_pubsub-0.0.0-py3.6.egg-info
[3.666s] running install_scripts
[3.778s] Installing color script to /home/yan/camps_ws/install/py_pubsub/lib/py_pubsub
[3.781s] Installing csvtojpeg script to /home/yan/camps_ws/install/py_pubsub/lib/py_pubsub
[3.782s] Installing depth script to /home/yan/camps_ws/install/py_pubsub/lib/py_pubsub
[3.783s] Installing infra1 script to /home/yan/camps_ws/install/py_pubsub/lib/py_pubsub
[3.784s] Installing infra2 script to /home/yan/camps_ws/install/py_pubsub/lib/py_pubsub
[3.784s] Installing listener script to /home/yan/camps_ws/install/py_pubsub/lib/py_pubsub
[3.786s] Installing onesensor script to /home/yan/camps_ws/install/py_pubsub/lib/py_pubsub
[3.787s] Installing point script to /home/yan/camps_ws/install/py_pubsub/lib/py_pubsub
[3.788s] Installing subscriber_mutually script to /home/yan/camps_ws/install/py_pubsub/lib/py_pubsub
[3.789s] Installing subscriber_reentrant script to /home/yan/camps_ws/install/py_pubsub/lib/py_pubsub
[3.790s] Installing talker script to /home/yan/camps_ws/install/py_pubsub/lib/py_pubsub
[3.791s] Installing timed script to /home/yan/camps_ws/install/py_pubsub/lib/py_pubsub
[3.792s] Installing twice script to /home/yan/camps_ws/install/py_pubsub/lib/py_pubsub
[3.792s] writing list of installed files to '/home/yan/camps_ws/build/py_pubsub/install.log'
[3.911s] Invoked command in '/home/yan/camps_ws/src/py_pubsub' returned '0': PYTHONPATH=/home/yan/camps_ws/install/py_pubsub/lib/python3.6/site-packages:${PYTHONPATH} /usr/bin/python3 setup.py egg_info --egg-base ../../build/py_pubsub build --build-base /home/yan/camps_ws/build/py_pubsub/build install --prefix /home/yan/camps_ws/install/py_pubsub --record /home/yan/camps_ws/build/py_pubsub/install.log --single-version-externally-managed
