[1.952s] Invoking command in '/home/yan/camps_ws/src/py_pubsub': PYTHONPATH=/home/yan/camps_ws/install/py_pubsub/lib/python3.6/site-packages:${PYTHONPATH} /usr/bin/python3 setup.py egg_info --egg-base ../../build/py_pubsub build --build-base /home/yan/camps_ws/build/py_pubsub/build install --prefix /home/yan/camps_ws/install/py_pubsub --record /home/yan/camps_ws/build/py_pubsub/install.log --single-version-externally-managed
[3.506s] running egg_info
[3.509s] writing ../../build/py_pubsub/py_pubsub.egg-info/PKG-INFO
[3.509s] writing dependency_links to ../../build/py_pubsub/py_pubsub.egg-info/dependency_links.txt
[3.510s] writing entry points to ../../build/py_pubsub/py_pubsub.egg-info/entry_points.txt
[3.511s] writing requirements to ../../build/py_pubsub/py_pubsub.egg-info/requires.txt
[3.512s] writing top-level names to ../../build/py_pubsub/py_pubsub.egg-info/top_level.txt
[3.744s] reading manifest file '../../build/py_pubsub/py_pubsub.egg-info/SOURCES.txt'
[3.753s] writing manifest file '../../build/py_pubsub/py_pubsub.egg-info/SOURCES.txt'
[3.754s] running build
[3.754s] running build_py
[3.756s] copying py_pubsub/subscriber_member_function_point.py -> /home/yan/camps_ws/build/py_pubsub/build/lib/py_pubsub
[3.760s] running install
[3.762s] running install_lib
[3.768s] copying /home/yan/camps_ws/build/py_pubsub/build/lib/py_pubsub/subscriber_member_function_point.py -> /home/yan/camps_ws/install/py_pubsub/lib/python3.6/site-packages/py_pubsub
[3.771s] byte-compiling /home/yan/camps_ws/install/py_pubsub/lib/python3.6/site-packages/py_pubsub/subscriber_member_function_point.py to subscriber_member_function_point.cpython-36.pyc
[3.775s] running install_data
[3.778s] running install_egg_info
[3.789s] removing '/home/yan/camps_ws/install/py_pubsub/lib/python3.6/site-packages/py_pubsub-0.0.0-py3.6.egg-info' (and everything under it)
[3.792s] Copying ../../build/py_pubsub/py_pubsub.egg-info to /home/yan/camps_ws/install/py_pubsub/lib/python3.6/site-packages/py_pubsub-0.0.0-py3.6.egg-info
[3.796s] running install_scripts
[3.903s] Installing color script to /home/yan/camps_ws/install/py_pubsub/lib/py_pubsub
[3.904s] Installing depth script to /home/yan/camps_ws/install/py_pubsub/lib/py_pubsub
[3.905s] Installing infra1 script to /home/yan/camps_ws/install/py_pubsub/lib/py_pubsub
[3.906s] Installing infra2 script to /home/yan/camps_ws/install/py_pubsub/lib/py_pubsub
[3.906s] Installing listener script to /home/yan/camps_ws/install/py_pubsub/lib/py_pubsub
[3.907s] Installing point script to /home/yan/camps_ws/install/py_pubsub/lib/py_pubsub
[3.907s] Installing talker script to /home/yan/camps_ws/install/py_pubsub/lib/py_pubsub
[3.909s] writing list of installed files to '/home/yan/camps_ws/build/py_pubsub/install.log'
[4.021s] Invoked command in '/home/yan/camps_ws/src/py_pubsub' returned '0': PYTHONPATH=/home/yan/camps_ws/install/py_pubsub/lib/python3.6/site-packages:${PYTHONPATH} /usr/bin/python3 setup.py egg_info --egg-base ../../build/py_pubsub build --build-base /home/yan/camps_ws/build/py_pubsub/build install --prefix /home/yan/camps_ws/install/py_pubsub --record /home/yan/camps_ws/build/py_pubsub/install.log --single-version-externally-managed
