[2.101s] Invoking command in '/home/yan/camps_ws/src/py_pubsub': PYTHONPATH=/home/yan/camps_ws/install/py_pubsub/lib/python3.6/site-packages:${PYTHONPATH} /usr/bin/python3 setup.py egg_info --egg-base ../../build/py_pubsub build --build-base /home/yan/camps_ws/build/py_pubsub/build install --prefix /home/yan/camps_ws/install/py_pubsub --record /home/yan/camps_ws/build/py_pubsub/install.log --single-version-externally-managed
[3.742s] running egg_info
[3.746s] writing ../../build/py_pubsub/py_pubsub.egg-info/PKG-INFO
[3.747s] writing dependency_links to ../../build/py_pubsub/py_pubsub.egg-info/dependency_links.txt
[3.749s] writing entry points to ../../build/py_pubsub/py_pubsub.egg-info/entry_points.txt
[3.756s] writing requirements to ../../build/py_pubsub/py_pubsub.egg-info/requires.txt
[3.756s] writing top-level names to ../../build/py_pubsub/py_pubsub.egg-info/top_level.txt
[4.016s] reading manifest file '../../build/py_pubsub/py_pubsub.egg-info/SOURCES.txt'
[4.034s] writing manifest file '../../build/py_pubsub/py_pubsub.egg-info/SOURCES.txt'
[4.039s] running build
[4.041s] running build_py
[4.045s] copying py_pubsub/subscriber_member_function_timed.py -> /home/yan/camps_ws/build/py_pubsub/build/lib/py_pubsub
[4.056s] running install
[4.056s] running install_lib
[4.061s] copying /home/yan/camps_ws/build/py_pubsub/build/lib/py_pubsub/subscriber_member_function_timed.py -> /home/yan/camps_ws/install/py_pubsub/lib/python3.6/site-packages/py_pubsub
[4.066s] byte-compiling /home/yan/camps_ws/install/py_pubsub/lib/python3.6/site-packages/py_pubsub/subscriber_member_function_timed.py to subscriber_member_function_timed.cpython-36.pyc
[4.066s] running install_data
[4.067s] running install_egg_info
[4.067s] removing '/home/yan/camps_ws/install/py_pubsub/lib/python3.6/site-packages/py_pubsub-0.0.0-py3.6.egg-info' (and everything under it)
[4.068s] Copying ../../build/py_pubsub/py_pubsub.egg-info to /home/yan/camps_ws/install/py_pubsub/lib/python3.6/site-packages/py_pubsub-0.0.0-py3.6.egg-info
[4.073s] running install_scripts
[4.191s] Installing color script to /home/yan/camps_ws/install/py_pubsub/lib/py_pubsub
[4.198s] Installing depth script to /home/yan/camps_ws/install/py_pubsub/lib/py_pubsub
[4.199s] Installing infra1 script to /home/yan/camps_ws/install/py_pubsub/lib/py_pubsub
[4.200s] Installing infra2 script to /home/yan/camps_ws/install/py_pubsub/lib/py_pubsub
[4.201s] Installing listener script to /home/yan/camps_ws/install/py_pubsub/lib/py_pubsub
[4.201s] Installing point script to /home/yan/camps_ws/install/py_pubsub/lib/py_pubsub
[4.202s] Installing talker script to /home/yan/camps_ws/install/py_pubsub/lib/py_pubsub
[4.203s] Installing timed script to /home/yan/camps_ws/install/py_pubsub/lib/py_pubsub
[4.204s] Installing twice script to /home/yan/camps_ws/install/py_pubsub/lib/py_pubsub
[4.211s] writing list of installed files to '/home/yan/camps_ws/build/py_pubsub/install.log'
[4.441s] Invoked command in '/home/yan/camps_ws/src/py_pubsub' returned '0': PYTHONPATH=/home/yan/camps_ws/install/py_pubsub/lib/python3.6/site-packages:${PYTHONPATH} /usr/bin/python3 setup.py egg_info --egg-base ../../build/py_pubsub build --build-base /home/yan/camps_ws/build/py_pubsub/build install --prefix /home/yan/camps_ws/install/py_pubsub --record /home/yan/camps_ws/build/py_pubsub/install.log --single-version-externally-managed
