[1.865s] Invoking command in '/home/yan/camps_ws/src/py_pubsub': PYTHONPATH=/home/yan/camps_ws/install/py_pubsub/lib/python3.6/site-packages:${PYTHONPATH} /usr/bin/python3 setup.py egg_info --egg-base ../../build/py_pubsub build --build-base /home/yan/camps_ws/build/py_pubsub/build install --prefix /home/yan/camps_ws/install/py_pubsub --record /home/yan/camps_ws/build/py_pubsub/install.log --single-version-externally-managed
[3.512s] running egg_info
[3.516s] writing ../../build/py_pubsub/py_pubsub.egg-info/PKG-INFO
[3.517s] writing dependency_links to ../../build/py_pubsub/py_pubsub.egg-info/dependency_links.txt
[3.518s] writing entry points to ../../build/py_pubsub/py_pubsub.egg-info/entry_points.txt
[3.520s] writing requirements to ../../build/py_pubsub/py_pubsub.egg-info/requires.txt
[3.521s] writing top-level names to ../../build/py_pubsub/py_pubsub.egg-info/top_level.txt
[3.765s] reading manifest file '../../build/py_pubsub/py_pubsub.egg-info/SOURCES.txt'
[3.773s] writing manifest file '../../build/py_pubsub/py_pubsub.egg-info/SOURCES.txt'
[3.773s] running build
[3.774s] running build_py
[3.775s] copying py_pubsub/subscriber_member_function_timed.py -> /home/yan/camps_ws/build/py_pubsub/build/lib/py_pubsub
[3.779s] running install
[3.781s] running install_lib
[3.786s] copying /home/yan/camps_ws/build/py_pubsub/build/lib/py_pubsub/subscriber_member_function_timed.py -> /home/yan/camps_ws/install/py_pubsub/lib/python3.6/site-packages/py_pubsub
[3.793s] byte-compiling /home/yan/camps_ws/install/py_pubsub/lib/python3.6/site-packages/py_pubsub/subscriber_member_function_timed.py to subscriber_member_function_timed.cpython-36.pyc
[3.795s] running install_data
[3.799s] running install_egg_info
[3.808s] removing '/home/yan/camps_ws/install/py_pubsub/lib/python3.6/site-packages/py_pubsub-0.0.0-py3.6.egg-info' (and everything under it)
[3.810s] Copying ../../build/py_pubsub/py_pubsub.egg-info to /home/yan/camps_ws/install/py_pubsub/lib/python3.6/site-packages/py_pubsub-0.0.0-py3.6.egg-info
[3.816s] running install_scripts
[3.931s] Installing color script to /home/yan/camps_ws/install/py_pubsub/lib/py_pubsub
[3.932s] Installing depth script to /home/yan/camps_ws/install/py_pubsub/lib/py_pubsub
[3.934s] Installing infra1 script to /home/yan/camps_ws/install/py_pubsub/lib/py_pubsub
[3.935s] Installing infra2 script to /home/yan/camps_ws/install/py_pubsub/lib/py_pubsub
[3.936s] Installing listener script to /home/yan/camps_ws/install/py_pubsub/lib/py_pubsub
[3.937s] Installing point script to /home/yan/camps_ws/install/py_pubsub/lib/py_pubsub
[3.938s] Installing talker script to /home/yan/camps_ws/install/py_pubsub/lib/py_pubsub
[3.938s] Installing timed script to /home/yan/camps_ws/install/py_pubsub/lib/py_pubsub
[3.939s] Installing twice script to /home/yan/camps_ws/install/py_pubsub/lib/py_pubsub
[3.940s] writing list of installed files to '/home/yan/camps_ws/build/py_pubsub/install.log'
[4.099s] Invoked command in '/home/yan/camps_ws/src/py_pubsub' returned '0': PYTHONPATH=/home/yan/camps_ws/install/py_pubsub/lib/python3.6/site-packages:${PYTHONPATH} /usr/bin/python3 setup.py egg_info --egg-base ../../build/py_pubsub build --build-base /home/yan/camps_ws/build/py_pubsub/build install --prefix /home/yan/camps_ws/install/py_pubsub --record /home/yan/camps_ws/build/py_pubsub/install.log --single-version-externally-managed
