[1.386s] Invoking command in '/home/yan/camps_ws/src/py_pubsub': PYTHONPATH=/home/yan/camps_ws/install/py_pubsub/lib/python3.6/site-packages:${PYTHONPATH} /usr/bin/python3 setup.py egg_info --egg-base ../../build/py_pubsub build --build-base /home/yan/camps_ws/build/py_pubsub/build install --prefix /home/yan/camps_ws/install/py_pubsub --record /home/yan/camps_ws/build/py_pubsub/install.log --single-version-externally-managed
[2.726s] running egg_info
[2.729s] writing ../../build/py_pubsub/py_pubsub.egg-info/PKG-INFO
[2.730s] writing dependency_links to ../../build/py_pubsub/py_pubsub.egg-info/dependency_links.txt
[2.734s] writing entry points to ../../build/py_pubsub/py_pubsub.egg-info/entry_points.txt
[2.734s] writing requirements to ../../build/py_pubsub/py_pubsub.egg-info/requires.txt
[2.735s] writing top-level names to ../../build/py_pubsub/py_pubsub.egg-info/top_level.txt
[2.945s] reading manifest file '../../build/py_pubsub/py_pubsub.egg-info/SOURCES.txt'
[2.953s] writing manifest file '../../build/py_pubsub/py_pubsub.egg-info/SOURCES.txt'
[2.954s] running build
[2.954s] running build_py
[2.957s] copying py_pubsub/subscriber_member_function_timed1.py -> /home/yan/camps_ws/build/py_pubsub/build/lib/py_pubsub
[2.959s] running install
[2.961s] running install_lib
[2.970s] copying /home/yan/camps_ws/build/py_pubsub/build/lib/py_pubsub/subscriber_member_function_timed1.py -> /home/yan/camps_ws/install/py_pubsub/lib/python3.6/site-packages/py_pubsub
[2.975s] byte-compiling /home/yan/camps_ws/install/py_pubsub/lib/python3.6/site-packages/py_pubsub/subscriber_member_function_timed1.py to subscriber_member_function_timed1.cpython-36.pyc
[2.979s] running install_data
[2.982s] running install_egg_info
[2.993s] removing '/home/yan/camps_ws/install/py_pubsub/lib/python3.6/site-packages/py_pubsub-0.0.0-py3.6.egg-info' (and everything under it)
[2.995s] Copying ../../build/py_pubsub/py_pubsub.egg-info to /home/yan/camps_ws/install/py_pubsub/lib/python3.6/site-packages/py_pubsub-0.0.0-py3.6.egg-info
[3.000s] running install_scripts
[3.106s] Installing color script to /home/yan/camps_ws/install/py_pubsub/lib/py_pubsub
[3.107s] Installing csvtojpeg script to /home/yan/camps_ws/install/py_pubsub/lib/py_pubsub
[3.108s] Installing depth script to /home/yan/camps_ws/install/py_pubsub/lib/py_pubsub
[3.108s] Installing infra1 script to /home/yan/camps_ws/install/py_pubsub/lib/py_pubsub
[3.109s] Installing infra2 script to /home/yan/camps_ws/install/py_pubsub/lib/py_pubsub
[3.110s] Installing listener script to /home/yan/camps_ws/install/py_pubsub/lib/py_pubsub
[3.110s] Installing onesensor script to /home/yan/camps_ws/install/py_pubsub/lib/py_pubsub
[3.111s] Installing point script to /home/yan/camps_ws/install/py_pubsub/lib/py_pubsub
[3.112s] Installing subscriber_mutually script to /home/yan/camps_ws/install/py_pubsub/lib/py_pubsub
[3.112s] Installing subscriber_reentrant script to /home/yan/camps_ws/install/py_pubsub/lib/py_pubsub
[3.113s] Installing talker script to /home/yan/camps_ws/install/py_pubsub/lib/py_pubsub
[3.113s] Installing timed script to /home/yan/camps_ws/install/py_pubsub/lib/py_pubsub
[3.114s] Installing timed1 script to /home/yan/camps_ws/install/py_pubsub/lib/py_pubsub
[3.114s] Installing twice script to /home/yan/camps_ws/install/py_pubsub/lib/py_pubsub
[3.115s] writing list of installed files to '/home/yan/camps_ws/build/py_pubsub/install.log'
[3.229s] Invoked command in '/home/yan/camps_ws/src/py_pubsub' returned '0': PYTHONPATH=/home/yan/camps_ws/install/py_pubsub/lib/python3.6/site-packages:${PYTHONPATH} /usr/bin/python3 setup.py egg_info --egg-base ../../build/py_pubsub build --build-base /home/yan/camps_ws/build/py_pubsub/build install --prefix /home/yan/camps_ws/install/py_pubsub --record /home/yan/camps_ws/build/py_pubsub/install.log --single-version-externally-managed
