[1.970s] Invoking command in '/home/yan/camps_ws/src/py_pubsub': PYTHONPATH=/home/yan/camps_ws/install/py_pubsub/lib/python3.6/site-packages:${PYTHONPATH} /usr/bin/python3 setup.py egg_info --egg-base ../../build/py_pubsub build --build-base /home/yan/camps_ws/build/py_pubsub/build install --prefix /home/yan/camps_ws/install/py_pubsub --record /home/yan/camps_ws/build/py_pubsub/install.log --single-version-externally-managed
[3.771s] running egg_info
[3.775s] writing ../../build/py_pubsub/py_pubsub.egg-info/PKG-INFO
[3.777s] writing dependency_links to ../../build/py_pubsub/py_pubsub.egg-info/dependency_links.txt
[3.792s] writing entry points to ../../build/py_pubsub/py_pubsub.egg-info/entry_points.txt
[3.793s] writing requirements to ../../build/py_pubsub/py_pubsub.egg-info/requires.txt
[3.794s] writing top-level names to ../../build/py_pubsub/py_pubsub.egg-info/top_level.txt
[4.098s] reading manifest file '../../build/py_pubsub/py_pubsub.egg-info/SOURCES.txt'
[4.109s] writing manifest file '../../build/py_pubsub/py_pubsub.egg-info/SOURCES.txt'
[4.116s] running build
[4.117s] running build_py
[4.120s] copying py_pubsub/csvtojpeg.py -> /home/yan/camps_ws/build/py_pubsub/build/lib/py_pubsub
[4.121s] running install
[4.122s] running install_lib
[4.129s] copying /home/yan/camps_ws/build/py_pubsub/build/lib/py_pubsub/csvtojpeg.py -> /home/yan/camps_ws/install/py_pubsub/lib/python3.6/site-packages/py_pubsub
[4.135s] byte-compiling /home/yan/camps_ws/install/py_pubsub/lib/python3.6/site-packages/py_pubsub/csvtojpeg.py to csvtojpeg.cpython-36.pyc
[4.138s] running install_data
[4.143s] running install_egg_info
[4.161s] removing '/home/yan/camps_ws/install/py_pubsub/lib/python3.6/site-packages/py_pubsub-0.0.0-py3.6.egg-info' (and everything under it)
[4.163s] Copying ../../build/py_pubsub/py_pubsub.egg-info to /home/yan/camps_ws/install/py_pubsub/lib/python3.6/site-packages/py_pubsub-0.0.0-py3.6.egg-info
[4.171s] running install_scripts
[4.311s] Installing color script to /home/yan/camps_ws/install/py_pubsub/lib/py_pubsub
[4.321s] Installing csvtojpeg script to /home/yan/camps_ws/install/py_pubsub/lib/py_pubsub
[4.322s] Installing depth script to /home/yan/camps_ws/install/py_pubsub/lib/py_pubsub
[4.324s] Installing infra1 script to /home/yan/camps_ws/install/py_pubsub/lib/py_pubsub
[4.325s] Installing infra2 script to /home/yan/camps_ws/install/py_pubsub/lib/py_pubsub
[4.326s] Installing listener script to /home/yan/camps_ws/install/py_pubsub/lib/py_pubsub
[4.327s] Installing onesensor script to /home/yan/camps_ws/install/py_pubsub/lib/py_pubsub
[4.329s] Installing point script to /home/yan/camps_ws/install/py_pubsub/lib/py_pubsub
[4.330s] Installing talker script to /home/yan/camps_ws/install/py_pubsub/lib/py_pubsub
[4.332s] Installing timed script to /home/yan/camps_ws/install/py_pubsub/lib/py_pubsub
[4.333s] Installing twice script to /home/yan/camps_ws/install/py_pubsub/lib/py_pubsub
[4.334s] writing list of installed files to '/home/yan/camps_ws/build/py_pubsub/install.log'
[4.465s] Invoked command in '/home/yan/camps_ws/src/py_pubsub' returned '0': PYTHONPATH=/home/yan/camps_ws/install/py_pubsub/lib/python3.6/site-packages:${PYTHONPATH} /usr/bin/python3 setup.py egg_info --egg-base ../../build/py_pubsub build --build-base /home/yan/camps_ws/build/py_pubsub/build install --prefix /home/yan/camps_ws/install/py_pubsub --record /home/yan/camps_ws/build/py_pubsub/install.log --single-version-externally-managed
