[1.969s] Invoking command in '/home/yan/camps_ws/src/py_pubsub': PYTHONPATH=/home/yan/camps_ws/install/py_pubsub/lib/python3.6/site-packages:${PYTHONPATH} /usr/bin/python3 setup.py egg_info --egg-base ../../build/py_pubsub build --build-base /home/yan/camps_ws/build/py_pubsub/build install --prefix /home/yan/camps_ws/install/py_pubsub --record /home/yan/camps_ws/build/py_pubsub/install.log --single-version-externally-managed
[3.643s] running egg_info
[3.645s] writing ../../build/py_pubsub/py_pubsub.egg-info/PKG-INFO
[3.647s] writing dependency_links to ../../build/py_pubsub/py_pubsub.egg-info/dependency_links.txt
[3.650s] writing entry points to ../../build/py_pubsub/py_pubsub.egg-info/entry_points.txt
[3.650s] writing requirements to ../../build/py_pubsub/py_pubsub.egg-info/requires.txt
[3.651s] writing top-level names to ../../build/py_pubsub/py_pubsub.egg-info/top_level.txt
[3.860s] reading manifest file '../../build/py_pubsub/py_pubsub.egg-info/SOURCES.txt'
[3.868s] writing manifest file '../../build/py_pubsub/py_pubsub.egg-info/SOURCES.txt'
[3.869s] running build
[3.869s] running build_py
[3.871s] copying py_pubsub/subscriber_member_function_timed.py -> /home/yan/camps_ws/build/py_pubsub/build/lib/py_pubsub
[3.875s] running install
[3.877s] running install_lib
[3.880s] copying /home/yan/camps_ws/build/py_pubsub/build/lib/py_pubsub/subscriber_member_function_timed.py -> /home/yan/camps_ws/install/py_pubsub/lib/python3.6/site-packages/py_pubsub
[3.885s] byte-compiling /home/yan/camps_ws/install/py_pubsub/lib/python3.6/site-packages/py_pubsub/subscriber_member_function_timed.py to subscriber_member_function_timed.cpython-36.pyc
[3.892s] running install_data
[3.893s] running install_egg_info
[3.902s] removing '/home/yan/camps_ws/install/py_pubsub/lib/python3.6/site-packages/py_pubsub-0.0.0-py3.6.egg-info' (and everything under it)
[3.903s] Copying ../../build/py_pubsub/py_pubsub.egg-info to /home/yan/camps_ws/install/py_pubsub/lib/python3.6/site-packages/py_pubsub-0.0.0-py3.6.egg-info
[3.908s] running install_scripts
[4.009s] Installing color script to /home/yan/camps_ws/install/py_pubsub/lib/py_pubsub
[4.011s] Installing depth script to /home/yan/camps_ws/install/py_pubsub/lib/py_pubsub
[4.014s] Installing infra1 script to /home/yan/camps_ws/install/py_pubsub/lib/py_pubsub
[4.019s] Installing infra2 script to /home/yan/camps_ws/install/py_pubsub/lib/py_pubsub
[4.020s] Installing listener script to /home/yan/camps_ws/install/py_pubsub/lib/py_pubsub
[4.021s] Installing point script to /home/yan/camps_ws/install/py_pubsub/lib/py_pubsub
[4.022s] Installing talker script to /home/yan/camps_ws/install/py_pubsub/lib/py_pubsub
[4.024s] Installing timed script to /home/yan/camps_ws/install/py_pubsub/lib/py_pubsub
[4.026s] Installing twice script to /home/yan/camps_ws/install/py_pubsub/lib/py_pubsub
[4.029s] writing list of installed files to '/home/yan/camps_ws/build/py_pubsub/install.log'
[4.154s] Invoked command in '/home/yan/camps_ws/src/py_pubsub' returned '0': PYTHONPATH=/home/yan/camps_ws/install/py_pubsub/lib/python3.6/site-packages:${PYTHONPATH} /usr/bin/python3 setup.py egg_info --egg-base ../../build/py_pubsub build --build-base /home/yan/camps_ws/build/py_pubsub/build install --prefix /home/yan/camps_ws/install/py_pubsub --record /home/yan/camps_ws/build/py_pubsub/install.log --single-version-externally-managed
