[2.025s] Invoking command in '/home/yan/camps_ws/src/py_pubsub': PYTHONPATH=/home/yan/camps_ws/install/py_pubsub/lib/python3.6/site-packages:${PYTHONPATH} /usr/bin/python3 setup.py egg_info --egg-base ../../build/py_pubsub build --build-base /home/yan/camps_ws/build/py_pubsub/build install --prefix /home/yan/camps_ws/install/py_pubsub --record /home/yan/camps_ws/build/py_pubsub/install.log --single-version-externally-managed
[3.863s] running egg_info
[3.867s] writing ../../build/py_pubsub/py_pubsub.egg-info/PKG-INFO
[3.881s] writing dependency_links to ../../build/py_pubsub/py_pubsub.egg-info/dependency_links.txt
[3.882s] writing entry points to ../../build/py_pubsub/py_pubsub.egg-info/entry_points.txt
[3.882s] writing requirements to ../../build/py_pubsub/py_pubsub.egg-info/requires.txt
[3.884s] writing top-level names to ../../build/py_pubsub/py_pubsub.egg-info/top_level.txt
[4.188s] reading manifest file '../../build/py_pubsub/py_pubsub.egg-info/SOURCES.txt'
[4.199s] writing manifest file '../../build/py_pubsub/py_pubsub.egg-info/SOURCES.txt'
[4.200s] running build
[4.201s] running build_py
[4.221s] copying py_pubsub/subscriber_member_function_timed.py -> /home/yan/camps_ws/build/py_pubsub/build/lib/py_pubsub
[4.232s] running install
[4.233s] running install_lib
[4.238s] copying /home/yan/camps_ws/build/py_pubsub/build/lib/py_pubsub/subscriber_member_function_timed.py -> /home/yan/camps_ws/install/py_pubsub/lib/python3.6/site-packages/py_pubsub
[4.243s] byte-compiling /home/yan/camps_ws/install/py_pubsub/lib/python3.6/site-packages/py_pubsub/subscriber_member_function_timed.py to subscriber_member_function_timed.cpython-36.pyc
[4.248s] running install_data
[4.251s] running install_egg_info
[4.265s] removing '/home/yan/camps_ws/install/py_pubsub/lib/python3.6/site-packages/py_pubsub-0.0.0-py3.6.egg-info' (and everything under it)
[4.266s] Copying ../../build/py_pubsub/py_pubsub.egg-info to /home/yan/camps_ws/install/py_pubsub/lib/python3.6/site-packages/py_pubsub-0.0.0-py3.6.egg-info
[4.272s] running install_scripts
[4.391s] Installing color script to /home/yan/camps_ws/install/py_pubsub/lib/py_pubsub
[4.394s] Installing depth script to /home/yan/camps_ws/install/py_pubsub/lib/py_pubsub
[4.395s] Installing infra1 script to /home/yan/camps_ws/install/py_pubsub/lib/py_pubsub
[4.397s] Installing infra2 script to /home/yan/camps_ws/install/py_pubsub/lib/py_pubsub
[4.399s] Installing listener script to /home/yan/camps_ws/install/py_pubsub/lib/py_pubsub
[4.400s] Installing point script to /home/yan/camps_ws/install/py_pubsub/lib/py_pubsub
[4.401s] Installing talker script to /home/yan/camps_ws/install/py_pubsub/lib/py_pubsub
[4.401s] Installing timed script to /home/yan/camps_ws/install/py_pubsub/lib/py_pubsub
[4.402s] Installing twice script to /home/yan/camps_ws/install/py_pubsub/lib/py_pubsub
[4.408s] writing list of installed files to '/home/yan/camps_ws/build/py_pubsub/install.log'
[4.572s] Invoked command in '/home/yan/camps_ws/src/py_pubsub' returned '0': PYTHONPATH=/home/yan/camps_ws/install/py_pubsub/lib/python3.6/site-packages:${PYTHONPATH} /usr/bin/python3 setup.py egg_info --egg-base ../../build/py_pubsub build --build-base /home/yan/camps_ws/build/py_pubsub/build install --prefix /home/yan/camps_ws/install/py_pubsub --record /home/yan/camps_ws/build/py_pubsub/install.log --single-version-externally-managed
