[1.508s] Invoking command in '/home/yan/camps_ws/src/py_pubsub': PYTHONPATH=/home/yan/camps_ws/install/py_pubsub/lib/python3.6/site-packages:${PYTHONPATH} /usr/bin/python3 setup.py egg_info --egg-base ../../build/py_pubsub build --build-base /home/yan/camps_ws/build/py_pubsub/build install --prefix /home/yan/camps_ws/install/py_pubsub --record /home/yan/camps_ws/build/py_pubsub/install.log --single-version-externally-managed
[2.859s] running egg_info
[2.862s] writing ../../build/py_pubsub/py_pubsub.egg-info/PKG-INFO
[2.864s] writing dependency_links to ../../build/py_pubsub/py_pubsub.egg-info/dependency_links.txt
[2.864s] writing entry points to ../../build/py_pubsub/py_pubsub.egg-info/entry_points.txt
[2.865s] writing requirements to ../../build/py_pubsub/py_pubsub.egg-info/requires.txt
[2.865s] writing top-level names to ../../build/py_pubsub/py_pubsub.egg-info/top_level.txt
[3.094s] reading manifest file '../../build/py_pubsub/py_pubsub.egg-info/SOURCES.txt'
[3.101s] writing manifest file '../../build/py_pubsub/py_pubsub.egg-info/SOURCES.txt'
[3.102s] running build
[3.103s] running build_py
[3.108s] running install
[3.110s] running install_lib
[3.123s] running install_data
[3.127s] running install_egg_info
[3.136s] removing '/home/yan/camps_ws/install/py_pubsub/lib/python3.6/site-packages/py_pubsub-0.0.0-py3.6.egg-info' (and everything under it)
[3.138s] Copying ../../build/py_pubsub/py_pubsub.egg-info to /home/yan/camps_ws/install/py_pubsub/lib/python3.6/site-packages/py_pubsub-0.0.0-py3.6.egg-info
[3.143s] running install_scripts
[3.249s] Installing color script to /home/yan/camps_ws/install/py_pubsub/lib/py_pubsub
[3.250s] Installing depth script to /home/yan/camps_ws/install/py_pubsub/lib/py_pubsub
[3.251s] Installing infra1 script to /home/yan/camps_ws/install/py_pubsub/lib/py_pubsub
[3.252s] Installing infra2 script to /home/yan/camps_ws/install/py_pubsub/lib/py_pubsub
[3.253s] Installing listener script to /home/yan/camps_ws/install/py_pubsub/lib/py_pubsub
[3.253s] Installing point script to /home/yan/camps_ws/install/py_pubsub/lib/py_pubsub
[3.254s] Installing talker script to /home/yan/camps_ws/install/py_pubsub/lib/py_pubsub
[3.255s] writing list of installed files to '/home/yan/camps_ws/build/py_pubsub/install.log'
[3.359s] Invoked command in '/home/yan/camps_ws/src/py_pubsub' returned '0': PYTHONPATH=/home/yan/camps_ws/install/py_pubsub/lib/python3.6/site-packages:${PYTHONPATH} /usr/bin/python3 setup.py egg_info --egg-base ../../build/py_pubsub build --build-base /home/yan/camps_ws/build/py_pubsub/build install --prefix /home/yan/camps_ws/install/py_pubsub --record /home/yan/camps_ws/build/py_pubsub/install.log --single-version-externally-managed
