[1.908s] Invoking command in '/home/yan/camps_ws/src/py_pubsub': PYTHONPATH=/home/yan/camps_ws/install/py_pubsub/lib/python3.6/site-packages:${PYTHONPATH} /usr/bin/python3 setup.py egg_info --egg-base ../../build/py_pubsub build --build-base /home/yan/camps_ws/build/py_pubsub/build install --prefix /home/yan/camps_ws/install/py_pubsub --record /home/yan/camps_ws/build/py_pubsub/install.log --single-version-externally-managed
[3.745s] running egg_info
[3.748s] writing ../../build/py_pubsub/py_pubsub.egg-info/PKG-INFO
[3.749s] writing dependency_links to ../../build/py_pubsub/py_pubsub.egg-info/dependency_links.txt
[3.754s] writing entry points to ../../build/py_pubsub/py_pubsub.egg-info/entry_points.txt
[3.754s] writing requirements to ../../build/py_pubsub/py_pubsub.egg-info/requires.txt
[3.755s] writing top-level names to ../../build/py_pubsub/py_pubsub.egg-info/top_level.txt
[3.988s] reading manifest file '../../build/py_pubsub/py_pubsub.egg-info/SOURCES.txt'
[3.993s] writing manifest file '../../build/py_pubsub/py_pubsub.egg-info/SOURCES.txt'
[3.997s] running build
[3.998s] running build_py
[4.000s] copying py_pubsub/subscriber_member_function_timed.py -> /home/yan/camps_ws/build/py_pubsub/build/lib/py_pubsub
[4.005s] running install
[4.006s] running install_lib
[4.008s] copying /home/yan/camps_ws/build/py_pubsub/build/lib/py_pubsub/subscriber_member_function_timed.py -> /home/yan/camps_ws/install/py_pubsub/lib/python3.6/site-packages/py_pubsub
[4.012s] byte-compiling /home/yan/camps_ws/install/py_pubsub/lib/python3.6/site-packages/py_pubsub/subscriber_member_function_timed.py to subscriber_member_function_timed.cpython-36.pyc
[4.016s] running install_data
[4.023s] running install_egg_info
[4.029s] removing '/home/yan/camps_ws/install/py_pubsub/lib/python3.6/site-packages/py_pubsub-0.0.0-py3.6.egg-info' (and everything under it)
[4.030s] Copying ../../build/py_pubsub/py_pubsub.egg-info to /home/yan/camps_ws/install/py_pubsub/lib/python3.6/site-packages/py_pubsub-0.0.0-py3.6.egg-info
[4.036s] running install_scripts
[4.152s] Installing color script to /home/yan/camps_ws/install/py_pubsub/lib/py_pubsub
[4.155s] Installing depth script to /home/yan/camps_ws/install/py_pubsub/lib/py_pubsub
[4.156s] Installing infra1 script to /home/yan/camps_ws/install/py_pubsub/lib/py_pubsub
[4.157s] Installing infra2 script to /home/yan/camps_ws/install/py_pubsub/lib/py_pubsub
[4.158s] Installing listener script to /home/yan/camps_ws/install/py_pubsub/lib/py_pubsub
[4.159s] Installing point script to /home/yan/camps_ws/install/py_pubsub/lib/py_pubsub
[4.160s] Installing talker script to /home/yan/camps_ws/install/py_pubsub/lib/py_pubsub
[4.161s] Installing timed script to /home/yan/camps_ws/install/py_pubsub/lib/py_pubsub
[4.161s] Installing twice script to /home/yan/camps_ws/install/py_pubsub/lib/py_pubsub
[4.162s] writing list of installed files to '/home/yan/camps_ws/build/py_pubsub/install.log'
[4.290s] Invoked command in '/home/yan/camps_ws/src/py_pubsub' returned '0': PYTHONPATH=/home/yan/camps_ws/install/py_pubsub/lib/python3.6/site-packages:${PYTHONPATH} /usr/bin/python3 setup.py egg_info --egg-base ../../build/py_pubsub build --build-base /home/yan/camps_ws/build/py_pubsub/build install --prefix /home/yan/camps_ws/install/py_pubsub --record /home/yan/camps_ws/build/py_pubsub/install.log --single-version-externally-managed
