[4.362s] Invoking command in '/home/yan/camps_ws/src/py_pubsub': PYTHONPATH=/home/yan/camps_ws/install/py_pubsub/lib/python3.6/site-packages:${PYTHONPATH} /usr/bin/python3 setup.py egg_info --egg-base ../../build/py_pubsub build --build-base /home/yan/camps_ws/build/py_pubsub/build install --prefix /home/yan/camps_ws/install/py_pubsub --record /home/yan/camps_ws/build/py_pubsub/install.log --single-version-externally-managed
[8.728s] running egg_info
[8.734s] writing ../../build/py_pubsub/py_pubsub.egg-info/PKG-INFO
[8.736s] writing dependency_links to ../../build/py_pubsub/py_pubsub.egg-info/dependency_links.txt
[8.749s] writing entry points to ../../build/py_pubsub/py_pubsub.egg-info/entry_points.txt
[8.749s] writing requirements to ../../build/py_pubsub/py_pubsub.egg-info/requires.txt
[8.750s] writing top-level names to ../../build/py_pubsub/py_pubsub.egg-info/top_level.txt
[9.256s] reading manifest file '../../build/py_pubsub/py_pubsub.egg-info/SOURCES.txt'
[9.288s] writing manifest file '../../build/py_pubsub/py_pubsub.egg-info/SOURCES.txt'
[9.289s] running build
[9.289s] running build_py
[9.290s] copying py_pubsub/subscriber_member_function_timed.py -> /home/yan/camps_ws/build/py_pubsub/build/lib/py_pubsub
[9.295s] running install
[9.310s] running install_lib
[9.315s] copying /home/yan/camps_ws/build/py_pubsub/build/lib/py_pubsub/subscriber_member_function_timed.py -> /home/yan/camps_ws/install/py_pubsub/lib/python3.6/site-packages/py_pubsub
[9.334s] byte-compiling /home/yan/camps_ws/install/py_pubsub/lib/python3.6/site-packages/py_pubsub/subscriber_member_function_timed.py to subscriber_member_function_timed.cpython-36.pyc
[9.340s] running install_data
[9.345s] running install_egg_info
[9.365s] removing '/home/yan/camps_ws/install/py_pubsub/lib/python3.6/site-packages/py_pubsub-0.0.0-py3.6.egg-info' (and everything under it)
[9.372s] Copying ../../build/py_pubsub/py_pubsub.egg-info to /home/yan/camps_ws/install/py_pubsub/lib/python3.6/site-packages/py_pubsub-0.0.0-py3.6.egg-info
[9.389s] running install_scripts
[9.773s] Installing color script to /home/yan/camps_ws/install/py_pubsub/lib/py_pubsub
[9.775s] Installing depth script to /home/yan/camps_ws/install/py_pubsub/lib/py_pubsub
[9.777s] Installing infra1 script to /home/yan/camps_ws/install/py_pubsub/lib/py_pubsub
[9.779s] Installing infra2 script to /home/yan/camps_ws/install/py_pubsub/lib/py_pubsub
[9.781s] Installing listener script to /home/yan/camps_ws/install/py_pubsub/lib/py_pubsub
[9.783s] Installing onesensor script to /home/yan/camps_ws/install/py_pubsub/lib/py_pubsub
[9.785s] Installing point script to /home/yan/camps_ws/install/py_pubsub/lib/py_pubsub
[9.787s] Installing talker script to /home/yan/camps_ws/install/py_pubsub/lib/py_pubsub
[9.789s] Installing timed script to /home/yan/camps_ws/install/py_pubsub/lib/py_pubsub
[9.791s] Installing twice script to /home/yan/camps_ws/install/py_pubsub/lib/py_pubsub
[9.796s] writing list of installed files to '/home/yan/camps_ws/build/py_pubsub/install.log'
[10.053s] Invoked command in '/home/yan/camps_ws/src/py_pubsub' returned '0': PYTHONPATH=/home/yan/camps_ws/install/py_pubsub/lib/python3.6/site-packages:${PYTHONPATH} /usr/bin/python3 setup.py egg_info --egg-base ../../build/py_pubsub build --build-base /home/yan/camps_ws/build/py_pubsub/build install --prefix /home/yan/camps_ws/install/py_pubsub --record /home/yan/camps_ws/build/py_pubsub/install.log --single-version-externally-managed
