[0.201s] Invoking command in '/home/yan/camps_ws/build/realsense_camera_msgs': CMAKE_PREFIX_PATH=${CMAKE_PREFIX_PATH}:/home/yan/camps_ws/install/py_pubsub:/opt/ros/dashing /usr/bin/cmake --build /home/yan/camps_ws/build/realsense_camera_msgs -- -j4 -l4
[0.510s] [  2%] Built target realsense_camera_msgs__cpp
[0.528s] [ 13%] Built target realsense_camera_msgs__rosidl_generator_c
[0.662s] [ 24%] Built target realsense_camera_msgs__rosidl_typesupport_introspection_cpp
[0.707s] [ 35%] Built target realsense_camera_msgs__rosidl_typesupport_fastrtps_cpp
[0.716s] [ 45%] Built target realsense_camera_msgs__rosidl_typesupport_introspection_c
[0.870s] [ 67%] Built target realsense_camera_msgs__rosidl_typesupport_cpp
[0.871s] [ 67%] Built target realsense_camera_msgs__rosidl_typesupport_fastrtps_c
[1.006s] [ 78%] Built target realsense_camera_msgs__rosidl_typesupport_c
[1.098s] [ 78%] Built target realsense_camera_msgs
[1.194s] [ 81%] Built target realsense_camera_msgs__py
[1.331s] [ 89%] Built target realsense_camera_msgs__python
[1.474s] [ 94%] Built target realsense_camera_msgs__rosidl_typesupport_c__pyext
[1.475s] [100%] Built target realsense_camera_msgs__rosidl_typesupport_fastrtps_c__pyext
[2.081s] Invoked command in '/home/yan/camps_ws/build/realsense_camera_msgs' returned '0': CMAKE_PREFIX_PATH=${CMAKE_PREFIX_PATH}:/home/yan/camps_ws/install/py_pubsub:/opt/ros/dashing /usr/bin/cmake --build /home/yan/camps_ws/build/realsense_camera_msgs -- -j4 -l4
[2.505s] Invoking command in '/home/yan/camps_ws/build/realsense_camera_msgs': CMAKE_PREFIX_PATH=${CMAKE_PREFIX_PATH}:/home/yan/camps_ws/install/py_pubsub:/opt/ros/dashing /usr/bin/cmake --build /home/yan/camps_ws/build/realsense_camera_msgs --target install -- -j4 -l4
[2.750s] [  2%] Built target realsense_camera_msgs__cpp
[2.769s] [ 13%] Built target realsense_camera_msgs__rosidl_generator_c
[2.898s] [ 24%] Built target realsense_camera_msgs__rosidl_typesupport_introspection_c
[2.947s] [ 35%] Built target realsense_camera_msgs__rosidl_typesupport_fastrtps_cpp
[2.949s] [ 45%] Built target realsense_camera_msgs__rosidl_typesupport_introspection_cpp
[3.092s] [ 56%] Built target realsense_camera_msgs__rosidl_typesupport_fastrtps_c
[3.095s] [ 67%] Built target realsense_camera_msgs__rosidl_typesupport_cpp
[3.227s] [ 78%] Built target realsense_camera_msgs__rosidl_typesupport_c
[3.319s] [ 78%] Built target realsense_camera_msgs
[3.415s] [ 81%] Built target realsense_camera_msgs__py
[3.550s] [ 89%] Built target realsense_camera_msgs__python
[3.689s] [ 97%] Built target realsense_camera_msgs__rosidl_typesupport_c__pyext
[3.691s] [100%] Built target realsense_camera_msgs__rosidl_typesupport_fastrtps_c__pyext
[3.789s] [36mInstall the project...[0m
[3.828s] -- Install configuration: ""
[3.829s] -- Up-to-date: /home/yan/camps_ws/install/realsense_camera_msgs/share/ament_index/resource_index/rosidl_interfaces/realsense_camera_msgs
[3.830s] -- Up-to-date: /home/yan/camps_ws/install/realsense_camera_msgs/lib/librealsense_camera_msgs__rosidl_typesupport_c.so
[3.833s] -- Up-to-date: /home/yan/camps_ws/install/realsense_camera_msgs/share/realsense_camera_msgs/environment/library_path.sh
[3.833s] -- Up-to-date: /home/yan/camps_ws/install/realsense_camera_msgs/lib/librealsense_camera_msgs__rosidl_typesupport_cpp.so
[3.834s] -- Up-to-date: /home/yan/camps_ws/install/realsense_camera_msgs/include/realsense_camera_msgs
[3.835s] -- Up-to-date: /home/yan/camps_ws/install/realsense_camera_msgs/include/realsense_camera_msgs/msg
[3.836s] -- Up-to-date: /home/yan/camps_ws/install/realsense_camera_msgs/include/realsense_camera_msgs/msg/rosidl_typesupport_fastrtps_c__visibility_control.h
[3.837s] -- Up-to-date: /home/yan/camps_ws/install/realsense_camera_msgs/include/realsense_camera_msgs/msg/imu_info__rosidl_typesupport_fastrtps_c.h
[3.838s] -- Up-to-date: /home/yan/camps_ws/install/realsense_camera_msgs/include/realsense_camera_msgs/msg/extrinsics__rosidl_typesupport_fastrtps_c.h
[3.841s] -- Up-to-date: /home/yan/camps_ws/install/realsense_camera_msgs/lib/librealsense_camera_msgs__rosidl_typesupport_fastrtps_c.so
[3.846s] -- Up-to-date: /home/yan/camps_ws/install/realsense_camera_msgs/include/realsense_camera_msgs
[3.847s] -- Up-to-date: /home/yan/camps_ws/install/realsense_camera_msgs/include/realsense_camera_msgs/msg
[3.849s] -- Up-to-date: /home/yan/camps_ws/install/realsense_camera_msgs/include/realsense_camera_msgs/msg/extrinsics__functions.c
[3.849s] -- Up-to-date: /home/yan/camps_ws/install/realsense_camera_msgs/include/realsense_camera_msgs/msg/imu_info__struct.h
[3.850s] -- Up-to-date: /home/yan/camps_ws/install/realsense_camera_msgs/include/realsense_camera_msgs/msg/imu_info__functions.c
[3.851s] -- Up-to-date: /home/yan/camps_ws/install/realsense_camera_msgs/include/realsense_camera_msgs/msg/extrinsics.h
[3.851s] -- Up-to-date: /home/yan/camps_ws/install/realsense_camera_msgs/include/realsense_camera_msgs/msg/imu_info__functions.h
[3.852s] -- Up-to-date: /home/yan/camps_ws/install/realsense_camera_msgs/include/realsense_camera_msgs/msg/extrinsics__functions.h
[3.852s] -- Up-to-date: /home/yan/camps_ws/install/realsense_camera_msgs/include/realsense_camera_msgs/msg/imu_info__type_support.h
[3.853s] -- Up-to-date: /home/yan/camps_ws/install/realsense_camera_msgs/include/realsense_camera_msgs/msg/rosidl_generator_c__visibility_control.h
[3.853s] -- Up-to-date: /home/yan/camps_ws/install/realsense_camera_msgs/include/realsense_camera_msgs/msg/extrinsics__struct.h
[3.854s] -- Up-to-date: /home/yan/camps_ws/install/realsense_camera_msgs/include/realsense_camera_msgs/msg/imu_info.h
[3.854s] -- Up-to-date: /home/yan/camps_ws/install/realsense_camera_msgs/include/realsense_camera_msgs/msg/extrinsics__type_support.h
[3.855s] -- Up-to-date: /home/yan/camps_ws/install/realsense_camera_msgs/lib/librealsense_camera_msgs__rosidl_generator_c.so
[3.855s] -- Up-to-date: /home/yan/camps_ws/install/realsense_camera_msgs/include/realsense_camera_msgs
[3.856s] -- Up-to-date: /home/yan/camps_ws/install/realsense_camera_msgs/include/realsense_camera_msgs/msg
[3.856s] -- Up-to-date: /home/yan/camps_ws/install/realsense_camera_msgs/include/realsense_camera_msgs/msg/rosidl_typesupport_fastrtps_cpp__visibility_control.h
[3.857s] -- Up-to-date: /home/yan/camps_ws/install/realsense_camera_msgs/include/realsense_camera_msgs/msg/imu_info__rosidl_typesupport_fastrtps_cpp.hpp
[3.858s] -- Up-to-date: /home/yan/camps_ws/install/realsense_camera_msgs/include/realsense_camera_msgs/msg/dds_fastrtps
[3.859s] -- Up-to-date: /home/yan/camps_ws/install/realsense_camera_msgs/include/realsense_camera_msgs/msg/extrinsics__rosidl_typesupport_fastrtps_cpp.hpp
[3.860s] -- Up-to-date: /home/yan/camps_ws/install/realsense_camera_msgs/lib/librealsense_camera_msgs__rosidl_typesupport_fastrtps_cpp.so
[3.864s] -- Up-to-date: /home/yan/camps_ws/install/realsense_camera_msgs/include/realsense_camera_msgs
[3.865s] -- Up-to-date: /home/yan/camps_ws/install/realsense_camera_msgs/include/realsense_camera_msgs/msg
[3.865s] -- Up-to-date: /home/yan/camps_ws/install/realsense_camera_msgs/include/realsense_camera_msgs/msg/imu_info.hpp
[3.866s] -- Up-to-date: /home/yan/camps_ws/install/realsense_camera_msgs/include/realsense_camera_msgs/msg/extrinsics__traits.hpp
[3.866s] -- Up-to-date: /home/yan/camps_ws/install/realsense_camera_msgs/include/realsense_camera_msgs/msg/imu_info__struct.hpp
[3.867s] -- Up-to-date: /home/yan/camps_ws/install/realsense_camera_msgs/include/realsense_camera_msgs/msg/imu_info__traits.hpp
[3.867s] -- Up-to-date: /home/yan/camps_ws/install/realsense_camera_msgs/include/realsense_camera_msgs/msg/extrinsics.hpp
[3.868s] -- Up-to-date: /home/yan/camps_ws/install/realsense_camera_msgs/include/realsense_camera_msgs/msg/extrinsics__struct.hpp
[3.868s] -- Up-to-date: /home/yan/camps_ws/install/realsense_camera_msgs/include/realsense_camera_msgs
[3.869s] -- Up-to-date: /home/yan/camps_ws/install/realsense_camera_msgs/include/realsense_camera_msgs/msg
[3.870s] -- Up-to-date: /home/yan/camps_ws/install/realsense_camera_msgs/include/realsense_camera_msgs/msg/imu_info__rosidl_typesupport_introspection_c.h
[3.870s] -- Up-to-date: /home/yan/camps_ws/install/realsense_camera_msgs/include/realsense_camera_msgs/msg/extrinsics__rosidl_typesupport_introspection_c.h
[3.871s] -- Up-to-date: /home/yan/camps_ws/install/realsense_camera_msgs/include/realsense_camera_msgs/msg/imu_info__type_support.c
[3.872s] -- Up-to-date: /home/yan/camps_ws/install/realsense_camera_msgs/include/realsense_camera_msgs/msg/extrinsics__type_support.c
[3.872s] -- Up-to-date: /home/yan/camps_ws/install/realsense_camera_msgs/include/realsense_camera_msgs/msg/rosidl_typesupport_introspection_c__visibility_control.h
[3.874s] -- Up-to-date: /home/yan/camps_ws/install/realsense_camera_msgs/lib/librealsense_camera_msgs__rosidl_typesupport_introspection_c.so
[3.874s] -- Up-to-date: /home/yan/camps_ws/install/realsense_camera_msgs/include/realsense_camera_msgs
[3.875s] -- Up-to-date: /home/yan/camps_ws/install/realsense_camera_msgs/include/realsense_camera_msgs/msg
[3.875s] -- Up-to-date: /home/yan/camps_ws/install/realsense_camera_msgs/include/realsense_camera_msgs/msg/imu_info__rosidl_typesupport_introspection_cpp.hpp
[3.876s] -- Up-to-date: /home/yan/camps_ws/install/realsense_camera_msgs/include/realsense_camera_msgs/msg/extrinsics__rosidl_typesupport_introspection_cpp.hpp
[3.877s] -- Up-to-date: /home/yan/camps_ws/install/realsense_camera_msgs/include/realsense_camera_msgs/msg/imu_info__type_support.cpp
[3.877s] -- Up-to-date: /home/yan/camps_ws/install/realsense_camera_msgs/include/realsense_camera_msgs/msg/extrinsics__type_support.cpp
[3.878s] -- Up-to-date: /home/yan/camps_ws/install/realsense_camera_msgs/lib/librealsense_camera_msgs__rosidl_typesupport_introspection_cpp.so
[3.878s] -- Up-to-date: /home/yan/camps_ws/install/realsense_camera_msgs/share/realsense_camera_msgs/environment/pythonpath.sh
[3.879s] -- Up-to-date: /home/yan/camps_ws/install/realsense_camera_msgs/lib/python3.6/site-packages/realsense_camera_msgs/__init__.py
[4.055s] -- Up-to-date: /home/yan/camps_ws/install/realsense_camera_msgs/lib/python3.6/site-packages/realsense_camera_msgs/msg
[4.056s] -- Up-to-date: /home/yan/camps_ws/install/realsense_camera_msgs/lib/python3.6/site-packages/realsense_camera_msgs/msg/_imu_info_s.c
[4.057s] -- Up-to-date: /home/yan/camps_ws/install/realsense_camera_msgs/lib/python3.6/site-packages/realsense_camera_msgs/msg/_extrinsics.py
[4.057s] -- Up-to-date: /home/yan/camps_ws/install/realsense_camera_msgs/lib/python3.6/site-packages/realsense_camera_msgs/msg/__init__.py
[4.059s] -- Up-to-date: /home/yan/camps_ws/install/realsense_camera_msgs/lib/python3.6/site-packages/realsense_camera_msgs/msg/_extrinsics_s.c
[4.060s] -- Up-to-date: /home/yan/camps_ws/install/realsense_camera_msgs/lib/python3.6/site-packages/realsense_camera_msgs/msg/_imu_info.py
[4.060s] -- Up-to-date: /home/yan/camps_ws/install/realsense_camera_msgs/lib/python3.6/site-packages/realsense_camera_msgs/realsense_camera_msgs_s__rosidl_typesupport_c.cpython-36m-aarch64-linux-gnu.so
[4.064s] -- Up-to-date: /home/yan/camps_ws/install/realsense_camera_msgs/lib/python3.6/site-packages/realsense_camera_msgs/realsense_camera_msgs_s__rosidl_typesupport_fastrtps_c.cpython-36m-aarch64-linux-gnu.so
[4.074s] -- Up-to-date: /home/yan/camps_ws/install/realsense_camera_msgs/lib/librealsense_camera_msgs__python.so
[4.075s] -- Up-to-date: /home/yan/camps_ws/install/realsense_camera_msgs/share/realsense_camera_msgs/msg/IMUInfo.idl
[4.076s] -- Up-to-date: /home/yan/camps_ws/install/realsense_camera_msgs/share/realsense_camera_msgs/msg/Extrinsics.idl
[4.077s] -- Up-to-date: /home/yan/camps_ws/install/realsense_camera_msgs/share/realsense_camera_msgs/msg/IMUInfo.msg
[4.077s] -- Up-to-date: /home/yan/camps_ws/install/realsense_camera_msgs/share/realsense_camera_msgs/msg/Extrinsics.msg
[4.078s] -- Up-to-date: /home/yan/camps_ws/install/realsense_camera_msgs/share/ament_index/resource_index/package_run_dependencies/realsense_camera_msgs
[4.079s] -- Up-to-date: /home/yan/camps_ws/install/realsense_camera_msgs/share/ament_index/resource_index/parent_prefix_path/realsense_camera_msgs
[4.080s] -- Up-to-date: /home/yan/camps_ws/install/realsense_camera_msgs/share/realsense_camera_msgs/environment/ament_prefix_path.sh
[4.080s] -- Up-to-date: /home/yan/camps_ws/install/realsense_camera_msgs/share/realsense_camera_msgs/environment/path.sh
[4.081s] -- Up-to-date: /home/yan/camps_ws/install/realsense_camera_msgs/share/realsense_camera_msgs/local_setup.bash
[4.082s] -- Up-to-date: /home/yan/camps_ws/install/realsense_camera_msgs/share/realsense_camera_msgs/local_setup.sh
[4.083s] -- Up-to-date: /home/yan/camps_ws/install/realsense_camera_msgs/share/realsense_camera_msgs/local_setup.zsh
[4.106s] -- Up-to-date: /home/yan/camps_ws/install/realsense_camera_msgs/share/ament_index/resource_index/packages/realsense_camera_msgs
[4.107s] -- Up-to-date: /home/yan/camps_ws/install/realsense_camera_msgs/share/realsense_camera_msgs/cmake/rosidl_cmake-extras.cmake
[4.110s] -- Up-to-date: /home/yan/camps_ws/install/realsense_camera_msgs/share/realsense_camera_msgs/cmake/ament_cmake_export_dependencies-extras.cmake
[4.115s] -- Up-to-date: /home/yan/camps_ws/install/realsense_camera_msgs/share/realsense_camera_msgs/cmake/ament_cmake_export_libraries-extras.cmake
[4.117s] -- Up-to-date: /home/yan/camps_ws/install/realsense_camera_msgs/share/realsense_camera_msgs/cmake/ament_cmake_export_include_directories-extras.cmake
[4.118s] -- Up-to-date: /home/yan/camps_ws/install/realsense_camera_msgs/share/realsense_camera_msgs/cmake/realsense_camera_msgsConfig.cmake
[4.119s] -- Up-to-date: /home/yan/camps_ws/install/realsense_camera_msgs/share/realsense_camera_msgs/cmake/realsense_camera_msgsConfig-version.cmake
[4.120s] -- Up-to-date: /home/yan/camps_ws/install/realsense_camera_msgs/share/realsense_camera_msgs/package.xml
[4.122s] Invoked command in '/home/yan/camps_ws/build/realsense_camera_msgs' returned '0': CMAKE_PREFIX_PATH=${CMAKE_PREFIX_PATH}:/home/yan/camps_ws/install/py_pubsub:/opt/ros/dashing /usr/bin/cmake --build /home/yan/camps_ws/build/realsense_camera_msgs --target install -- -j4 -l4
