[2.504s] Invoking command in '/home/yan/camps_ws/src/py_pubsub': PYTHONPATH=/home/yan/camps_ws/install/py_pubsub/lib/python3.6/site-packages:${PYTHONPATH} /usr/bin/python3 setup.py egg_info --egg-base ../../build/py_pubsub build --build-base /home/yan/camps_ws/build/py_pubsub/build install --prefix /home/yan/camps_ws/install/py_pubsub --record /home/yan/camps_ws/build/py_pubsub/install.log --single-version-externally-managed
[4.572s] running egg_info
[4.577s] writing ../../build/py_pubsub/py_pubsub.egg-info/PKG-INFO
[4.580s] writing dependency_links to ../../build/py_pubsub/py_pubsub.egg-info/dependency_links.txt
[4.584s] writing entry points to ../../build/py_pubsub/py_pubsub.egg-info/entry_points.txt
[4.587s] writing requirements to ../../build/py_pubsub/py_pubsub.egg-info/requires.txt
[4.589s] writing top-level names to ../../build/py_pubsub/py_pubsub.egg-info/top_level.txt
[4.864s] reading manifest file '../../build/py_pubsub/py_pubsub.egg-info/SOURCES.txt'
[4.872s] writing manifest file '../../build/py_pubsub/py_pubsub.egg-info/SOURCES.txt'
[4.873s] running build
[4.874s] running build_py
[4.875s] copying py_pubsub/subscriber_member_function.py -> /home/yan/camps_ws/build/py_pubsub/build/lib/py_pubsub
[4.876s] running install
[4.879s] running install_lib
[4.901s] copying /home/yan/camps_ws/build/py_pubsub/build/lib/py_pubsub/subscriber_member_function.py -> /home/yan/camps_ws/install/py_pubsub/lib/python3.6/site-packages/py_pubsub
[4.908s] byte-compiling /home/yan/camps_ws/install/py_pubsub/lib/python3.6/site-packages/py_pubsub/subscriber_member_function.py to subscriber_member_function.cpython-36.pyc
[4.913s] running install_data
[4.922s] running install_egg_info
[4.936s] removing '/home/yan/camps_ws/install/py_pubsub/lib/python3.6/site-packages/py_pubsub-0.0.0-py3.6.egg-info' (and everything under it)
[4.939s] Copying ../../build/py_pubsub/py_pubsub.egg-info to /home/yan/camps_ws/install/py_pubsub/lib/python3.6/site-packages/py_pubsub-0.0.0-py3.6.egg-info
[4.949s] running install_scripts
[5.104s] Installing listener script to /home/yan/camps_ws/install/py_pubsub/lib/py_pubsub
[5.105s] Installing talker script to /home/yan/camps_ws/install/py_pubsub/lib/py_pubsub
[5.108s] writing list of installed files to '/home/yan/camps_ws/build/py_pubsub/install.log'
[5.237s] Invoked command in '/home/yan/camps_ws/src/py_pubsub' returned '0': PYTHONPATH=/home/yan/camps_ws/install/py_pubsub/lib/python3.6/site-packages:${PYTHONPATH} /usr/bin/python3 setup.py egg_info --egg-base ../../build/py_pubsub build --build-base /home/yan/camps_ws/build/py_pubsub/build install --prefix /home/yan/camps_ws/install/py_pubsub --record /home/yan/camps_ws/build/py_pubsub/install.log --single-version-externally-managed
