[1.792s] Invoking command in '/home/yan/camps_ws/src/py_pubsub': PYTHONPATH=/home/yan/camps_ws/install/py_pubsub/lib/python3.6/site-packages:${PYTHONPATH} /usr/bin/python3 setup.py egg_info --egg-base ../../build/py_pubsub build --build-base /home/yan/camps_ws/build/py_pubsub/build install --prefix /home/yan/camps_ws/install/py_pubsub --record /home/yan/camps_ws/build/py_pubsub/install.log --single-version-externally-managed
[3.196s] running egg_info
[3.199s] writing ../../build/py_pubsub/py_pubsub.egg-info/PKG-INFO
[3.203s] writing dependency_links to ../../build/py_pubsub/py_pubsub.egg-info/dependency_links.txt
[3.210s] writing entry points to ../../build/py_pubsub/py_pubsub.egg-info/entry_points.txt
[3.211s] writing requirements to ../../build/py_pubsub/py_pubsub.egg-info/requires.txt
[3.212s] writing top-level names to ../../build/py_pubsub/py_pubsub.egg-info/top_level.txt
[3.443s] reading manifest file '../../build/py_pubsub/py_pubsub.egg-info/SOURCES.txt'
[3.452s] writing manifest file '../../build/py_pubsub/py_pubsub.egg-info/SOURCES.txt'
[3.453s] running build
[3.455s] running build_py
[3.456s] copying py_pubsub/subscriber_member_function_timed1.py -> /home/yan/camps_ws/build/py_pubsub/build/lib/py_pubsub
[3.457s] running install
[3.459s] running install_lib
[3.470s] copying /home/yan/camps_ws/build/py_pubsub/build/lib/py_pubsub/subscriber_member_function_timed1.py -> /home/yan/camps_ws/install/py_pubsub/lib/python3.6/site-packages/py_pubsub
[3.479s] byte-compiling /home/yan/camps_ws/install/py_pubsub/lib/python3.6/site-packages/py_pubsub/subscriber_member_function_timed1.py to subscriber_member_function_timed1.cpython-36.pyc
[3.483s] running install_data
[3.489s] running install_egg_info
[3.506s] removing '/home/yan/camps_ws/install/py_pubsub/lib/python3.6/site-packages/py_pubsub-0.0.0-py3.6.egg-info' (and everything under it)
[3.507s] Copying ../../build/py_pubsub/py_pubsub.egg-info to /home/yan/camps_ws/install/py_pubsub/lib/python3.6/site-packages/py_pubsub-0.0.0-py3.6.egg-info
[3.512s] running install_scripts
[3.630s] Installing color script to /home/yan/camps_ws/install/py_pubsub/lib/py_pubsub
[3.631s] Installing csvtojpeg script to /home/yan/camps_ws/install/py_pubsub/lib/py_pubsub
[3.631s] Installing depth script to /home/yan/camps_ws/install/py_pubsub/lib/py_pubsub
[3.632s] Installing infra1 script to /home/yan/camps_ws/install/py_pubsub/lib/py_pubsub
[3.633s] Installing infra2 script to /home/yan/camps_ws/install/py_pubsub/lib/py_pubsub
[3.634s] Installing listener script to /home/yan/camps_ws/install/py_pubsub/lib/py_pubsub
[3.634s] Installing onesensor script to /home/yan/camps_ws/install/py_pubsub/lib/py_pubsub
[3.635s] Installing point script to /home/yan/camps_ws/install/py_pubsub/lib/py_pubsub
[3.636s] Installing subscriber_mutually script to /home/yan/camps_ws/install/py_pubsub/lib/py_pubsub
[3.637s] Installing subscriber_reentrant script to /home/yan/camps_ws/install/py_pubsub/lib/py_pubsub
[3.638s] Installing talker script to /home/yan/camps_ws/install/py_pubsub/lib/py_pubsub
[3.639s] Installing timed script to /home/yan/camps_ws/install/py_pubsub/lib/py_pubsub
[3.639s] Installing timed1 script to /home/yan/camps_ws/install/py_pubsub/lib/py_pubsub
[3.640s] Installing twice script to /home/yan/camps_ws/install/py_pubsub/lib/py_pubsub
[3.641s] writing list of installed files to '/home/yan/camps_ws/build/py_pubsub/install.log'
[3.752s] Invoked command in '/home/yan/camps_ws/src/py_pubsub' returned '0': PYTHONPATH=/home/yan/camps_ws/install/py_pubsub/lib/python3.6/site-packages:${PYTHONPATH} /usr/bin/python3 setup.py egg_info --egg-base ../../build/py_pubsub build --build-base /home/yan/camps_ws/build/py_pubsub/build install --prefix /home/yan/camps_ws/install/py_pubsub --record /home/yan/camps_ws/build/py_pubsub/install.log --single-version-externally-managed
