[1.215s] DEBUG:colcon:Command line arguments: ['/usr/bin/colcon', 'build']
[1.216s] DEBUG:colcon:Parsed command line arguments: Namespace(ament_cmake_args=None, base_paths=['.'], build_base='build', catkin_cmake_args=None, catkin_skip_building_tests=False, cmake_args=None, cmake_clean_cache=False, cmake_clean_first=False, cmake_force_configure=False, cmake_target=None, cmake_target_skip_unavailable=False, continue_on_error=False, event_handlers=None, executor='parallel', ignore_user_meta=False, install_base='install', log_base=None, log_level=None, main=<bound method BuildVerb.main of <colcon_core.verb.build.BuildVerb object at 0x7f8f410390>>, merge_install=False, metas=['./colcon.meta'], packages_above=None, packages_above_and_dependencies=None, packages_above_depth=None, packages_end=None, packages_ignore=None, packages_ignore_regex=None, packages_select=None, packages_select_build_failed=False, packages_select_by_dep=None, packages_select_regex=None, packages_select_test_failures=False, packages_skip=None, packages_skip_build_finished=False, packages_skip_by_dep=None, packages_skip_regex=None, packages_skip_test_passed=False, packages_skip_up_to=None, packages_start=None, packages_up_to=None, packages_up_to_regex=None, parallel_workers=4, paths=None, symlink_install=False, test_result_base=None, verb_extension=<colcon_core.verb.build.BuildVerb object at 0x7f8f410390>, verb_name='build', verb_parser=<colcon_defaults.argument_parser.defaults.DefaultArgumentsDecorator object at 0x7f8f4106d8>)
[1.252s] Level 1:colcon.colcon_core.package_discovery:discover_packages(colcon_meta) check parameters
[1.253s] Level 1:colcon.colcon_core.package_discovery:discover_packages(recursive) check parameters
[1.253s] Level 1:colcon.colcon_core.package_discovery:discover_packages(ignore) check parameters
[1.253s] Level 1:colcon.colcon_core.package_discovery:discover_packages(path) check parameters
[1.254s] Level 1:colcon.colcon_core.package_discovery:discover_packages(colcon_meta) discover
[1.255s] Level 1:colcon.colcon_core.package_discovery:discover_packages(recursive) discover
[1.255s] INFO:colcon.colcon_core.package_discovery:Crawling recursively for packages in '/home/yan/camps_ws'
[1.256s] Level 1:colcon.colcon_core.package_identification:_identify(.) by extensions ['ignore', 'ignore_ament_install']
[1.257s] Level 1:colcon.colcon_core.package_identification:_identify(.) by extension 'ignore'
[1.257s] Level 1:colcon.colcon_core.package_identification:_identify(.) by extension 'ignore_ament_install'
[1.258s] Level 1:colcon.colcon_core.package_identification:_identify(.) by extensions ['colcon_pkg']
[1.258s] Level 1:colcon.colcon_core.package_identification:_identify(.) by extension 'colcon_pkg'
[1.259s] Level 1:colcon.colcon_core.package_identification:_identify(.) by extensions ['colcon_meta']
[1.259s] Level 1:colcon.colcon_core.package_identification:_identify(.) by extension 'colcon_meta'
[1.259s] Level 1:colcon.colcon_core.package_identification:_identify(.) by extensions ['ros']
[1.259s] Level 1:colcon.colcon_core.package_identification:_identify(.) by extension 'ros'
[1.331s] Level 1:colcon.colcon_core.package_identification:_identify(.) by extensions ['cmake', 'python']
[1.332s] Level 1:colcon.colcon_core.package_identification:_identify(.) by extension 'cmake'
[1.332s] Level 1:colcon.colcon_core.package_identification:_identify(.) by extension 'python'
[1.332s] Level 1:colcon.colcon_core.package_identification:_identify(.) by extensions ['python_setup_py']
[1.332s] Level 1:colcon.colcon_core.package_identification:_identify(.) by extension 'python_setup_py'
[1.333s] Level 1:colcon.colcon_core.package_identification:_identify(build) by extensions ['ignore', 'ignore_ament_install']
[1.333s] Level 1:colcon.colcon_core.package_identification:_identify(build) by extension 'ignore'
[1.334s] Level 1:colcon.colcon_core.package_identification:_identify(build) ignored
[1.336s] Level 1:colcon.colcon_core.package_identification:_identify(example_imgs) by extensions ['ignore', 'ignore_ament_install']
[1.337s] Level 1:colcon.colcon_core.package_identification:_identify(example_imgs) by extension 'ignore'
[1.338s] Level 1:colcon.colcon_core.package_identification:_identify(example_imgs) by extension 'ignore_ament_install'
[1.338s] Level 1:colcon.colcon_core.package_identification:_identify(example_imgs) by extensions ['colcon_pkg']
[1.338s] Level 1:colcon.colcon_core.package_identification:_identify(example_imgs) by extension 'colcon_pkg'
[1.339s] Level 1:colcon.colcon_core.package_identification:_identify(example_imgs) by extensions ['colcon_meta']
[1.339s] Level 1:colcon.colcon_core.package_identification:_identify(example_imgs) by extension 'colcon_meta'
[1.339s] Level 1:colcon.colcon_core.package_identification:_identify(example_imgs) by extensions ['ros']
[1.339s] Level 1:colcon.colcon_core.package_identification:_identify(example_imgs) by extension 'ros'
[1.340s] Level 1:colcon.colcon_core.package_identification:_identify(example_imgs) by extensions ['cmake', 'python']
[1.340s] Level 1:colcon.colcon_core.package_identification:_identify(example_imgs) by extension 'cmake'
[1.340s] Level 1:colcon.colcon_core.package_identification:_identify(example_imgs) by extension 'python'
[1.341s] Level 1:colcon.colcon_core.package_identification:_identify(example_imgs) by extensions ['python_setup_py']
[1.341s] Level 1:colcon.colcon_core.package_identification:_identify(example_imgs) by extension 'python_setup_py'
[1.342s] Level 1:colcon.colcon_core.package_identification:_identify(install) by extensions ['ignore', 'ignore_ament_install']
[1.342s] Level 1:colcon.colcon_core.package_identification:_identify(install) by extension 'ignore'
[1.343s] Level 1:colcon.colcon_core.package_identification:_identify(install) ignored
[1.344s] Level 1:colcon.colcon_core.package_identification:_identify(log) by extensions ['ignore', 'ignore_ament_install']
[1.344s] Level 1:colcon.colcon_core.package_identification:_identify(log) by extension 'ignore'
[1.344s] Level 1:colcon.colcon_core.package_identification:_identify(log) ignored
[1.345s] Level 1:colcon.colcon_core.package_identification:_identify(src) by extensions ['ignore', 'ignore_ament_install']
[1.345s] Level 1:colcon.colcon_core.package_identification:_identify(src) by extension 'ignore'
[1.346s] Level 1:colcon.colcon_core.package_identification:_identify(src) by extension 'ignore_ament_install'
[1.346s] Level 1:colcon.colcon_core.package_identification:_identify(src) by extensions ['colcon_pkg']
[1.346s] Level 1:colcon.colcon_core.package_identification:_identify(src) by extension 'colcon_pkg'
[1.347s] Level 1:colcon.colcon_core.package_identification:_identify(src) by extensions ['colcon_meta']
[1.347s] Level 1:colcon.colcon_core.package_identification:_identify(src) by extension 'colcon_meta'
[1.347s] Level 1:colcon.colcon_core.package_identification:_identify(src) by extensions ['ros']
[1.347s] Level 1:colcon.colcon_core.package_identification:_identify(src) by extension 'ros'
[1.348s] Level 1:colcon.colcon_core.package_identification:_identify(src) by extensions ['cmake', 'python']
[1.348s] Level 1:colcon.colcon_core.package_identification:_identify(src) by extension 'cmake'
[1.348s] Level 1:colcon.colcon_core.package_identification:_identify(src) by extension 'python'
[1.349s] Level 1:colcon.colcon_core.package_identification:_identify(src) by extensions ['python_setup_py']
[1.349s] Level 1:colcon.colcon_core.package_identification:_identify(src) by extension 'python_setup_py'
[1.350s] Level 1:colcon.colcon_core.package_identification:_identify(src/py_pubsub) by extensions ['ignore', 'ignore_ament_install']
[1.350s] Level 1:colcon.colcon_core.package_identification:_identify(src/py_pubsub) by extension 'ignore'
[1.351s] Level 1:colcon.colcon_core.package_identification:_identify(src/py_pubsub) by extension 'ignore_ament_install'
[1.351s] Level 1:colcon.colcon_core.package_identification:_identify(src/py_pubsub) by extensions ['colcon_pkg']
[1.351s] Level 1:colcon.colcon_core.package_identification:_identify(src/py_pubsub) by extension 'colcon_pkg'
[1.352s] Level 1:colcon.colcon_core.package_identification:_identify(src/py_pubsub) by extensions ['colcon_meta']
[1.352s] Level 1:colcon.colcon_core.package_identification:_identify(src/py_pubsub) by extension 'colcon_meta'
[1.352s] Level 1:colcon.colcon_core.package_identification:_identify(src/py_pubsub) by extensions ['ros']
[1.353s] Level 1:colcon.colcon_core.package_identification:_identify(src/py_pubsub) by extension 'ros'
[1.367s] DEBUG:colcon.colcon_core.package_identification:Package 'src/py_pubsub' with type 'ros.ament_python' and name 'py_pubsub'
[1.368s] Level 1:colcon.colcon_core.package_identification:_identify(src/ros2_intel_realsense) by extensions ['ignore', 'ignore_ament_install']
[1.369s] Level 1:colcon.colcon_core.package_identification:_identify(src/ros2_intel_realsense) by extension 'ignore'
[1.370s] Level 1:colcon.colcon_core.package_identification:_identify(src/ros2_intel_realsense) by extension 'ignore_ament_install'
[1.370s] Level 1:colcon.colcon_core.package_identification:_identify(src/ros2_intel_realsense) by extensions ['colcon_pkg']
[1.370s] Level 1:colcon.colcon_core.package_identification:_identify(src/ros2_intel_realsense) by extension 'colcon_pkg'
[1.371s] Level 1:colcon.colcon_core.package_identification:_identify(src/ros2_intel_realsense) by extensions ['colcon_meta']
[1.371s] Level 1:colcon.colcon_core.package_identification:_identify(src/ros2_intel_realsense) by extension 'colcon_meta'
[1.371s] Level 1:colcon.colcon_core.package_identification:_identify(src/ros2_intel_realsense) by extensions ['ros']
[1.371s] Level 1:colcon.colcon_core.package_identification:_identify(src/ros2_intel_realsense) by extension 'ros'
[1.372s] Level 1:colcon.colcon_core.package_identification:_identify(src/ros2_intel_realsense) by extensions ['cmake', 'python']
[1.372s] Level 1:colcon.colcon_core.package_identification:_identify(src/ros2_intel_realsense) by extension 'cmake'
[1.373s] Level 1:colcon.colcon_core.package_identification:_identify(src/ros2_intel_realsense) by extension 'python'
[1.373s] Level 1:colcon.colcon_core.package_identification:_identify(src/ros2_intel_realsense) by extensions ['python_setup_py']
[1.373s] Level 1:colcon.colcon_core.package_identification:_identify(src/ros2_intel_realsense) by extension 'python_setup_py'
[1.374s] Level 1:colcon.colcon_core.package_identification:_identify(src/ros2_intel_realsense/realsense_camera_msgs) by extensions ['ignore', 'ignore_ament_install']
[1.374s] Level 1:colcon.colcon_core.package_identification:_identify(src/ros2_intel_realsense/realsense_camera_msgs) by extension 'ignore'
[1.375s] Level 1:colcon.colcon_core.package_identification:_identify(src/ros2_intel_realsense/realsense_camera_msgs) by extension 'ignore_ament_install'
[1.376s] Level 1:colcon.colcon_core.package_identification:_identify(src/ros2_intel_realsense/realsense_camera_msgs) by extensions ['colcon_pkg']
[1.376s] Level 1:colcon.colcon_core.package_identification:_identify(src/ros2_intel_realsense/realsense_camera_msgs) by extension 'colcon_pkg'
[1.376s] Level 1:colcon.colcon_core.package_identification:_identify(src/ros2_intel_realsense/realsense_camera_msgs) by extensions ['colcon_meta']
[1.376s] Level 1:colcon.colcon_core.package_identification:_identify(src/ros2_intel_realsense/realsense_camera_msgs) by extension 'colcon_meta'
[1.377s] Level 1:colcon.colcon_core.package_identification:_identify(src/ros2_intel_realsense/realsense_camera_msgs) by extensions ['ros']
[1.377s] Level 1:colcon.colcon_core.package_identification:_identify(src/ros2_intel_realsense/realsense_camera_msgs) by extension 'ros'
[1.380s] DEBUG:colcon.colcon_core.package_identification:Package 'src/ros2_intel_realsense/realsense_camera_msgs' with type 'ros.ament_cmake' and name 'realsense_camera_msgs'
[1.381s] Level 1:colcon.colcon_core.package_identification:_identify(src/ros2_intel_realsense/realsense_ros2_camera) by extensions ['ignore', 'ignore_ament_install']
[1.382s] Level 1:colcon.colcon_core.package_identification:_identify(src/ros2_intel_realsense/realsense_ros2_camera) by extension 'ignore'
[1.382s] Level 1:colcon.colcon_core.package_identification:_identify(src/ros2_intel_realsense/realsense_ros2_camera) by extension 'ignore_ament_install'
[1.382s] Level 1:colcon.colcon_core.package_identification:_identify(src/ros2_intel_realsense/realsense_ros2_camera) by extensions ['colcon_pkg']
[1.383s] Level 1:colcon.colcon_core.package_identification:_identify(src/ros2_intel_realsense/realsense_ros2_camera) by extension 'colcon_pkg'
[1.383s] Level 1:colcon.colcon_core.package_identification:_identify(src/ros2_intel_realsense/realsense_ros2_camera) by extensions ['colcon_meta']
[1.383s] Level 1:colcon.colcon_core.package_identification:_identify(src/ros2_intel_realsense/realsense_ros2_camera) by extension 'colcon_meta'
[1.383s] Level 1:colcon.colcon_core.package_identification:_identify(src/ros2_intel_realsense/realsense_ros2_camera) by extensions ['ros']
[1.384s] Level 1:colcon.colcon_core.package_identification:_identify(src/ros2_intel_realsense/realsense_ros2_camera) by extension 'ros'
[1.393s] DEBUG:colcon.colcon_core.package_identification:Package 'src/ros2_intel_realsense/realsense_ros2_camera' with type 'ros.ament_cmake' and name 'realsense_ros2_camera'
[1.393s] Level 1:colcon.colcon_core.package_discovery:discover_packages(recursive) using defaults
[1.395s] Level 1:colcon.colcon_core.package_discovery:discover_packages(ignore) discover
[1.395s] Level 1:colcon.colcon_core.package_discovery:discover_packages(ignore) using defaults
[1.395s] Level 1:colcon.colcon_core.package_discovery:discover_packages(path) discover
[1.395s] Level 1:colcon.colcon_core.package_discovery:discover_packages(path) using defaults
[1.541s] Level 5:colcon.colcon_core.verb:set package 'py_pubsub' build argument 'cmake_args' from command line to 'None'
[1.541s] Level 5:colcon.colcon_core.verb:set package 'py_pubsub' build argument 'cmake_target' from command line to 'None'
[1.541s] Level 5:colcon.colcon_core.verb:set package 'py_pubsub' build argument 'cmake_target_skip_unavailable' from command line to 'False'
[1.542s] Level 5:colcon.colcon_core.verb:set package 'py_pubsub' build argument 'cmake_clean_cache' from command line to 'False'
[1.542s] Level 5:colcon.colcon_core.verb:set package 'py_pubsub' build argument 'cmake_clean_first' from command line to 'False'
[1.542s] Level 5:colcon.colcon_core.verb:set package 'py_pubsub' build argument 'cmake_force_configure' from command line to 'False'
[1.542s] Level 5:colcon.colcon_core.verb:set package 'py_pubsub' build argument 'ament_cmake_args' from command line to 'None'
[1.542s] Level 5:colcon.colcon_core.verb:set package 'py_pubsub' build argument 'catkin_cmake_args' from command line to 'None'
[1.543s] Level 5:colcon.colcon_core.verb:set package 'py_pubsub' build argument 'catkin_skip_building_tests' from command line to 'False'
[1.543s] DEBUG:colcon.colcon_core.verb:Building package 'py_pubsub' with the following arguments: {'ament_cmake_args': None, 'build_base': '/home/yan/camps_ws/build/py_pubsub', 'catkin_cmake_args': None, 'catkin_skip_building_tests': False, 'cmake_args': None, 'cmake_clean_cache': False, 'cmake_clean_first': False, 'cmake_force_configure': False, 'cmake_target': None, 'cmake_target_skip_unavailable': False, 'install_base': '/home/yan/camps_ws/install/py_pubsub', 'merge_install': False, 'path': '/home/yan/camps_ws/src/py_pubsub', 'symlink_install': False, 'test_result_base': None}
[1.570s] Level 5:colcon.colcon_core.verb:set package 'realsense_camera_msgs' build argument 'cmake_args' from command line to 'None'
[1.571s] Level 5:colcon.colcon_core.verb:set package 'realsense_camera_msgs' build argument 'cmake_target' from command line to 'None'
[1.571s] Level 5:colcon.colcon_core.verb:set package 'realsense_camera_msgs' build argument 'cmake_target_skip_unavailable' from command line to 'False'
[1.571s] Level 5:colcon.colcon_core.verb:set package 'realsense_camera_msgs' build argument 'cmake_clean_cache' from command line to 'False'
[1.571s] Level 5:colcon.colcon_core.verb:set package 'realsense_camera_msgs' build argument 'cmake_clean_first' from command line to 'False'
[1.571s] Level 5:colcon.colcon_core.verb:set package 'realsense_camera_msgs' build argument 'cmake_force_configure' from command line to 'False'
[1.572s] Level 5:colcon.colcon_core.verb:set package 'realsense_camera_msgs' build argument 'ament_cmake_args' from command line to 'None'
[1.572s] Level 5:colcon.colcon_core.verb:set package 'realsense_camera_msgs' build argument 'catkin_cmake_args' from command line to 'None'
[1.572s] Level 5:colcon.colcon_core.verb:set package 'realsense_camera_msgs' build argument 'catkin_skip_building_tests' from command line to 'False'
[1.572s] DEBUG:colcon.colcon_core.verb:Building package 'realsense_camera_msgs' with the following arguments: {'ament_cmake_args': None, 'build_base': '/home/yan/camps_ws/build/realsense_camera_msgs', 'catkin_cmake_args': None, 'catkin_skip_building_tests': False, 'cmake_args': None, 'cmake_clean_cache': False, 'cmake_clean_first': False, 'cmake_force_configure': False, 'cmake_target': None, 'cmake_target_skip_unavailable': False, 'install_base': '/home/yan/camps_ws/install/realsense_camera_msgs', 'merge_install': False, 'path': '/home/yan/camps_ws/src/ros2_intel_realsense/realsense_camera_msgs', 'symlink_install': False, 'test_result_base': None}
[1.596s] Level 5:colcon.colcon_core.verb:set package 'realsense_ros2_camera' build argument 'cmake_args' from command line to 'None'
[1.597s] Level 5:colcon.colcon_core.verb:set package 'realsense_ros2_camera' build argument 'cmake_target' from command line to 'None'
[1.597s] Level 5:colcon.colcon_core.verb:set package 'realsense_ros2_camera' build argument 'cmake_target_skip_unavailable' from command line to 'False'
[1.597s] Level 5:colcon.colcon_core.verb:set package 'realsense_ros2_camera' build argument 'cmake_clean_cache' from command line to 'False'
[1.597s] Level 5:colcon.colcon_core.verb:set package 'realsense_ros2_camera' build argument 'cmake_clean_first' from command line to 'False'
[1.598s] Level 5:colcon.colcon_core.verb:set package 'realsense_ros2_camera' build argument 'cmake_force_configure' from command line to 'False'
[1.598s] Level 5:colcon.colcon_core.verb:set package 'realsense_ros2_camera' build argument 'ament_cmake_args' from command line to 'None'
[1.598s] Level 5:colcon.colcon_core.verb:set package 'realsense_ros2_camera' build argument 'catkin_cmake_args' from command line to 'None'
[1.598s] Level 5:colcon.colcon_core.verb:set package 'realsense_ros2_camera' build argument 'catkin_skip_building_tests' from command line to 'False'
[1.598s] DEBUG:colcon.colcon_core.verb:Building package 'realsense_ros2_camera' with the following arguments: {'ament_cmake_args': None, 'build_base': '/home/yan/camps_ws/build/realsense_ros2_camera', 'catkin_cmake_args': None, 'catkin_skip_building_tests': False, 'cmake_args': None, 'cmake_clean_cache': False, 'cmake_clean_first': False, 'cmake_force_configure': False, 'cmake_target': None, 'cmake_target_skip_unavailable': False, 'install_base': '/home/yan/camps_ws/install/realsense_ros2_camera', 'merge_install': False, 'path': '/home/yan/camps_ws/src/ros2_intel_realsense/realsense_ros2_camera', 'symlink_install': False, 'test_result_base': None}
[1.601s] INFO:colcon.colcon_core.executor:Executing jobs using 'parallel' executor
[1.614s] DEBUG:colcon.colcon_parallel_executor.executor.parallel:run_until_complete
[1.615s] INFO:colcon.colcon_ros.task.ament_cmake.build:Building ROS package in '/home/yan/camps_ws/src/ros2_intel_realsense/realsense_camera_msgs' with build type 'ament_cmake'
[1.615s] INFO:colcon.colcon_cmake.task.cmake.build:Building CMake package in '/home/yan/camps_ws/src/ros2_intel_realsense/realsense_camera_msgs'
[1.642s] INFO:colcon.colcon_core.plugin_system:Skipping extension 'colcon_core.shell.bat': Not used on non-Windows systems
[1.643s] INFO:colcon.colcon_core.shell:Skip shell extension 'powershell' for command environment: Not usable outside of PowerShell
[1.643s] DEBUG:colcon.colcon_core.shell:Skip shell extension 'dsv' for command environment
[1.706s] DEBUG:colcon.colcon_core.shell:Ignoring prefix path '/opt/ros/dashing'
[1.716s] INFO:colcon.colcon_ros.task.ament_python.build:Building ROS package in '/home/yan/camps_ws/src/py_pubsub' with build type 'ament_python'
[1.718s] Level 1:colcon.colcon_core.shell:create_environment_hook('py_pubsub', 'ament_prefix_path')
[1.724s] INFO:colcon.colcon_core.shell:Creating environment hook '/home/yan/camps_ws/install/py_pubsub/share/py_pubsub/hook/ament_prefix_path.ps1'
[1.729s] INFO:colcon.colcon_core.shell:Creating environment descriptor '/home/yan/camps_ws/install/py_pubsub/share/py_pubsub/hook/ament_prefix_path.dsv'
[1.732s] INFO:colcon.colcon_core.shell:Creating environment hook '/home/yan/camps_ws/install/py_pubsub/share/py_pubsub/hook/ament_prefix_path.sh'
[1.741s] INFO:colcon.colcon_core.shell:Skip shell extension 'powershell' for command environment: Not usable outside of PowerShell
[1.741s] DEBUG:colcon.colcon_core.shell:Skip shell extension 'dsv' for command environment
[1.759s] DEBUG:colcon.colcon_core.shell:Ignoring prefix path '/opt/ros/dashing'
[1.792s] DEBUG:colcon.colcon_core.event_handler.log_command:Invoking command in '/home/yan/camps_ws/build/realsense_camera_msgs': CMAKE_PREFIX_PATH=${CMAKE_PREFIX_PATH}:/home/yan/camps_ws/install/py_pubsub:/opt/ros/dashing /usr/bin/cmake --build /home/yan/camps_ws/build/realsense_camera_msgs -- -j4 -l4
[3.456s] INFO:colcon.colcon_core.task.python.build:Building Python package in '/home/yan/camps_ws/src/py_pubsub'
[3.461s] INFO:colcon.colcon_core.shell:Skip shell extension 'powershell' for command environment: Not usable outside of PowerShell
[3.462s] DEBUG:colcon.colcon_core.shell:Skip shell extension 'dsv' for command environment
[3.479s] DEBUG:colcon.colcon_core.shell:Ignoring prefix path '/opt/ros/dashing'
[3.499s] DEBUG:colcon.colcon_core.event_handler.log_command:Invoked command in '/home/yan/camps_ws/build/realsense_camera_msgs' returned '0': CMAKE_PREFIX_PATH=${CMAKE_PREFIX_PATH}:/home/yan/camps_ws/install/py_pubsub:/opt/ros/dashing /usr/bin/cmake --build /home/yan/camps_ws/build/realsense_camera_msgs -- -j4 -l4
[3.524s] DEBUG:colcon.colcon_core.event_handler.log_command:Invoking command in '/home/yan/camps_ws/src/py_pubsub': PYTHONPATH=/home/yan/camps_ws/install/py_pubsub/lib/python3.6/site-packages:${PYTHONPATH} /usr/bin/python3 setup.py egg_info --egg-base ../../build/py_pubsub build --build-base /home/yan/camps_ws/build/py_pubsub/build install --prefix /home/yan/camps_ws/install/py_pubsub --record /home/yan/camps_ws/build/py_pubsub/install.log --single-version-externally-managed
[3.886s] DEBUG:colcon.colcon_core.event_handler.log_command:Invoking command in '/home/yan/camps_ws/build/realsense_camera_msgs': CMAKE_PREFIX_PATH=${CMAKE_PREFIX_PATH}:/home/yan/camps_ws/install/py_pubsub:/opt/ros/dashing /usr/bin/cmake --build /home/yan/camps_ws/build/realsense_camera_msgs --target install -- -j4 -l4
[5.453s] Level 1:colcon.colcon_core.environment:create_environment_scripts_only(realsense_camera_msgs)
[5.462s] DEBUG:colcon.colcon_core.event_handler.log_command:Invoked command in '/home/yan/camps_ws/build/realsense_camera_msgs' returned '0': CMAKE_PREFIX_PATH=${CMAKE_PREFIX_PATH}:/home/yan/camps_ws/install/py_pubsub:/opt/ros/dashing /usr/bin/cmake --build /home/yan/camps_ws/build/realsense_camera_msgs --target install -- -j4 -l4
[5.485s] Level 1:colcon.colcon_core.environment:checking '/home/yan/camps_ws/install/realsense_camera_msgs' for CMake module files
[5.488s] Level 1:colcon.colcon_core.environment:checking '/home/yan/camps_ws/install/realsense_camera_msgs' for CMake config files
[5.490s] Level 1:colcon.colcon_core.shell:create_environment_hook('realsense_camera_msgs', 'cmake_prefix_path')
[5.495s] INFO:colcon.colcon_core.shell:Creating environment hook '/home/yan/camps_ws/install/realsense_camera_msgs/share/realsense_camera_msgs/hook/cmake_prefix_path.ps1'
[5.497s] INFO:colcon.colcon_core.shell:Creating environment descriptor '/home/yan/camps_ws/install/realsense_camera_msgs/share/realsense_camera_msgs/hook/cmake_prefix_path.dsv'
[5.500s] INFO:colcon.colcon_core.shell:Creating environment hook '/home/yan/camps_ws/install/realsense_camera_msgs/share/realsense_camera_msgs/hook/cmake_prefix_path.sh'
[5.505s] Level 1:colcon.colcon_core.environment:checking '/home/yan/camps_ws/install/realsense_camera_msgs/lib'
[5.507s] Level 1:colcon.colcon_core.shell:create_environment_hook('realsense_camera_msgs', 'ld_library_path_lib')
[5.511s] INFO:colcon.colcon_core.shell:Creating environment hook '/home/yan/camps_ws/install/realsense_camera_msgs/share/realsense_camera_msgs/hook/ld_library_path_lib.ps1'
[5.513s] INFO:colcon.colcon_core.shell:Creating environment descriptor '/home/yan/camps_ws/install/realsense_camera_msgs/share/realsense_camera_msgs/hook/ld_library_path_lib.dsv'
[5.515s] INFO:colcon.colcon_core.shell:Creating environment hook '/home/yan/camps_ws/install/realsense_camera_msgs/share/realsense_camera_msgs/hook/ld_library_path_lib.sh'
[5.516s] Level 1:colcon.colcon_core.environment:checking '/home/yan/camps_ws/install/realsense_camera_msgs/bin'
[5.517s] Level 1:colcon.colcon_core.environment:checking '/home/yan/camps_ws/install/realsense_camera_msgs/lib/pkgconfig/realsense_camera_msgs.pc'
[5.517s] Level 1:colcon.colcon_core.environment:checking '/home/yan/camps_ws/install/realsense_camera_msgs/lib/python3.6/site-packages'
[5.517s] Level 1:colcon.colcon_core.shell:create_environment_hook('realsense_camera_msgs', 'pythonpath')
[5.521s] INFO:colcon.colcon_core.shell:Creating environment hook '/home/yan/camps_ws/install/realsense_camera_msgs/share/realsense_camera_msgs/hook/pythonpath.ps1'
[5.523s] INFO:colcon.colcon_core.shell:Creating environment descriptor '/home/yan/camps_ws/install/realsense_camera_msgs/share/realsense_camera_msgs/hook/pythonpath.dsv'
[5.525s] INFO:colcon.colcon_core.shell:Creating environment hook '/home/yan/camps_ws/install/realsense_camera_msgs/share/realsense_camera_msgs/hook/pythonpath.sh'
[5.531s] INFO:colcon.colcon_core.shell:Creating package script '/home/yan/camps_ws/install/realsense_camera_msgs/share/realsense_camera_msgs/package.ps1'
[5.537s] INFO:colcon.colcon_core.shell:Creating package descriptor '/home/yan/camps_ws/install/realsense_camera_msgs/share/realsense_camera_msgs/package.dsv'
[5.544s] INFO:colcon.colcon_core.shell:Creating package script '/home/yan/camps_ws/install/realsense_camera_msgs/share/realsense_camera_msgs/package.sh'
[5.553s] INFO:colcon.colcon_core.shell:Creating package script '/home/yan/camps_ws/install/realsense_camera_msgs/share/realsense_camera_msgs/package.bash'
[5.562s] INFO:colcon.colcon_core.shell:Creating package script '/home/yan/camps_ws/install/realsense_camera_msgs/share/realsense_camera_msgs/package.zsh'
[5.568s] Level 1:colcon.colcon_core.environment:create_file_with_runtime_dependencies(/home/yan/camps_ws/install/realsense_camera_msgs/share/colcon-core/packages/realsense_camera_msgs)
[5.670s] Level 1:colcon.colcon_core.environment:checking '/home/yan/camps_ws/install/py_pubsub' for CMake module files
[5.675s] DEBUG:colcon.colcon_core.event_handler.log_command:Invoked command in '/home/yan/camps_ws/src/py_pubsub' returned '0': PYTHONPATH=/home/yan/camps_ws/install/py_pubsub/lib/python3.6/site-packages:${PYTHONPATH} /usr/bin/python3 setup.py egg_info --egg-base ../../build/py_pubsub build --build-base /home/yan/camps_ws/build/py_pubsub/build install --prefix /home/yan/camps_ws/install/py_pubsub --record /home/yan/camps_ws/build/py_pubsub/install.log --single-version-externally-managed
[5.679s] Level 1:colcon.colcon_core.environment:checking '/home/yan/camps_ws/install/py_pubsub' for CMake config files
[5.684s] Level 1:colcon.colcon_core.environment:checking '/home/yan/camps_ws/install/py_pubsub/lib'
[5.685s] Level 1:colcon.colcon_core.environment:checking '/home/yan/camps_ws/install/py_pubsub/bin'
[5.685s] Level 1:colcon.colcon_core.environment:checking '/home/yan/camps_ws/install/py_pubsub/lib/pkgconfig/py_pubsub.pc'
[5.686s] Level 1:colcon.colcon_core.environment:checking '/home/yan/camps_ws/install/py_pubsub/lib/python3.6/site-packages'
[5.686s] Level 1:colcon.colcon_core.shell:create_environment_hook('py_pubsub', 'pythonpath')
[5.691s] INFO:colcon.colcon_core.shell:Creating environment hook '/home/yan/camps_ws/install/py_pubsub/share/py_pubsub/hook/pythonpath.ps1'
[5.693s] INFO:colcon.colcon_core.shell:Creating environment descriptor '/home/yan/camps_ws/install/py_pubsub/share/py_pubsub/hook/pythonpath.dsv'
[5.695s] INFO:colcon.colcon_core.shell:Creating environment hook '/home/yan/camps_ws/install/py_pubsub/share/py_pubsub/hook/pythonpath.sh'
[5.697s] Level 1:colcon.colcon_core.environment:create_environment_scripts_only(py_pubsub)
[5.703s] INFO:colcon.colcon_core.shell:Creating package script '/home/yan/camps_ws/install/py_pubsub/share/py_pubsub/package.ps1'
[5.706s] INFO:colcon.colcon_core.shell:Creating package descriptor '/home/yan/camps_ws/install/py_pubsub/share/py_pubsub/package.dsv'
[5.709s] INFO:colcon.colcon_core.shell:Creating package script '/home/yan/camps_ws/install/py_pubsub/share/py_pubsub/package.sh'
[5.711s] INFO:colcon.colcon_core.shell:Creating package script '/home/yan/camps_ws/install/py_pubsub/share/py_pubsub/package.bash'
[5.714s] INFO:colcon.colcon_core.shell:Creating package script '/home/yan/camps_ws/install/py_pubsub/share/py_pubsub/package.zsh'
[5.716s] Level 1:colcon.colcon_core.environment:create_file_with_runtime_dependencies(/home/yan/camps_ws/install/py_pubsub/share/colcon-core/packages/py_pubsub)
[5.913s] Level 1:colcon.colcon_core.environment:create_environment_scripts_only(realsense_camera_msgs)
[5.919s] Level 1:colcon.colcon_core.environment:checking '/home/yan/camps_ws/install/realsense_camera_msgs' for CMake module files
[5.922s] Level 1:colcon.colcon_core.environment:checking '/home/yan/camps_ws/install/realsense_camera_msgs' for CMake config files
[5.924s] Level 1:colcon.colcon_core.shell:create_environment_hook('realsense_camera_msgs', 'cmake_prefix_path')
[5.928s] INFO:colcon.colcon_core.shell:Creating environment hook '/home/yan/camps_ws/install/realsense_camera_msgs/share/realsense_camera_msgs/hook/cmake_prefix_path.ps1'
[5.931s] INFO:colcon.colcon_core.shell:Creating environment descriptor '/home/yan/camps_ws/install/realsense_camera_msgs/share/realsense_camera_msgs/hook/cmake_prefix_path.dsv'
[5.933s] INFO:colcon.colcon_core.shell:Creating environment hook '/home/yan/camps_ws/install/realsense_camera_msgs/share/realsense_camera_msgs/hook/cmake_prefix_path.sh'
[5.937s] Level 1:colcon.colcon_core.environment:checking '/home/yan/camps_ws/install/realsense_camera_msgs/lib'
[5.938s] Level 1:colcon.colcon_core.shell:create_environment_hook('realsense_camera_msgs', 'ld_library_path_lib')
[5.942s] INFO:colcon.colcon_core.shell:Creating environment hook '/home/yan/camps_ws/install/realsense_camera_msgs/share/realsense_camera_msgs/hook/ld_library_path_lib.ps1'
[5.945s] INFO:colcon.colcon_core.shell:Creating environment descriptor '/home/yan/camps_ws/install/realsense_camera_msgs/share/realsense_camera_msgs/hook/ld_library_path_lib.dsv'
[5.946s] INFO:colcon.colcon_core.shell:Creating environment hook '/home/yan/camps_ws/install/realsense_camera_msgs/share/realsense_camera_msgs/hook/ld_library_path_lib.sh'
[5.948s] Level 1:colcon.colcon_core.environment:checking '/home/yan/camps_ws/install/realsense_camera_msgs/bin'
[5.948s] Level 1:colcon.colcon_core.environment:checking '/home/yan/camps_ws/install/realsense_camera_msgs/lib/pkgconfig/realsense_camera_msgs.pc'
[5.948s] Level 1:colcon.colcon_core.environment:checking '/home/yan/camps_ws/install/realsense_camera_msgs/lib/python3.6/site-packages'
[5.949s] Level 1:colcon.colcon_core.shell:create_environment_hook('realsense_camera_msgs', 'pythonpath')
[5.953s] INFO:colcon.colcon_core.shell:Creating environment hook '/home/yan/camps_ws/install/realsense_camera_msgs/share/realsense_camera_msgs/hook/pythonpath.ps1'
[5.954s] INFO:colcon.colcon_core.shell:Creating environment descriptor '/home/yan/camps_ws/install/realsense_camera_msgs/share/realsense_camera_msgs/hook/pythonpath.dsv'
[5.956s] INFO:colcon.colcon_core.shell:Creating environment hook '/home/yan/camps_ws/install/realsense_camera_msgs/share/realsense_camera_msgs/hook/pythonpath.sh'
[5.962s] INFO:colcon.colcon_core.shell:Creating package script '/home/yan/camps_ws/install/realsense_camera_msgs/share/realsense_camera_msgs/package.ps1'
[5.965s] INFO:colcon.colcon_core.shell:Creating package descriptor '/home/yan/camps_ws/install/realsense_camera_msgs/share/realsense_camera_msgs/package.dsv'
[5.969s] INFO:colcon.colcon_core.shell:Creating package script '/home/yan/camps_ws/install/realsense_camera_msgs/share/realsense_camera_msgs/package.sh'
[5.972s] INFO:colcon.colcon_core.shell:Creating package script '/home/yan/camps_ws/install/realsense_camera_msgs/share/realsense_camera_msgs/package.bash'
[5.975s] INFO:colcon.colcon_core.shell:Creating package script '/home/yan/camps_ws/install/realsense_camera_msgs/share/realsense_camera_msgs/package.zsh'
[5.977s] Level 1:colcon.colcon_core.environment:create_file_with_runtime_dependencies(/home/yan/camps_ws/install/realsense_camera_msgs/share/colcon-core/packages/realsense_camera_msgs)
[5.979s] INFO:colcon.colcon_ros.task.ament_cmake.build:Building ROS package in '/home/yan/camps_ws/src/ros2_intel_realsense/realsense_ros2_camera' with build type 'ament_cmake'
[5.980s] INFO:colcon.colcon_cmake.task.cmake.build:Building CMake package in '/home/yan/camps_ws/src/ros2_intel_realsense/realsense_ros2_camera'
[5.984s] INFO:colcon.colcon_core.shell:Skip shell extension 'powershell' for command environment: Not usable outside of PowerShell
[5.985s] DEBUG:colcon.colcon_core.shell:Skip shell extension 'dsv' for command environment
[6.004s] DEBUG:colcon.colcon_core.shell:Ignoring prefix path '/opt/ros/dashing'
[6.043s] DEBUG:colcon.colcon_core.event_handler.log_command:Invoking command in '/home/yan/camps_ws/build/realsense_ros2_camera': CMAKE_PREFIX_PATH=/home/yan/camps_ws/install/realsense_camera_msgs:/home/yan/camps_ws/install/realsense_ros2_camera:/home/yan/camps_ws/install/py_pubsub:/opt/ros/dashing /usr/bin/cmake --build /home/yan/camps_ws/build/realsense_ros2_camera -- -j4 -l4
[6.396s] DEBUG:colcon.colcon_core.event_handler.log_command:Invoked command in '/home/yan/camps_ws/build/realsense_ros2_camera' returned '0': CMAKE_PREFIX_PATH=/home/yan/camps_ws/install/realsense_camera_msgs:/home/yan/camps_ws/install/realsense_ros2_camera:/home/yan/camps_ws/install/py_pubsub:/opt/ros/dashing /usr/bin/cmake --build /home/yan/camps_ws/build/realsense_ros2_camera -- -j4 -l4
[6.512s] DEBUG:colcon.colcon_core.event_handler.log_command:Invoking command in '/home/yan/camps_ws/build/realsense_ros2_camera': CMAKE_PREFIX_PATH=/home/yan/camps_ws/install/realsense_camera_msgs:/home/yan/camps_ws/install/realsense_ros2_camera:/home/yan/camps_ws/install/py_pubsub:/opt/ros/dashing /usr/bin/cmake --build /home/yan/camps_ws/build/realsense_ros2_camera --target install -- -j4 -l4
[6.940s] Level 1:colcon.colcon_core.environment:create_environment_scripts_only(realsense_ros2_camera)
[6.949s] Level 1:colcon.colcon_core.environment:checking '/home/yan/camps_ws/install/realsense_ros2_camera' for CMake module files
[6.953s] DEBUG:colcon.colcon_core.event_handler.log_command:Invoked command in '/home/yan/camps_ws/build/realsense_ros2_camera' returned '0': CMAKE_PREFIX_PATH=/home/yan/camps_ws/install/realsense_camera_msgs:/home/yan/camps_ws/install/realsense_ros2_camera:/home/yan/camps_ws/install/py_pubsub:/opt/ros/dashing /usr/bin/cmake --build /home/yan/camps_ws/build/realsense_ros2_camera --target install -- -j4 -l4
[6.956s] Level 1:colcon.colcon_core.environment:checking '/home/yan/camps_ws/install/realsense_ros2_camera' for CMake config files
[6.958s] Level 1:colcon.colcon_core.shell:create_environment_hook('realsense_ros2_camera', 'cmake_prefix_path')
[6.962s] INFO:colcon.colcon_core.shell:Creating environment hook '/home/yan/camps_ws/install/realsense_ros2_camera/share/realsense_ros2_camera/hook/cmake_prefix_path.ps1'
[6.964s] INFO:colcon.colcon_core.shell:Creating environment descriptor '/home/yan/camps_ws/install/realsense_ros2_camera/share/realsense_ros2_camera/hook/cmake_prefix_path.dsv'
[6.965s] INFO:colcon.colcon_core.shell:Creating environment hook '/home/yan/camps_ws/install/realsense_ros2_camera/share/realsense_ros2_camera/hook/cmake_prefix_path.sh'
[6.969s] Level 1:colcon.colcon_core.environment:checking '/home/yan/camps_ws/install/realsense_ros2_camera/lib'
[6.970s] Level 1:colcon.colcon_core.environment:checking '/home/yan/camps_ws/install/realsense_ros2_camera/bin'
[6.970s] Level 1:colcon.colcon_core.shell:create_environment_hook('realsense_ros2_camera', 'path')
[6.975s] INFO:colcon.colcon_core.shell:Creating environment hook '/home/yan/camps_ws/install/realsense_ros2_camera/share/realsense_ros2_camera/hook/path.ps1'
[6.977s] INFO:colcon.colcon_core.shell:Creating environment descriptor '/home/yan/camps_ws/install/realsense_ros2_camera/share/realsense_ros2_camera/hook/path.dsv'
[6.979s] INFO:colcon.colcon_core.shell:Creating environment hook '/home/yan/camps_ws/install/realsense_ros2_camera/share/realsense_ros2_camera/hook/path.sh'
[6.981s] Level 1:colcon.colcon_core.environment:checking '/home/yan/camps_ws/install/realsense_ros2_camera/lib/pkgconfig/realsense_ros2_camera.pc'
[6.982s] Level 1:colcon.colcon_core.environment:checking '/home/yan/camps_ws/install/realsense_ros2_camera/lib/python3.6/site-packages'
[6.987s] INFO:colcon.colcon_core.shell:Creating package script '/home/yan/camps_ws/install/realsense_ros2_camera/share/realsense_ros2_camera/package.ps1'
[6.990s] INFO:colcon.colcon_core.shell:Creating package descriptor '/home/yan/camps_ws/install/realsense_ros2_camera/share/realsense_ros2_camera/package.dsv'
[6.993s] INFO:colcon.colcon_core.shell:Creating package script '/home/yan/camps_ws/install/realsense_ros2_camera/share/realsense_ros2_camera/package.sh'
[6.995s] INFO:colcon.colcon_core.shell:Creating package script '/home/yan/camps_ws/install/realsense_ros2_camera/share/realsense_ros2_camera/package.bash'
[6.997s] INFO:colcon.colcon_core.shell:Creating package script '/home/yan/camps_ws/install/realsense_ros2_camera/share/realsense_ros2_camera/package.zsh'
[6.999s] Level 1:colcon.colcon_core.environment:create_file_with_runtime_dependencies(/home/yan/camps_ws/install/realsense_ros2_camera/share/colcon-core/packages/realsense_ros2_camera)
[7.114s] Level 1:colcon.colcon_core.environment:create_environment_scripts_only(realsense_ros2_camera)
[7.121s] Level 1:colcon.colcon_core.environment:checking '/home/yan/camps_ws/install/realsense_ros2_camera' for CMake module files
[7.125s] Level 1:colcon.colcon_core.environment:checking '/home/yan/camps_ws/install/realsense_ros2_camera' for CMake config files
[7.127s] Level 1:colcon.colcon_core.shell:create_environment_hook('realsense_ros2_camera', 'cmake_prefix_path')
[7.131s] INFO:colcon.colcon_core.shell:Creating environment hook '/home/yan/camps_ws/install/realsense_ros2_camera/share/realsense_ros2_camera/hook/cmake_prefix_path.ps1'
[7.134s] INFO:colcon.colcon_core.shell:Creating environment descriptor '/home/yan/camps_ws/install/realsense_ros2_camera/share/realsense_ros2_camera/hook/cmake_prefix_path.dsv'
[7.136s] INFO:colcon.colcon_core.shell:Creating environment hook '/home/yan/camps_ws/install/realsense_ros2_camera/share/realsense_ros2_camera/hook/cmake_prefix_path.sh'
[7.140s] Level 1:colcon.colcon_core.environment:checking '/home/yan/camps_ws/install/realsense_ros2_camera/lib'
[7.141s] Level 1:colcon.colcon_core.environment:checking '/home/yan/camps_ws/install/realsense_ros2_camera/bin'
[7.141s] Level 1:colcon.colcon_core.shell:create_environment_hook('realsense_ros2_camera', 'path')
[7.146s] INFO:colcon.colcon_core.shell:Creating environment hook '/home/yan/camps_ws/install/realsense_ros2_camera/share/realsense_ros2_camera/hook/path.ps1'
[7.148s] INFO:colcon.colcon_core.shell:Creating environment descriptor '/home/yan/camps_ws/install/realsense_ros2_camera/share/realsense_ros2_camera/hook/path.dsv'
[7.149s] INFO:colcon.colcon_core.shell:Creating environment hook '/home/yan/camps_ws/install/realsense_ros2_camera/share/realsense_ros2_camera/hook/path.sh'
[7.151s] Level 1:colcon.colcon_core.environment:checking '/home/yan/camps_ws/install/realsense_ros2_camera/lib/pkgconfig/realsense_ros2_camera.pc'
[7.151s] Level 1:colcon.colcon_core.environment:checking '/home/yan/camps_ws/install/realsense_ros2_camera/lib/python3.6/site-packages'
[7.156s] INFO:colcon.colcon_core.shell:Creating package script '/home/yan/camps_ws/install/realsense_ros2_camera/share/realsense_ros2_camera/package.ps1'
[7.160s] INFO:colcon.colcon_core.shell:Creating package descriptor '/home/yan/camps_ws/install/realsense_ros2_camera/share/realsense_ros2_camera/package.dsv'
[7.163s] INFO:colcon.colcon_core.shell:Creating package script '/home/yan/camps_ws/install/realsense_ros2_camera/share/realsense_ros2_camera/package.sh'
[7.165s] INFO:colcon.colcon_core.shell:Creating package script '/home/yan/camps_ws/install/realsense_ros2_camera/share/realsense_ros2_camera/package.bash'
[7.167s] INFO:colcon.colcon_core.shell:Creating package script '/home/yan/camps_ws/install/realsense_ros2_camera/share/realsense_ros2_camera/package.zsh'
[7.170s] Level 1:colcon.colcon_core.environment:create_file_with_runtime_dependencies(/home/yan/camps_ws/install/realsense_ros2_camera/share/colcon-core/packages/realsense_ros2_camera)
[7.171s] DEBUG:colcon.colcon_parallel_executor.executor.parallel:closing loop
[7.175s] DEBUG:colcon.colcon_parallel_executor.executor.parallel:loop closed
[7.176s] DEBUG:colcon.colcon_parallel_executor.executor.parallel:run_until_complete finished with '0'
[7.176s] DEBUG:colcon.colcon_core.event_reactor:joining thread
[7.216s] INFO:colcon.colcon_core.plugin_system:Skipping extension 'colcon_notification.desktop_notification.terminal_notifier': Not used on non-Darwin systems
[7.217s] INFO:colcon.colcon_core.plugin_system:Skipping extension 'colcon_notification.desktop_notification.win32': Not used on non-Windows systems
[7.217s] INFO:colcon.colcon_notification.desktop_notification:Sending desktop notification using 'notify2'
[7.336s] DEBUG:colcon.colcon_core.event_reactor:joined thread
[7.341s] INFO:colcon.colcon_core.shell:Creating prefix script '/home/yan/camps_ws/install/local_setup.ps1'
[7.351s] INFO:colcon.colcon_core.shell:Creating prefix util module '/home/yan/camps_ws/install/_local_setup_util_ps1.py'
[7.362s] INFO:colcon.colcon_core.shell:Creating prefix chain script '/home/yan/camps_ws/install/setup.ps1'
[7.381s] INFO:colcon.colcon_core.shell:Creating prefix script '/home/yan/camps_ws/install/local_setup.sh'
[7.385s] INFO:colcon.colcon_core.shell:Creating prefix util module '/home/yan/camps_ws/install/_local_setup_util_sh.py'
[7.388s] INFO:colcon.colcon_core.shell:Creating prefix chain script '/home/yan/camps_ws/install/setup.sh'
[7.409s] INFO:colcon.colcon_core.shell:Creating prefix script '/home/yan/camps_ws/install/local_setup.bash'
[7.412s] INFO:colcon.colcon_core.shell:Creating prefix chain script '/home/yan/camps_ws/install/setup.bash'
[7.431s] INFO:colcon.colcon_core.shell:Creating prefix script '/home/yan/camps_ws/install/local_setup.zsh'
[7.434s] INFO:colcon.colcon_core.shell:Creating prefix chain script '/home/yan/camps_ws/install/setup.zsh'
