[1.445s] Invoking command in '/home/yan/camps_ws/src/py_pubsub': PYTHONPATH=/home/yan/camps_ws/install/py_pubsub/lib/python3.6/site-packages:${PYTHONPATH} /usr/bin/python3 setup.py egg_info --egg-base ../../build/py_pubsub build --build-base /home/yan/camps_ws/build/py_pubsub/build install --prefix /home/yan/camps_ws/install/py_pubsub --record /home/yan/camps_ws/build/py_pubsub/install.log --single-version-externally-managed
[2.771s] running egg_info
[2.775s] writing ../../build/py_pubsub/py_pubsub.egg-info/PKG-INFO
[2.777s] writing dependency_links to ../../build/py_pubsub/py_pubsub.egg-info/dependency_links.txt
[2.778s] writing entry points to ../../build/py_pubsub/py_pubsub.egg-info/entry_points.txt
[2.780s] writing requirements to ../../build/py_pubsub/py_pubsub.egg-info/requires.txt
[2.781s] writing top-level names to ../../build/py_pubsub/py_pubsub.egg-info/top_level.txt
[3.013s] reading manifest file '../../build/py_pubsub/py_pubsub.egg-info/SOURCES.txt'
[3.026s] writing manifest file '../../build/py_pubsub/py_pubsub.egg-info/SOURCES.txt'
[3.027s] running build
[3.028s] running build_py
[3.029s] copying py_pubsub/subscriber_member_function_timed.py -> /home/yan/camps_ws/build/py_pubsub/build/lib/py_pubsub
[3.030s] running install
[3.031s] running install_lib
[3.036s] copying /home/yan/camps_ws/build/py_pubsub/build/lib/py_pubsub/subscriber_member_function_timed.py -> /home/yan/camps_ws/install/py_pubsub/lib/python3.6/site-packages/py_pubsub
[3.042s] byte-compiling /home/yan/camps_ws/install/py_pubsub/lib/python3.6/site-packages/py_pubsub/subscriber_member_function_timed.py to subscriber_member_function_timed.cpython-36.pyc
[3.050s] running install_data
[3.053s] running install_egg_info
[3.068s] removing '/home/yan/camps_ws/install/py_pubsub/lib/python3.6/site-packages/py_pubsub-0.0.0-py3.6.egg-info' (and everything under it)
[3.069s] Copying ../../build/py_pubsub/py_pubsub.egg-info to /home/yan/camps_ws/install/py_pubsub/lib/python3.6/site-packages/py_pubsub-0.0.0-py3.6.egg-info
[3.074s] running install_scripts
[3.192s] Installing color script to /home/yan/camps_ws/install/py_pubsub/lib/py_pubsub
[3.193s] Installing csvtojpeg script to /home/yan/camps_ws/install/py_pubsub/lib/py_pubsub
[3.194s] Installing depth script to /home/yan/camps_ws/install/py_pubsub/lib/py_pubsub
[3.195s] Installing infra1 script to /home/yan/camps_ws/install/py_pubsub/lib/py_pubsub
[3.196s] Installing infra2 script to /home/yan/camps_ws/install/py_pubsub/lib/py_pubsub
[3.196s] Installing listener script to /home/yan/camps_ws/install/py_pubsub/lib/py_pubsub
[3.197s] Installing onesensor script to /home/yan/camps_ws/install/py_pubsub/lib/py_pubsub
[3.200s] Installing point script to /home/yan/camps_ws/install/py_pubsub/lib/py_pubsub
[3.201s] Installing talker script to /home/yan/camps_ws/install/py_pubsub/lib/py_pubsub
[3.202s] Installing timed script to /home/yan/camps_ws/install/py_pubsub/lib/py_pubsub
[3.202s] Installing twice script to /home/yan/camps_ws/install/py_pubsub/lib/py_pubsub
[3.204s] writing list of installed files to '/home/yan/camps_ws/build/py_pubsub/install.log'
[3.327s] Invoked command in '/home/yan/camps_ws/src/py_pubsub' returned '0': PYTHONPATH=/home/yan/camps_ws/install/py_pubsub/lib/python3.6/site-packages:${PYTHONPATH} /usr/bin/python3 setup.py egg_info --egg-base ../../build/py_pubsub build --build-base /home/yan/camps_ws/build/py_pubsub/build install --prefix /home/yan/camps_ws/install/py_pubsub --record /home/yan/camps_ws/build/py_pubsub/install.log --single-version-externally-managed
