[2.080s] Invoking command in '/home/yan/camps_ws/src/py_pubsub': PYTHONPATH=/home/yan/camps_ws/install/py_pubsub/lib/python3.6/site-packages:${PYTHONPATH} /usr/bin/python3 setup.py egg_info --egg-base ../../build/py_pubsub build --build-base /home/yan/camps_ws/build/py_pubsub/build install --prefix /home/yan/camps_ws/install/py_pubsub --record /home/yan/camps_ws/build/py_pubsub/install.log --single-version-externally-managed
[3.982s] running egg_info
[3.988s] writing ../../build/py_pubsub/py_pubsub.egg-info/PKG-INFO
[3.989s] writing dependency_links to ../../build/py_pubsub/py_pubsub.egg-info/dependency_links.txt
[3.991s] writing entry points to ../../build/py_pubsub/py_pubsub.egg-info/entry_points.txt
[3.994s] writing requirements to ../../build/py_pubsub/py_pubsub.egg-info/requires.txt
[3.995s] writing top-level names to ../../build/py_pubsub/py_pubsub.egg-info/top_level.txt
[4.263s] reading manifest file '../../build/py_pubsub/py_pubsub.egg-info/SOURCES.txt'
[4.272s] writing manifest file '../../build/py_pubsub/py_pubsub.egg-info/SOURCES.txt'
[4.273s] running build
[4.274s] running build_py
[4.276s] copying py_pubsub/csvtojpeg.py -> /home/yan/camps_ws/build/py_pubsub/build/lib/py_pubsub
[4.277s] running install
[4.279s] running install_lib
[4.287s] copying /home/yan/camps_ws/build/py_pubsub/build/lib/py_pubsub/csvtojpeg.py -> /home/yan/camps_ws/install/py_pubsub/lib/python3.6/site-packages/py_pubsub
[4.300s] byte-compiling /home/yan/camps_ws/install/py_pubsub/lib/python3.6/site-packages/py_pubsub/csvtojpeg.py to csvtojpeg.cpython-36.pyc
[4.301s] running install_data
[4.303s] running install_egg_info
[4.319s] removing '/home/yan/camps_ws/install/py_pubsub/lib/python3.6/site-packages/py_pubsub-0.0.0-py3.6.egg-info' (and everything under it)
[4.322s] Copying ../../build/py_pubsub/py_pubsub.egg-info to /home/yan/camps_ws/install/py_pubsub/lib/python3.6/site-packages/py_pubsub-0.0.0-py3.6.egg-info
[4.328s] running install_scripts
[4.459s] Installing color script to /home/yan/camps_ws/install/py_pubsub/lib/py_pubsub
[4.462s] Installing csvtojpeg script to /home/yan/camps_ws/install/py_pubsub/lib/py_pubsub
[4.463s] Installing depth script to /home/yan/camps_ws/install/py_pubsub/lib/py_pubsub
[4.465s] Installing infra1 script to /home/yan/camps_ws/install/py_pubsub/lib/py_pubsub
[4.466s] Installing infra2 script to /home/yan/camps_ws/install/py_pubsub/lib/py_pubsub
[4.467s] Installing listener script to /home/yan/camps_ws/install/py_pubsub/lib/py_pubsub
[4.469s] Installing onesensor script to /home/yan/camps_ws/install/py_pubsub/lib/py_pubsub
[4.470s] Installing point script to /home/yan/camps_ws/install/py_pubsub/lib/py_pubsub
[4.471s] Installing talker script to /home/yan/camps_ws/install/py_pubsub/lib/py_pubsub
[4.472s] Installing timed script to /home/yan/camps_ws/install/py_pubsub/lib/py_pubsub
[4.474s] Installing twice script to /home/yan/camps_ws/install/py_pubsub/lib/py_pubsub
[4.475s] writing list of installed files to '/home/yan/camps_ws/build/py_pubsub/install.log'
[4.619s] Invoked command in '/home/yan/camps_ws/src/py_pubsub' returned '0': PYTHONPATH=/home/yan/camps_ws/install/py_pubsub/lib/python3.6/site-packages:${PYTHONPATH} /usr/bin/python3 setup.py egg_info --egg-base ../../build/py_pubsub build --build-base /home/yan/camps_ws/build/py_pubsub/build install --prefix /home/yan/camps_ws/install/py_pubsub --record /home/yan/camps_ws/build/py_pubsub/install.log --single-version-externally-managed
