[1.621s] Invoking command in '/home/yan/camps_ws/src/py_pubsub': PYTHONPATH=/home/yan/camps_ws/install/py_pubsub/lib/python3.6/site-packages:${PYTHONPATH} /usr/bin/python3 setup.py egg_info --egg-base ../../build/py_pubsub build --build-base /home/yan/camps_ws/build/py_pubsub/build install --prefix /home/yan/camps_ws/install/py_pubsub --record /home/yan/camps_ws/build/py_pubsub/install.log --single-version-externally-managed
[2.936s] running egg_info
[2.941s] writing ../../build/py_pubsub/py_pubsub.egg-info/PKG-INFO
[2.942s] writing dependency_links to ../../build/py_pubsub/py_pubsub.egg-info/dependency_links.txt
[2.943s] writing entry points to ../../build/py_pubsub/py_pubsub.egg-info/entry_points.txt
[2.944s] writing requirements to ../../build/py_pubsub/py_pubsub.egg-info/requires.txt
[2.945s] writing top-level names to ../../build/py_pubsub/py_pubsub.egg-info/top_level.txt
[3.169s] reading manifest file '../../build/py_pubsub/py_pubsub.egg-info/SOURCES.txt'
[3.179s] writing manifest file '../../build/py_pubsub/py_pubsub.egg-info/SOURCES.txt'
[3.180s] running build
[3.181s] running build_py
[3.183s] copying py_pubsub/subscriber_member_function_timed.py -> /home/yan/camps_ws/build/py_pubsub/build/lib/py_pubsub
[3.188s] running install
[3.189s] running install_lib
[3.195s] copying /home/yan/camps_ws/build/py_pubsub/build/lib/py_pubsub/subscriber_member_function_timed.py -> /home/yan/camps_ws/install/py_pubsub/lib/python3.6/site-packages/py_pubsub
[3.201s] byte-compiling /home/yan/camps_ws/install/py_pubsub/lib/python3.6/site-packages/py_pubsub/subscriber_member_function_timed.py to subscriber_member_function_timed.cpython-36.pyc
[3.213s] running install_data
[3.215s] running install_egg_info
[3.225s] removing '/home/yan/camps_ws/install/py_pubsub/lib/python3.6/site-packages/py_pubsub-0.0.0-py3.6.egg-info' (and everything under it)
[3.227s] Copying ../../build/py_pubsub/py_pubsub.egg-info to /home/yan/camps_ws/install/py_pubsub/lib/python3.6/site-packages/py_pubsub-0.0.0-py3.6.egg-info
[3.232s] running install_scripts
[3.347s] Installing color script to /home/yan/camps_ws/install/py_pubsub/lib/py_pubsub
[3.349s] Installing depth script to /home/yan/camps_ws/install/py_pubsub/lib/py_pubsub
[3.350s] Installing infra1 script to /home/yan/camps_ws/install/py_pubsub/lib/py_pubsub
[3.351s] Installing infra2 script to /home/yan/camps_ws/install/py_pubsub/lib/py_pubsub
[3.352s] Installing listener script to /home/yan/camps_ws/install/py_pubsub/lib/py_pubsub
[3.353s] Installing onesensor script to /home/yan/camps_ws/install/py_pubsub/lib/py_pubsub
[3.353s] Installing point script to /home/yan/camps_ws/install/py_pubsub/lib/py_pubsub
[3.354s] Installing talker script to /home/yan/camps_ws/install/py_pubsub/lib/py_pubsub
[3.354s] Installing timed script to /home/yan/camps_ws/install/py_pubsub/lib/py_pubsub
[3.355s] Installing twice script to /home/yan/camps_ws/install/py_pubsub/lib/py_pubsub
[3.356s] writing list of installed files to '/home/yan/camps_ws/build/py_pubsub/install.log'
[3.476s] Invoked command in '/home/yan/camps_ws/src/py_pubsub' returned '0': PYTHONPATH=/home/yan/camps_ws/install/py_pubsub/lib/python3.6/site-packages:${PYTHONPATH} /usr/bin/python3 setup.py egg_info --egg-base ../../build/py_pubsub build --build-base /home/yan/camps_ws/build/py_pubsub/build install --prefix /home/yan/camps_ws/install/py_pubsub --record /home/yan/camps_ws/build/py_pubsub/install.log --single-version-externally-managed
