[2.019s] Invoking command in '/home/yan/camps_ws/src/py_pubsub': PYTHONPATH=/home/yan/camps_ws/install/py_pubsub/lib/python3.6/site-packages:${PYTHONPATH} /usr/bin/python3 setup.py egg_info --egg-base ../../build/py_pubsub build --build-base /home/yan/camps_ws/build/py_pubsub/build install --prefix /home/yan/camps_ws/install/py_pubsub --record /home/yan/camps_ws/build/py_pubsub/install.log --single-version-externally-managed
[3.793s] running egg_info
[3.796s] writing ../../build/py_pubsub/py_pubsub.egg-info/PKG-INFO
[3.798s] writing dependency_links to ../../build/py_pubsub/py_pubsub.egg-info/dependency_links.txt
[3.801s] writing entry points to ../../build/py_pubsub/py_pubsub.egg-info/entry_points.txt
[3.802s] writing requirements to ../../build/py_pubsub/py_pubsub.egg-info/requires.txt
[3.802s] writing top-level names to ../../build/py_pubsub/py_pubsub.egg-info/top_level.txt
[4.013s] reading manifest file '../../build/py_pubsub/py_pubsub.egg-info/SOURCES.txt'
[4.021s] writing manifest file '../../build/py_pubsub/py_pubsub.egg-info/SOURCES.txt'
[4.022s] running build
[4.022s] running build_py
[4.023s] copying py_pubsub/publisher_member_function.py -> /home/yan/camps_ws/build/py_pubsub/build/lib/py_pubsub
[4.027s] running install
[4.029s] running install_lib
[4.032s] copying /home/yan/camps_ws/build/py_pubsub/build/lib/py_pubsub/publisher_member_function.py -> /home/yan/camps_ws/install/py_pubsub/lib/python3.6/site-packages/py_pubsub
[4.037s] byte-compiling /home/yan/camps_ws/install/py_pubsub/lib/python3.6/site-packages/py_pubsub/publisher_member_function.py to publisher_member_function.cpython-36.pyc
[4.040s] running install_data
[4.043s] running install_egg_info
[4.053s] removing '/home/yan/camps_ws/install/py_pubsub/lib/python3.6/site-packages/py_pubsub-0.0.0-py3.6.egg-info' (and everything under it)
[4.055s] Copying ../../build/py_pubsub/py_pubsub.egg-info to /home/yan/camps_ws/install/py_pubsub/lib/python3.6/site-packages/py_pubsub-0.0.0-py3.6.egg-info
[4.059s] running install_scripts
[4.166s] Installing listener script to /home/yan/camps_ws/install/py_pubsub/lib/py_pubsub
[4.167s] Installing talker script to /home/yan/camps_ws/install/py_pubsub/lib/py_pubsub
[4.169s] writing list of installed files to '/home/yan/camps_ws/build/py_pubsub/install.log'
[4.289s] Invoked command in '/home/yan/camps_ws/src/py_pubsub' returned '0': PYTHONPATH=/home/yan/camps_ws/install/py_pubsub/lib/python3.6/site-packages:${PYTHONPATH} /usr/bin/python3 setup.py egg_info --egg-base ../../build/py_pubsub build --build-base /home/yan/camps_ws/build/py_pubsub/build install --prefix /home/yan/camps_ws/install/py_pubsub --record /home/yan/camps_ws/build/py_pubsub/install.log --single-version-externally-managed
