[3.470s] Invoking command in '/home/yan/camps_ws/src/py_pubsub': PYTHONPATH=/home/yan/camps_ws/install/py_pubsub/lib/python3.6/site-packages:${PYTHONPATH} /usr/bin/python3 setup.py egg_info --egg-base ../../build/py_pubsub build --build-base /home/yan/camps_ws/build/py_pubsub/build install --prefix /home/yan/camps_ws/install/py_pubsub --record /home/yan/camps_ws/build/py_pubsub/install.log --single-version-externally-managed
[5.806s] running egg_info
[5.810s] writing ../../build/py_pubsub/py_pubsub.egg-info/PKG-INFO
[5.811s] writing dependency_links to ../../build/py_pubsub/py_pubsub.egg-info/dependency_links.txt
[5.812s] writing entry points to ../../build/py_pubsub/py_pubsub.egg-info/entry_points.txt
[5.813s] writing requirements to ../../build/py_pubsub/py_pubsub.egg-info/requires.txt
[5.813s] writing top-level names to ../../build/py_pubsub/py_pubsub.egg-info/top_level.txt
[6.117s] reading manifest file '../../build/py_pubsub/py_pubsub.egg-info/SOURCES.txt'
[6.126s] writing manifest file '../../build/py_pubsub/py_pubsub.egg-info/SOURCES.txt'
[6.127s] running build
[6.128s] running build_py
[6.132s] copying py_pubsub/subscriber_member_function_twice.py -> /home/yan/camps_ws/build/py_pubsub/build/lib/py_pubsub
[6.133s] running install
[6.137s] running install_lib
[6.147s] copying /home/yan/camps_ws/build/py_pubsub/build/lib/py_pubsub/subscriber_member_function_twice.py -> /home/yan/camps_ws/install/py_pubsub/lib/python3.6/site-packages/py_pubsub
[6.151s] byte-compiling /home/yan/camps_ws/install/py_pubsub/lib/python3.6/site-packages/py_pubsub/subscriber_member_function_twice.py to subscriber_member_function_twice.cpython-36.pyc
[6.155s] running install_data
[6.164s] running install_egg_info
[6.178s] removing '/home/yan/camps_ws/install/py_pubsub/lib/python3.6/site-packages/py_pubsub-0.0.0-py3.6.egg-info' (and everything under it)
[6.179s] Copying ../../build/py_pubsub/py_pubsub.egg-info to /home/yan/camps_ws/install/py_pubsub/lib/python3.6/site-packages/py_pubsub-0.0.0-py3.6.egg-info
[6.184s] running install_scripts
[6.346s] Installing color script to /home/yan/camps_ws/install/py_pubsub/lib/py_pubsub
[6.346s] Installing depth script to /home/yan/camps_ws/install/py_pubsub/lib/py_pubsub
[6.347s] Installing infra1 script to /home/yan/camps_ws/install/py_pubsub/lib/py_pubsub
[6.348s] Installing infra2 script to /home/yan/camps_ws/install/py_pubsub/lib/py_pubsub
[6.349s] Installing listener script to /home/yan/camps_ws/install/py_pubsub/lib/py_pubsub
[6.380s] Installing point script to /home/yan/camps_ws/install/py_pubsub/lib/py_pubsub
[6.381s] Installing talker script to /home/yan/camps_ws/install/py_pubsub/lib/py_pubsub
[6.394s] Installing timed script to /home/yan/camps_ws/install/py_pubsub/lib/py_pubsub
[6.395s] Installing twice script to /home/yan/camps_ws/install/py_pubsub/lib/py_pubsub
[6.395s] writing list of installed files to '/home/yan/camps_ws/build/py_pubsub/install.log'
[6.466s] Invoked command in '/home/yan/camps_ws/src/py_pubsub' returned '0': PYTHONPATH=/home/yan/camps_ws/install/py_pubsub/lib/python3.6/site-packages:${PYTHONPATH} /usr/bin/python3 setup.py egg_info --egg-base ../../build/py_pubsub build --build-base /home/yan/camps_ws/build/py_pubsub/build install --prefix /home/yan/camps_ws/install/py_pubsub --record /home/yan/camps_ws/build/py_pubsub/install.log --single-version-externally-managed
