[1.408s] Invoking command in '/home/yan/camps_ws/src/py_pubsub': PYTHONPATH=/home/yan/camps_ws/install/py_pubsub/lib/python3.6/site-packages:${PYTHONPATH} /usr/bin/python3 setup.py egg_info --egg-base ../../build/py_pubsub build --build-base /home/yan/camps_ws/build/py_pubsub/build install --prefix /home/yan/camps_ws/install/py_pubsub --record /home/yan/camps_ws/build/py_pubsub/install.log --single-version-externally-managed
[2.841s] running egg_info
[2.844s] writing ../../build/py_pubsub/py_pubsub.egg-info/PKG-INFO
[2.845s] writing dependency_links to ../../build/py_pubsub/py_pubsub.egg-info/dependency_links.txt
[2.847s] writing entry points to ../../build/py_pubsub/py_pubsub.egg-info/entry_points.txt
[2.848s] writing requirements to ../../build/py_pubsub/py_pubsub.egg-info/requires.txt
[2.849s] writing top-level names to ../../build/py_pubsub/py_pubsub.egg-info/top_level.txt
[3.061s] reading manifest file '../../build/py_pubsub/py_pubsub.egg-info/SOURCES.txt'
[3.069s] writing manifest file '../../build/py_pubsub/py_pubsub.egg-info/SOURCES.txt'
[3.070s] running build
[3.070s] running build_py
[3.072s] copying py_pubsub/subscriber_member_function_timed1.py -> /home/yan/camps_ws/build/py_pubsub/build/lib/py_pubsub
[3.075s] running install
[3.076s] running install_lib
[3.085s] copying /home/yan/camps_ws/build/py_pubsub/build/lib/py_pubsub/subscriber_member_function_timed1.py -> /home/yan/camps_ws/install/py_pubsub/lib/python3.6/site-packages/py_pubsub
[3.090s] byte-compiling /home/yan/camps_ws/install/py_pubsub/lib/python3.6/site-packages/py_pubsub/subscriber_member_function_timed1.py to subscriber_member_function_timed1.cpython-36.pyc
[3.094s] running install_data
[3.097s] running install_egg_info
[3.110s] removing '/home/yan/camps_ws/install/py_pubsub/lib/python3.6/site-packages/py_pubsub-0.0.0-py3.6.egg-info' (and everything under it)
[3.111s] Copying ../../build/py_pubsub/py_pubsub.egg-info to /home/yan/camps_ws/install/py_pubsub/lib/python3.6/site-packages/py_pubsub-0.0.0-py3.6.egg-info
[3.117s] running install_scripts
[3.235s] Installing color script to /home/yan/camps_ws/install/py_pubsub/lib/py_pubsub
[3.237s] Installing csvtojpeg script to /home/yan/camps_ws/install/py_pubsub/lib/py_pubsub
[3.238s] Installing depth script to /home/yan/camps_ws/install/py_pubsub/lib/py_pubsub
[3.240s] Installing infra1 script to /home/yan/camps_ws/install/py_pubsub/lib/py_pubsub
[3.241s] Installing infra2 script to /home/yan/camps_ws/install/py_pubsub/lib/py_pubsub
[3.242s] Installing listener script to /home/yan/camps_ws/install/py_pubsub/lib/py_pubsub
[3.242s] Installing onesensor script to /home/yan/camps_ws/install/py_pubsub/lib/py_pubsub
[3.243s] Installing point script to /home/yan/camps_ws/install/py_pubsub/lib/py_pubsub
[3.244s] Installing subscriber_mutually script to /home/yan/camps_ws/install/py_pubsub/lib/py_pubsub
[3.245s] Installing subscriber_reentrant script to /home/yan/camps_ws/install/py_pubsub/lib/py_pubsub
[3.246s] Installing talker script to /home/yan/camps_ws/install/py_pubsub/lib/py_pubsub
[3.246s] Installing timed script to /home/yan/camps_ws/install/py_pubsub/lib/py_pubsub
[3.247s] Installing timed1 script to /home/yan/camps_ws/install/py_pubsub/lib/py_pubsub
[3.248s] Installing twice script to /home/yan/camps_ws/install/py_pubsub/lib/py_pubsub
[3.249s] writing list of installed files to '/home/yan/camps_ws/build/py_pubsub/install.log'
[3.356s] Invoked command in '/home/yan/camps_ws/src/py_pubsub' returned '0': PYTHONPATH=/home/yan/camps_ws/install/py_pubsub/lib/python3.6/site-packages:${PYTHONPATH} /usr/bin/python3 setup.py egg_info --egg-base ../../build/py_pubsub build --build-base /home/yan/camps_ws/build/py_pubsub/build install --prefix /home/yan/camps_ws/install/py_pubsub --record /home/yan/camps_ws/build/py_pubsub/install.log --single-version-externally-managed
