[1.445s] Invoking command in '/home/yan/camps_ws/src/py_pubsub': PYTHONPATH=/home/yan/camps_ws/install/py_pubsub/lib/python3.6/site-packages:${PYTHONPATH} /usr/bin/python3 setup.py egg_info --egg-base ../../build/py_pubsub build --build-base /home/yan/camps_ws/build/py_pubsub/build install --prefix /home/yan/camps_ws/install/py_pubsub --record /home/yan/camps_ws/build/py_pubsub/install.log --single-version-externally-managed
[2.846s] running egg_info
[2.849s] writing ../../build/py_pubsub/py_pubsub.egg-info/PKG-INFO
[2.851s] writing dependency_links to ../../build/py_pubsub/py_pubsub.egg-info/dependency_links.txt
[2.852s] writing entry points to ../../build/py_pubsub/py_pubsub.egg-info/entry_points.txt
[2.853s] writing requirements to ../../build/py_pubsub/py_pubsub.egg-info/requires.txt
[2.853s] writing top-level names to ../../build/py_pubsub/py_pubsub.egg-info/top_level.txt
[3.079s] reading manifest file '../../build/py_pubsub/py_pubsub.egg-info/SOURCES.txt'
[3.087s] writing manifest file '../../build/py_pubsub/py_pubsub.egg-info/SOURCES.txt'
[3.088s] running build
[3.089s] running build_py
[3.090s] copying py_pubsub/csvtojpeg.py -> /home/yan/camps_ws/build/py_pubsub/build/lib/py_pubsub
[3.091s] running install
[3.093s] running install_lib
[3.099s] copying /home/yan/camps_ws/build/py_pubsub/build/lib/py_pubsub/csvtojpeg.py -> /home/yan/camps_ws/install/py_pubsub/lib/python3.6/site-packages/py_pubsub
[3.107s] byte-compiling /home/yan/camps_ws/install/py_pubsub/lib/python3.6/site-packages/py_pubsub/csvtojpeg.py to csvtojpeg.cpython-36.pyc
[3.108s]   File "/home/yan/camps_ws/install/py_pubsub/lib/python3.6/site-packages/py_pubsub/csvtojpeg.py", line 8
[3.108s]     cv2_img = np.genfromtxt((cwd + '/timed/' + file'), delimiter=',')
[3.109s]                                                                  ^
[3.109s] SyntaxError: invalid syntax
[3.111s] 
[3.111s] running install_data
[3.113s] running install_egg_info
[3.126s] removing '/home/yan/camps_ws/install/py_pubsub/lib/python3.6/site-packages/py_pubsub-0.0.0-py3.6.egg-info' (and everything under it)
[3.128s] Copying ../../build/py_pubsub/py_pubsub.egg-info to /home/yan/camps_ws/install/py_pubsub/lib/python3.6/site-packages/py_pubsub-0.0.0-py3.6.egg-info
[3.132s] running install_scripts
[3.237s] Installing color script to /home/yan/camps_ws/install/py_pubsub/lib/py_pubsub
[3.238s] Installing csvtojpeg script to /home/yan/camps_ws/install/py_pubsub/lib/py_pubsub
[3.239s] Installing depth script to /home/yan/camps_ws/install/py_pubsub/lib/py_pubsub
[3.240s] Installing infra1 script to /home/yan/camps_ws/install/py_pubsub/lib/py_pubsub
[3.241s] Installing infra2 script to /home/yan/camps_ws/install/py_pubsub/lib/py_pubsub
[3.242s] Installing listener script to /home/yan/camps_ws/install/py_pubsub/lib/py_pubsub
[3.243s] Installing onesensor script to /home/yan/camps_ws/install/py_pubsub/lib/py_pubsub
[3.244s] Installing point script to /home/yan/camps_ws/install/py_pubsub/lib/py_pubsub
[3.244s] Installing talker script to /home/yan/camps_ws/install/py_pubsub/lib/py_pubsub
[3.245s] Installing timed script to /home/yan/camps_ws/install/py_pubsub/lib/py_pubsub
[3.246s] Installing twice script to /home/yan/camps_ws/install/py_pubsub/lib/py_pubsub
[3.246s] writing list of installed files to '/home/yan/camps_ws/build/py_pubsub/install.log'
[3.358s] Invoked command in '/home/yan/camps_ws/src/py_pubsub' returned '0': PYTHONPATH=/home/yan/camps_ws/install/py_pubsub/lib/python3.6/site-packages:${PYTHONPATH} /usr/bin/python3 setup.py egg_info --egg-base ../../build/py_pubsub build --build-base /home/yan/camps_ws/build/py_pubsub/build install --prefix /home/yan/camps_ws/install/py_pubsub --record /home/yan/camps_ws/build/py_pubsub/install.log --single-version-externally-managed
