[0.078s] Invoking command in '/home/yan/camps_ws/build/realsense_ros2_camera': CMAKE_PREFIX_PATH=/home/yan/camps_ws/install/realsense_camera_msgs:/home/yan/camps_ws/install/realsense_ros2_camera:/home/yan/camps_ws/install/py_pubsub:/opt/ros/dashing /home/yan/.local/bin/cmake --build /home/yan/camps_ws/build/realsense_ros2_camera -- -j4 -l4
[0.669s] [ 50%] [32m[1mLinking CXX executable realsense_ros2_camera[0m
[4.703s] /usr/bin/ld: warning: libopencv_imgcodecs.so.3.2, needed by /opt/ros/dashing/lib/libcv_bridge.so, may conflict with libopencv_imgcodecs.so.4.1
[4.704s] /usr/bin/ld: warning: libopencv_core.so.3.2, needed by /opt/ros/dashing/lib/libcv_bridge.so, may conflict with libopencv_core.so.4.1
[4.745s] [100%] Built target realsense_ros2_camera
[4.814s] Invoked command in '/home/yan/camps_ws/build/realsense_ros2_camera' returned '0': CMAKE_PREFIX_PATH=/home/yan/camps_ws/install/realsense_camera_msgs:/home/yan/camps_ws/install/realsense_ros2_camera:/home/yan/camps_ws/install/py_pubsub:/opt/ros/dashing /home/yan/.local/bin/cmake --build /home/yan/camps_ws/build/realsense_ros2_camera -- -j4 -l4
[5.140s] Invoking command in '/home/yan/camps_ws/build/realsense_ros2_camera': CMAKE_PREFIX_PATH=/home/yan/camps_ws/install/realsense_camera_msgs:/home/yan/camps_ws/install/realsense_ros2_camera:/home/yan/camps_ws/install/py_pubsub:/opt/ros/dashing /home/yan/.local/bin/cmake --install /home/yan/camps_ws/build/realsense_ros2_camera
[5.340s] -- Install configuration: ""
[5.344s] -- Installing: /home/yan/camps_ws/install/realsense_ros2_camera/bin/realsense_ros2_camera
[5.356s] -- Set runtime path of "/home/yan/camps_ws/install/realsense_ros2_camera/bin/realsense_ros2_camera" to ""
[5.361s] -- Installing: /home/yan/camps_ws/install/realsense_ros2_camera/lib/realsense_ros2_camera/realsense_ros2_camera
[5.375s] -- Set runtime path of "/home/yan/camps_ws/install/realsense_ros2_camera/lib/realsense_ros2_camera/realsense_ros2_camera" to ""
[5.376s] -- Up-to-date: /home/yan/camps_ws/install/realsense_ros2_camera/include
[5.377s] -- Up-to-date: /home/yan/camps_ws/install/realsense_ros2_camera/include/realsense_ros2_camera
[5.378s] -- Up-to-date: /home/yan/camps_ws/install/realsense_ros2_camera/include/realsense_ros2_camera/constants.hpp
[5.378s] -- Up-to-date: /home/yan/camps_ws/install/realsense_ros2_camera/share/realsense_ros2_camera//launch
[5.380s] -- Up-to-date: /home/yan/camps_ws/install/realsense_ros2_camera/share/realsense_ros2_camera//launch/realsense2_to_laserscan.py
[5.381s] -- Up-to-date: /home/yan/camps_ws/install/realsense_ros2_camera/share/realsense_ros2_camera//launch/default.rviz
[5.381s] -- Up-to-date: /home/yan/camps_ws/install/realsense_ros2_camera/share/realsense_ros2_camera//launch/ros2_intel_realsense.launch.py
[5.382s] -- Up-to-date: /home/yan/camps_ws/install/realsense_ros2_camera/share/realsense_ros2_camera//launch/rs.launch.py
[5.383s] -- Up-to-date: /home/yan/camps_ws/install/realsense_ros2_camera/share/ament_index/resource_index/package_run_dependencies/realsense_ros2_camera
[5.384s] -- Up-to-date: /home/yan/camps_ws/install/realsense_ros2_camera/share/ament_index/resource_index/parent_prefix_path/realsense_ros2_camera
[5.385s] -- Up-to-date: /home/yan/camps_ws/install/realsense_ros2_camera/share/realsense_ros2_camera/environment/ament_prefix_path.sh
[5.386s] -- Up-to-date: /home/yan/camps_ws/install/realsense_ros2_camera/share/realsense_ros2_camera/environment/path.sh
[5.387s] -- Up-to-date: /home/yan/camps_ws/install/realsense_ros2_camera/share/realsense_ros2_camera/local_setup.bash
[5.387s] -- Up-to-date: /home/yan/camps_ws/install/realsense_ros2_camera/share/realsense_ros2_camera/local_setup.sh
[5.388s] -- Up-to-date: /home/yan/camps_ws/install/realsense_ros2_camera/share/realsense_ros2_camera/local_setup.zsh
[5.388s] -- Up-to-date: /home/yan/camps_ws/install/realsense_ros2_camera/share/ament_index/resource_index/packages/realsense_ros2_camera
[5.389s] -- Up-to-date: /home/yan/camps_ws/install/realsense_ros2_camera/share/realsense_ros2_camera/cmake/realsense_ros2_cameraConfig.cmake
[5.390s] -- Up-to-date: /home/yan/camps_ws/install/realsense_ros2_camera/share/realsense_ros2_camera/cmake/realsense_ros2_cameraConfig-version.cmake
[5.391s] -- Up-to-date: /home/yan/camps_ws/install/realsense_ros2_camera/share/realsense_ros2_camera/package.xml
[5.428s] Invoked command in '/home/yan/camps_ws/build/realsense_ros2_camera' returned '0': CMAKE_PREFIX_PATH=/home/yan/camps_ws/install/realsense_camera_msgs:/home/yan/camps_ws/install/realsense_ros2_camera:/home/yan/camps_ws/install/py_pubsub:/opt/ros/dashing /home/yan/.local/bin/cmake --install /home/yan/camps_ws/build/realsense_ros2_camera
