[1.935s] Invoking command in '/home/yan/camps_ws/src/py_pubsub': PYTHONPATH=/home/yan/camps_ws/install/py_pubsub/lib/python3.6/site-packages:${PYTHONPATH} /usr/bin/python3 setup.py egg_info --egg-base ../../build/py_pubsub build --build-base /home/yan/camps_ws/build/py_pubsub/build install --prefix /home/yan/camps_ws/install/py_pubsub --record /home/yan/camps_ws/build/py_pubsub/install.log --single-version-externally-managed
[3.697s] running egg_info
[3.703s] writing ../../build/py_pubsub/py_pubsub.egg-info/PKG-INFO
[3.704s] writing dependency_links to ../../build/py_pubsub/py_pubsub.egg-info/dependency_links.txt
[3.705s] writing entry points to ../../build/py_pubsub/py_pubsub.egg-info/entry_points.txt
[3.706s] writing requirements to ../../build/py_pubsub/py_pubsub.egg-info/requires.txt
[3.707s] writing top-level names to ../../build/py_pubsub/py_pubsub.egg-info/top_level.txt
[3.915s] reading manifest file '../../build/py_pubsub/py_pubsub.egg-info/SOURCES.txt'
[3.930s] writing manifest file '../../build/py_pubsub/py_pubsub.egg-info/SOURCES.txt'
[3.931s] running build
[3.931s] running build_py
[3.932s] copying py_pubsub/subscriber_member_function_timed.py -> /home/yan/camps_ws/build/py_pubsub/build/lib/py_pubsub
[3.933s] running install
[3.934s] running install_lib
[3.938s] copying /home/yan/camps_ws/build/py_pubsub/build/lib/py_pubsub/subscriber_member_function_timed.py -> /home/yan/camps_ws/install/py_pubsub/lib/python3.6/site-packages/py_pubsub
[3.943s] byte-compiling /home/yan/camps_ws/install/py_pubsub/lib/python3.6/site-packages/py_pubsub/subscriber_member_function_timed.py to subscriber_member_function_timed.cpython-36.pyc
[3.946s] running install_data
[3.950s] running install_egg_info
[3.965s] removing '/home/yan/camps_ws/install/py_pubsub/lib/python3.6/site-packages/py_pubsub-0.0.0-py3.6.egg-info' (and everything under it)
[3.967s] Copying ../../build/py_pubsub/py_pubsub.egg-info to /home/yan/camps_ws/install/py_pubsub/lib/python3.6/site-packages/py_pubsub-0.0.0-py3.6.egg-info
[3.974s] running install_scripts
[4.066s] Installing color script to /home/yan/camps_ws/install/py_pubsub/lib/py_pubsub
[4.068s] Installing depth script to /home/yan/camps_ws/install/py_pubsub/lib/py_pubsub
[4.068s] Installing infra1 script to /home/yan/camps_ws/install/py_pubsub/lib/py_pubsub
[4.069s] Installing infra2 script to /home/yan/camps_ws/install/py_pubsub/lib/py_pubsub
[4.070s] Installing listener script to /home/yan/camps_ws/install/py_pubsub/lib/py_pubsub
[4.071s] Installing point script to /home/yan/camps_ws/install/py_pubsub/lib/py_pubsub
[4.073s] Installing talker script to /home/yan/camps_ws/install/py_pubsub/lib/py_pubsub
[4.074s] Installing timed script to /home/yan/camps_ws/install/py_pubsub/lib/py_pubsub
[4.075s] Installing twice script to /home/yan/camps_ws/install/py_pubsub/lib/py_pubsub
[4.076s] writing list of installed files to '/home/yan/camps_ws/build/py_pubsub/install.log'
[4.196s] Invoked command in '/home/yan/camps_ws/src/py_pubsub' returned '0': PYTHONPATH=/home/yan/camps_ws/install/py_pubsub/lib/python3.6/site-packages:${PYTHONPATH} /usr/bin/python3 setup.py egg_info --egg-base ../../build/py_pubsub build --build-base /home/yan/camps_ws/build/py_pubsub/build install --prefix /home/yan/camps_ws/install/py_pubsub --record /home/yan/camps_ws/build/py_pubsub/install.log --single-version-externally-managed
