[2.406s] Invoking command in '/home/yan/camps_ws/src/py_pubsub': PYTHONPATH=/home/yan/camps_ws/install/py_pubsub/lib/python3.6/site-packages:${PYTHONPATH} /usr/bin/python3 setup.py egg_info --egg-base ../../build/py_pubsub build --build-base /home/yan/camps_ws/build/py_pubsub/build install --prefix /home/yan/camps_ws/install/py_pubsub --record /home/yan/camps_ws/build/py_pubsub/install.log --single-version-externally-managed
[4.172s] running egg_info
[4.175s] writing ../../build/py_pubsub/py_pubsub.egg-info/PKG-INFO
[4.176s] writing dependency_links to ../../build/py_pubsub/py_pubsub.egg-info/dependency_links.txt
[4.177s] writing entry points to ../../build/py_pubsub/py_pubsub.egg-info/entry_points.txt
[4.178s] writing requirements to ../../build/py_pubsub/py_pubsub.egg-info/requires.txt
[4.179s] writing top-level names to ../../build/py_pubsub/py_pubsub.egg-info/top_level.txt
[4.518s] reading manifest file '../../build/py_pubsub/py_pubsub.egg-info/SOURCES.txt'
[4.531s] writing manifest file '../../build/py_pubsub/py_pubsub.egg-info/SOURCES.txt'
[4.532s] running build
[4.533s] running build_py
[4.534s] copying py_pubsub/subscriber_member_function_timed.py -> /home/yan/camps_ws/build/py_pubsub/build/lib/py_pubsub
[4.535s] running install
[4.536s] running install_lib
[4.573s] copying /home/yan/camps_ws/build/py_pubsub/build/lib/py_pubsub/subscriber_member_function_timed.py -> /home/yan/camps_ws/install/py_pubsub/lib/python3.6/site-packages/py_pubsub
[4.590s] byte-compiling /home/yan/camps_ws/install/py_pubsub/lib/python3.6/site-packages/py_pubsub/subscriber_member_function_timed.py to subscriber_member_function_timed.cpython-36.pyc
[4.600s]   File "/home/yan/camps_ws/install/py_pubsub/lib/python3.6/site-packages/py_pubsub/subscriber_member_function_timed.py", line 36
[4.602s]     self.callback_group = ReentrantCallbackGroup())
[4.602s]     ^
[4.603s] SyntaxError: keyword can't be an expression
[4.603s] 
[4.606s] running install_data
[4.615s] running install_egg_info
[4.628s] removing '/home/yan/camps_ws/install/py_pubsub/lib/python3.6/site-packages/py_pubsub-0.0.0-py3.6.egg-info' (and everything under it)
[4.631s] Copying ../../build/py_pubsub/py_pubsub.egg-info to /home/yan/camps_ws/install/py_pubsub/lib/python3.6/site-packages/py_pubsub-0.0.0-py3.6.egg-info
[4.638s] running install_scripts
[4.858s] Installing color script to /home/yan/camps_ws/install/py_pubsub/lib/py_pubsub
[4.863s] Installing depth script to /home/yan/camps_ws/install/py_pubsub/lib/py_pubsub
[4.864s] Installing infra1 script to /home/yan/camps_ws/install/py_pubsub/lib/py_pubsub
[4.864s] Installing infra2 script to /home/yan/camps_ws/install/py_pubsub/lib/py_pubsub
[4.865s] Installing listener script to /home/yan/camps_ws/install/py_pubsub/lib/py_pubsub
[4.866s] Installing point script to /home/yan/camps_ws/install/py_pubsub/lib/py_pubsub
[4.868s] Installing talker script to /home/yan/camps_ws/install/py_pubsub/lib/py_pubsub
[4.868s] Installing timed script to /home/yan/camps_ws/install/py_pubsub/lib/py_pubsub
[4.869s] Installing twice script to /home/yan/camps_ws/install/py_pubsub/lib/py_pubsub
[4.870s] writing list of installed files to '/home/yan/camps_ws/build/py_pubsub/install.log'
[4.994s] Invoked command in '/home/yan/camps_ws/src/py_pubsub' returned '0': PYTHONPATH=/home/yan/camps_ws/install/py_pubsub/lib/python3.6/site-packages:${PYTHONPATH} /usr/bin/python3 setup.py egg_info --egg-base ../../build/py_pubsub build --build-base /home/yan/camps_ws/build/py_pubsub/build install --prefix /home/yan/camps_ws/install/py_pubsub --record /home/yan/camps_ws/build/py_pubsub/install.log --single-version-externally-managed
