[2.100s] Invoking command in '/home/yan/camps_ws/src/py_pubsub': PYTHONPATH=/home/yan/camps_ws/install/py_pubsub/lib/python3.6/site-packages:${PYTHONPATH} /usr/bin/python3 setup.py egg_info --egg-base ../../build/py_pubsub build --build-base /home/yan/camps_ws/build/py_pubsub/build install --prefix /home/yan/camps_ws/install/py_pubsub --record /home/yan/camps_ws/build/py_pubsub/install.log --single-version-externally-managed
[3.925s] running egg_info
[3.929s] writing ../../build/py_pubsub/py_pubsub.egg-info/PKG-INFO
[3.930s] writing dependency_links to ../../build/py_pubsub/py_pubsub.egg-info/dependency_links.txt
[3.931s] writing entry points to ../../build/py_pubsub/py_pubsub.egg-info/entry_points.txt
[3.932s] writing requirements to ../../build/py_pubsub/py_pubsub.egg-info/requires.txt
[3.933s] writing top-level names to ../../build/py_pubsub/py_pubsub.egg-info/top_level.txt
[4.172s] reading manifest file '../../build/py_pubsub/py_pubsub.egg-info/SOURCES.txt'
[4.180s] writing manifest file '../../build/py_pubsub/py_pubsub.egg-info/SOURCES.txt'
[4.182s] running build
[4.183s] running build_py
[4.187s] copying py_pubsub/subscriber_member_function.py -> /home/yan/camps_ws/build/py_pubsub/build/lib/py_pubsub
[4.190s] running install
[4.194s] running install_lib
[4.200s] copying /home/yan/camps_ws/build/py_pubsub/build/lib/py_pubsub/subscriber_member_function.py -> /home/yan/camps_ws/install/py_pubsub/lib/python3.6/site-packages/py_pubsub
[4.204s] byte-compiling /home/yan/camps_ws/install/py_pubsub/lib/python3.6/site-packages/py_pubsub/subscriber_member_function.py to subscriber_member_function.cpython-36.pyc
[4.207s]   File "/home/yan/camps_ws/install/py_pubsub/lib/python3.6/site-packages/py_pubsub/subscriber_member_function.py", line 39
[4.207s]     else:
[4.208s]        ^
[4.208s] SyntaxError: invalid syntax
[4.209s] 
[4.210s] running install_data
[4.210s] running install_egg_info
[4.218s] removing '/home/yan/camps_ws/install/py_pubsub/lib/python3.6/site-packages/py_pubsub-0.0.0-py3.6.egg-info' (and everything under it)
[4.221s] Copying ../../build/py_pubsub/py_pubsub.egg-info to /home/yan/camps_ws/install/py_pubsub/lib/python3.6/site-packages/py_pubsub-0.0.0-py3.6.egg-info
[4.227s] running install_scripts
[4.334s] Installing listener script to /home/yan/camps_ws/install/py_pubsub/lib/py_pubsub
[4.338s] Installing talker script to /home/yan/camps_ws/install/py_pubsub/lib/py_pubsub
[4.340s] writing list of installed files to '/home/yan/camps_ws/build/py_pubsub/install.log'
[4.467s] Invoked command in '/home/yan/camps_ws/src/py_pubsub' returned '0': PYTHONPATH=/home/yan/camps_ws/install/py_pubsub/lib/python3.6/site-packages:${PYTHONPATH} /usr/bin/python3 setup.py egg_info --egg-base ../../build/py_pubsub build --build-base /home/yan/camps_ws/build/py_pubsub/build install --prefix /home/yan/camps_ws/install/py_pubsub --record /home/yan/camps_ws/build/py_pubsub/install.log --single-version-externally-managed
