[2.015s] Invoking command in '/home/yan/camps_ws/src/py_pubsub': PYTHONPATH=/home/yan/camps_ws/install/py_pubsub/lib/python3.6/site-packages:${PYTHONPATH} /usr/bin/python3 setup.py egg_info --egg-base ../../build/py_pubsub build --build-base /home/yan/camps_ws/build/py_pubsub/build install --prefix /home/yan/camps_ws/install/py_pubsub --record /home/yan/camps_ws/build/py_pubsub/install.log --single-version-externally-managed
[3.782s] running egg_info
[3.786s] writing ../../build/py_pubsub/py_pubsub.egg-info/PKG-INFO
[3.789s] writing dependency_links to ../../build/py_pubsub/py_pubsub.egg-info/dependency_links.txt
[3.792s] writing entry points to ../../build/py_pubsub/py_pubsub.egg-info/entry_points.txt
[3.794s] writing requirements to ../../build/py_pubsub/py_pubsub.egg-info/requires.txt
[3.795s] writing top-level names to ../../build/py_pubsub/py_pubsub.egg-info/top_level.txt
[4.063s] reading manifest file '../../build/py_pubsub/py_pubsub.egg-info/SOURCES.txt'
[4.071s] writing manifest file '../../build/py_pubsub/py_pubsub.egg-info/SOURCES.txt'
[4.079s] running build
[4.080s] running build_py
[4.081s] copying py_pubsub/csvtojpeg.py -> /home/yan/camps_ws/build/py_pubsub/build/lib/py_pubsub
[4.082s] running install
[4.083s] running install_lib
[4.085s] copying /home/yan/camps_ws/build/py_pubsub/build/lib/py_pubsub/csvtojpeg.py -> /home/yan/camps_ws/install/py_pubsub/lib/python3.6/site-packages/py_pubsub
[4.092s] byte-compiling /home/yan/camps_ws/install/py_pubsub/lib/python3.6/site-packages/py_pubsub/csvtojpeg.py to csvtojpeg.cpython-36.pyc
[4.096s] running install_data
[4.099s] running install_egg_info
[4.113s] removing '/home/yan/camps_ws/install/py_pubsub/lib/python3.6/site-packages/py_pubsub-0.0.0-py3.6.egg-info' (and everything under it)
[4.115s] Copying ../../build/py_pubsub/py_pubsub.egg-info to /home/yan/camps_ws/install/py_pubsub/lib/python3.6/site-packages/py_pubsub-0.0.0-py3.6.egg-info
[4.122s] running install_scripts
[4.251s] Installing color script to /home/yan/camps_ws/install/py_pubsub/lib/py_pubsub
[4.253s] Installing csvtojpeg script to /home/yan/camps_ws/install/py_pubsub/lib/py_pubsub
[4.256s] Installing depth script to /home/yan/camps_ws/install/py_pubsub/lib/py_pubsub
[4.259s] Installing infra1 script to /home/yan/camps_ws/install/py_pubsub/lib/py_pubsub
[4.260s] Installing infra2 script to /home/yan/camps_ws/install/py_pubsub/lib/py_pubsub
[4.264s] Installing listener script to /home/yan/camps_ws/install/py_pubsub/lib/py_pubsub
[4.265s] Installing onesensor script to /home/yan/camps_ws/install/py_pubsub/lib/py_pubsub
[4.269s] Installing point script to /home/yan/camps_ws/install/py_pubsub/lib/py_pubsub
[4.272s] Installing talker script to /home/yan/camps_ws/install/py_pubsub/lib/py_pubsub
[4.274s] Installing timed script to /home/yan/camps_ws/install/py_pubsub/lib/py_pubsub
[4.275s] Installing twice script to /home/yan/camps_ws/install/py_pubsub/lib/py_pubsub
[4.277s] writing list of installed files to '/home/yan/camps_ws/build/py_pubsub/install.log'
[4.409s] Invoked command in '/home/yan/camps_ws/src/py_pubsub' returned '0': PYTHONPATH=/home/yan/camps_ws/install/py_pubsub/lib/python3.6/site-packages:${PYTHONPATH} /usr/bin/python3 setup.py egg_info --egg-base ../../build/py_pubsub build --build-base /home/yan/camps_ws/build/py_pubsub/build install --prefix /home/yan/camps_ws/install/py_pubsub --record /home/yan/camps_ws/build/py_pubsub/install.log --single-version-externally-managed
