[1.687s] Invoking command in '/home/yan/camps_ws/src/py_pubsub': PYTHONPATH=/home/yan/camps_ws/install/py_pubsub/lib/python3.6/site-packages:${PYTHONPATH} /usr/bin/python3 setup.py egg_info --egg-base ../../build/py_pubsub build --build-base /home/yan/camps_ws/build/py_pubsub/build install --prefix /home/yan/camps_ws/install/py_pubsub --record /home/yan/camps_ws/build/py_pubsub/install.log --single-version-externally-managed
[3.202s] running egg_info
[3.206s] writing ../../build/py_pubsub/py_pubsub.egg-info/PKG-INFO
[3.206s] writing dependency_links to ../../build/py_pubsub/py_pubsub.egg-info/dependency_links.txt
[3.208s] writing entry points to ../../build/py_pubsub/py_pubsub.egg-info/entry_points.txt
[3.209s] writing requirements to ../../build/py_pubsub/py_pubsub.egg-info/requires.txt
[3.209s] writing top-level names to ../../build/py_pubsub/py_pubsub.egg-info/top_level.txt
[3.445s] reading manifest file '../../build/py_pubsub/py_pubsub.egg-info/SOURCES.txt'
[3.454s] writing manifest file '../../build/py_pubsub/py_pubsub.egg-info/SOURCES.txt'
[3.455s] running build
[3.455s] running build_py
[3.456s] copying py_pubsub/subscriber_member_function_point.py -> /home/yan/camps_ws/build/py_pubsub/build/lib/py_pubsub
[3.457s] copying py_pubsub/subscriber_member_function_timed.py -> /home/yan/camps_ws/build/py_pubsub/build/lib/py_pubsub
[3.462s] running install
[3.465s] running install_lib
[3.471s] copying /home/yan/camps_ws/build/py_pubsub/build/lib/py_pubsub/subscriber_member_function_point.py -> /home/yan/camps_ws/install/py_pubsub/lib/python3.6/site-packages/py_pubsub
[3.472s] copying /home/yan/camps_ws/build/py_pubsub/build/lib/py_pubsub/subscriber_member_function_timed.py -> /home/yan/camps_ws/install/py_pubsub/lib/python3.6/site-packages/py_pubsub
[3.476s] byte-compiling /home/yan/camps_ws/install/py_pubsub/lib/python3.6/site-packages/py_pubsub/subscriber_member_function_point.py to subscriber_member_function_point.cpython-36.pyc
[3.478s] byte-compiling /home/yan/camps_ws/install/py_pubsub/lib/python3.6/site-packages/py_pubsub/subscriber_member_function_timed.py to subscriber_member_function_timed.cpython-36.pyc
[3.482s] running install_data
[3.486s] running install_egg_info
[3.496s] removing '/home/yan/camps_ws/install/py_pubsub/lib/python3.6/site-packages/py_pubsub-0.0.0-py3.6.egg-info' (and everything under it)
[3.499s] Copying ../../build/py_pubsub/py_pubsub.egg-info to /home/yan/camps_ws/install/py_pubsub/lib/python3.6/site-packages/py_pubsub-0.0.0-py3.6.egg-info
[3.503s] running install_scripts
[3.610s] Installing color script to /home/yan/camps_ws/install/py_pubsub/lib/py_pubsub
[3.612s] Installing depth script to /home/yan/camps_ws/install/py_pubsub/lib/py_pubsub
[3.613s] Installing infra1 script to /home/yan/camps_ws/install/py_pubsub/lib/py_pubsub
[3.613s] Installing infra2 script to /home/yan/camps_ws/install/py_pubsub/lib/py_pubsub
[3.614s] Installing listener script to /home/yan/camps_ws/install/py_pubsub/lib/py_pubsub
[3.615s] Installing point script to /home/yan/camps_ws/install/py_pubsub/lib/py_pubsub
[3.615s] Installing talker script to /home/yan/camps_ws/install/py_pubsub/lib/py_pubsub
[3.616s] Installing timed script to /home/yan/camps_ws/install/py_pubsub/lib/py_pubsub
[3.616s] writing list of installed files to '/home/yan/camps_ws/build/py_pubsub/install.log'
[3.731s] Invoked command in '/home/yan/camps_ws/src/py_pubsub' returned '0': PYTHONPATH=/home/yan/camps_ws/install/py_pubsub/lib/python3.6/site-packages:${PYTHONPATH} /usr/bin/python3 setup.py egg_info --egg-base ../../build/py_pubsub build --build-base /home/yan/camps_ws/build/py_pubsub/build install --prefix /home/yan/camps_ws/install/py_pubsub --record /home/yan/camps_ws/build/py_pubsub/install.log --single-version-externally-managed
