[1.893s] Invoking command in '/home/yan/camps_ws/src/py_pubsub': PYTHONPATH=/home/yan/camps_ws/install/py_pubsub/lib/python3.6/site-packages:${PYTHONPATH} /usr/bin/python3 setup.py egg_info --egg-base ../../build/py_pubsub build --build-base /home/yan/camps_ws/build/py_pubsub/build install --prefix /home/yan/camps_ws/install/py_pubsub --record /home/yan/camps_ws/build/py_pubsub/install.log --single-version-externally-managed
[3.679s] running egg_info
[3.685s] writing ../../build/py_pubsub/py_pubsub.egg-info/PKG-INFO
[3.688s] writing dependency_links to ../../build/py_pubsub/py_pubsub.egg-info/dependency_links.txt
[3.689s] writing entry points to ../../build/py_pubsub/py_pubsub.egg-info/entry_points.txt
[3.690s] writing requirements to ../../build/py_pubsub/py_pubsub.egg-info/requires.txt
[3.691s] writing top-level names to ../../build/py_pubsub/py_pubsub.egg-info/top_level.txt
[3.895s] reading manifest file '../../build/py_pubsub/py_pubsub.egg-info/SOURCES.txt'
[3.902s] writing manifest file '../../build/py_pubsub/py_pubsub.egg-info/SOURCES.txt'
[3.903s] running build
[3.905s] running build_py
[3.924s] copying py_pubsub/subscriber_member_function.py -> /home/yan/camps_ws/build/py_pubsub/build/lib/py_pubsub
[3.930s] running install
[3.937s] running install_lib
[3.952s] copying /home/yan/camps_ws/build/py_pubsub/build/lib/py_pubsub/subscriber_member_function.py -> /home/yan/camps_ws/install/py_pubsub/lib/python3.6/site-packages/py_pubsub
[3.968s] byte-compiling /home/yan/camps_ws/install/py_pubsub/lib/python3.6/site-packages/py_pubsub/subscriber_member_function.py to subscriber_member_function.cpython-36.pyc
[3.971s] running install_data
[3.972s] running install_egg_info
[3.980s] removing '/home/yan/camps_ws/install/py_pubsub/lib/python3.6/site-packages/py_pubsub-0.0.0-py3.6.egg-info' (and everything under it)
[3.981s] Copying ../../build/py_pubsub/py_pubsub.egg-info to /home/yan/camps_ws/install/py_pubsub/lib/python3.6/site-packages/py_pubsub-0.0.0-py3.6.egg-info
[3.982s] running install_scripts
[4.054s] Installing color script to /home/yan/camps_ws/install/py_pubsub/lib/py_pubsub
[4.056s] Installing depth script to /home/yan/camps_ws/install/py_pubsub/lib/py_pubsub
[4.062s] Installing infra1 script to /home/yan/camps_ws/install/py_pubsub/lib/py_pubsub
[4.063s] Installing infra2 script to /home/yan/camps_ws/install/py_pubsub/lib/py_pubsub
[4.065s] Installing listener script to /home/yan/camps_ws/install/py_pubsub/lib/py_pubsub
[4.071s] Installing point script to /home/yan/camps_ws/install/py_pubsub/lib/py_pubsub
[4.072s] Installing talker script to /home/yan/camps_ws/install/py_pubsub/lib/py_pubsub
[4.074s] Installing timed script to /home/yan/camps_ws/install/py_pubsub/lib/py_pubsub
[4.079s] Installing twice script to /home/yan/camps_ws/install/py_pubsub/lib/py_pubsub
[4.082s] writing list of installed files to '/home/yan/camps_ws/build/py_pubsub/install.log'
[4.168s] Invoked command in '/home/yan/camps_ws/src/py_pubsub' returned '0': PYTHONPATH=/home/yan/camps_ws/install/py_pubsub/lib/python3.6/site-packages:${PYTHONPATH} /usr/bin/python3 setup.py egg_info --egg-base ../../build/py_pubsub build --build-base /home/yan/camps_ws/build/py_pubsub/build install --prefix /home/yan/camps_ws/install/py_pubsub --record /home/yan/camps_ws/build/py_pubsub/install.log --single-version-externally-managed
