[2.054s] Invoking command in '/home/yan/camps_ws/src/py_pubsub': PYTHONPATH=/home/yan/camps_ws/install/py_pubsub/lib/python3.6/site-packages:${PYTHONPATH} /usr/bin/python3 setup.py egg_info --egg-base ../../build/py_pubsub build --build-base /home/yan/camps_ws/build/py_pubsub/build install --prefix /home/yan/camps_ws/install/py_pubsub --record /home/yan/camps_ws/build/py_pubsub/install.log --single-version-externally-managed
[3.779s] running egg_info
[3.784s] writing ../../build/py_pubsub/py_pubsub.egg-info/PKG-INFO
[3.785s] writing dependency_links to ../../build/py_pubsub/py_pubsub.egg-info/dependency_links.txt
[3.788s] writing entry points to ../../build/py_pubsub/py_pubsub.egg-info/entry_points.txt
[3.789s] writing requirements to ../../build/py_pubsub/py_pubsub.egg-info/requires.txt
[3.790s] writing top-level names to ../../build/py_pubsub/py_pubsub.egg-info/top_level.txt
[4.010s] reading manifest file '../../build/py_pubsub/py_pubsub.egg-info/SOURCES.txt'
[4.020s] writing manifest file '../../build/py_pubsub/py_pubsub.egg-info/SOURCES.txt'
[4.021s] running build
[4.021s] running build_py
[4.022s] copying py_pubsub/subscriber_member_function_timed.py -> /home/yan/camps_ws/build/py_pubsub/build/lib/py_pubsub
[4.026s] running install
[4.029s] running install_lib
[4.034s] copying /home/yan/camps_ws/build/py_pubsub/build/lib/py_pubsub/subscriber_member_function_timed.py -> /home/yan/camps_ws/install/py_pubsub/lib/python3.6/site-packages/py_pubsub
[4.043s] byte-compiling /home/yan/camps_ws/install/py_pubsub/lib/python3.6/site-packages/py_pubsub/subscriber_member_function_timed.py to subscriber_member_function_timed.cpython-36.pyc
[4.050s] running install_data
[4.053s] running install_egg_info
[4.062s] removing '/home/yan/camps_ws/install/py_pubsub/lib/python3.6/site-packages/py_pubsub-0.0.0-py3.6.egg-info' (and everything under it)
[4.063s] Copying ../../build/py_pubsub/py_pubsub.egg-info to /home/yan/camps_ws/install/py_pubsub/lib/python3.6/site-packages/py_pubsub-0.0.0-py3.6.egg-info
[4.068s] running install_scripts
[4.191s] Installing color script to /home/yan/camps_ws/install/py_pubsub/lib/py_pubsub
[4.193s] Installing depth script to /home/yan/camps_ws/install/py_pubsub/lib/py_pubsub
[4.194s] Installing infra1 script to /home/yan/camps_ws/install/py_pubsub/lib/py_pubsub
[4.195s] Installing infra2 script to /home/yan/camps_ws/install/py_pubsub/lib/py_pubsub
[4.196s] Installing listener script to /home/yan/camps_ws/install/py_pubsub/lib/py_pubsub
[4.197s] Installing onesensor script to /home/yan/camps_ws/install/py_pubsub/lib/py_pubsub
[4.198s] Installing point script to /home/yan/camps_ws/install/py_pubsub/lib/py_pubsub
[4.200s] Installing talker script to /home/yan/camps_ws/install/py_pubsub/lib/py_pubsub
[4.201s] Installing timed script to /home/yan/camps_ws/install/py_pubsub/lib/py_pubsub
[4.202s] Installing twice script to /home/yan/camps_ws/install/py_pubsub/lib/py_pubsub
[4.204s] writing list of installed files to '/home/yan/camps_ws/build/py_pubsub/install.log'
[4.352s] Invoked command in '/home/yan/camps_ws/src/py_pubsub' returned '0': PYTHONPATH=/home/yan/camps_ws/install/py_pubsub/lib/python3.6/site-packages:${PYTHONPATH} /usr/bin/python3 setup.py egg_info --egg-base ../../build/py_pubsub build --build-base /home/yan/camps_ws/build/py_pubsub/build install --prefix /home/yan/camps_ws/install/py_pubsub --record /home/yan/camps_ws/build/py_pubsub/install.log --single-version-externally-managed
