[2.301s] Invoking command in '/home/yan/camps_ws/src/py_pubsub': PYTHONPATH=/home/yan/camps_ws/install/py_pubsub/lib/python3.6/site-packages:${PYTHONPATH} /usr/bin/python3 setup.py egg_info --egg-base ../../build/py_pubsub build --build-base /home/yan/camps_ws/build/py_pubsub/build install --prefix /home/yan/camps_ws/install/py_pubsub --record /home/yan/camps_ws/build/py_pubsub/install.log --single-version-externally-managed
[4.457s] running egg_info
[4.464s] writing ../../build/py_pubsub/py_pubsub.egg-info/PKG-INFO
[4.465s] writing dependency_links to ../../build/py_pubsub/py_pubsub.egg-info/dependency_links.txt
[4.465s] writing entry points to ../../build/py_pubsub/py_pubsub.egg-info/entry_points.txt
[4.466s] writing requirements to ../../build/py_pubsub/py_pubsub.egg-info/requires.txt
[4.467s] writing top-level names to ../../build/py_pubsub/py_pubsub.egg-info/top_level.txt
[4.769s] reading manifest file '../../build/py_pubsub/py_pubsub.egg-info/SOURCES.txt'
[4.778s] writing manifest file '../../build/py_pubsub/py_pubsub.egg-info/SOURCES.txt'
[4.779s] running build
[4.781s] running build_py
[4.782s] copying py_pubsub/subscriber_member_function_timed.py -> /home/yan/camps_ws/build/py_pubsub/build/lib/py_pubsub
[4.786s] running install
[4.788s] running install_lib
[4.795s] copying /home/yan/camps_ws/build/py_pubsub/build/lib/py_pubsub/subscriber_member_function_timed.py -> /home/yan/camps_ws/install/py_pubsub/lib/python3.6/site-packages/py_pubsub
[4.800s] byte-compiling /home/yan/camps_ws/install/py_pubsub/lib/python3.6/site-packages/py_pubsub/subscriber_member_function_timed.py to subscriber_member_function_timed.cpython-36.pyc
[4.806s] running install_data
[4.809s] running install_egg_info
[4.818s] removing '/home/yan/camps_ws/install/py_pubsub/lib/python3.6/site-packages/py_pubsub-0.0.0-py3.6.egg-info' (and everything under it)
[4.820s] Copying ../../build/py_pubsub/py_pubsub.egg-info to /home/yan/camps_ws/install/py_pubsub/lib/python3.6/site-packages/py_pubsub-0.0.0-py3.6.egg-info
[4.831s] running install_scripts
[4.966s] Installing color script to /home/yan/camps_ws/install/py_pubsub/lib/py_pubsub
[4.967s] Installing depth script to /home/yan/camps_ws/install/py_pubsub/lib/py_pubsub
[4.968s] Installing infra1 script to /home/yan/camps_ws/install/py_pubsub/lib/py_pubsub
[4.969s] Installing infra2 script to /home/yan/camps_ws/install/py_pubsub/lib/py_pubsub
[4.976s] Installing listener script to /home/yan/camps_ws/install/py_pubsub/lib/py_pubsub
[4.977s] Installing onesensor script to /home/yan/camps_ws/install/py_pubsub/lib/py_pubsub
[4.978s] Installing point script to /home/yan/camps_ws/install/py_pubsub/lib/py_pubsub
[4.978s] Installing talker script to /home/yan/camps_ws/install/py_pubsub/lib/py_pubsub
[4.979s] Installing timed script to /home/yan/camps_ws/install/py_pubsub/lib/py_pubsub
[4.980s] Installing twice script to /home/yan/camps_ws/install/py_pubsub/lib/py_pubsub
[4.982s] writing list of installed files to '/home/yan/camps_ws/build/py_pubsub/install.log'
[5.138s] Invoked command in '/home/yan/camps_ws/src/py_pubsub' returned '0': PYTHONPATH=/home/yan/camps_ws/install/py_pubsub/lib/python3.6/site-packages:${PYTHONPATH} /usr/bin/python3 setup.py egg_info --egg-base ../../build/py_pubsub build --build-base /home/yan/camps_ws/build/py_pubsub/build install --prefix /home/yan/camps_ws/install/py_pubsub --record /home/yan/camps_ws/build/py_pubsub/install.log --single-version-externally-managed
