[1.860s] Invoking command in '/home/yan/camps_ws/src/py_pubsub': PYTHONPATH=/home/yan/camps_ws/install/py_pubsub/lib/python3.6/site-packages:${PYTHONPATH} /usr/bin/python3 setup.py egg_info --egg-base ../../build/py_pubsub build --build-base /home/yan/camps_ws/build/py_pubsub/build install --prefix /home/yan/camps_ws/install/py_pubsub --record /home/yan/camps_ws/build/py_pubsub/install.log --single-version-externally-managed
[3.767s] running egg_info
[3.772s] writing ../../build/py_pubsub/py_pubsub.egg-info/PKG-INFO
[3.776s] writing dependency_links to ../../build/py_pubsub/py_pubsub.egg-info/dependency_links.txt
[3.779s] writing entry points to ../../build/py_pubsub/py_pubsub.egg-info/entry_points.txt
[3.781s] writing requirements to ../../build/py_pubsub/py_pubsub.egg-info/requires.txt
[3.783s] writing top-level names to ../../build/py_pubsub/py_pubsub.egg-info/top_level.txt
[4.005s] reading manifest file '../../build/py_pubsub/py_pubsub.egg-info/SOURCES.txt'
[4.014s] writing manifest file '../../build/py_pubsub/py_pubsub.egg-info/SOURCES.txt'
[4.017s] running build
[4.019s] running build_py
[4.023s] copying py_pubsub/subscriber_member_function.py -> /home/yan/camps_ws/build/py_pubsub/build/lib/py_pubsub
[4.027s] running install
[4.029s] running install_lib
[4.035s] copying /home/yan/camps_ws/build/py_pubsub/build/lib/py_pubsub/subscriber_member_function.py -> /home/yan/camps_ws/install/py_pubsub/lib/python3.6/site-packages/py_pubsub
[4.040s] byte-compiling /home/yan/camps_ws/install/py_pubsub/lib/python3.6/site-packages/py_pubsub/subscriber_member_function.py to subscriber_member_function.cpython-36.pyc
[4.045s] running install_data
[4.047s] running install_egg_info
[4.057s] removing '/home/yan/camps_ws/install/py_pubsub/lib/python3.6/site-packages/py_pubsub-0.0.0-py3.6.egg-info' (and everything under it)
[4.059s] Copying ../../build/py_pubsub/py_pubsub.egg-info to /home/yan/camps_ws/install/py_pubsub/lib/python3.6/site-packages/py_pubsub-0.0.0-py3.6.egg-info
[4.064s] running install_scripts
[4.171s] Installing color script to /home/yan/camps_ws/install/py_pubsub/lib/py_pubsub
[4.173s] Installing depth script to /home/yan/camps_ws/install/py_pubsub/lib/py_pubsub
[4.174s] Installing infra1 script to /home/yan/camps_ws/install/py_pubsub/lib/py_pubsub
[4.177s] Installing infra2 script to /home/yan/camps_ws/install/py_pubsub/lib/py_pubsub
[4.177s] Installing listener script to /home/yan/camps_ws/install/py_pubsub/lib/py_pubsub
[4.178s] Installing point script to /home/yan/camps_ws/install/py_pubsub/lib/py_pubsub
[4.178s] Installing talker script to /home/yan/camps_ws/install/py_pubsub/lib/py_pubsub
[4.179s] Installing timed script to /home/yan/camps_ws/install/py_pubsub/lib/py_pubsub
[4.180s] Installing twice script to /home/yan/camps_ws/install/py_pubsub/lib/py_pubsub
[4.181s] writing list of installed files to '/home/yan/camps_ws/build/py_pubsub/install.log'
[4.300s] Invoked command in '/home/yan/camps_ws/src/py_pubsub' returned '0': PYTHONPATH=/home/yan/camps_ws/install/py_pubsub/lib/python3.6/site-packages:${PYTHONPATH} /usr/bin/python3 setup.py egg_info --egg-base ../../build/py_pubsub build --build-base /home/yan/camps_ws/build/py_pubsub/build install --prefix /home/yan/camps_ws/install/py_pubsub --record /home/yan/camps_ws/build/py_pubsub/install.log --single-version-externally-managed
