[1.972s] Invoking command in '/home/yan/camps_ws/src/py_pubsub': PYTHONPATH=/home/yan/camps_ws/install/py_pubsub/lib/python3.6/site-packages:${PYTHONPATH} /usr/bin/python3 setup.py egg_info --egg-base ../../build/py_pubsub build --build-base /home/yan/camps_ws/build/py_pubsub/build install --prefix /home/yan/camps_ws/install/py_pubsub --record /home/yan/camps_ws/build/py_pubsub/install.log --single-version-externally-managed
[4.063s] running egg_info
[4.067s] writing ../../build/py_pubsub/py_pubsub.egg-info/PKG-INFO
[4.069s] writing dependency_links to ../../build/py_pubsub/py_pubsub.egg-info/dependency_links.txt
[4.070s] writing entry points to ../../build/py_pubsub/py_pubsub.egg-info/entry_points.txt
[4.072s] writing requirements to ../../build/py_pubsub/py_pubsub.egg-info/requires.txt
[4.073s] writing top-level names to ../../build/py_pubsub/py_pubsub.egg-info/top_level.txt
[4.371s] reading manifest file '../../build/py_pubsub/py_pubsub.egg-info/SOURCES.txt'
[4.381s] writing manifest file '../../build/py_pubsub/py_pubsub.egg-info/SOURCES.txt'
[4.382s] running build
[4.383s] running build_py
[4.385s] copying py_pubsub/subscriber_member_function_point.py -> /home/yan/camps_ws/build/py_pubsub/build/lib/py_pubsub
[4.389s] copying py_pubsub/subscriber_member_function_timed.py -> /home/yan/camps_ws/build/py_pubsub/build/lib/py_pubsub
[4.396s] running install
[4.398s] running install_lib
[4.405s] copying /home/yan/camps_ws/build/py_pubsub/build/lib/py_pubsub/subscriber_member_function_point.py -> /home/yan/camps_ws/install/py_pubsub/lib/python3.6/site-packages/py_pubsub
[4.406s] copying /home/yan/camps_ws/build/py_pubsub/build/lib/py_pubsub/subscriber_member_function_timed.py -> /home/yan/camps_ws/install/py_pubsub/lib/python3.6/site-packages/py_pubsub
[4.416s] byte-compiling /home/yan/camps_ws/install/py_pubsub/lib/python3.6/site-packages/py_pubsub/subscriber_member_function_point.py to subscriber_member_function_point.cpython-36.pyc
[4.418s] byte-compiling /home/yan/camps_ws/install/py_pubsub/lib/python3.6/site-packages/py_pubsub/subscriber_member_function_timed.py to subscriber_member_function_timed.cpython-36.pyc
[4.425s] running install_data
[4.431s] running install_egg_info
[4.443s] removing '/home/yan/camps_ws/install/py_pubsub/lib/python3.6/site-packages/py_pubsub-0.0.0-py3.6.egg-info' (and everything under it)
[4.444s] Copying ../../build/py_pubsub/py_pubsub.egg-info to /home/yan/camps_ws/install/py_pubsub/lib/python3.6/site-packages/py_pubsub-0.0.0-py3.6.egg-info
[4.451s] running install_scripts
[4.601s] Installing color script to /home/yan/camps_ws/install/py_pubsub/lib/py_pubsub
[4.604s] Installing depth script to /home/yan/camps_ws/install/py_pubsub/lib/py_pubsub
[4.607s] Installing infra1 script to /home/yan/camps_ws/install/py_pubsub/lib/py_pubsub
[4.614s] Installing infra2 script to /home/yan/camps_ws/install/py_pubsub/lib/py_pubsub
[4.615s] Installing listener script to /home/yan/camps_ws/install/py_pubsub/lib/py_pubsub
[4.615s] Installing onesensor script to /home/yan/camps_ws/install/py_pubsub/lib/py_pubsub
[4.624s] Installing point script to /home/yan/camps_ws/install/py_pubsub/lib/py_pubsub
[4.625s] Installing talker script to /home/yan/camps_ws/install/py_pubsub/lib/py_pubsub
[4.626s] Installing timed script to /home/yan/camps_ws/install/py_pubsub/lib/py_pubsub
[4.628s] Installing twice script to /home/yan/camps_ws/install/py_pubsub/lib/py_pubsub
[4.635s] writing list of installed files to '/home/yan/camps_ws/build/py_pubsub/install.log'
[4.760s] Invoked command in '/home/yan/camps_ws/src/py_pubsub' returned '0': PYTHONPATH=/home/yan/camps_ws/install/py_pubsub/lib/python3.6/site-packages:${PYTHONPATH} /usr/bin/python3 setup.py egg_info --egg-base ../../build/py_pubsub build --build-base /home/yan/camps_ws/build/py_pubsub/build install --prefix /home/yan/camps_ws/install/py_pubsub --record /home/yan/camps_ws/build/py_pubsub/install.log --single-version-externally-managed
