[1.363s] Invoking command in '/home/yan/camps_ws/src/py_pubsub': PYTHONPATH=/home/yan/camps_ws/install/py_pubsub/lib/python3.6/site-packages:${PYTHONPATH} /usr/bin/python3 setup.py egg_info --egg-base ../../build/py_pubsub build --build-base /home/yan/camps_ws/build/py_pubsub/build install --prefix /home/yan/camps_ws/install/py_pubsub --record /home/yan/camps_ws/build/py_pubsub/install.log --single-version-externally-managed
[2.551s] running egg_info
[2.554s] writing ../../build/py_pubsub/py_pubsub.egg-info/PKG-INFO
[2.555s] writing dependency_links to ../../build/py_pubsub/py_pubsub.egg-info/dependency_links.txt
[2.556s] writing entry points to ../../build/py_pubsub/py_pubsub.egg-info/entry_points.txt
[2.557s] writing requirements to ../../build/py_pubsub/py_pubsub.egg-info/requires.txt
[2.558s] writing top-level names to ../../build/py_pubsub/py_pubsub.egg-info/top_level.txt
[2.754s] reading manifest file '../../build/py_pubsub/py_pubsub.egg-info/SOURCES.txt'
[2.761s] writing manifest file '../../build/py_pubsub/py_pubsub.egg-info/SOURCES.txt'
[2.762s] running build
[2.763s] running build_py
[2.764s] copying py_pubsub/csvtojpeg.py -> /home/yan/camps_ws/build/py_pubsub/build/lib/py_pubsub
[2.765s] running install
[2.767s] running install_lib
[2.772s] copying /home/yan/camps_ws/build/py_pubsub/build/lib/py_pubsub/csvtojpeg.py -> /home/yan/camps_ws/install/py_pubsub/lib/python3.6/site-packages/py_pubsub
[2.777s] byte-compiling /home/yan/camps_ws/install/py_pubsub/lib/python3.6/site-packages/py_pubsub/csvtojpeg.py to csvtojpeg.cpython-36.pyc
[2.779s] running install_data
[2.782s] running install_egg_info
[2.791s] removing '/home/yan/camps_ws/install/py_pubsub/lib/python3.6/site-packages/py_pubsub-0.0.0-py3.6.egg-info' (and everything under it)
[2.793s] Copying ../../build/py_pubsub/py_pubsub.egg-info to /home/yan/camps_ws/install/py_pubsub/lib/python3.6/site-packages/py_pubsub-0.0.0-py3.6.egg-info
[2.798s] running install_scripts
[2.892s] Installing color script to /home/yan/camps_ws/install/py_pubsub/lib/py_pubsub
[2.894s] Installing csvtojpeg script to /home/yan/camps_ws/install/py_pubsub/lib/py_pubsub
[2.894s] Installing depth script to /home/yan/camps_ws/install/py_pubsub/lib/py_pubsub
[2.895s] Installing infra1 script to /home/yan/camps_ws/install/py_pubsub/lib/py_pubsub
[2.897s] Installing infra2 script to /home/yan/camps_ws/install/py_pubsub/lib/py_pubsub
[2.897s] Installing listener script to /home/yan/camps_ws/install/py_pubsub/lib/py_pubsub
[2.898s] Installing onesensor script to /home/yan/camps_ws/install/py_pubsub/lib/py_pubsub
[2.899s] Installing point script to /home/yan/camps_ws/install/py_pubsub/lib/py_pubsub
[2.899s] Installing talker script to /home/yan/camps_ws/install/py_pubsub/lib/py_pubsub
[2.900s] Installing timed script to /home/yan/camps_ws/install/py_pubsub/lib/py_pubsub
[2.901s] Installing twice script to /home/yan/camps_ws/install/py_pubsub/lib/py_pubsub
[2.901s] writing list of installed files to '/home/yan/camps_ws/build/py_pubsub/install.log'
[3.011s] Invoked command in '/home/yan/camps_ws/src/py_pubsub' returned '0': PYTHONPATH=/home/yan/camps_ws/install/py_pubsub/lib/python3.6/site-packages:${PYTHONPATH} /usr/bin/python3 setup.py egg_info --egg-base ../../build/py_pubsub build --build-base /home/yan/camps_ws/build/py_pubsub/build install --prefix /home/yan/camps_ws/install/py_pubsub --record /home/yan/camps_ws/build/py_pubsub/install.log --single-version-externally-managed
