[2.401s] Invoking command in '/home/yan/camps_ws/src/py_pubsub': PYTHONPATH=/home/yan/camps_ws/install/py_pubsub/lib/python3.6/site-packages:${PYTHONPATH} /usr/bin/python3 setup.py egg_info --egg-base ../../build/py_pubsub build --build-base /home/yan/camps_ws/build/py_pubsub/build install --prefix /home/yan/camps_ws/install/py_pubsub --record /home/yan/camps_ws/build/py_pubsub/install.log --single-version-externally-managed
[4.274s] running egg_info
[4.278s] writing ../../build/py_pubsub/py_pubsub.egg-info/PKG-INFO
[4.282s] writing dependency_links to ../../build/py_pubsub/py_pubsub.egg-info/dependency_links.txt
[4.283s] writing entry points to ../../build/py_pubsub/py_pubsub.egg-info/entry_points.txt
[4.284s] writing requirements to ../../build/py_pubsub/py_pubsub.egg-info/requires.txt
[4.285s] writing top-level names to ../../build/py_pubsub/py_pubsub.egg-info/top_level.txt
[4.567s] reading manifest file '../../build/py_pubsub/py_pubsub.egg-info/SOURCES.txt'
[4.575s] writing manifest file '../../build/py_pubsub/py_pubsub.egg-info/SOURCES.txt'
[4.575s] running build
[4.576s] running build_py
[4.590s] copying py_pubsub/subscriber_member_function_timed.py -> /home/yan/camps_ws/build/py_pubsub/build/lib/py_pubsub
[4.591s] copying py_pubsub/subscriber_member_function_timed_orig.py -> /home/yan/camps_ws/build/py_pubsub/build/lib/py_pubsub
[4.593s] running install
[4.595s] running install_lib
[4.626s] copying /home/yan/camps_ws/build/py_pubsub/build/lib/py_pubsub/subscriber_member_function_timed.py -> /home/yan/camps_ws/install/py_pubsub/lib/python3.6/site-packages/py_pubsub
[4.628s] copying /home/yan/camps_ws/build/py_pubsub/build/lib/py_pubsub/subscriber_member_function_timed_orig.py -> /home/yan/camps_ws/install/py_pubsub/lib/python3.6/site-packages/py_pubsub
[4.646s] byte-compiling /home/yan/camps_ws/install/py_pubsub/lib/python3.6/site-packages/py_pubsub/subscriber_member_function_timed.py to subscriber_member_function_timed.cpython-36.pyc
[4.648s] byte-compiling /home/yan/camps_ws/install/py_pubsub/lib/python3.6/site-packages/py_pubsub/subscriber_member_function_timed_orig.py to subscriber_member_function_timed_orig.cpython-36.pyc
[4.649s]   File "/home/yan/camps_ws/install/py_pubsub/lib/python3.6/site-packages/py_pubsub/subscriber_member_function_timed.py", line 36
[4.651s]     self.callback_group = ReentrantCallbackGroup()
[4.652s]     ^
[4.656s] SyntaxError: keyword can't be an expression
[4.656s] 
[4.657s] running install_data
[4.698s] running install_egg_info
[4.711s] removing '/home/yan/camps_ws/install/py_pubsub/lib/python3.6/site-packages/py_pubsub-0.0.0-py3.6.egg-info' (and everything under it)
[4.717s] Copying ../../build/py_pubsub/py_pubsub.egg-info to /home/yan/camps_ws/install/py_pubsub/lib/python3.6/site-packages/py_pubsub-0.0.0-py3.6.egg-info
[4.720s] running install_scripts
[4.877s] Installing color script to /home/yan/camps_ws/install/py_pubsub/lib/py_pubsub
[4.885s] Installing depth script to /home/yan/camps_ws/install/py_pubsub/lib/py_pubsub
[4.887s] Installing infra1 script to /home/yan/camps_ws/install/py_pubsub/lib/py_pubsub
[4.890s] Installing infra2 script to /home/yan/camps_ws/install/py_pubsub/lib/py_pubsub
[4.893s] Installing listener script to /home/yan/camps_ws/install/py_pubsub/lib/py_pubsub
[4.894s] Installing point script to /home/yan/camps_ws/install/py_pubsub/lib/py_pubsub
[4.894s] Installing talker script to /home/yan/camps_ws/install/py_pubsub/lib/py_pubsub
[4.895s] Installing timed script to /home/yan/camps_ws/install/py_pubsub/lib/py_pubsub
[4.895s] Installing twice script to /home/yan/camps_ws/install/py_pubsub/lib/py_pubsub
[4.907s] writing list of installed files to '/home/yan/camps_ws/build/py_pubsub/install.log'
[5.045s] Invoked command in '/home/yan/camps_ws/src/py_pubsub' returned '0': PYTHONPATH=/home/yan/camps_ws/install/py_pubsub/lib/python3.6/site-packages:${PYTHONPATH} /usr/bin/python3 setup.py egg_info --egg-base ../../build/py_pubsub build --build-base /home/yan/camps_ws/build/py_pubsub/build install --prefix /home/yan/camps_ws/install/py_pubsub --record /home/yan/camps_ws/build/py_pubsub/install.log --single-version-externally-managed
