[2.512s] Invoking command in '/home/yan/camps_ws/src/py_pubsub': PYTHONPATH=/home/yan/camps_ws/install/py_pubsub/lib/python3.6/site-packages:${PYTHONPATH} /usr/bin/python3 setup.py egg_info --egg-base ../../build/py_pubsub build --build-base /home/yan/camps_ws/build/py_pubsub/build install --prefix /home/yan/camps_ws/install/py_pubsub --record /home/yan/camps_ws/build/py_pubsub/install.log --single-version-externally-managed
[5.742s] running egg_info
[5.747s] writing ../../build/py_pubsub/py_pubsub.egg-info/PKG-INFO
[5.748s] writing dependency_links to ../../build/py_pubsub/py_pubsub.egg-info/dependency_links.txt
[5.750s] writing entry points to ../../build/py_pubsub/py_pubsub.egg-info/entry_points.txt
[5.769s] writing requirements to ../../build/py_pubsub/py_pubsub.egg-info/requires.txt
[5.770s] writing top-level names to ../../build/py_pubsub/py_pubsub.egg-info/top_level.txt
[6.075s] reading manifest file '../../build/py_pubsub/py_pubsub.egg-info/SOURCES.txt'
[6.087s] writing manifest file '../../build/py_pubsub/py_pubsub.egg-info/SOURCES.txt'
[6.089s] running build
[6.090s] running build_py
[6.092s] copying py_pubsub/subscriber_member_function_point.py -> /home/yan/camps_ws/build/py_pubsub/build/lib/py_pubsub
[6.103s] running install
[6.107s] running install_lib
[6.118s] copying /home/yan/camps_ws/build/py_pubsub/build/lib/py_pubsub/subscriber_member_function_point.py -> /home/yan/camps_ws/install/py_pubsub/lib/python3.6/site-packages/py_pubsub
[6.125s] byte-compiling /home/yan/camps_ws/install/py_pubsub/lib/python3.6/site-packages/py_pubsub/subscriber_member_function_point.py to subscriber_member_function_point.cpython-36.pyc
[6.132s] running install_data
[6.137s] running install_egg_info
[6.150s] removing '/home/yan/camps_ws/install/py_pubsub/lib/python3.6/site-packages/py_pubsub-0.0.0-py3.6.egg-info' (and everything under it)
[6.156s] Copying ../../build/py_pubsub/py_pubsub.egg-info to /home/yan/camps_ws/install/py_pubsub/lib/python3.6/site-packages/py_pubsub-0.0.0-py3.6.egg-info
[6.170s] running install_scripts
[6.308s] Installing color script to /home/yan/camps_ws/install/py_pubsub/lib/py_pubsub
[6.311s] Installing depth script to /home/yan/camps_ws/install/py_pubsub/lib/py_pubsub
[6.312s] Installing infra1 script to /home/yan/camps_ws/install/py_pubsub/lib/py_pubsub
[6.313s] Installing infra2 script to /home/yan/camps_ws/install/py_pubsub/lib/py_pubsub
[6.316s] Installing listener script to /home/yan/camps_ws/install/py_pubsub/lib/py_pubsub
[6.318s] Installing onesensor script to /home/yan/camps_ws/install/py_pubsub/lib/py_pubsub
[6.321s] Installing point script to /home/yan/camps_ws/install/py_pubsub/lib/py_pubsub
[6.322s] Installing talker script to /home/yan/camps_ws/install/py_pubsub/lib/py_pubsub
[6.323s] Installing timed script to /home/yan/camps_ws/install/py_pubsub/lib/py_pubsub
[6.323s] Installing twice script to /home/yan/camps_ws/install/py_pubsub/lib/py_pubsub
[6.326s] writing list of installed files to '/home/yan/camps_ws/build/py_pubsub/install.log'
[6.471s] Invoked command in '/home/yan/camps_ws/src/py_pubsub' returned '0': PYTHONPATH=/home/yan/camps_ws/install/py_pubsub/lib/python3.6/site-packages:${PYTHONPATH} /usr/bin/python3 setup.py egg_info --egg-base ../../build/py_pubsub build --build-base /home/yan/camps_ws/build/py_pubsub/build install --prefix /home/yan/camps_ws/install/py_pubsub --record /home/yan/camps_ws/build/py_pubsub/install.log --single-version-externally-managed
