[2.005s] Invoking command in '/home/yan/camps_ws/src/py_pubsub': PYTHONPATH=/home/yan/camps_ws/install/py_pubsub/lib/python3.6/site-packages:${PYTHONPATH} /usr/bin/python3 setup.py egg_info --egg-base ../../build/py_pubsub build --build-base /home/yan/camps_ws/build/py_pubsub/build install --prefix /home/yan/camps_ws/install/py_pubsub --record /home/yan/camps_ws/build/py_pubsub/install.log --single-version-externally-managed
[3.752s] running egg_info
[3.755s] writing ../../build/py_pubsub/py_pubsub.egg-info/PKG-INFO
[3.756s] writing dependency_links to ../../build/py_pubsub/py_pubsub.egg-info/dependency_links.txt
[3.757s] writing entry points to ../../build/py_pubsub/py_pubsub.egg-info/entry_points.txt
[3.758s] writing requirements to ../../build/py_pubsub/py_pubsub.egg-info/requires.txt
[3.759s] writing top-level names to ../../build/py_pubsub/py_pubsub.egg-info/top_level.txt
[4.003s] reading manifest file '../../build/py_pubsub/py_pubsub.egg-info/SOURCES.txt'
[4.012s] writing manifest file '../../build/py_pubsub/py_pubsub.egg-info/SOURCES.txt'
[4.013s] running build
[4.014s] running build_py
[4.015s] copying py_pubsub/subscriber_member_function.py -> /home/yan/camps_ws/build/py_pubsub/build/lib/py_pubsub
[4.016s] running install
[4.019s] running install_lib
[4.025s] copying /home/yan/camps_ws/build/py_pubsub/build/lib/py_pubsub/subscriber_member_function.py -> /home/yan/camps_ws/install/py_pubsub/lib/python3.6/site-packages/py_pubsub
[4.028s] byte-compiling /home/yan/camps_ws/install/py_pubsub/lib/python3.6/site-packages/py_pubsub/subscriber_member_function.py to subscriber_member_function.cpython-36.pyc
[4.028s]   File "/home/yan/camps_ws/install/py_pubsub/lib/python3.6/site-packages/py_pubsub/subscriber_member_function.py", line 25
[4.029s]     except CvBridgeError, e:
[4.029s]                         ^
[4.030s] SyntaxError: invalid syntax
[4.031s] 
[4.031s] running install_data
[4.032s] running install_egg_info
[4.042s] removing '/home/yan/camps_ws/install/py_pubsub/lib/python3.6/site-packages/py_pubsub-0.0.0-py3.6.egg-info' (and everything under it)
[4.044s] Copying ../../build/py_pubsub/py_pubsub.egg-info to /home/yan/camps_ws/install/py_pubsub/lib/python3.6/site-packages/py_pubsub-0.0.0-py3.6.egg-info
[4.053s] running install_scripts
[4.174s] Installing listener script to /home/yan/camps_ws/install/py_pubsub/lib/py_pubsub
[4.176s] Installing talker script to /home/yan/camps_ws/install/py_pubsub/lib/py_pubsub
[4.179s] writing list of installed files to '/home/yan/camps_ws/build/py_pubsub/install.log'
[4.297s] Invoked command in '/home/yan/camps_ws/src/py_pubsub' returned '0': PYTHONPATH=/home/yan/camps_ws/install/py_pubsub/lib/python3.6/site-packages:${PYTHONPATH} /usr/bin/python3 setup.py egg_info --egg-base ../../build/py_pubsub build --build-base /home/yan/camps_ws/build/py_pubsub/build install --prefix /home/yan/camps_ws/install/py_pubsub --record /home/yan/camps_ws/build/py_pubsub/install.log --single-version-externally-managed
