[2.280s] DEBUG:colcon:Command line arguments: ['/usr/bin/colcon', 'build']
[2.281s] DEBUG:colcon:Parsed command line arguments: Namespace(ament_cmake_args=None, base_paths=['.'], build_base='build', catkin_cmake_args=None, catkin_skip_building_tests=False, cmake_args=None, cmake_clean_cache=False, cmake_clean_first=False, cmake_force_configure=False, cmake_target=None, cmake_target_skip_unavailable=False, continue_on_error=False, event_handlers=None, executor='parallel', ignore_user_meta=False, install_base='install', log_base=None, log_level=None, main=<bound method BuildVerb.main of <colcon_core.verb.build.BuildVerb object at 0x7fa5829470>>, merge_install=False, metas=['./colcon.meta'], packages_above=None, packages_above_and_dependencies=None, packages_above_depth=None, packages_end=None, packages_ignore=None, packages_ignore_regex=None, packages_select=None, packages_select_build_failed=False, packages_select_by_dep=None, packages_select_regex=None, packages_select_test_failures=False, packages_skip=None, packages_skip_build_finished=False, packages_skip_by_dep=None, packages_skip_regex=None, packages_skip_test_passed=False, packages_skip_up_to=None, packages_start=None, packages_up_to=None, packages_up_to_regex=None, parallel_workers=4, paths=None, symlink_install=False, test_result_base=None, verb_extension=<colcon_core.verb.build.BuildVerb object at 0x7fa5829470>, verb_name='build', verb_parser=<colcon_defaults.argument_parser.defaults.DefaultArgumentsDecorator object at 0x7fa58297b8>)
[2.366s] Level 1:colcon.colcon_core.package_discovery:discover_packages(colcon_meta) check parameters
[2.367s] Level 1:colcon.colcon_core.package_discovery:discover_packages(recursive) check parameters
[2.367s] Level 1:colcon.colcon_core.package_discovery:discover_packages(ignore) check parameters
[2.367s] Level 1:colcon.colcon_core.package_discovery:discover_packages(path) check parameters
[2.367s] Level 1:colcon.colcon_core.package_discovery:discover_packages(colcon_meta) discover
[2.370s] Level 1:colcon.colcon_core.package_discovery:discover_packages(recursive) discover
[2.371s] INFO:colcon.colcon_core.package_discovery:Crawling recursively for packages in '/home/yan/camps_ws'
[2.371s] Level 1:colcon.colcon_core.package_identification:_identify(.) by extensions ['ignore', 'ignore_ament_install']
[2.372s] Level 1:colcon.colcon_core.package_identification:_identify(.) by extension 'ignore'
[2.373s] Level 1:colcon.colcon_core.package_identification:_identify(.) by extension 'ignore_ament_install'
[2.373s] Level 1:colcon.colcon_core.package_identification:_identify(.) by extensions ['colcon_pkg']
[2.374s] Level 1:colcon.colcon_core.package_identification:_identify(.) by extension 'colcon_pkg'
[2.374s] Level 1:colcon.colcon_core.package_identification:_identify(.) by extensions ['colcon_meta']
[2.374s] Level 1:colcon.colcon_core.package_identification:_identify(.) by extension 'colcon_meta'
[2.375s] Level 1:colcon.colcon_core.package_identification:_identify(.) by extensions ['ros']
[2.375s] Level 1:colcon.colcon_core.package_identification:_identify(.) by extension 'ros'
[2.535s] Level 1:colcon.colcon_core.package_identification:_identify(.) by extensions ['cmake', 'python']
[2.536s] Level 1:colcon.colcon_core.package_identification:_identify(.) by extension 'cmake'
[2.537s] Level 1:colcon.colcon_core.package_identification:_identify(.) by extension 'python'
[2.537s] Level 1:colcon.colcon_core.package_identification:_identify(.) by extensions ['python_setup_py']
[2.538s] Level 1:colcon.colcon_core.package_identification:_identify(.) by extension 'python_setup_py'
[2.539s] Level 1:colcon.colcon_core.package_identification:_identify(build) by extensions ['ignore', 'ignore_ament_install']
[2.540s] Level 1:colcon.colcon_core.package_identification:_identify(build) by extension 'ignore'
[2.541s] Level 1:colcon.colcon_core.package_identification:_identify(build) ignored
[2.543s] Level 1:colcon.colcon_core.package_identification:_identify(install) by extensions ['ignore', 'ignore_ament_install']
[2.544s] Level 1:colcon.colcon_core.package_identification:_identify(install) by extension 'ignore'
[2.544s] Level 1:colcon.colcon_core.package_identification:_identify(install) ignored
[2.545s] Level 1:colcon.colcon_core.package_identification:_identify(log) by extensions ['ignore', 'ignore_ament_install']
[2.546s] Level 1:colcon.colcon_core.package_identification:_identify(log) by extension 'ignore'
[2.546s] Level 1:colcon.colcon_core.package_identification:_identify(log) ignored
[2.547s] Level 1:colcon.colcon_core.package_identification:_identify(src) by extensions ['ignore', 'ignore_ament_install']
[2.548s] Level 1:colcon.colcon_core.package_identification:_identify(src) by extension 'ignore'
[2.548s] Level 1:colcon.colcon_core.package_identification:_identify(src) by extension 'ignore_ament_install'
[2.549s] Level 1:colcon.colcon_core.package_identification:_identify(src) by extensions ['colcon_pkg']
[2.549s] Level 1:colcon.colcon_core.package_identification:_identify(src) by extension 'colcon_pkg'
[2.550s] Level 1:colcon.colcon_core.package_identification:_identify(src) by extensions ['colcon_meta']
[2.550s] Level 1:colcon.colcon_core.package_identification:_identify(src) by extension 'colcon_meta'
[2.550s] Level 1:colcon.colcon_core.package_identification:_identify(src) by extensions ['ros']
[2.551s] Level 1:colcon.colcon_core.package_identification:_identify(src) by extension 'ros'
[2.551s] Level 1:colcon.colcon_core.package_identification:_identify(src) by extensions ['cmake', 'python']
[2.552s] Level 1:colcon.colcon_core.package_identification:_identify(src) by extension 'cmake'
[2.552s] Level 1:colcon.colcon_core.package_identification:_identify(src) by extension 'python'
[2.553s] Level 1:colcon.colcon_core.package_identification:_identify(src) by extensions ['python_setup_py']
[2.553s] Level 1:colcon.colcon_core.package_identification:_identify(src) by extension 'python_setup_py'
[2.555s] Level 1:colcon.colcon_core.package_identification:_identify(src/py_pubsub) by extensions ['ignore', 'ignore_ament_install']
[2.555s] Level 1:colcon.colcon_core.package_identification:_identify(src/py_pubsub) by extension 'ignore'
[2.556s] Level 1:colcon.colcon_core.package_identification:_identify(src/py_pubsub) by extension 'ignore_ament_install'
[2.557s] Level 1:colcon.colcon_core.package_identification:_identify(src/py_pubsub) by extensions ['colcon_pkg']
[2.557s] Level 1:colcon.colcon_core.package_identification:_identify(src/py_pubsub) by extension 'colcon_pkg'
[2.557s] Level 1:colcon.colcon_core.package_identification:_identify(src/py_pubsub) by extensions ['colcon_meta']
[2.558s] Level 1:colcon.colcon_core.package_identification:_identify(src/py_pubsub) by extension 'colcon_meta'
[2.558s] Level 1:colcon.colcon_core.package_identification:_identify(src/py_pubsub) by extensions ['ros']
[2.558s] Level 1:colcon.colcon_core.package_identification:_identify(src/py_pubsub) by extension 'ros'
[2.577s] DEBUG:colcon.colcon_core.package_identification:Package 'src/py_pubsub' with type 'ros.ament_python' and name 'py_pubsub'
[2.578s] Level 1:colcon.colcon_core.package_discovery:discover_packages(recursive) using defaults
[2.580s] Level 1:colcon.colcon_core.package_discovery:discover_packages(ignore) discover
[2.582s] Level 1:colcon.colcon_core.package_discovery:discover_packages(ignore) using defaults
[2.582s] Level 1:colcon.colcon_core.package_discovery:discover_packages(path) discover
[2.583s] Level 1:colcon.colcon_core.package_discovery:discover_packages(path) using defaults
[2.850s] Level 5:colcon.colcon_core.verb:set package 'py_pubsub' build argument 'cmake_args' from command line to 'None'
[2.850s] Level 5:colcon.colcon_core.verb:set package 'py_pubsub' build argument 'cmake_target' from command line to 'None'
[2.850s] Level 5:colcon.colcon_core.verb:set package 'py_pubsub' build argument 'cmake_target_skip_unavailable' from command line to 'False'
[2.851s] Level 5:colcon.colcon_core.verb:set package 'py_pubsub' build argument 'cmake_clean_cache' from command line to 'False'
[2.851s] Level 5:colcon.colcon_core.verb:set package 'py_pubsub' build argument 'cmake_clean_first' from command line to 'False'
[2.851s] Level 5:colcon.colcon_core.verb:set package 'py_pubsub' build argument 'cmake_force_configure' from command line to 'False'
[2.853s] Level 5:colcon.colcon_core.verb:set package 'py_pubsub' build argument 'ament_cmake_args' from command line to 'None'
[2.853s] Level 5:colcon.colcon_core.verb:set package 'py_pubsub' build argument 'catkin_cmake_args' from command line to 'None'
[2.854s] Level 5:colcon.colcon_core.verb:set package 'py_pubsub' build argument 'catkin_skip_building_tests' from command line to 'False'
[2.856s] DEBUG:colcon.colcon_core.verb:Building package 'py_pubsub' with the following arguments: {'ament_cmake_args': None, 'build_base': '/home/yan/camps_ws/build/py_pubsub', 'catkin_cmake_args': None, 'catkin_skip_building_tests': False, 'cmake_args': None, 'cmake_clean_cache': False, 'cmake_clean_first': False, 'cmake_force_configure': False, 'cmake_target': None, 'cmake_target_skip_unavailable': False, 'install_base': '/home/yan/camps_ws/install/py_pubsub', 'merge_install': False, 'path': '/home/yan/camps_ws/src/py_pubsub', 'symlink_install': False, 'test_result_base': None}
[2.861s] INFO:colcon.colcon_core.executor:Executing jobs using 'parallel' executor
[2.890s] DEBUG:colcon.colcon_parallel_executor.executor.parallel:run_until_complete
[2.893s] INFO:colcon.colcon_ros.task.ament_python.build:Building ROS package in '/home/yan/camps_ws/src/py_pubsub' with build type 'ament_python'
[2.894s] Level 1:colcon.colcon_core.shell:create_environment_hook('py_pubsub', 'ament_prefix_path')
[2.932s] INFO:colcon.colcon_core.plugin_system:Skipping extension 'colcon_core.shell.bat': Not used on non-Windows systems
[2.933s] INFO:colcon.colcon_core.shell:Creating environment hook '/home/yan/camps_ws/install/py_pubsub/share/py_pubsub/hook/ament_prefix_path.ps1'
[2.943s] INFO:colcon.colcon_core.shell:Creating environment descriptor '/home/yan/camps_ws/install/py_pubsub/share/py_pubsub/hook/ament_prefix_path.dsv'
[2.947s] INFO:colcon.colcon_core.shell:Creating environment hook '/home/yan/camps_ws/install/py_pubsub/share/py_pubsub/hook/ament_prefix_path.sh'
[2.958s] INFO:colcon.colcon_core.shell:Skip shell extension 'powershell' for command environment: Not usable outside of PowerShell
[2.959s] DEBUG:colcon.colcon_core.shell:Skip shell extension 'dsv' for command environment
[3.003s] DEBUG:colcon.colcon_core.shell:Ignoring prefix path '/opt/ros/dashing'
[5.411s] INFO:colcon.colcon_core.task.python.build:Building Python package in '/home/yan/camps_ws/src/py_pubsub'
[5.418s] INFO:colcon.colcon_core.shell:Skip shell extension 'powershell' for command environment: Not usable outside of PowerShell
[5.419s] DEBUG:colcon.colcon_core.shell:Skip shell extension 'dsv' for command environment
[5.450s] DEBUG:colcon.colcon_core.shell:Ignoring prefix path '/opt/ros/dashing'
[5.501s] DEBUG:colcon.colcon_core.event_handler.log_command:Invoking command in '/home/yan/camps_ws/src/py_pubsub': PYTHONPATH=/home/yan/camps_ws/install/py_pubsub/lib/python3.6/site-packages:${PYTHONPATH} /usr/bin/python3 setup.py egg_info --egg-base ../../build/py_pubsub build --build-base /home/yan/camps_ws/build/py_pubsub/build install --prefix /home/yan/camps_ws/install/py_pubsub --record /home/yan/camps_ws/build/py_pubsub/install.log --single-version-externally-managed
[8.444s] DEBUG:colcon.colcon_core.event_handler.log_command:Invoked command in '/home/yan/camps_ws/src/py_pubsub' returned '0': PYTHONPATH=/home/yan/camps_ws/install/py_pubsub/lib/python3.6/site-packages:${PYTHONPATH} /usr/bin/python3 setup.py egg_info --egg-base ../../build/py_pubsub build --build-base /home/yan/camps_ws/build/py_pubsub/build install --prefix /home/yan/camps_ws/install/py_pubsub --record /home/yan/camps_ws/build/py_pubsub/install.log --single-version-externally-managed
[8.515s] Level 1:colcon.colcon_core.environment:checking '/home/yan/camps_ws/install/py_pubsub' for CMake module files
[8.522s] Level 1:colcon.colcon_core.environment:checking '/home/yan/camps_ws/install/py_pubsub' for CMake config files
[8.528s] Level 1:colcon.colcon_core.environment:checking '/home/yan/camps_ws/install/py_pubsub/lib'
[8.529s] Level 1:colcon.colcon_core.environment:checking '/home/yan/camps_ws/install/py_pubsub/bin'
[8.530s] Level 1:colcon.colcon_core.environment:checking '/home/yan/camps_ws/install/py_pubsub/lib/pkgconfig/py_pubsub.pc'
[8.530s] Level 1:colcon.colcon_core.environment:checking '/home/yan/camps_ws/install/py_pubsub/lib/python3.6/site-packages'
[8.531s] Level 1:colcon.colcon_core.shell:create_environment_hook('py_pubsub', 'pythonpath')
[8.536s] INFO:colcon.colcon_core.shell:Creating environment hook '/home/yan/camps_ws/install/py_pubsub/share/py_pubsub/hook/pythonpath.ps1'
[8.538s] INFO:colcon.colcon_core.shell:Creating environment descriptor '/home/yan/camps_ws/install/py_pubsub/share/py_pubsub/hook/pythonpath.dsv'
[8.542s] INFO:colcon.colcon_core.shell:Creating environment hook '/home/yan/camps_ws/install/py_pubsub/share/py_pubsub/hook/pythonpath.sh'
[8.544s] Level 1:colcon.colcon_core.environment:create_environment_scripts_only(py_pubsub)
[8.553s] INFO:colcon.colcon_core.shell:Creating package script '/home/yan/camps_ws/install/py_pubsub/share/py_pubsub/package.ps1'
[8.564s] INFO:colcon.colcon_core.shell:Creating package descriptor '/home/yan/camps_ws/install/py_pubsub/share/py_pubsub/package.dsv'
[8.572s] INFO:colcon.colcon_core.shell:Creating package script '/home/yan/camps_ws/install/py_pubsub/share/py_pubsub/package.sh'
[8.583s] INFO:colcon.colcon_core.shell:Creating package script '/home/yan/camps_ws/install/py_pubsub/share/py_pubsub/package.bash'
[8.593s] INFO:colcon.colcon_core.shell:Creating package script '/home/yan/camps_ws/install/py_pubsub/share/py_pubsub/package.zsh'
[8.600s] Level 1:colcon.colcon_core.environment:create_file_with_runtime_dependencies(/home/yan/camps_ws/install/py_pubsub/share/colcon-core/packages/py_pubsub)
[8.603s] DEBUG:colcon.colcon_parallel_executor.executor.parallel:closing loop
[8.607s] DEBUG:colcon.colcon_parallel_executor.executor.parallel:loop closed
[8.607s] DEBUG:colcon.colcon_parallel_executor.executor.parallel:run_until_complete finished with '0'
[8.608s] DEBUG:colcon.colcon_core.event_reactor:joining thread
[8.687s] INFO:colcon.colcon_core.plugin_system:Skipping extension 'colcon_notification.desktop_notification.terminal_notifier': Not used on non-Darwin systems
[8.687s] INFO:colcon.colcon_core.plugin_system:Skipping extension 'colcon_notification.desktop_notification.win32': Not used on non-Windows systems
[8.688s] INFO:colcon.colcon_notification.desktop_notification:Sending desktop notification using 'notify2'
[9.072s] DEBUG:colcon.colcon_core.event_reactor:joined thread
[9.078s] INFO:colcon.colcon_core.shell:Creating prefix script '/home/yan/camps_ws/install/local_setup.ps1'
[9.087s] INFO:colcon.colcon_core.shell:Creating prefix util module '/home/yan/camps_ws/install/_local_setup_util_ps1.py'
[9.098s] INFO:colcon.colcon_core.shell:Creating prefix chain script '/home/yan/camps_ws/install/setup.ps1'
[9.157s] INFO:colcon.colcon_core.shell:Creating prefix script '/home/yan/camps_ws/install/local_setup.sh'
[9.162s] INFO:colcon.colcon_core.shell:Creating prefix util module '/home/yan/camps_ws/install/_local_setup_util_sh.py'
[9.165s] INFO:colcon.colcon_core.shell:Creating prefix chain script '/home/yan/camps_ws/install/setup.sh'
[9.205s] INFO:colcon.colcon_core.shell:Creating prefix script '/home/yan/camps_ws/install/local_setup.bash'
[9.213s] INFO:colcon.colcon_core.shell:Creating prefix chain script '/home/yan/camps_ws/install/setup.bash'
[9.250s] INFO:colcon.colcon_core.shell:Creating prefix script '/home/yan/camps_ws/install/local_setup.zsh'
[9.258s] INFO:colcon.colcon_core.shell:Creating prefix chain script '/home/yan/camps_ws/install/setup.zsh'
