[1.590s] Invoking command in '/home/yan/camps_ws/src/py_pubsub': PYTHONPATH=/home/yan/camps_ws/install/py_pubsub/lib/python3.6/site-packages:${PYTHONPATH} /usr/bin/python3 setup.py egg_info --egg-base ../../build/py_pubsub build --build-base /home/yan/camps_ws/build/py_pubsub/build install --prefix /home/yan/camps_ws/install/py_pubsub --record /home/yan/camps_ws/build/py_pubsub/install.log --single-version-externally-managed
[3.010s] running egg_info
[3.013s] writing ../../build/py_pubsub/py_pubsub.egg-info/PKG-INFO
[3.014s] writing dependency_links to ../../build/py_pubsub/py_pubsub.egg-info/dependency_links.txt
[3.015s] writing entry points to ../../build/py_pubsub/py_pubsub.egg-info/entry_points.txt
[3.016s] writing requirements to ../../build/py_pubsub/py_pubsub.egg-info/requires.txt
[3.016s] writing top-level names to ../../build/py_pubsub/py_pubsub.egg-info/top_level.txt
[3.235s] reading manifest file '../../build/py_pubsub/py_pubsub.egg-info/SOURCES.txt'
[3.243s] writing manifest file '../../build/py_pubsub/py_pubsub.egg-info/SOURCES.txt'
[3.244s] running build
[3.244s] running build_py
[3.245s] copying py_pubsub/subscriber_mutually.py -> /home/yan/camps_ws/build/py_pubsub/build/lib/py_pubsub
[3.248s] copying py_pubsub/subscriber_reentrant.py -> /home/yan/camps_ws/build/py_pubsub/build/lib/py_pubsub
[3.250s] running install
[3.252s] running install_lib
[3.258s] copying /home/yan/camps_ws/build/py_pubsub/build/lib/py_pubsub/subscriber_mutually.py -> /home/yan/camps_ws/install/py_pubsub/lib/python3.6/site-packages/py_pubsub
[3.261s] copying /home/yan/camps_ws/build/py_pubsub/build/lib/py_pubsub/subscriber_reentrant.py -> /home/yan/camps_ws/install/py_pubsub/lib/python3.6/site-packages/py_pubsub
[3.265s] byte-compiling /home/yan/camps_ws/install/py_pubsub/lib/python3.6/site-packages/py_pubsub/subscriber_mutually.py to subscriber_mutually.cpython-36.pyc
[3.270s] byte-compiling /home/yan/camps_ws/install/py_pubsub/lib/python3.6/site-packages/py_pubsub/subscriber_reentrant.py to subscriber_reentrant.cpython-36.pyc
[3.272s] running install_data
[3.277s] running install_egg_info
[3.289s] removing '/home/yan/camps_ws/install/py_pubsub/lib/python3.6/site-packages/py_pubsub-0.0.0-py3.6.egg-info' (and everything under it)
[3.290s] Copying ../../build/py_pubsub/py_pubsub.egg-info to /home/yan/camps_ws/install/py_pubsub/lib/python3.6/site-packages/py_pubsub-0.0.0-py3.6.egg-info
[3.296s] running install_scripts
[3.406s] Installing color script to /home/yan/camps_ws/install/py_pubsub/lib/py_pubsub
[3.406s] Installing csvtojpeg script to /home/yan/camps_ws/install/py_pubsub/lib/py_pubsub
[3.407s] Installing depth script to /home/yan/camps_ws/install/py_pubsub/lib/py_pubsub
[3.408s] Installing infra1 script to /home/yan/camps_ws/install/py_pubsub/lib/py_pubsub
[3.409s] Installing infra2 script to /home/yan/camps_ws/install/py_pubsub/lib/py_pubsub
[3.410s] Installing listener script to /home/yan/camps_ws/install/py_pubsub/lib/py_pubsub
[3.411s] Installing onesensor script to /home/yan/camps_ws/install/py_pubsub/lib/py_pubsub
[3.411s] Installing point script to /home/yan/camps_ws/install/py_pubsub/lib/py_pubsub
[3.412s] Installing subscriber_mutually script to /home/yan/camps_ws/install/py_pubsub/lib/py_pubsub
[3.413s] Installing subscriber_reentrant script to /home/yan/camps_ws/install/py_pubsub/lib/py_pubsub
[3.413s] Installing talker script to /home/yan/camps_ws/install/py_pubsub/lib/py_pubsub
[3.414s] Installing timed script to /home/yan/camps_ws/install/py_pubsub/lib/py_pubsub
[3.414s] Installing twice script to /home/yan/camps_ws/install/py_pubsub/lib/py_pubsub
[3.415s] writing list of installed files to '/home/yan/camps_ws/build/py_pubsub/install.log'
[3.524s] Invoked command in '/home/yan/camps_ws/src/py_pubsub' returned '0': PYTHONPATH=/home/yan/camps_ws/install/py_pubsub/lib/python3.6/site-packages:${PYTHONPATH} /usr/bin/python3 setup.py egg_info --egg-base ../../build/py_pubsub build --build-base /home/yan/camps_ws/build/py_pubsub/build install --prefix /home/yan/camps_ws/install/py_pubsub --record /home/yan/camps_ws/build/py_pubsub/install.log --single-version-externally-managed
