[2.374s] Invoking command in '/home/yan/camps_ws/src/py_pubsub': PYTHONPATH=/home/yan/camps_ws/install/py_pubsub/lib/python3.6/site-packages:${PYTHONPATH} /usr/bin/python3 setup.py egg_info --egg-base ../../build/py_pubsub build --build-base /home/yan/camps_ws/build/py_pubsub/build install --prefix /home/yan/camps_ws/install/py_pubsub --record /home/yan/camps_ws/build/py_pubsub/install.log --single-version-externally-managed
[4.669s] running egg_info
[4.675s] writing ../../build/py_pubsub/py_pubsub.egg-info/PKG-INFO
[4.679s] writing dependency_links to ../../build/py_pubsub/py_pubsub.egg-info/dependency_links.txt
[4.680s] writing entry points to ../../build/py_pubsub/py_pubsub.egg-info/entry_points.txt
[4.681s] writing requirements to ../../build/py_pubsub/py_pubsub.egg-info/requires.txt
[4.682s] writing top-level names to ../../build/py_pubsub/py_pubsub.egg-info/top_level.txt
[5.012s] reading manifest file '../../build/py_pubsub/py_pubsub.egg-info/SOURCES.txt'
[5.021s] writing manifest file '../../build/py_pubsub/py_pubsub.egg-info/SOURCES.txt'
[5.022s] running build
[5.024s] running build_py
[5.029s] copying py_pubsub/subscriber_member_function.py -> /home/yan/camps_ws/build/py_pubsub/build/lib/py_pubsub
[5.032s] running install
[5.034s] running install_lib
[5.040s] copying /home/yan/camps_ws/build/py_pubsub/build/lib/py_pubsub/subscriber_member_function.py -> /home/yan/camps_ws/install/py_pubsub/lib/python3.6/site-packages/py_pubsub
[5.048s] byte-compiling /home/yan/camps_ws/install/py_pubsub/lib/python3.6/site-packages/py_pubsub/subscriber_member_function.py to subscriber_member_function.cpython-36.pyc
[5.049s] Sorry: TabError: inconsistent use of tabs and spaces in indentation (subscriber_member_function.py, line 35)
[5.050s] running install_data
[5.052s] running install_egg_info
[5.067s] removing '/home/yan/camps_ws/install/py_pubsub/lib/python3.6/site-packages/py_pubsub-0.0.0-py3.6.egg-info' (and everything under it)
[5.068s] Copying ../../build/py_pubsub/py_pubsub.egg-info to /home/yan/camps_ws/install/py_pubsub/lib/python3.6/site-packages/py_pubsub-0.0.0-py3.6.egg-info
[5.078s] running install_scripts
[5.207s] Installing listener script to /home/yan/camps_ws/install/py_pubsub/lib/py_pubsub
[5.210s] Installing talker script to /home/yan/camps_ws/install/py_pubsub/lib/py_pubsub
[5.214s] writing list of installed files to '/home/yan/camps_ws/build/py_pubsub/install.log'
[5.349s] Invoked command in '/home/yan/camps_ws/src/py_pubsub' returned '0': PYTHONPATH=/home/yan/camps_ws/install/py_pubsub/lib/python3.6/site-packages:${PYTHONPATH} /usr/bin/python3 setup.py egg_info --egg-base ../../build/py_pubsub build --build-base /home/yan/camps_ws/build/py_pubsub/build install --prefix /home/yan/camps_ws/install/py_pubsub --record /home/yan/camps_ws/build/py_pubsub/install.log --single-version-externally-managed
