[0.083s] Invoking command in '/home/yan/camps_ws/build/realsense_ros2_camera': CMAKE_PREFIX_PATH=/home/yan/camps_ws/install/realsense_camera_msgs:/home/yan/camps_ws/install/realsense_ros2_camera:/home/yan/camps_ws/install/py_pubsub:/opt/ros/dashing /home/yan/.local/bin/cmake --build /home/yan/camps_ws/build/realsense_ros2_camera -- -j4 -l4
[0.737s] [100%] Built target realsense_ros2_camera
[0.810s] Invoked command in '/home/yan/camps_ws/build/realsense_ros2_camera' returned '0': CMAKE_PREFIX_PATH=/home/yan/camps_ws/install/realsense_camera_msgs:/home/yan/camps_ws/install/realsense_ros2_camera:/home/yan/camps_ws/install/py_pubsub:/opt/ros/dashing /home/yan/.local/bin/cmake --build /home/yan/camps_ws/build/realsense_ros2_camera -- -j4 -l4
[1.143s] Invoking command in '/home/yan/camps_ws/build/realsense_ros2_camera': CMAKE_PREFIX_PATH=/home/yan/camps_ws/install/realsense_camera_msgs:/home/yan/camps_ws/install/realsense_ros2_camera:/home/yan/camps_ws/install/py_pubsub:/opt/ros/dashing /home/yan/.local/bin/cmake --install /home/yan/camps_ws/build/realsense_ros2_camera
[1.354s] -- Install configuration: ""
[1.358s] -- Up-to-date: /home/yan/camps_ws/install/realsense_ros2_camera/bin/realsense_ros2_camera
[1.362s] -- Up-to-date: /home/yan/camps_ws/install/realsense_ros2_camera/lib/realsense_ros2_camera/realsense_ros2_camera
[1.364s] -- Up-to-date: /home/yan/camps_ws/install/realsense_ros2_camera/include
[1.365s] -- Up-to-date: /home/yan/camps_ws/install/realsense_ros2_camera/include/realsense_ros2_camera
[1.366s] -- Up-to-date: /home/yan/camps_ws/install/realsense_ros2_camera/include/realsense_ros2_camera/constants.hpp
[1.367s] -- Up-to-date: /home/yan/camps_ws/install/realsense_ros2_camera/share/realsense_ros2_camera//launch
[1.369s] -- Up-to-date: /home/yan/camps_ws/install/realsense_ros2_camera/share/realsense_ros2_camera//launch/realsense2_to_laserscan.py
[1.370s] -- Up-to-date: /home/yan/camps_ws/install/realsense_ros2_camera/share/realsense_ros2_camera//launch/default.rviz
[1.372s] -- Up-to-date: /home/yan/camps_ws/install/realsense_ros2_camera/share/realsense_ros2_camera//launch/ros2_intel_realsense.launch.py
[1.373s] -- Up-to-date: /home/yan/camps_ws/install/realsense_ros2_camera/share/realsense_ros2_camera//launch/rs.launch.py
[1.374s] -- Up-to-date: /home/yan/camps_ws/install/realsense_ros2_camera/share/ament_index/resource_index/package_run_dependencies/realsense_ros2_camera
[1.374s] -- Up-to-date: /home/yan/camps_ws/install/realsense_ros2_camera/share/ament_index/resource_index/parent_prefix_path/realsense_ros2_camera
[1.375s] -- Up-to-date: /home/yan/camps_ws/install/realsense_ros2_camera/share/realsense_ros2_camera/environment/ament_prefix_path.sh
[1.375s] -- Up-to-date: /home/yan/camps_ws/install/realsense_ros2_camera/share/realsense_ros2_camera/environment/path.sh
[1.376s] -- Up-to-date: /home/yan/camps_ws/install/realsense_ros2_camera/share/realsense_ros2_camera/local_setup.bash
[1.377s] -- Up-to-date: /home/yan/camps_ws/install/realsense_ros2_camera/share/realsense_ros2_camera/local_setup.sh
[1.379s] -- Up-to-date: /home/yan/camps_ws/install/realsense_ros2_camera/share/realsense_ros2_camera/local_setup.zsh
[1.380s] -- Up-to-date: /home/yan/camps_ws/install/realsense_ros2_camera/share/ament_index/resource_index/packages/realsense_ros2_camera
[1.383s] -- Up-to-date: /home/yan/camps_ws/install/realsense_ros2_camera/share/realsense_ros2_camera/cmake/realsense_ros2_cameraConfig.cmake
[1.383s] -- Up-to-date: /home/yan/camps_ws/install/realsense_ros2_camera/share/realsense_ros2_camera/cmake/realsense_ros2_cameraConfig-version.cmake
[1.386s] -- Up-to-date: /home/yan/camps_ws/install/realsense_ros2_camera/share/realsense_ros2_camera/package.xml
[1.414s] Invoked command in '/home/yan/camps_ws/build/realsense_ros2_camera' returned '0': CMAKE_PREFIX_PATH=/home/yan/camps_ws/install/realsense_camera_msgs:/home/yan/camps_ws/install/realsense_ros2_camera:/home/yan/camps_ws/install/py_pubsub:/opt/ros/dashing /home/yan/.local/bin/cmake --install /home/yan/camps_ws/build/realsense_ros2_camera
