[1.599s] Invoking command in '/home/yan/camps_ws/src/py_pubsub': PYTHONPATH=/home/yan/camps_ws/install/py_pubsub/lib/python3.6/site-packages:${PYTHONPATH} /usr/bin/python3 setup.py egg_info --egg-base ../../build/py_pubsub build --build-base /home/yan/camps_ws/build/py_pubsub/build install --prefix /home/yan/camps_ws/install/py_pubsub --record /home/yan/camps_ws/build/py_pubsub/install.log --single-version-externally-managed
[3.067s] running egg_info
[3.072s] writing ../../build/py_pubsub/py_pubsub.egg-info/PKG-INFO
[3.076s] writing dependency_links to ../../build/py_pubsub/py_pubsub.egg-info/dependency_links.txt
[3.077s] writing entry points to ../../build/py_pubsub/py_pubsub.egg-info/entry_points.txt
[3.078s] writing requirements to ../../build/py_pubsub/py_pubsub.egg-info/requires.txt
[3.079s] writing top-level names to ../../build/py_pubsub/py_pubsub.egg-info/top_level.txt
[3.328s] reading manifest file '../../build/py_pubsub/py_pubsub.egg-info/SOURCES.txt'
[3.340s] writing manifest file '../../build/py_pubsub/py_pubsub.egg-info/SOURCES.txt'
[3.343s] running build
[3.344s] running build_py
[3.345s] copying py_pubsub/subscriber_member_function_timed.py -> /home/yan/camps_ws/build/py_pubsub/build/lib/py_pubsub
[3.350s] running install
[3.352s] running install_lib
[3.358s] copying /home/yan/camps_ws/build/py_pubsub/build/lib/py_pubsub/subscriber_member_function_timed.py -> /home/yan/camps_ws/install/py_pubsub/lib/python3.6/site-packages/py_pubsub
[3.368s] byte-compiling /home/yan/camps_ws/install/py_pubsub/lib/python3.6/site-packages/py_pubsub/subscriber_member_function_timed.py to subscriber_member_function_timed.cpython-36.pyc
[3.376s] running install_data
[3.382s] running install_egg_info
[3.397s] removing '/home/yan/camps_ws/install/py_pubsub/lib/python3.6/site-packages/py_pubsub-0.0.0-py3.6.egg-info' (and everything under it)
[3.398s] Copying ../../build/py_pubsub/py_pubsub.egg-info to /home/yan/camps_ws/install/py_pubsub/lib/python3.6/site-packages/py_pubsub-0.0.0-py3.6.egg-info
[3.409s] running install_scripts
[3.521s] Installing color script to /home/yan/camps_ws/install/py_pubsub/lib/py_pubsub
[3.524s] Installing depth script to /home/yan/camps_ws/install/py_pubsub/lib/py_pubsub
[3.525s] Installing infra1 script to /home/yan/camps_ws/install/py_pubsub/lib/py_pubsub
[3.526s] Installing infra2 script to /home/yan/camps_ws/install/py_pubsub/lib/py_pubsub
[3.527s] Installing listener script to /home/yan/camps_ws/install/py_pubsub/lib/py_pubsub
[3.529s] Installing onesensor script to /home/yan/camps_ws/install/py_pubsub/lib/py_pubsub
[3.530s] Installing point script to /home/yan/camps_ws/install/py_pubsub/lib/py_pubsub
[3.530s] Installing talker script to /home/yan/camps_ws/install/py_pubsub/lib/py_pubsub
[3.531s] Installing timed script to /home/yan/camps_ws/install/py_pubsub/lib/py_pubsub
[3.531s] Installing twice script to /home/yan/camps_ws/install/py_pubsub/lib/py_pubsub
[3.532s] writing list of installed files to '/home/yan/camps_ws/build/py_pubsub/install.log'
[3.649s] Invoked command in '/home/yan/camps_ws/src/py_pubsub' returned '0': PYTHONPATH=/home/yan/camps_ws/install/py_pubsub/lib/python3.6/site-packages:${PYTHONPATH} /usr/bin/python3 setup.py egg_info --egg-base ../../build/py_pubsub build --build-base /home/yan/camps_ws/build/py_pubsub/build install --prefix /home/yan/camps_ws/install/py_pubsub --record /home/yan/camps_ws/build/py_pubsub/install.log --single-version-externally-managed
