[1.554s] Invoking command in '/home/yan/camps_ws/src/py_pubsub': PYTHONPATH=/home/yan/camps_ws/install/py_pubsub/lib/python3.6/site-packages:${PYTHONPATH} /usr/bin/python3 setup.py egg_info --egg-base ../../build/py_pubsub build --build-base /home/yan/camps_ws/build/py_pubsub/build install --prefix /home/yan/camps_ws/install/py_pubsub --record /home/yan/camps_ws/build/py_pubsub/install.log --single-version-externally-managed
[2.729s] running egg_info
[2.732s] writing ../../build/py_pubsub/py_pubsub.egg-info/PKG-INFO
[2.734s] writing dependency_links to ../../build/py_pubsub/py_pubsub.egg-info/dependency_links.txt
[2.735s] writing entry points to ../../build/py_pubsub/py_pubsub.egg-info/entry_points.txt
[2.736s] writing requirements to ../../build/py_pubsub/py_pubsub.egg-info/requires.txt
[2.737s] writing top-level names to ../../build/py_pubsub/py_pubsub.egg-info/top_level.txt
[2.933s] reading manifest file '../../build/py_pubsub/py_pubsub.egg-info/SOURCES.txt'
[2.940s] writing manifest file '../../build/py_pubsub/py_pubsub.egg-info/SOURCES.txt'
[2.941s] running build
[2.942s] running build_py
[2.942s] copying py_pubsub/csvtojpeg.py -> /home/yan/camps_ws/build/py_pubsub/build/lib/py_pubsub
[2.943s] running install
[2.944s] running install_lib
[2.949s] copying /home/yan/camps_ws/build/py_pubsub/build/lib/py_pubsub/csvtojpeg.py -> /home/yan/camps_ws/install/py_pubsub/lib/python3.6/site-packages/py_pubsub
[2.953s] byte-compiling /home/yan/camps_ws/install/py_pubsub/lib/python3.6/site-packages/py_pubsub/csvtojpeg.py to csvtojpeg.cpython-36.pyc
[2.955s] running install_data
[2.959s] running install_egg_info
[2.971s] removing '/home/yan/camps_ws/install/py_pubsub/lib/python3.6/site-packages/py_pubsub-0.0.0-py3.6.egg-info' (and everything under it)
[2.972s] Copying ../../build/py_pubsub/py_pubsub.egg-info to /home/yan/camps_ws/install/py_pubsub/lib/python3.6/site-packages/py_pubsub-0.0.0-py3.6.egg-info
[2.976s] running install_scripts
[3.071s] Installing color script to /home/yan/camps_ws/install/py_pubsub/lib/py_pubsub
[3.072s] Installing csvtojpeg script to /home/yan/camps_ws/install/py_pubsub/lib/py_pubsub
[3.072s] Installing depth script to /home/yan/camps_ws/install/py_pubsub/lib/py_pubsub
[3.073s] Installing infra1 script to /home/yan/camps_ws/install/py_pubsub/lib/py_pubsub
[3.073s] Installing infra2 script to /home/yan/camps_ws/install/py_pubsub/lib/py_pubsub
[3.074s] Installing listener script to /home/yan/camps_ws/install/py_pubsub/lib/py_pubsub
[3.074s] Installing onesensor script to /home/yan/camps_ws/install/py_pubsub/lib/py_pubsub
[3.075s] Installing point script to /home/yan/camps_ws/install/py_pubsub/lib/py_pubsub
[3.076s] Installing talker script to /home/yan/camps_ws/install/py_pubsub/lib/py_pubsub
[3.076s] Installing timed script to /home/yan/camps_ws/install/py_pubsub/lib/py_pubsub
[3.077s] Installing twice script to /home/yan/camps_ws/install/py_pubsub/lib/py_pubsub
[3.077s] writing list of installed files to '/home/yan/camps_ws/build/py_pubsub/install.log'
[3.186s] Invoked command in '/home/yan/camps_ws/src/py_pubsub' returned '0': PYTHONPATH=/home/yan/camps_ws/install/py_pubsub/lib/python3.6/site-packages:${PYTHONPATH} /usr/bin/python3 setup.py egg_info --egg-base ../../build/py_pubsub build --build-base /home/yan/camps_ws/build/py_pubsub/build install --prefix /home/yan/camps_ws/install/py_pubsub --record /home/yan/camps_ws/build/py_pubsub/install.log --single-version-externally-managed
