[1.396s] Invoking command in '/home/yan/camps_ws/src/py_pubsub': PYTHONPATH=/home/yan/camps_ws/install/py_pubsub/lib/python3.6/site-packages:${PYTHONPATH} /usr/bin/python3 setup.py egg_info --egg-base ../../build/py_pubsub build --build-base /home/yan/camps_ws/build/py_pubsub/build install --prefix /home/yan/camps_ws/install/py_pubsub --record /home/yan/camps_ws/build/py_pubsub/install.log --single-version-externally-managed
[2.694s] running egg_info
[2.697s] writing ../../build/py_pubsub/py_pubsub.egg-info/PKG-INFO
[2.698s] writing dependency_links to ../../build/py_pubsub/py_pubsub.egg-info/dependency_links.txt
[2.700s] writing entry points to ../../build/py_pubsub/py_pubsub.egg-info/entry_points.txt
[2.701s] writing requirements to ../../build/py_pubsub/py_pubsub.egg-info/requires.txt
[2.702s] writing top-level names to ../../build/py_pubsub/py_pubsub.egg-info/top_level.txt
[2.919s] reading manifest file '../../build/py_pubsub/py_pubsub.egg-info/SOURCES.txt'
[2.927s] writing manifest file '../../build/py_pubsub/py_pubsub.egg-info/SOURCES.txt'
[2.928s] running build
[2.929s] running build_py
[2.931s] copying py_pubsub/subscriber_member_function_timed1.py -> /home/yan/camps_ws/build/py_pubsub/build/lib/py_pubsub
[2.935s] running install
[2.938s] running install_lib
[2.949s] copying /home/yan/camps_ws/build/py_pubsub/build/lib/py_pubsub/subscriber_member_function_timed1.py -> /home/yan/camps_ws/install/py_pubsub/lib/python3.6/site-packages/py_pubsub
[2.955s] byte-compiling /home/yan/camps_ws/install/py_pubsub/lib/python3.6/site-packages/py_pubsub/subscriber_member_function_timed1.py to subscriber_member_function_timed1.cpython-36.pyc
[2.959s] running install_data
[2.969s] running install_egg_info
[2.985s] removing '/home/yan/camps_ws/install/py_pubsub/lib/python3.6/site-packages/py_pubsub-0.0.0-py3.6.egg-info' (and everything under it)
[2.986s] Copying ../../build/py_pubsub/py_pubsub.egg-info to /home/yan/camps_ws/install/py_pubsub/lib/python3.6/site-packages/py_pubsub-0.0.0-py3.6.egg-info
[2.991s] running install_scripts
[3.098s] Installing color script to /home/yan/camps_ws/install/py_pubsub/lib/py_pubsub
[3.099s] Installing csvtojpeg script to /home/yan/camps_ws/install/py_pubsub/lib/py_pubsub
[3.100s] Installing depth script to /home/yan/camps_ws/install/py_pubsub/lib/py_pubsub
[3.100s] Installing infra1 script to /home/yan/camps_ws/install/py_pubsub/lib/py_pubsub
[3.101s] Installing infra2 script to /home/yan/camps_ws/install/py_pubsub/lib/py_pubsub
[3.102s] Installing listener script to /home/yan/camps_ws/install/py_pubsub/lib/py_pubsub
[3.103s] Installing onesensor script to /home/yan/camps_ws/install/py_pubsub/lib/py_pubsub
[3.104s] Installing point script to /home/yan/camps_ws/install/py_pubsub/lib/py_pubsub
[3.105s] Installing subscriber_mutually script to /home/yan/camps_ws/install/py_pubsub/lib/py_pubsub
[3.106s] Installing subscriber_reentrant script to /home/yan/camps_ws/install/py_pubsub/lib/py_pubsub
[3.106s] Installing talker script to /home/yan/camps_ws/install/py_pubsub/lib/py_pubsub
[3.107s] Installing timed script to /home/yan/camps_ws/install/py_pubsub/lib/py_pubsub
[3.108s] Installing timed1 script to /home/yan/camps_ws/install/py_pubsub/lib/py_pubsub
[3.109s] Installing twice script to /home/yan/camps_ws/install/py_pubsub/lib/py_pubsub
[3.110s] writing list of installed files to '/home/yan/camps_ws/build/py_pubsub/install.log'
[3.218s] Invoked command in '/home/yan/camps_ws/src/py_pubsub' returned '0': PYTHONPATH=/home/yan/camps_ws/install/py_pubsub/lib/python3.6/site-packages:${PYTHONPATH} /usr/bin/python3 setup.py egg_info --egg-base ../../build/py_pubsub build --build-base /home/yan/camps_ws/build/py_pubsub/build install --prefix /home/yan/camps_ws/install/py_pubsub --record /home/yan/camps_ws/build/py_pubsub/install.log --single-version-externally-managed
