[2.448s] Invoking command in '/home/yan/camps_ws/src/py_pubsub': PYTHONPATH=/home/yan/camps_ws/install/py_pubsub/lib/python3.6/site-packages:${PYTHONPATH} /usr/bin/python3 setup.py egg_info --egg-base ../../build/py_pubsub build --build-base /home/yan/camps_ws/build/py_pubsub/build install --prefix /home/yan/camps_ws/install/py_pubsub --record /home/yan/camps_ws/build/py_pubsub/install.log --single-version-externally-managed
[5.053s] running egg_info
[5.057s] writing ../../build/py_pubsub/py_pubsub.egg-info/PKG-INFO
[5.065s] writing dependency_links to ../../build/py_pubsub/py_pubsub.egg-info/dependency_links.txt
[5.068s] writing entry points to ../../build/py_pubsub/py_pubsub.egg-info/entry_points.txt
[5.069s] writing requirements to ../../build/py_pubsub/py_pubsub.egg-info/requires.txt
[5.070s] writing top-level names to ../../build/py_pubsub/py_pubsub.egg-info/top_level.txt
[5.468s] reading manifest file '../../build/py_pubsub/py_pubsub.egg-info/SOURCES.txt'
[5.480s] writing manifest file '../../build/py_pubsub/py_pubsub.egg-info/SOURCES.txt'
[5.481s] running build
[5.481s] running build_py
[5.500s] running install
[5.502s] running install_lib
[5.525s] running install_data
[5.538s] running install_egg_info
[5.562s] removing '/home/yan/camps_ws/install/py_pubsub/lib/python3.6/site-packages/py_pubsub-0.0.0-py3.6.egg-info' (and everything under it)
[5.567s] Copying ../../build/py_pubsub/py_pubsub.egg-info to /home/yan/camps_ws/install/py_pubsub/lib/python3.6/site-packages/py_pubsub-0.0.0-py3.6.egg-info
[5.584s] running install_scripts
[5.729s] Installing color script to /home/yan/camps_ws/install/py_pubsub/lib/py_pubsub
[5.734s] Installing depth script to /home/yan/camps_ws/install/py_pubsub/lib/py_pubsub
[5.735s] Installing infra1 script to /home/yan/camps_ws/install/py_pubsub/lib/py_pubsub
[5.737s] Installing infra2 script to /home/yan/camps_ws/install/py_pubsub/lib/py_pubsub
[5.738s] Installing listener script to /home/yan/camps_ws/install/py_pubsub/lib/py_pubsub
[5.741s] Installing onesensor script to /home/yan/camps_ws/install/py_pubsub/lib/py_pubsub
[5.743s] Installing point script to /home/yan/camps_ws/install/py_pubsub/lib/py_pubsub
[5.745s] Installing talker script to /home/yan/camps_ws/install/py_pubsub/lib/py_pubsub
[5.745s] Installing timed script to /home/yan/camps_ws/install/py_pubsub/lib/py_pubsub
[5.746s] Installing twice script to /home/yan/camps_ws/install/py_pubsub/lib/py_pubsub
[5.752s] writing list of installed files to '/home/yan/camps_ws/build/py_pubsub/install.log'
[5.883s] Invoked command in '/home/yan/camps_ws/src/py_pubsub' returned '0': PYTHONPATH=/home/yan/camps_ws/install/py_pubsub/lib/python3.6/site-packages:${PYTHONPATH} /usr/bin/python3 setup.py egg_info --egg-base ../../build/py_pubsub build --build-base /home/yan/camps_ws/build/py_pubsub/build install --prefix /home/yan/camps_ws/install/py_pubsub --record /home/yan/camps_ws/build/py_pubsub/install.log --single-version-externally-managed
