[1.989s] Invoking command in '/home/yan/camps_ws/src/py_pubsub': PYTHONPATH=/home/yan/camps_ws/install/py_pubsub/lib/python3.6/site-packages:${PYTHONPATH} /usr/bin/python3 setup.py egg_info --egg-base ../../build/py_pubsub build --build-base /home/yan/camps_ws/build/py_pubsub/build install --prefix /home/yan/camps_ws/install/py_pubsub --record /home/yan/camps_ws/build/py_pubsub/install.log --single-version-externally-managed
[3.803s] running egg_info
[3.804s] writing ../../build/py_pubsub/py_pubsub.egg-info/PKG-INFO
[3.805s] writing dependency_links to ../../build/py_pubsub/py_pubsub.egg-info/dependency_links.txt
[3.805s] writing entry points to ../../build/py_pubsub/py_pubsub.egg-info/entry_points.txt
[3.808s] writing requirements to ../../build/py_pubsub/py_pubsub.egg-info/requires.txt
[3.809s] writing top-level names to ../../build/py_pubsub/py_pubsub.egg-info/top_level.txt
[4.012s] reading manifest file '../../build/py_pubsub/py_pubsub.egg-info/SOURCES.txt'
[4.020s] writing manifest file '../../build/py_pubsub/py_pubsub.egg-info/SOURCES.txt'
[4.021s] running build
[4.023s] running build_py
[4.024s] copying py_pubsub/subscriber_member_function_timed.py -> /home/yan/camps_ws/build/py_pubsub/build/lib/py_pubsub
[4.027s] running install
[4.033s] running install_lib
[4.034s] copying /home/yan/camps_ws/build/py_pubsub/build/lib/py_pubsub/subscriber_member_function_timed.py -> /home/yan/camps_ws/install/py_pubsub/lib/python3.6/site-packages/py_pubsub
[4.035s] byte-compiling /home/yan/camps_ws/install/py_pubsub/lib/python3.6/site-packages/py_pubsub/subscriber_member_function_timed.py to subscriber_member_function_timed.cpython-36.pyc
[4.042s] running install_data
[4.043s] running install_egg_info
[4.054s] removing '/home/yan/camps_ws/install/py_pubsub/lib/python3.6/site-packages/py_pubsub-0.0.0-py3.6.egg-info' (and everything under it)
[4.054s] Copying ../../build/py_pubsub/py_pubsub.egg-info to /home/yan/camps_ws/install/py_pubsub/lib/python3.6/site-packages/py_pubsub-0.0.0-py3.6.egg-info
[4.057s] running install_scripts
[4.155s] Installing color script to /home/yan/camps_ws/install/py_pubsub/lib/py_pubsub
[4.156s] Installing depth script to /home/yan/camps_ws/install/py_pubsub/lib/py_pubsub
[4.157s] Installing infra1 script to /home/yan/camps_ws/install/py_pubsub/lib/py_pubsub
[4.157s] Installing infra2 script to /home/yan/camps_ws/install/py_pubsub/lib/py_pubsub
[4.158s] Installing listener script to /home/yan/camps_ws/install/py_pubsub/lib/py_pubsub
[4.159s] Installing point script to /home/yan/camps_ws/install/py_pubsub/lib/py_pubsub
[4.160s] Installing talker script to /home/yan/camps_ws/install/py_pubsub/lib/py_pubsub
[4.160s] Installing timed script to /home/yan/camps_ws/install/py_pubsub/lib/py_pubsub
[4.162s] Installing twice script to /home/yan/camps_ws/install/py_pubsub/lib/py_pubsub
[4.163s] writing list of installed files to '/home/yan/camps_ws/build/py_pubsub/install.log'
[4.288s] Invoked command in '/home/yan/camps_ws/src/py_pubsub' returned '0': PYTHONPATH=/home/yan/camps_ws/install/py_pubsub/lib/python3.6/site-packages:${PYTHONPATH} /usr/bin/python3 setup.py egg_info --egg-base ../../build/py_pubsub build --build-base /home/yan/camps_ws/build/py_pubsub/build install --prefix /home/yan/camps_ws/install/py_pubsub --record /home/yan/camps_ws/build/py_pubsub/install.log --single-version-externally-managed
