[1.527s] Invoking command in '/home/yan/camps_ws/src/py_pubsub': PYTHONPATH=/home/yan/camps_ws/install/py_pubsub/lib/python3.6/site-packages:${PYTHONPATH} /usr/bin/python3 setup.py egg_info --egg-base ../../build/py_pubsub build --build-base /home/yan/camps_ws/build/py_pubsub/build install --prefix /home/yan/camps_ws/install/py_pubsub --record /home/yan/camps_ws/build/py_pubsub/install.log --single-version-externally-managed
[2.856s] running egg_info
[2.859s] writing ../../build/py_pubsub/py_pubsub.egg-info/PKG-INFO
[2.860s] writing dependency_links to ../../build/py_pubsub/py_pubsub.egg-info/dependency_links.txt
[2.863s] writing entry points to ../../build/py_pubsub/py_pubsub.egg-info/entry_points.txt
[2.863s] writing requirements to ../../build/py_pubsub/py_pubsub.egg-info/requires.txt
[2.864s] writing top-level names to ../../build/py_pubsub/py_pubsub.egg-info/top_level.txt
[3.072s] reading manifest file '../../build/py_pubsub/py_pubsub.egg-info/SOURCES.txt'
[3.080s] writing manifest file '../../build/py_pubsub/py_pubsub.egg-info/SOURCES.txt'
[3.083s] running build
[3.084s] running build_py
[3.089s] running install
[3.093s] running install_lib
[3.107s] running install_data
[3.111s] running install_egg_info
[3.124s] removing '/home/yan/camps_ws/install/py_pubsub/lib/python3.6/site-packages/py_pubsub-0.0.0-py3.6.egg-info' (and everything under it)
[3.129s] Copying ../../build/py_pubsub/py_pubsub.egg-info to /home/yan/camps_ws/install/py_pubsub/lib/python3.6/site-packages/py_pubsub-0.0.0-py3.6.egg-info
[3.132s] running install_scripts
[3.234s] Installing color script to /home/yan/camps_ws/install/py_pubsub/lib/py_pubsub
[3.236s] Installing csvtojpeg script to /home/yan/camps_ws/install/py_pubsub/lib/py_pubsub
[3.238s] Installing depth script to /home/yan/camps_ws/install/py_pubsub/lib/py_pubsub
[3.240s] Installing infra1 script to /home/yan/camps_ws/install/py_pubsub/lib/py_pubsub
[3.241s] Installing infra2 script to /home/yan/camps_ws/install/py_pubsub/lib/py_pubsub
[3.242s] Installing listener script to /home/yan/camps_ws/install/py_pubsub/lib/py_pubsub
[3.243s] Installing onesensor script to /home/yan/camps_ws/install/py_pubsub/lib/py_pubsub
[3.244s] Installing point script to /home/yan/camps_ws/install/py_pubsub/lib/py_pubsub
[3.245s] Installing subscriber_mutually script to /home/yan/camps_ws/install/py_pubsub/lib/py_pubsub
[3.246s] Installing subscriber_reentrant script to /home/yan/camps_ws/install/py_pubsub/lib/py_pubsub
[3.246s] Installing talker script to /home/yan/camps_ws/install/py_pubsub/lib/py_pubsub
[3.247s] Installing timed script to /home/yan/camps_ws/install/py_pubsub/lib/py_pubsub
[3.247s] Installing timed1 script to /home/yan/camps_ws/install/py_pubsub/lib/py_pubsub
[3.248s] Installing twice script to /home/yan/camps_ws/install/py_pubsub/lib/py_pubsub
[3.249s] writing list of installed files to '/home/yan/camps_ws/build/py_pubsub/install.log'
[3.367s] Invoked command in '/home/yan/camps_ws/src/py_pubsub' returned '0': PYTHONPATH=/home/yan/camps_ws/install/py_pubsub/lib/python3.6/site-packages:${PYTHONPATH} /usr/bin/python3 setup.py egg_info --egg-base ../../build/py_pubsub build --build-base /home/yan/camps_ws/build/py_pubsub/build install --prefix /home/yan/camps_ws/install/py_pubsub --record /home/yan/camps_ws/build/py_pubsub/install.log --single-version-externally-managed
