[1.094s] DEBUG:colcon:Command line arguments: ['/usr/bin/colcon', 'build']
[1.094s] DEBUG:colcon:Parsed command line arguments: Namespace(ament_cmake_args=None, base_paths=['.'], build_base='build', catkin_cmake_args=None, catkin_skip_building_tests=False, cmake_args=None, cmake_clean_cache=False, cmake_clean_first=False, cmake_force_configure=False, cmake_target=None, cmake_target_skip_unavailable=False, continue_on_error=False, event_handlers=None, executor='parallel', ignore_user_meta=False, install_base='install', log_base=None, log_level=None, main=<bound method BuildVerb.main of <colcon_core.verb.build.BuildVerb object at 0x7f8a5ec438>>, merge_install=False, metas=['./colcon.meta'], packages_above=None, packages_above_and_dependencies=None, packages_above_depth=None, packages_end=None, packages_ignore=None, packages_ignore_regex=None, packages_select=None, packages_select_build_failed=False, packages_select_by_dep=None, packages_select_regex=None, packages_select_test_failures=False, packages_skip=None, packages_skip_build_finished=False, packages_skip_by_dep=None, packages_skip_regex=None, packages_skip_test_passed=False, packages_skip_up_to=None, packages_start=None, packages_up_to=None, packages_up_to_regex=None, parallel_workers=4, paths=None, symlink_install=False, test_result_base=None, verb_extension=<colcon_core.verb.build.BuildVerb object at 0x7f8a5ec438>, verb_name='build', verb_parser=<colcon_defaults.argument_parser.defaults.DefaultArgumentsDecorator object at 0x7f8a5ec780>)
[1.128s] Level 1:colcon.colcon_core.package_discovery:discover_packages(colcon_meta) check parameters
[1.129s] Level 1:colcon.colcon_core.package_discovery:discover_packages(recursive) check parameters
[1.129s] Level 1:colcon.colcon_core.package_discovery:discover_packages(ignore) check parameters
[1.129s] Level 1:colcon.colcon_core.package_discovery:discover_packages(path) check parameters
[1.129s] Level 1:colcon.colcon_core.package_discovery:discover_packages(colcon_meta) discover
[1.131s] Level 1:colcon.colcon_core.package_discovery:discover_packages(recursive) discover
[1.131s] INFO:colcon.colcon_core.package_discovery:Crawling recursively for packages in '/home/yan/camps_ws'
[1.132s] Level 1:colcon.colcon_core.package_identification:_identify(.) by extensions ['ignore', 'ignore_ament_install']
[1.133s] Level 1:colcon.colcon_core.package_identification:_identify(.) by extension 'ignore'
[1.133s] Level 1:colcon.colcon_core.package_identification:_identify(.) by extension 'ignore_ament_install'
[1.134s] Level 1:colcon.colcon_core.package_identification:_identify(.) by extensions ['colcon_pkg']
[1.134s] Level 1:colcon.colcon_core.package_identification:_identify(.) by extension 'colcon_pkg'
[1.134s] Level 1:colcon.colcon_core.package_identification:_identify(.) by extensions ['colcon_meta']
[1.134s] Level 1:colcon.colcon_core.package_identification:_identify(.) by extension 'colcon_meta'
[1.135s] Level 1:colcon.colcon_core.package_identification:_identify(.) by extensions ['ros']
[1.135s] Level 1:colcon.colcon_core.package_identification:_identify(.) by extension 'ros'
[1.208s] Level 1:colcon.colcon_core.package_identification:_identify(.) by extensions ['cmake', 'python']
[1.208s] Level 1:colcon.colcon_core.package_identification:_identify(.) by extension 'cmake'
[1.209s] Level 1:colcon.colcon_core.package_identification:_identify(.) by extension 'python'
[1.209s] Level 1:colcon.colcon_core.package_identification:_identify(.) by extensions ['python_setup_py']
[1.209s] Level 1:colcon.colcon_core.package_identification:_identify(.) by extension 'python_setup_py'
[1.210s] Level 1:colcon.colcon_core.package_identification:_identify(build) by extensions ['ignore', 'ignore_ament_install']
[1.210s] Level 1:colcon.colcon_core.package_identification:_identify(build) by extension 'ignore'
[1.211s] Level 1:colcon.colcon_core.package_identification:_identify(build) ignored
[1.213s] Level 1:colcon.colcon_core.package_identification:_identify(example_imgs) by extensions ['ignore', 'ignore_ament_install']
[1.214s] Level 1:colcon.colcon_core.package_identification:_identify(example_imgs) by extension 'ignore'
[1.214s] Level 1:colcon.colcon_core.package_identification:_identify(example_imgs) by extension 'ignore_ament_install'
[1.214s] Level 1:colcon.colcon_core.package_identification:_identify(example_imgs) by extensions ['colcon_pkg']
[1.215s] Level 1:colcon.colcon_core.package_identification:_identify(example_imgs) by extension 'colcon_pkg'
[1.215s] Level 1:colcon.colcon_core.package_identification:_identify(example_imgs) by extensions ['colcon_meta']
[1.215s] Level 1:colcon.colcon_core.package_identification:_identify(example_imgs) by extension 'colcon_meta'
[1.216s] Level 1:colcon.colcon_core.package_identification:_identify(example_imgs) by extensions ['ros']
[1.216s] Level 1:colcon.colcon_core.package_identification:_identify(example_imgs) by extension 'ros'
[1.217s] Level 1:colcon.colcon_core.package_identification:_identify(example_imgs) by extensions ['cmake', 'python']
[1.217s] Level 1:colcon.colcon_core.package_identification:_identify(example_imgs) by extension 'cmake'
[1.218s] Level 1:colcon.colcon_core.package_identification:_identify(example_imgs) by extension 'python'
[1.218s] Level 1:colcon.colcon_core.package_identification:_identify(example_imgs) by extensions ['python_setup_py']
[1.218s] Level 1:colcon.colcon_core.package_identification:_identify(example_imgs) by extension 'python_setup_py'
[1.219s] Level 1:colcon.colcon_core.package_identification:_identify(install) by extensions ['ignore', 'ignore_ament_install']
[1.219s] Level 1:colcon.colcon_core.package_identification:_identify(install) by extension 'ignore'
[1.220s] Level 1:colcon.colcon_core.package_identification:_identify(install) ignored
[1.221s] Level 1:colcon.colcon_core.package_identification:_identify(log) by extensions ['ignore', 'ignore_ament_install']
[1.222s] Level 1:colcon.colcon_core.package_identification:_identify(log) by extension 'ignore'
[1.222s] Level 1:colcon.colcon_core.package_identification:_identify(log) ignored
[1.223s] Level 1:colcon.colcon_core.package_identification:_identify(src) by extensions ['ignore', 'ignore_ament_install']
[1.223s] Level 1:colcon.colcon_core.package_identification:_identify(src) by extension 'ignore'
[1.224s] Level 1:colcon.colcon_core.package_identification:_identify(src) by extension 'ignore_ament_install'
[1.224s] Level 1:colcon.colcon_core.package_identification:_identify(src) by extensions ['colcon_pkg']
[1.224s] Level 1:colcon.colcon_core.package_identification:_identify(src) by extension 'colcon_pkg'
[1.225s] Level 1:colcon.colcon_core.package_identification:_identify(src) by extensions ['colcon_meta']
[1.225s] Level 1:colcon.colcon_core.package_identification:_identify(src) by extension 'colcon_meta'
[1.225s] Level 1:colcon.colcon_core.package_identification:_identify(src) by extensions ['ros']
[1.225s] Level 1:colcon.colcon_core.package_identification:_identify(src) by extension 'ros'
[1.226s] Level 1:colcon.colcon_core.package_identification:_identify(src) by extensions ['cmake', 'python']
[1.226s] Level 1:colcon.colcon_core.package_identification:_identify(src) by extension 'cmake'
[1.226s] Level 1:colcon.colcon_core.package_identification:_identify(src) by extension 'python'
[1.227s] Level 1:colcon.colcon_core.package_identification:_identify(src) by extensions ['python_setup_py']
[1.227s] Level 1:colcon.colcon_core.package_identification:_identify(src) by extension 'python_setup_py'
[1.227s] Level 1:colcon.colcon_core.package_identification:_identify(src/py_pubsub) by extensions ['ignore', 'ignore_ament_install']
[1.228s] Level 1:colcon.colcon_core.package_identification:_identify(src/py_pubsub) by extension 'ignore'
[1.228s] Level 1:colcon.colcon_core.package_identification:_identify(src/py_pubsub) by extension 'ignore_ament_install'
[1.229s] Level 1:colcon.colcon_core.package_identification:_identify(src/py_pubsub) by extensions ['colcon_pkg']
[1.229s] Level 1:colcon.colcon_core.package_identification:_identify(src/py_pubsub) by extension 'colcon_pkg'
[1.229s] Level 1:colcon.colcon_core.package_identification:_identify(src/py_pubsub) by extensions ['colcon_meta']
[1.229s] Level 1:colcon.colcon_core.package_identification:_identify(src/py_pubsub) by extension 'colcon_meta'
[1.230s] Level 1:colcon.colcon_core.package_identification:_identify(src/py_pubsub) by extensions ['ros']
[1.230s] Level 1:colcon.colcon_core.package_identification:_identify(src/py_pubsub) by extension 'ros'
[1.243s] DEBUG:colcon.colcon_core.package_identification:Package 'src/py_pubsub' with type 'ros.ament_python' and name 'py_pubsub'
[1.244s] Level 1:colcon.colcon_core.package_identification:_identify(src/ros2_intel_realsense) by extensions ['ignore', 'ignore_ament_install']
[1.245s] Level 1:colcon.colcon_core.package_identification:_identify(src/ros2_intel_realsense) by extension 'ignore'
[1.245s] Level 1:colcon.colcon_core.package_identification:_identify(src/ros2_intel_realsense) by extension 'ignore_ament_install'
[1.246s] Level 1:colcon.colcon_core.package_identification:_identify(src/ros2_intel_realsense) by extensions ['colcon_pkg']
[1.246s] Level 1:colcon.colcon_core.package_identification:_identify(src/ros2_intel_realsense) by extension 'colcon_pkg'
[1.246s] Level 1:colcon.colcon_core.package_identification:_identify(src/ros2_intel_realsense) by extensions ['colcon_meta']
[1.246s] Level 1:colcon.colcon_core.package_identification:_identify(src/ros2_intel_realsense) by extension 'colcon_meta'
[1.247s] Level 1:colcon.colcon_core.package_identification:_identify(src/ros2_intel_realsense) by extensions ['ros']
[1.247s] Level 1:colcon.colcon_core.package_identification:_identify(src/ros2_intel_realsense) by extension 'ros'
[1.247s] Level 1:colcon.colcon_core.package_identification:_identify(src/ros2_intel_realsense) by extensions ['cmake', 'python']
[1.248s] Level 1:colcon.colcon_core.package_identification:_identify(src/ros2_intel_realsense) by extension 'cmake'
[1.248s] Level 1:colcon.colcon_core.package_identification:_identify(src/ros2_intel_realsense) by extension 'python'
[1.248s] Level 1:colcon.colcon_core.package_identification:_identify(src/ros2_intel_realsense) by extensions ['python_setup_py']
[1.248s] Level 1:colcon.colcon_core.package_identification:_identify(src/ros2_intel_realsense) by extension 'python_setup_py'
[1.251s] Level 1:colcon.colcon_core.package_identification:_identify(src/ros2_intel_realsense/realsense_camera_msgs) by extensions ['ignore', 'ignore_ament_install']
[1.252s] Level 1:colcon.colcon_core.package_identification:_identify(src/ros2_intel_realsense/realsense_camera_msgs) by extension 'ignore'
[1.252s] Level 1:colcon.colcon_core.package_identification:_identify(src/ros2_intel_realsense/realsense_camera_msgs) by extension 'ignore_ament_install'
[1.253s] Level 1:colcon.colcon_core.package_identification:_identify(src/ros2_intel_realsense/realsense_camera_msgs) by extensions ['colcon_pkg']
[1.253s] Level 1:colcon.colcon_core.package_identification:_identify(src/ros2_intel_realsense/realsense_camera_msgs) by extension 'colcon_pkg'
[1.253s] Level 1:colcon.colcon_core.package_identification:_identify(src/ros2_intel_realsense/realsense_camera_msgs) by extensions ['colcon_meta']
[1.253s] Level 1:colcon.colcon_core.package_identification:_identify(src/ros2_intel_realsense/realsense_camera_msgs) by extension 'colcon_meta'
[1.254s] Level 1:colcon.colcon_core.package_identification:_identify(src/ros2_intel_realsense/realsense_camera_msgs) by extensions ['ros']
[1.254s] Level 1:colcon.colcon_core.package_identification:_identify(src/ros2_intel_realsense/realsense_camera_msgs) by extension 'ros'
[1.258s] DEBUG:colcon.colcon_core.package_identification:Package 'src/ros2_intel_realsense/realsense_camera_msgs' with type 'ros.ament_cmake' and name 'realsense_camera_msgs'
[1.259s] Level 1:colcon.colcon_core.package_identification:_identify(src/ros2_intel_realsense/realsense_ros2_camera) by extensions ['ignore', 'ignore_ament_install']
[1.259s] Level 1:colcon.colcon_core.package_identification:_identify(src/ros2_intel_realsense/realsense_ros2_camera) by extension 'ignore'
[1.260s] Level 1:colcon.colcon_core.package_identification:_identify(src/ros2_intel_realsense/realsense_ros2_camera) by extension 'ignore_ament_install'
[1.260s] Level 1:colcon.colcon_core.package_identification:_identify(src/ros2_intel_realsense/realsense_ros2_camera) by extensions ['colcon_pkg']
[1.260s] Level 1:colcon.colcon_core.package_identification:_identify(src/ros2_intel_realsense/realsense_ros2_camera) by extension 'colcon_pkg'
[1.261s] Level 1:colcon.colcon_core.package_identification:_identify(src/ros2_intel_realsense/realsense_ros2_camera) by extensions ['colcon_meta']
[1.261s] Level 1:colcon.colcon_core.package_identification:_identify(src/ros2_intel_realsense/realsense_ros2_camera) by extension 'colcon_meta'
[1.261s] Level 1:colcon.colcon_core.package_identification:_identify(src/ros2_intel_realsense/realsense_ros2_camera) by extensions ['ros']
[1.261s] Level 1:colcon.colcon_core.package_identification:_identify(src/ros2_intel_realsense/realsense_ros2_camera) by extension 'ros'
[1.271s] DEBUG:colcon.colcon_core.package_identification:Package 'src/ros2_intel_realsense/realsense_ros2_camera' with type 'ros.ament_cmake' and name 'realsense_ros2_camera'
[1.272s] Level 1:colcon.colcon_core.package_discovery:discover_packages(recursive) using defaults
[1.273s] Level 1:colcon.colcon_core.package_discovery:discover_packages(ignore) discover
[1.273s] Level 1:colcon.colcon_core.package_discovery:discover_packages(ignore) using defaults
[1.273s] Level 1:colcon.colcon_core.package_discovery:discover_packages(path) discover
[1.273s] Level 1:colcon.colcon_core.package_discovery:discover_packages(path) using defaults
[1.416s] Level 5:colcon.colcon_core.verb:set package 'py_pubsub' build argument 'cmake_args' from command line to 'None'
[1.417s] Level 5:colcon.colcon_core.verb:set package 'py_pubsub' build argument 'cmake_target' from command line to 'None'
[1.417s] Level 5:colcon.colcon_core.verb:set package 'py_pubsub' build argument 'cmake_target_skip_unavailable' from command line to 'False'
[1.418s] Level 5:colcon.colcon_core.verb:set package 'py_pubsub' build argument 'cmake_clean_cache' from command line to 'False'
[1.418s] Level 5:colcon.colcon_core.verb:set package 'py_pubsub' build argument 'cmake_clean_first' from command line to 'False'
[1.418s] Level 5:colcon.colcon_core.verb:set package 'py_pubsub' build argument 'cmake_force_configure' from command line to 'False'
[1.418s] Level 5:colcon.colcon_core.verb:set package 'py_pubsub' build argument 'ament_cmake_args' from command line to 'None'
[1.418s] Level 5:colcon.colcon_core.verb:set package 'py_pubsub' build argument 'catkin_cmake_args' from command line to 'None'
[1.419s] Level 5:colcon.colcon_core.verb:set package 'py_pubsub' build argument 'catkin_skip_building_tests' from command line to 'False'
[1.419s] DEBUG:colcon.colcon_core.verb:Building package 'py_pubsub' with the following arguments: {'ament_cmake_args': None, 'build_base': '/home/yan/camps_ws/build/py_pubsub', 'catkin_cmake_args': None, 'catkin_skip_building_tests': False, 'cmake_args': None, 'cmake_clean_cache': False, 'cmake_clean_first': False, 'cmake_force_configure': False, 'cmake_target': None, 'cmake_target_skip_unavailable': False, 'install_base': '/home/yan/camps_ws/install/py_pubsub', 'merge_install': False, 'path': '/home/yan/camps_ws/src/py_pubsub', 'symlink_install': False, 'test_result_base': None}
[1.443s] Level 5:colcon.colcon_core.verb:set package 'realsense_camera_msgs' build argument 'cmake_args' from command line to 'None'
[1.444s] Level 5:colcon.colcon_core.verb:set package 'realsense_camera_msgs' build argument 'cmake_target' from command line to 'None'
[1.444s] Level 5:colcon.colcon_core.verb:set package 'realsense_camera_msgs' build argument 'cmake_target_skip_unavailable' from command line to 'False'
[1.444s] Level 5:colcon.colcon_core.verb:set package 'realsense_camera_msgs' build argument 'cmake_clean_cache' from command line to 'False'
[1.444s] Level 5:colcon.colcon_core.verb:set package 'realsense_camera_msgs' build argument 'cmake_clean_first' from command line to 'False'
[1.445s] Level 5:colcon.colcon_core.verb:set package 'realsense_camera_msgs' build argument 'cmake_force_configure' from command line to 'False'
[1.445s] Level 5:colcon.colcon_core.verb:set package 'realsense_camera_msgs' build argument 'ament_cmake_args' from command line to 'None'
[1.445s] Level 5:colcon.colcon_core.verb:set package 'realsense_camera_msgs' build argument 'catkin_cmake_args' from command line to 'None'
[1.445s] Level 5:colcon.colcon_core.verb:set package 'realsense_camera_msgs' build argument 'catkin_skip_building_tests' from command line to 'False'
[1.445s] DEBUG:colcon.colcon_core.verb:Building package 'realsense_camera_msgs' with the following arguments: {'ament_cmake_args': None, 'build_base': '/home/yan/camps_ws/build/realsense_camera_msgs', 'catkin_cmake_args': None, 'catkin_skip_building_tests': False, 'cmake_args': None, 'cmake_clean_cache': False, 'cmake_clean_first': False, 'cmake_force_configure': False, 'cmake_target': None, 'cmake_target_skip_unavailable': False, 'install_base': '/home/yan/camps_ws/install/realsense_camera_msgs', 'merge_install': False, 'path': '/home/yan/camps_ws/src/ros2_intel_realsense/realsense_camera_msgs', 'symlink_install': False, 'test_result_base': None}
[1.469s] Level 5:colcon.colcon_core.verb:set package 'realsense_ros2_camera' build argument 'cmake_args' from command line to 'None'
[1.469s] Level 5:colcon.colcon_core.verb:set package 'realsense_ros2_camera' build argument 'cmake_target' from command line to 'None'
[1.469s] Level 5:colcon.colcon_core.verb:set package 'realsense_ros2_camera' build argument 'cmake_target_skip_unavailable' from command line to 'False'
[1.470s] Level 5:colcon.colcon_core.verb:set package 'realsense_ros2_camera' build argument 'cmake_clean_cache' from command line to 'False'
[1.470s] Level 5:colcon.colcon_core.verb:set package 'realsense_ros2_camera' build argument 'cmake_clean_first' from command line to 'False'
[1.470s] Level 5:colcon.colcon_core.verb:set package 'realsense_ros2_camera' build argument 'cmake_force_configure' from command line to 'False'
[1.470s] Level 5:colcon.colcon_core.verb:set package 'realsense_ros2_camera' build argument 'ament_cmake_args' from command line to 'None'
[1.470s] Level 5:colcon.colcon_core.verb:set package 'realsense_ros2_camera' build argument 'catkin_cmake_args' from command line to 'None'
[1.470s] Level 5:colcon.colcon_core.verb:set package 'realsense_ros2_camera' build argument 'catkin_skip_building_tests' from command line to 'False'
[1.471s] DEBUG:colcon.colcon_core.verb:Building package 'realsense_ros2_camera' with the following arguments: {'ament_cmake_args': None, 'build_base': '/home/yan/camps_ws/build/realsense_ros2_camera', 'catkin_cmake_args': None, 'catkin_skip_building_tests': False, 'cmake_args': None, 'cmake_clean_cache': False, 'cmake_clean_first': False, 'cmake_force_configure': False, 'cmake_target': None, 'cmake_target_skip_unavailable': False, 'install_base': '/home/yan/camps_ws/install/realsense_ros2_camera', 'merge_install': False, 'path': '/home/yan/camps_ws/src/ros2_intel_realsense/realsense_ros2_camera', 'symlink_install': False, 'test_result_base': None}
[1.473s] INFO:colcon.colcon_core.executor:Executing jobs using 'parallel' executor
[1.487s] DEBUG:colcon.colcon_parallel_executor.executor.parallel:run_until_complete
[1.488s] INFO:colcon.colcon_ros.task.ament_cmake.build:Building ROS package in '/home/yan/camps_ws/src/ros2_intel_realsense/realsense_camera_msgs' with build type 'ament_cmake'
[1.489s] INFO:colcon.colcon_cmake.task.cmake.build:Building CMake package in '/home/yan/camps_ws/src/ros2_intel_realsense/realsense_camera_msgs'
[1.513s] INFO:colcon.colcon_core.plugin_system:Skipping extension 'colcon_core.shell.bat': Not used on non-Windows systems
[1.515s] INFO:colcon.colcon_core.shell:Skip shell extension 'powershell' for command environment: Not usable outside of PowerShell
[1.515s] DEBUG:colcon.colcon_core.shell:Skip shell extension 'dsv' for command environment
[1.579s] DEBUG:colcon.colcon_core.shell:Ignoring prefix path '/opt/ros/dashing'
[1.593s] INFO:colcon.colcon_ros.task.ament_python.build:Building ROS package in '/home/yan/camps_ws/src/py_pubsub' with build type 'ament_python'
[1.594s] Level 1:colcon.colcon_core.shell:create_environment_hook('py_pubsub', 'ament_prefix_path')
[1.600s] INFO:colcon.colcon_core.shell:Creating environment hook '/home/yan/camps_ws/install/py_pubsub/share/py_pubsub/hook/ament_prefix_path.ps1'
[1.605s] INFO:colcon.colcon_core.shell:Creating environment descriptor '/home/yan/camps_ws/install/py_pubsub/share/py_pubsub/hook/ament_prefix_path.dsv'
[1.609s] INFO:colcon.colcon_core.shell:Creating environment hook '/home/yan/camps_ws/install/py_pubsub/share/py_pubsub/hook/ament_prefix_path.sh'
[1.619s] INFO:colcon.colcon_core.shell:Skip shell extension 'powershell' for command environment: Not usable outside of PowerShell
[1.620s] DEBUG:colcon.colcon_core.shell:Skip shell extension 'dsv' for command environment
[1.639s] DEBUG:colcon.colcon_core.shell:Ignoring prefix path '/opt/ros/dashing'
[1.679s] DEBUG:colcon.colcon_core.event_handler.log_command:Invoking command in '/home/yan/camps_ws/build/realsense_camera_msgs': CMAKE_PREFIX_PATH=${CMAKE_PREFIX_PATH}:/home/yan/camps_ws/install/py_pubsub:/opt/ros/dashing /usr/bin/cmake --build /home/yan/camps_ws/build/realsense_camera_msgs -- -j4 -l4
[3.368s] INFO:colcon.colcon_core.task.python.build:Building Python package in '/home/yan/camps_ws/src/py_pubsub'
[3.372s] INFO:colcon.colcon_core.shell:Skip shell extension 'powershell' for command environment: Not usable outside of PowerShell
[3.373s] DEBUG:colcon.colcon_core.shell:Skip shell extension 'dsv' for command environment
[3.387s] DEBUG:colcon.colcon_core.shell:Ignoring prefix path '/opt/ros/dashing'
[3.403s] DEBUG:colcon.colcon_core.event_handler.log_command:Invoked command in '/home/yan/camps_ws/build/realsense_camera_msgs' returned '0': CMAKE_PREFIX_PATH=${CMAKE_PREFIX_PATH}:/home/yan/camps_ws/install/py_pubsub:/opt/ros/dashing /usr/bin/cmake --build /home/yan/camps_ws/build/realsense_camera_msgs -- -j4 -l4
[3.437s] DEBUG:colcon.colcon_core.event_handler.log_command:Invoking command in '/home/yan/camps_ws/src/py_pubsub': PYTHONPATH=/home/yan/camps_ws/install/py_pubsub/lib/python3.6/site-packages:${PYTHONPATH} /usr/bin/python3 setup.py egg_info --egg-base ../../build/py_pubsub build --build-base /home/yan/camps_ws/build/py_pubsub/build install --prefix /home/yan/camps_ws/install/py_pubsub --record /home/yan/camps_ws/build/py_pubsub/install.log --single-version-externally-managed
[3.810s] DEBUG:colcon.colcon_core.event_handler.log_command:Invoking command in '/home/yan/camps_ws/build/realsense_camera_msgs': CMAKE_PREFIX_PATH=${CMAKE_PREFIX_PATH}:/home/yan/camps_ws/install/py_pubsub:/opt/ros/dashing /usr/bin/cmake --build /home/yan/camps_ws/build/realsense_camera_msgs --target install -- -j4 -l4
[5.505s] DEBUG:colcon.colcon_core.event_handler.log_command:Invoked command in '/home/yan/camps_ws/src/py_pubsub' returned '0': PYTHONPATH=/home/yan/camps_ws/install/py_pubsub/lib/python3.6/site-packages:${PYTHONPATH} /usr/bin/python3 setup.py egg_info --egg-base ../../build/py_pubsub build --build-base /home/yan/camps_ws/build/py_pubsub/build install --prefix /home/yan/camps_ws/install/py_pubsub --record /home/yan/camps_ws/build/py_pubsub/install.log --single-version-externally-managed
[5.524s] Level 1:colcon.colcon_core.environment:checking '/home/yan/camps_ws/install/py_pubsub' for CMake module files
[5.528s] Level 1:colcon.colcon_core.environment:checking '/home/yan/camps_ws/install/py_pubsub' for CMake config files
[5.533s] Level 1:colcon.colcon_core.environment:checking '/home/yan/camps_ws/install/py_pubsub/lib'
[5.534s] Level 1:colcon.colcon_core.environment:checking '/home/yan/camps_ws/install/py_pubsub/bin'
[5.534s] Level 1:colcon.colcon_core.environment:checking '/home/yan/camps_ws/install/py_pubsub/lib/pkgconfig/py_pubsub.pc'
[5.535s] Level 1:colcon.colcon_core.environment:checking '/home/yan/camps_ws/install/py_pubsub/lib/python3.6/site-packages'
[5.535s] Level 1:colcon.colcon_core.shell:create_environment_hook('py_pubsub', 'pythonpath')
[5.539s] INFO:colcon.colcon_core.shell:Creating environment hook '/home/yan/camps_ws/install/py_pubsub/share/py_pubsub/hook/pythonpath.ps1'
[5.541s] INFO:colcon.colcon_core.shell:Creating environment descriptor '/home/yan/camps_ws/install/py_pubsub/share/py_pubsub/hook/pythonpath.dsv'
[5.543s] INFO:colcon.colcon_core.shell:Creating environment hook '/home/yan/camps_ws/install/py_pubsub/share/py_pubsub/hook/pythonpath.sh'
[5.545s] Level 1:colcon.colcon_core.environment:create_environment_scripts_only(py_pubsub)
[5.550s] INFO:colcon.colcon_core.shell:Creating package script '/home/yan/camps_ws/install/py_pubsub/share/py_pubsub/package.ps1'
[5.556s] INFO:colcon.colcon_core.shell:Creating package descriptor '/home/yan/camps_ws/install/py_pubsub/share/py_pubsub/package.dsv'
[5.560s] INFO:colcon.colcon_core.shell:Creating package script '/home/yan/camps_ws/install/py_pubsub/share/py_pubsub/package.sh'
[5.566s] INFO:colcon.colcon_core.shell:Creating package script '/home/yan/camps_ws/install/py_pubsub/share/py_pubsub/package.bash'
[5.571s] INFO:colcon.colcon_core.shell:Creating package script '/home/yan/camps_ws/install/py_pubsub/share/py_pubsub/package.zsh'
[5.576s] Level 1:colcon.colcon_core.environment:create_file_with_runtime_dependencies(/home/yan/camps_ws/install/py_pubsub/share/colcon-core/packages/py_pubsub)
[5.577s] Level 1:colcon.colcon_core.environment:create_environment_scripts_only(realsense_camera_msgs)
[5.584s] Level 1:colcon.colcon_core.environment:checking '/home/yan/camps_ws/install/realsense_camera_msgs' for CMake module files
[5.590s] DEBUG:colcon.colcon_core.event_handler.log_command:Invoked command in '/home/yan/camps_ws/build/realsense_camera_msgs' returned '0': CMAKE_PREFIX_PATH=${CMAKE_PREFIX_PATH}:/home/yan/camps_ws/install/py_pubsub:/opt/ros/dashing /usr/bin/cmake --build /home/yan/camps_ws/build/realsense_camera_msgs --target install -- -j4 -l4
[5.592s] Level 1:colcon.colcon_core.environment:checking '/home/yan/camps_ws/install/realsense_camera_msgs' for CMake config files
[5.593s] Level 1:colcon.colcon_core.shell:create_environment_hook('realsense_camera_msgs', 'cmake_prefix_path')
[5.597s] INFO:colcon.colcon_core.shell:Creating environment hook '/home/yan/camps_ws/install/realsense_camera_msgs/share/realsense_camera_msgs/hook/cmake_prefix_path.ps1'
[5.600s] INFO:colcon.colcon_core.shell:Creating environment descriptor '/home/yan/camps_ws/install/realsense_camera_msgs/share/realsense_camera_msgs/hook/cmake_prefix_path.dsv'
[5.601s] INFO:colcon.colcon_core.shell:Creating environment hook '/home/yan/camps_ws/install/realsense_camera_msgs/share/realsense_camera_msgs/hook/cmake_prefix_path.sh'
[5.605s] Level 1:colcon.colcon_core.environment:checking '/home/yan/camps_ws/install/realsense_camera_msgs/lib'
[5.606s] Level 1:colcon.colcon_core.shell:create_environment_hook('realsense_camera_msgs', 'ld_library_path_lib')
[5.611s] INFO:colcon.colcon_core.shell:Creating environment hook '/home/yan/camps_ws/install/realsense_camera_msgs/share/realsense_camera_msgs/hook/ld_library_path_lib.ps1'
[5.613s] INFO:colcon.colcon_core.shell:Creating environment descriptor '/home/yan/camps_ws/install/realsense_camera_msgs/share/realsense_camera_msgs/hook/ld_library_path_lib.dsv'
[5.615s] INFO:colcon.colcon_core.shell:Creating environment hook '/home/yan/camps_ws/install/realsense_camera_msgs/share/realsense_camera_msgs/hook/ld_library_path_lib.sh'
[5.617s] Level 1:colcon.colcon_core.environment:checking '/home/yan/camps_ws/install/realsense_camera_msgs/bin'
[5.618s] Level 1:colcon.colcon_core.environment:checking '/home/yan/camps_ws/install/realsense_camera_msgs/lib/pkgconfig/realsense_camera_msgs.pc'
[5.618s] Level 1:colcon.colcon_core.environment:checking '/home/yan/camps_ws/install/realsense_camera_msgs/lib/python3.6/site-packages'
[5.619s] Level 1:colcon.colcon_core.shell:create_environment_hook('realsense_camera_msgs', 'pythonpath')
[5.624s] INFO:colcon.colcon_core.shell:Creating environment hook '/home/yan/camps_ws/install/realsense_camera_msgs/share/realsense_camera_msgs/hook/pythonpath.ps1'
[5.628s] INFO:colcon.colcon_core.shell:Creating environment descriptor '/home/yan/camps_ws/install/realsense_camera_msgs/share/realsense_camera_msgs/hook/pythonpath.dsv'
[5.630s] INFO:colcon.colcon_core.shell:Creating environment hook '/home/yan/camps_ws/install/realsense_camera_msgs/share/realsense_camera_msgs/hook/pythonpath.sh'
[5.637s] INFO:colcon.colcon_core.shell:Creating package script '/home/yan/camps_ws/install/realsense_camera_msgs/share/realsense_camera_msgs/package.ps1'
[5.641s] INFO:colcon.colcon_core.shell:Creating package descriptor '/home/yan/camps_ws/install/realsense_camera_msgs/share/realsense_camera_msgs/package.dsv'
[5.645s] INFO:colcon.colcon_core.shell:Creating package script '/home/yan/camps_ws/install/realsense_camera_msgs/share/realsense_camera_msgs/package.sh'
[5.648s] INFO:colcon.colcon_core.shell:Creating package script '/home/yan/camps_ws/install/realsense_camera_msgs/share/realsense_camera_msgs/package.bash'
[5.651s] INFO:colcon.colcon_core.shell:Creating package script '/home/yan/camps_ws/install/realsense_camera_msgs/share/realsense_camera_msgs/package.zsh'
[5.653s] Level 1:colcon.colcon_core.environment:create_file_with_runtime_dependencies(/home/yan/camps_ws/install/realsense_camera_msgs/share/colcon-core/packages/realsense_camera_msgs)
[5.966s] Level 1:colcon.colcon_core.environment:create_environment_scripts_only(realsense_camera_msgs)
[5.973s] Level 1:colcon.colcon_core.environment:checking '/home/yan/camps_ws/install/realsense_camera_msgs' for CMake module files
[5.977s] Level 1:colcon.colcon_core.environment:checking '/home/yan/camps_ws/install/realsense_camera_msgs' for CMake config files
[5.979s] Level 1:colcon.colcon_core.shell:create_environment_hook('realsense_camera_msgs', 'cmake_prefix_path')
[5.983s] INFO:colcon.colcon_core.shell:Creating environment hook '/home/yan/camps_ws/install/realsense_camera_msgs/share/realsense_camera_msgs/hook/cmake_prefix_path.ps1'
[5.986s] INFO:colcon.colcon_core.shell:Creating environment descriptor '/home/yan/camps_ws/install/realsense_camera_msgs/share/realsense_camera_msgs/hook/cmake_prefix_path.dsv'
[5.988s] INFO:colcon.colcon_core.shell:Creating environment hook '/home/yan/camps_ws/install/realsense_camera_msgs/share/realsense_camera_msgs/hook/cmake_prefix_path.sh'
[5.993s] Level 1:colcon.colcon_core.environment:checking '/home/yan/camps_ws/install/realsense_camera_msgs/lib'
[5.994s] Level 1:colcon.colcon_core.shell:create_environment_hook('realsense_camera_msgs', 'ld_library_path_lib')
[5.998s] INFO:colcon.colcon_core.shell:Creating environment hook '/home/yan/camps_ws/install/realsense_camera_msgs/share/realsense_camera_msgs/hook/ld_library_path_lib.ps1'
[6.000s] INFO:colcon.colcon_core.shell:Creating environment descriptor '/home/yan/camps_ws/install/realsense_camera_msgs/share/realsense_camera_msgs/hook/ld_library_path_lib.dsv'
[6.001s] INFO:colcon.colcon_core.shell:Creating environment hook '/home/yan/camps_ws/install/realsense_camera_msgs/share/realsense_camera_msgs/hook/ld_library_path_lib.sh'
[6.003s] Level 1:colcon.colcon_core.environment:checking '/home/yan/camps_ws/install/realsense_camera_msgs/bin'
[6.004s] Level 1:colcon.colcon_core.environment:checking '/home/yan/camps_ws/install/realsense_camera_msgs/lib/pkgconfig/realsense_camera_msgs.pc'
[6.004s] Level 1:colcon.colcon_core.environment:checking '/home/yan/camps_ws/install/realsense_camera_msgs/lib/python3.6/site-packages'
[6.004s] Level 1:colcon.colcon_core.shell:create_environment_hook('realsense_camera_msgs', 'pythonpath')
[6.008s] INFO:colcon.colcon_core.shell:Creating environment hook '/home/yan/camps_ws/install/realsense_camera_msgs/share/realsense_camera_msgs/hook/pythonpath.ps1'
[6.010s] INFO:colcon.colcon_core.shell:Creating environment descriptor '/home/yan/camps_ws/install/realsense_camera_msgs/share/realsense_camera_msgs/hook/pythonpath.dsv'
[6.013s] INFO:colcon.colcon_core.shell:Creating environment hook '/home/yan/camps_ws/install/realsense_camera_msgs/share/realsense_camera_msgs/hook/pythonpath.sh'
[6.019s] INFO:colcon.colcon_core.shell:Creating package script '/home/yan/camps_ws/install/realsense_camera_msgs/share/realsense_camera_msgs/package.ps1'
[6.022s] INFO:colcon.colcon_core.shell:Creating package descriptor '/home/yan/camps_ws/install/realsense_camera_msgs/share/realsense_camera_msgs/package.dsv'
[6.025s] INFO:colcon.colcon_core.shell:Creating package script '/home/yan/camps_ws/install/realsense_camera_msgs/share/realsense_camera_msgs/package.sh'
[6.028s] INFO:colcon.colcon_core.shell:Creating package script '/home/yan/camps_ws/install/realsense_camera_msgs/share/realsense_camera_msgs/package.bash'
[6.030s] INFO:colcon.colcon_core.shell:Creating package script '/home/yan/camps_ws/install/realsense_camera_msgs/share/realsense_camera_msgs/package.zsh'
[6.034s] Level 1:colcon.colcon_core.environment:create_file_with_runtime_dependencies(/home/yan/camps_ws/install/realsense_camera_msgs/share/colcon-core/packages/realsense_camera_msgs)
[6.036s] INFO:colcon.colcon_ros.task.ament_cmake.build:Building ROS package in '/home/yan/camps_ws/src/ros2_intel_realsense/realsense_ros2_camera' with build type 'ament_cmake'
[6.037s] INFO:colcon.colcon_cmake.task.cmake.build:Building CMake package in '/home/yan/camps_ws/src/ros2_intel_realsense/realsense_ros2_camera'
[6.042s] INFO:colcon.colcon_core.shell:Skip shell extension 'powershell' for command environment: Not usable outside of PowerShell
[6.044s] DEBUG:colcon.colcon_core.shell:Skip shell extension 'dsv' for command environment
[6.061s] DEBUG:colcon.colcon_core.shell:Ignoring prefix path '/opt/ros/dashing'
[6.116s] DEBUG:colcon.colcon_core.event_handler.log_command:Invoking command in '/home/yan/camps_ws/build/realsense_ros2_camera': CMAKE_PREFIX_PATH=/home/yan/camps_ws/install/realsense_camera_msgs:/home/yan/camps_ws/install/realsense_ros2_camera:/home/yan/camps_ws/install/py_pubsub:/opt/ros/dashing /usr/bin/cmake --build /home/yan/camps_ws/build/realsense_ros2_camera -- -j4 -l4
[6.553s] DEBUG:colcon.colcon_core.event_handler.log_command:Invoked command in '/home/yan/camps_ws/build/realsense_ros2_camera' returned '0': CMAKE_PREFIX_PATH=/home/yan/camps_ws/install/realsense_camera_msgs:/home/yan/camps_ws/install/realsense_ros2_camera:/home/yan/camps_ws/install/py_pubsub:/opt/ros/dashing /usr/bin/cmake --build /home/yan/camps_ws/build/realsense_ros2_camera -- -j4 -l4
[6.666s] DEBUG:colcon.colcon_core.event_handler.log_command:Invoking command in '/home/yan/camps_ws/build/realsense_ros2_camera': CMAKE_PREFIX_PATH=/home/yan/camps_ws/install/realsense_camera_msgs:/home/yan/camps_ws/install/realsense_ros2_camera:/home/yan/camps_ws/install/py_pubsub:/opt/ros/dashing /usr/bin/cmake --build /home/yan/camps_ws/build/realsense_ros2_camera --target install -- -j4 -l4
[7.098s] Level 1:colcon.colcon_core.environment:create_environment_scripts_only(realsense_ros2_camera)
[7.107s] Level 1:colcon.colcon_core.environment:checking '/home/yan/camps_ws/install/realsense_ros2_camera' for CMake module files
[7.111s] DEBUG:colcon.colcon_core.event_handler.log_command:Invoked command in '/home/yan/camps_ws/build/realsense_ros2_camera' returned '0': CMAKE_PREFIX_PATH=/home/yan/camps_ws/install/realsense_camera_msgs:/home/yan/camps_ws/install/realsense_ros2_camera:/home/yan/camps_ws/install/py_pubsub:/opt/ros/dashing /usr/bin/cmake --build /home/yan/camps_ws/build/realsense_ros2_camera --target install -- -j4 -l4
[7.114s] Level 1:colcon.colcon_core.environment:checking '/home/yan/camps_ws/install/realsense_ros2_camera' for CMake config files
[7.116s] Level 1:colcon.colcon_core.shell:create_environment_hook('realsense_ros2_camera', 'cmake_prefix_path')
[7.120s] INFO:colcon.colcon_core.shell:Creating environment hook '/home/yan/camps_ws/install/realsense_ros2_camera/share/realsense_ros2_camera/hook/cmake_prefix_path.ps1'
[7.122s] INFO:colcon.colcon_core.shell:Creating environment descriptor '/home/yan/camps_ws/install/realsense_ros2_camera/share/realsense_ros2_camera/hook/cmake_prefix_path.dsv'
[7.124s] INFO:colcon.colcon_core.shell:Creating environment hook '/home/yan/camps_ws/install/realsense_ros2_camera/share/realsense_ros2_camera/hook/cmake_prefix_path.sh'
[7.128s] Level 1:colcon.colcon_core.environment:checking '/home/yan/camps_ws/install/realsense_ros2_camera/lib'
[7.129s] Level 1:colcon.colcon_core.environment:checking '/home/yan/camps_ws/install/realsense_ros2_camera/bin'
[7.129s] Level 1:colcon.colcon_core.shell:create_environment_hook('realsense_ros2_camera', 'path')
[7.133s] INFO:colcon.colcon_core.shell:Creating environment hook '/home/yan/camps_ws/install/realsense_ros2_camera/share/realsense_ros2_camera/hook/path.ps1'
[7.135s] INFO:colcon.colcon_core.shell:Creating environment descriptor '/home/yan/camps_ws/install/realsense_ros2_camera/share/realsense_ros2_camera/hook/path.dsv'
[7.137s] INFO:colcon.colcon_core.shell:Creating environment hook '/home/yan/camps_ws/install/realsense_ros2_camera/share/realsense_ros2_camera/hook/path.sh'
[7.141s] Level 1:colcon.colcon_core.environment:checking '/home/yan/camps_ws/install/realsense_ros2_camera/lib/pkgconfig/realsense_ros2_camera.pc'
[7.142s] Level 1:colcon.colcon_core.environment:checking '/home/yan/camps_ws/install/realsense_ros2_camera/lib/python3.6/site-packages'
[7.148s] INFO:colcon.colcon_core.shell:Creating package script '/home/yan/camps_ws/install/realsense_ros2_camera/share/realsense_ros2_camera/package.ps1'
[7.151s] INFO:colcon.colcon_core.shell:Creating package descriptor '/home/yan/camps_ws/install/realsense_ros2_camera/share/realsense_ros2_camera/package.dsv'
[7.153s] INFO:colcon.colcon_core.shell:Creating package script '/home/yan/camps_ws/install/realsense_ros2_camera/share/realsense_ros2_camera/package.sh'
[7.155s] INFO:colcon.colcon_core.shell:Creating package script '/home/yan/camps_ws/install/realsense_ros2_camera/share/realsense_ros2_camera/package.bash'
[7.157s] INFO:colcon.colcon_core.shell:Creating package script '/home/yan/camps_ws/install/realsense_ros2_camera/share/realsense_ros2_camera/package.zsh'
[7.159s] Level 1:colcon.colcon_core.environment:create_file_with_runtime_dependencies(/home/yan/camps_ws/install/realsense_ros2_camera/share/colcon-core/packages/realsense_ros2_camera)
[7.276s] Level 1:colcon.colcon_core.environment:create_environment_scripts_only(realsense_ros2_camera)
[7.285s] Level 1:colcon.colcon_core.environment:checking '/home/yan/camps_ws/install/realsense_ros2_camera' for CMake module files
[7.296s] Level 1:colcon.colcon_core.environment:checking '/home/yan/camps_ws/install/realsense_ros2_camera' for CMake config files
[7.298s] Level 1:colcon.colcon_core.shell:create_environment_hook('realsense_ros2_camera', 'cmake_prefix_path')
[7.302s] INFO:colcon.colcon_core.shell:Creating environment hook '/home/yan/camps_ws/install/realsense_ros2_camera/share/realsense_ros2_camera/hook/cmake_prefix_path.ps1'
[7.304s] INFO:colcon.colcon_core.shell:Creating environment descriptor '/home/yan/camps_ws/install/realsense_ros2_camera/share/realsense_ros2_camera/hook/cmake_prefix_path.dsv'
[7.305s] INFO:colcon.colcon_core.shell:Creating environment hook '/home/yan/camps_ws/install/realsense_ros2_camera/share/realsense_ros2_camera/hook/cmake_prefix_path.sh'
[7.309s] Level 1:colcon.colcon_core.environment:checking '/home/yan/camps_ws/install/realsense_ros2_camera/lib'
[7.310s] Level 1:colcon.colcon_core.environment:checking '/home/yan/camps_ws/install/realsense_ros2_camera/bin'
[7.310s] Level 1:colcon.colcon_core.shell:create_environment_hook('realsense_ros2_camera', 'path')
[7.315s] INFO:colcon.colcon_core.shell:Creating environment hook '/home/yan/camps_ws/install/realsense_ros2_camera/share/realsense_ros2_camera/hook/path.ps1'
[7.317s] INFO:colcon.colcon_core.shell:Creating environment descriptor '/home/yan/camps_ws/install/realsense_ros2_camera/share/realsense_ros2_camera/hook/path.dsv'
[7.318s] INFO:colcon.colcon_core.shell:Creating environment hook '/home/yan/camps_ws/install/realsense_ros2_camera/share/realsense_ros2_camera/hook/path.sh'
[7.320s] Level 1:colcon.colcon_core.environment:checking '/home/yan/camps_ws/install/realsense_ros2_camera/lib/pkgconfig/realsense_ros2_camera.pc'
[7.321s] Level 1:colcon.colcon_core.environment:checking '/home/yan/camps_ws/install/realsense_ros2_camera/lib/python3.6/site-packages'
[7.326s] INFO:colcon.colcon_core.shell:Creating package script '/home/yan/camps_ws/install/realsense_ros2_camera/share/realsense_ros2_camera/package.ps1'
[7.329s] INFO:colcon.colcon_core.shell:Creating package descriptor '/home/yan/camps_ws/install/realsense_ros2_camera/share/realsense_ros2_camera/package.dsv'
[7.332s] INFO:colcon.colcon_core.shell:Creating package script '/home/yan/camps_ws/install/realsense_ros2_camera/share/realsense_ros2_camera/package.sh'
[7.334s] INFO:colcon.colcon_core.shell:Creating package script '/home/yan/camps_ws/install/realsense_ros2_camera/share/realsense_ros2_camera/package.bash'
[7.336s] INFO:colcon.colcon_core.shell:Creating package script '/home/yan/camps_ws/install/realsense_ros2_camera/share/realsense_ros2_camera/package.zsh'
[7.338s] Level 1:colcon.colcon_core.environment:create_file_with_runtime_dependencies(/home/yan/camps_ws/install/realsense_ros2_camera/share/colcon-core/packages/realsense_ros2_camera)
[7.340s] DEBUG:colcon.colcon_parallel_executor.executor.parallel:closing loop
[7.345s] DEBUG:colcon.colcon_parallel_executor.executor.parallel:loop closed
[7.346s] DEBUG:colcon.colcon_parallel_executor.executor.parallel:run_until_complete finished with '0'
[7.346s] DEBUG:colcon.colcon_core.event_reactor:joining thread
[7.383s] INFO:colcon.colcon_core.plugin_system:Skipping extension 'colcon_notification.desktop_notification.terminal_notifier': Not used on non-Darwin systems
[7.383s] INFO:colcon.colcon_core.plugin_system:Skipping extension 'colcon_notification.desktop_notification.win32': Not used on non-Windows systems
[7.384s] INFO:colcon.colcon_notification.desktop_notification:Sending desktop notification using 'notify2'
[7.484s] DEBUG:colcon.colcon_core.event_reactor:joined thread
[7.489s] INFO:colcon.colcon_core.shell:Creating prefix script '/home/yan/camps_ws/install/local_setup.ps1'
[7.496s] INFO:colcon.colcon_core.shell:Creating prefix util module '/home/yan/camps_ws/install/_local_setup_util_ps1.py'
[7.505s] INFO:colcon.colcon_core.shell:Creating prefix chain script '/home/yan/camps_ws/install/setup.ps1'
[7.524s] INFO:colcon.colcon_core.shell:Creating prefix script '/home/yan/camps_ws/install/local_setup.sh'
[7.528s] INFO:colcon.colcon_core.shell:Creating prefix util module '/home/yan/camps_ws/install/_local_setup_util_sh.py'
[7.530s] INFO:colcon.colcon_core.shell:Creating prefix chain script '/home/yan/camps_ws/install/setup.sh'
[7.549s] INFO:colcon.colcon_core.shell:Creating prefix script '/home/yan/camps_ws/install/local_setup.bash'
[7.552s] INFO:colcon.colcon_core.shell:Creating prefix chain script '/home/yan/camps_ws/install/setup.bash'
[7.570s] INFO:colcon.colcon_core.shell:Creating prefix script '/home/yan/camps_ws/install/local_setup.zsh'
[7.573s] INFO:colcon.colcon_core.shell:Creating prefix chain script '/home/yan/camps_ws/install/setup.zsh'
