[1.846s] Invoking command in '/home/yan/camps_ws/src/py_pubsub': PYTHONPATH=/home/yan/camps_ws/install/py_pubsub/lib/python3.6/site-packages:${PYTHONPATH} /usr/bin/python3 setup.py egg_info --egg-base ../../build/py_pubsub build --build-base /home/yan/camps_ws/build/py_pubsub/build install --prefix /home/yan/camps_ws/install/py_pubsub --record /home/yan/camps_ws/build/py_pubsub/install.log --single-version-externally-managed
[3.362s] running egg_info
[3.367s] writing ../../build/py_pubsub/py_pubsub.egg-info/PKG-INFO
[3.368s] writing dependency_links to ../../build/py_pubsub/py_pubsub.egg-info/dependency_links.txt
[3.370s] writing entry points to ../../build/py_pubsub/py_pubsub.egg-info/entry_points.txt
[3.372s] writing requirements to ../../build/py_pubsub/py_pubsub.egg-info/requires.txt
[3.372s] writing top-level names to ../../build/py_pubsub/py_pubsub.egg-info/top_level.txt
[3.596s] reading manifest file '../../build/py_pubsub/py_pubsub.egg-info/SOURCES.txt'
[3.605s] writing manifest file '../../build/py_pubsub/py_pubsub.egg-info/SOURCES.txt'
[3.606s] running build
[3.607s] running build_py
[3.610s] copying py_pubsub/subscriber_member_function_timed.py -> /home/yan/camps_ws/build/py_pubsub/build/lib/py_pubsub
[3.616s] running install
[3.618s] running install_lib
[3.623s] copying /home/yan/camps_ws/build/py_pubsub/build/lib/py_pubsub/subscriber_member_function_timed.py -> /home/yan/camps_ws/install/py_pubsub/lib/python3.6/site-packages/py_pubsub
[3.627s] byte-compiling /home/yan/camps_ws/install/py_pubsub/lib/python3.6/site-packages/py_pubsub/subscriber_member_function_timed.py to subscriber_member_function_timed.cpython-36.pyc
[3.633s] running install_data
[3.636s] running install_egg_info
[3.648s] removing '/home/yan/camps_ws/install/py_pubsub/lib/python3.6/site-packages/py_pubsub-0.0.0-py3.6.egg-info' (and everything under it)
[3.649s] Copying ../../build/py_pubsub/py_pubsub.egg-info to /home/yan/camps_ws/install/py_pubsub/lib/python3.6/site-packages/py_pubsub-0.0.0-py3.6.egg-info
[3.653s] running install_scripts
[3.783s] Installing color script to /home/yan/camps_ws/install/py_pubsub/lib/py_pubsub
[3.784s] Installing depth script to /home/yan/camps_ws/install/py_pubsub/lib/py_pubsub
[3.785s] Installing infra1 script to /home/yan/camps_ws/install/py_pubsub/lib/py_pubsub
[3.785s] Installing infra2 script to /home/yan/camps_ws/install/py_pubsub/lib/py_pubsub
[3.786s] Installing listener script to /home/yan/camps_ws/install/py_pubsub/lib/py_pubsub
[3.786s] Installing onesensor script to /home/yan/camps_ws/install/py_pubsub/lib/py_pubsub
[3.788s] Installing point script to /home/yan/camps_ws/install/py_pubsub/lib/py_pubsub
[3.788s] Installing talker script to /home/yan/camps_ws/install/py_pubsub/lib/py_pubsub
[3.789s] Installing timed script to /home/yan/camps_ws/install/py_pubsub/lib/py_pubsub
[3.789s] Installing twice script to /home/yan/camps_ws/install/py_pubsub/lib/py_pubsub
[3.791s] writing list of installed files to '/home/yan/camps_ws/build/py_pubsub/install.log'
[3.903s] Invoked command in '/home/yan/camps_ws/src/py_pubsub' returned '0': PYTHONPATH=/home/yan/camps_ws/install/py_pubsub/lib/python3.6/site-packages:${PYTHONPATH} /usr/bin/python3 setup.py egg_info --egg-base ../../build/py_pubsub build --build-base /home/yan/camps_ws/build/py_pubsub/build install --prefix /home/yan/camps_ws/install/py_pubsub --record /home/yan/camps_ws/build/py_pubsub/install.log --single-version-externally-managed
